<?xml version="1.0" encoding="UTF-8"?>
<testsuite xmlns:xsi="http://www.w3.org/2001/XMLSchema-instance" xsi:noNamespaceSchemaLocation="https://maven.apache.org/surefire/maven-surefire-plugin/xsd/surefire-test-report.xsd" name="jw.lab4.checkers.AppTest" time="4.55" tests="5" errors="0" skipped="0" failures="4">
  <properties>
    <property name="java.specification.version" value="17"/>
    <property name="sun.jnu.encoding" value="UTF-8"/>
    <property name="java.class.path" value="/home/jak/studia/Technologia/Lab4/target/test-classes:/home/jak/studia/Technologia/Lab4/target/classes:/home/jak/.m2/repository/junit/junit/4.11/junit-4.11.jar:/home/jak/.m2/repository/org/hamcrest/hamcrest-core/1.3/hamcrest-core-1.3.jar:/home/jak/.m2/repository/org/springframework/spring-context/4.0.3.RELEASE/spring-context-4.0.3.RELEASE.jar:/home/jak/.m2/repository/org/springframework/spring-aop/4.0.3.RELEASE/spring-aop-4.0.3.RELEASE.jar:/home/jak/.m2/repository/aopalliance/aopalliance/1.0/aopalliance-1.0.jar:/home/jak/.m2/repository/org/springframework/spring-beans/4.0.3.RELEASE/spring-beans-4.0.3.RELEASE.jar:/home/jak/.m2/repository/org/springframework/spring-core/4.0.3.RELEASE/spring-core-4.0.3.RELEASE.jar:/home/jak/.m2/repository/commons-logging/commons-logging/1.1.3/commons-logging-1.1.3.jar:/home/jak/.m2/repository/org/springframework/spring-expression/4.0.3.RELEASE/spring-expression-4.0.3.RELEASE.jar:/home/jak/.m2/repository/org/springframework/spring-tx/4.0.3.RELEASE/spring-tx-4.0.3.RELEASE.jar:/home/jak/.m2/repository/org/springframework/spring-orm/4.0.3.RELEASE/spring-orm-4.0.3.RELEASE.jar:/home/jak/.m2/repository/org/springframework/spring-jdbc/4.0.3.RELEASE/spring-jdbc-4.0.3.RELEASE.jar:/home/jak/.m2/repository/org/slf4j/slf4j-api/1.7.5/slf4j-api-1.7.5.jar:/home/jak/.m2/repository/ch/qos/logback/logback-classic/1.0.13/logback-classic-1.0.13.jar:/home/jak/.m2/repository/ch/qos/logback/logback-core/1.0.13/logback-core-1.0.13.jar:/home/jak/.m2/repository/org/hibernate/hibernate-entitymanager/3.6.9.Final/hibernate-entitymanager-3.6.9.Final.jar:/home/jak/.m2/repository/cglib/cglib/2.2/cglib-2.2.jar:/home/jak/.m2/repository/asm/asm/3.1/asm-3.1.jar:/home/jak/.m2/repository/javassist/javassist/3.12.0.GA/javassist-3.12.0.GA.jar:/home/jak/.m2/repository/org/hibernate/javax/persistence/hibernate-jpa-2.0-api/1.0.1.Final/hibernate-jpa-2.0-api-1.0.1.Final.jar:/home/jak/.m2/repository/org/hibernate/hibernate-core/3.6.9.Final/hibernate-core-3.6.9.Final.jar:/home/jak/.m2/repository/antlr/antlr/2.7.6/antlr-2.7.6.jar:/home/jak/.m2/repository/commons-collections/commons-collections/3.1/commons-collections-3.1.jar:/home/jak/.m2/repository/dom4j/dom4j/1.6.1/dom4j-1.6.1.jar:/home/jak/.m2/repository/org/hibernate/hibernate-commons-annotations/3.2.0.Final/hibernate-commons-annotations-3.2.0.Final.jar:/home/jak/.m2/repository/javax/transaction/jta/1.1/jta-1.1.jar:/home/jak/.m2/repository/mysql/mysql-connector-java/5.1.9/mysql-connector-java-5.1.9.jar:/home/jak/.m2/repository/commons-dbcp/commons-dbcp/1.4/commons-dbcp-1.4.jar:/home/jak/.m2/repository/commons-pool/commons-pool/1.5.4/commons-pool-1.5.4.jar:"/>
    <property name="java.vm.vendor" value="Oracle Corporation"/>
    <property name="sun.arch.data.model" value="64"/>
    <property name="java.vendor.url" value="https://openjdk.java.net/"/>
    <property name="os.name" value="Linux"/>
    <property name="java.vm.specification.version" value="17"/>
    <property name="sun.java.launcher" value="SUN_STANDARD"/>
    <property name="user.country" value="US"/>
    <property name="sun.boot.library.path" value="/usr/lib/jvm/java-17-openjdk/lib"/>
    <property name="sun.java.command" value="/home/jak/studia/Technologia/Lab4/target/surefire/surefirebooter8542412173332080337.jar /home/jak/studia/Technologia/Lab4/target/surefire 2022-01-30T01-28-04_906-jvmRun1 surefire561957949992343055tmp surefire_014556903606462195719tmp"/>
    <property name="jdk.debug" value="release"/>
    <property name="surefire.test.class.path" value="/home/jak/studia/Technologia/Lab4/target/test-classes:/home/jak/studia/Technologia/Lab4/target/classes:/home/jak/.m2/repository/junit/junit/4.11/junit-4.11.jar:/home/jak/.m2/repository/org/hamcrest/hamcrest-core/1.3/hamcrest-core-1.3.jar:/home/jak/.m2/repository/org/springframework/spring-context/4.0.3.RELEASE/spring-context-4.0.3.RELEASE.jar:/home/jak/.m2/repository/org/springframework/spring-aop/4.0.3.RELEASE/spring-aop-4.0.3.RELEASE.jar:/home/jak/.m2/repository/aopalliance/aopalliance/1.0/aopalliance-1.0.jar:/home/jak/.m2/repository/org/springframework/spring-beans/4.0.3.RELEASE/spring-beans-4.0.3.RELEASE.jar:/home/jak/.m2/repository/org/springframework/spring-core/4.0.3.RELEASE/spring-core-4.0.3.RELEASE.jar:/home/jak/.m2/repository/commons-logging/commons-logging/1.1.3/commons-logging-1.1.3.jar:/home/jak/.m2/repository/org/springframework/spring-expression/4.0.3.RELEASE/spring-expression-4.0.3.RELEASE.jar:/home/jak/.m2/repository/org/springframework/spring-tx/4.0.3.RELEASE/spring-tx-4.0.3.RELEASE.jar:/home/jak/.m2/repository/org/springframework/spring-orm/4.0.3.RELEASE/spring-orm-4.0.3.RELEASE.jar:/home/jak/.m2/repository/org/springframework/spring-jdbc/4.0.3.RELEASE/spring-jdbc-4.0.3.RELEASE.jar:/home/jak/.m2/repository/org/slf4j/slf4j-api/1.7.5/slf4j-api-1.7.5.jar:/home/jak/.m2/repository/ch/qos/logback/logback-classic/1.0.13/logback-classic-1.0.13.jar:/home/jak/.m2/repository/ch/qos/logback/logback-core/1.0.13/logback-core-1.0.13.jar:/home/jak/.m2/repository/org/hibernate/hibernate-entitymanager/3.6.9.Final/hibernate-entitymanager-3.6.9.Final.jar:/home/jak/.m2/repository/cglib/cglib/2.2/cglib-2.2.jar:/home/jak/.m2/repository/asm/asm/3.1/asm-3.1.jar:/home/jak/.m2/repository/javassist/javassist/3.12.0.GA/javassist-3.12.0.GA.jar:/home/jak/.m2/repository/org/hibernate/javax/persistence/hibernate-jpa-2.0-api/1.0.1.Final/hibernate-jpa-2.0-api-1.0.1.Final.jar:/home/jak/.m2/repository/org/hibernate/hibernate-core/3.6.9.Final/hibernate-core-3.6.9.Final.jar:/home/jak/.m2/repository/antlr/antlr/2.7.6/antlr-2.7.6.jar:/home/jak/.m2/repository/commons-collections/commons-collections/3.1/commons-collections-3.1.jar:/home/jak/.m2/repository/dom4j/dom4j/1.6.1/dom4j-1.6.1.jar:/home/jak/.m2/repository/org/hibernate/hibernate-commons-annotations/3.2.0.Final/hibernate-commons-annotations-3.2.0.Final.jar:/home/jak/.m2/repository/javax/transaction/jta/1.1/jta-1.1.jar:/home/jak/.m2/repository/mysql/mysql-connector-java/5.1.9/mysql-connector-java-5.1.9.jar:/home/jak/.m2/repository/commons-dbcp/commons-dbcp/1.4/commons-dbcp-1.4.jar:/home/jak/.m2/repository/commons-pool/commons-pool/1.5.4/commons-pool-1.5.4.jar:"/>
    <property name="sun.cpu.endian" value="little"/>
    <property name="user.home" value="/home/jak"/>
    <property name="user.language" value="en"/>
    <property name="java.specification.vendor" value="Oracle Corporation"/>
    <property name="java.version.date" value="2021-10-19"/>
    <property name="java.home" value="/usr/lib/jvm/java-17-openjdk"/>
    <property name="file.separator" value="/"/>
    <property name="basedir" value="/home/jak/studia/Technologia/Lab4"/>
    <property name="java.vm.compressedOopsMode" value="32-bit"/>
    <property name="line.separator" value="&#10;"/>
    <property name="java.vm.specification.vendor" value="Oracle Corporation"/>
    <property name="java.specification.name" value="Java Platform API Specification"/>
    <property name="surefire.real.class.path" value="/home/jak/studia/Technologia/Lab4/target/surefire/surefirebooter8542412173332080337.jar"/>
    <property name="sun.management.compiler" value="HotSpot 64-Bit Tiered Compilers"/>
    <property name="java.runtime.version" value="17.0.1+12"/>
    <property name="user.name" value="jak"/>
    <property name="path.separator" value=":"/>
    <property name="os.version" value="5.16.2-arch1-1"/>
    <property name="java.runtime.name" value="OpenJDK Runtime Environment"/>
    <property name="file.encoding" value="UTF-8"/>
    <property name="java.vm.name" value="OpenJDK 64-Bit Server VM"/>
    <property name="localRepository" value="/home/jak/.m2/repository"/>
    <property name="java.vendor.url.bug" value="https://bugreport.java.com/bugreport/"/>
    <property name="java.io.tmpdir" value="/tmp"/>
    <property name="java.version" value="17.0.1"/>
    <property name="user.dir" value="/home/jak/studia/Technologia/Lab4"/>
    <property name="os.arch" value="amd64"/>
    <property name="java.vm.specification.name" value="Java Virtual Machine Specification"/>
    <property name="native.encoding" value="UTF-8"/>
    <property name="java.library.path" value="/usr/java/packages/lib:/usr/lib64:/lib64:/lib:/usr/lib"/>
    <property name="java.vm.info" value="mixed mode"/>
    <property name="java.vendor" value="N/A"/>
    <property name="java.vm.version" value="17.0.1+12"/>
    <property name="sun.io.unicode.encoding" value="UnicodeLittle"/>
    <property name="java.class.version" value="61.0"/>
  </properties>
  <testcase name="saving" classname="jw.lab4.checkers.AppTest" time="1.228"/>
  <testcase name="badData" classname="jw.lab4.checkers.AppTest" time="0.861">
    <failure type="java.lang.AssertionError">java.lang.AssertionError
	at jw.lab4.checkers.AppTest.startGame(AppTest.java:180)
	at jw.lab4.checkers.AppTest.startGames(AppTest.java:161)
	at jw.lab4.checkers.AppTest.badData(AppTest.java:27)
</failure>
    <system-out><![CDATA[I'm server
01:28:06.609 [main] DEBUG org.hibernate.type.BasicTypeRegistry - Adding type registration boolean -> org.hibernate.type.BooleanType@50d13246
01:28:06.610 [main] DEBUG org.hibernate.type.BasicTypeRegistry - Adding type registration boolean -> org.hibernate.type.BooleanType@50d13246
01:28:06.610 [main] DEBUG org.hibernate.type.BasicTypeRegistry - Adding type registration java.lang.Boolean -> org.hibernate.type.BooleanType@50d13246
01:28:06.610 [main] DEBUG org.hibernate.type.BasicTypeRegistry - Adding type registration numeric_boolean -> org.hibernate.type.NumericBooleanType@6f63b475
01:28:06.610 [main] DEBUG org.hibernate.type.BasicTypeRegistry - Adding type registration true_false -> org.hibernate.type.TrueFalseType@1a20270e
01:28:06.610 [main] DEBUG org.hibernate.type.BasicTypeRegistry - Adding type registration yes_no -> org.hibernate.type.YesNoType@34158c08
01:28:06.610 [main] DEBUG org.hibernate.type.BasicTypeRegistry - Adding type registration byte -> org.hibernate.type.ByteType@3fc9504b
01:28:06.610 [main] DEBUG org.hibernate.type.BasicTypeRegistry - Adding type registration byte -> org.hibernate.type.ByteType@3fc9504b
01:28:06.610 [main] DEBUG org.hibernate.type.BasicTypeRegistry - Adding type registration java.lang.Byte -> org.hibernate.type.ByteType@3fc9504b
01:28:06.610 [main] DEBUG org.hibernate.type.BasicTypeRegistry - Adding type registration character -> org.hibernate.type.CharacterType@72437d8d
01:28:06.610 [main] DEBUG org.hibernate.type.BasicTypeRegistry - Adding type registration char -> org.hibernate.type.CharacterType@72437d8d
01:28:06.610 [main] DEBUG org.hibernate.type.BasicTypeRegistry - Adding type registration java.lang.Character -> org.hibernate.type.CharacterType@72437d8d
01:28:06.610 [main] DEBUG org.hibernate.type.BasicTypeRegistry - Adding type registration short -> org.hibernate.type.ShortType@3a4621bd
01:28:06.610 [main] DEBUG org.hibernate.type.BasicTypeRegistry - Adding type registration short -> org.hibernate.type.ShortType@3a4621bd
01:28:06.610 [main] DEBUG org.hibernate.type.BasicTypeRegistry - Adding type registration java.lang.Short -> org.hibernate.type.ShortType@3a4621bd
01:28:06.610 [main] DEBUG org.hibernate.type.BasicTypeRegistry - Adding type registration integer -> org.hibernate.type.IntegerType@40db2a24
01:28:06.610 [main] DEBUG org.hibernate.type.BasicTypeRegistry - Adding type registration int -> org.hibernate.type.IntegerType@40db2a24
01:28:06.610 [main] DEBUG org.hibernate.type.BasicTypeRegistry - Adding type registration java.lang.Integer -> org.hibernate.type.IntegerType@40db2a24
01:28:06.610 [main] DEBUG org.hibernate.type.BasicTypeRegistry - Adding type registration long -> org.hibernate.type.LongType@30af5b6b
01:28:06.610 [main] DEBUG org.hibernate.type.BasicTypeRegistry - Adding type registration long -> org.hibernate.type.LongType@30af5b6b
01:28:06.610 [main] DEBUG org.hibernate.type.BasicTypeRegistry - Adding type registration java.lang.Long -> org.hibernate.type.LongType@30af5b6b
01:28:06.610 [main] DEBUG org.hibernate.type.BasicTypeRegistry - Adding type registration float -> org.hibernate.type.FloatType@2e1ef60
01:28:06.610 [main] DEBUG org.hibernate.type.BasicTypeRegistry - Adding type registration float -> org.hibernate.type.FloatType@2e1ef60
01:28:06.610 [main] DEBUG org.hibernate.type.BasicTypeRegistry - Adding type registration java.lang.Float -> org.hibernate.type.FloatType@2e1ef60
01:28:06.610 [main] DEBUG org.hibernate.type.BasicTypeRegistry - Adding type registration double -> org.hibernate.type.DoubleType@1b7c473a
01:28:06.610 [main] DEBUG org.hibernate.type.BasicTypeRegistry - Adding type registration double -> org.hibernate.type.DoubleType@1b7c473a
01:28:06.610 [main] DEBUG org.hibernate.type.BasicTypeRegistry - Adding type registration java.lang.Double -> org.hibernate.type.DoubleType@1b7c473a
01:28:06.610 [main] DEBUG org.hibernate.type.BasicTypeRegistry - Adding type registration big_decimal -> org.hibernate.type.BigDecimalType@71812481
01:28:06.610 [main] DEBUG org.hibernate.type.BasicTypeRegistry - Adding type registration java.math.BigDecimal -> org.hibernate.type.BigDecimalType@71812481
01:28:06.610 [main] DEBUG org.hibernate.type.BasicTypeRegistry - Adding type registration big_integer -> org.hibernate.type.BigIntegerType@561868a0
01:28:06.610 [main] DEBUG org.hibernate.type.BasicTypeRegistry - Adding type registration java.math.BigInteger -> org.hibernate.type.BigIntegerType@561868a0
01:28:06.610 [main] DEBUG org.hibernate.type.BasicTypeRegistry - Adding type registration string -> org.hibernate.type.StringType@42bc14c1
01:28:06.610 [main] DEBUG org.hibernate.type.BasicTypeRegistry - Adding type registration java.lang.String -> org.hibernate.type.StringType@42bc14c1
01:28:06.611 [main] DEBUG org.hibernate.type.BasicTypeRegistry - Adding type registration url -> org.hibernate.type.UrlType@25aca718
01:28:06.611 [main] DEBUG org.hibernate.type.BasicTypeRegistry - Adding type registration java.net.URL -> org.hibernate.type.UrlType@25aca718
01:28:06.611 [main] DEBUG org.hibernate.type.BasicTypeRegistry - Adding type registration date -> org.hibernate.type.DateType@289710d9
01:28:06.611 [main] DEBUG org.hibernate.type.BasicTypeRegistry - Adding type registration java.sql.Date -> org.hibernate.type.DateType@289710d9
01:28:06.611 [main] DEBUG org.hibernate.type.BasicTypeRegistry - Adding type registration time -> org.hibernate.type.TimeType@3e7dd664
01:28:06.611 [main] DEBUG org.hibernate.type.BasicTypeRegistry - Adding type registration java.sql.Time -> org.hibernate.type.TimeType@3e7dd664
01:28:06.611 [main] DEBUG org.hibernate.type.BasicTypeRegistry - Adding type registration timestamp -> org.hibernate.type.TimestampType@525575
01:28:06.611 [main] DEBUG org.hibernate.type.BasicTypeRegistry - Adding type registration java.sql.Timestamp -> org.hibernate.type.TimestampType@525575
01:28:06.611 [main] DEBUG org.hibernate.type.BasicTypeRegistry - Adding type registration java.util.Date -> org.hibernate.type.TimestampType@525575
01:28:06.611 [main] DEBUG org.hibernate.type.BasicTypeRegistry - Adding type registration dbtimestamp -> org.hibernate.type.DbTimestampType@6ad3381f
01:28:06.611 [main] DEBUG org.hibernate.type.BasicTypeRegistry - Adding type registration calendar -> org.hibernate.type.CalendarType@18a136ac
01:28:06.611 [main] DEBUG org.hibernate.type.BasicTypeRegistry - Adding type registration java.util.Calendar -> org.hibernate.type.CalendarType@18a136ac
01:28:06.611 [main] DEBUG org.hibernate.type.BasicTypeRegistry - Adding type registration java.util.GregorianCalendar -> org.hibernate.type.CalendarType@18a136ac
01:28:06.611 [main] DEBUG org.hibernate.type.BasicTypeRegistry - Adding type registration calendar_date -> org.hibernate.type.CalendarDateType@421bba99
01:28:06.611 [main] DEBUG org.hibernate.type.BasicTypeRegistry - Adding type registration locale -> org.hibernate.type.LocaleType@4fad9bb2
01:28:06.611 [main] DEBUG org.hibernate.type.BasicTypeRegistry - Adding type registration java.util.Locale -> org.hibernate.type.LocaleType@4fad9bb2
01:28:06.611 [main] DEBUG org.hibernate.type.BasicTypeRegistry - Adding type registration currency -> org.hibernate.type.CurrencyType@38831718
01:28:06.611 [main] DEBUG org.hibernate.type.BasicTypeRegistry - Adding type registration java.util.Currency -> org.hibernate.type.CurrencyType@38831718
01:28:06.611 [main] DEBUG org.hibernate.type.BasicTypeRegistry - Adding type registration timezone -> org.hibernate.type.TimeZoneType@512535ff
01:28:06.611 [main] DEBUG org.hibernate.type.BasicTypeRegistry - Adding type registration java.util.TimeZone -> org.hibernate.type.TimeZoneType@512535ff
01:28:06.611 [main] DEBUG org.hibernate.type.BasicTypeRegistry - Adding type registration class -> org.hibernate.type.ClassType@7241a47d
01:28:06.611 [main] DEBUG org.hibernate.type.BasicTypeRegistry - Adding type registration java.lang.Class -> org.hibernate.type.ClassType@7241a47d
01:28:06.611 [main] DEBUG org.hibernate.type.BasicTypeRegistry - Adding type registration uuid-binary -> org.hibernate.type.UUIDBinaryType@a22cb6a
01:28:06.611 [main] DEBUG org.hibernate.type.BasicTypeRegistry - Adding type registration java.util.UUID -> org.hibernate.type.UUIDBinaryType@a22cb6a
01:28:06.611 [main] DEBUG org.hibernate.type.BasicTypeRegistry - Adding type registration uuid-char -> org.hibernate.type.UUIDCharType@324a0017
01:28:06.611 [main] DEBUG org.hibernate.type.BasicTypeRegistry - Adding type registration pg-uuid -> org.hibernate.type.PostgresUUIDType@22bac7bc
01:28:06.611 [main] DEBUG org.hibernate.type.BasicTypeRegistry - Adding type registration binary -> org.hibernate.type.BinaryType@43f82e78
01:28:06.611 [main] DEBUG org.hibernate.type.BasicTypeRegistry - Adding type registration byte[] -> org.hibernate.type.BinaryType@43f82e78
01:28:06.611 [main] DEBUG org.hibernate.type.BasicTypeRegistry - Adding type registration [B -> org.hibernate.type.BinaryType@43f82e78
01:28:06.611 [main] DEBUG org.hibernate.type.BasicTypeRegistry - Adding type registration wrapper-binary -> org.hibernate.type.WrapperBinaryType@530712d
01:28:06.611 [main] DEBUG org.hibernate.type.BasicTypeRegistry - Adding type registration Byte[] -> org.hibernate.type.WrapperBinaryType@530712d
01:28:06.611 [main] DEBUG org.hibernate.type.BasicTypeRegistry - Adding type registration [Ljava.lang.Byte; -> org.hibernate.type.WrapperBinaryType@530712d
01:28:06.611 [main] DEBUG org.hibernate.type.BasicTypeRegistry - Adding type registration image -> org.hibernate.type.ImageType@45fd9a4d
01:28:06.611 [main] DEBUG org.hibernate.type.BasicTypeRegistry - Adding type registration characters -> org.hibernate.type.CharArrayType@16c63f5
01:28:06.611 [main] DEBUG org.hibernate.type.BasicTypeRegistry - Adding type registration char[] -> org.hibernate.type.CharArrayType@16c63f5
01:28:06.611 [main] DEBUG org.hibernate.type.BasicTypeRegistry - Adding type registration [C -> org.hibernate.type.CharArrayType@16c63f5
01:28:06.611 [main] DEBUG org.hibernate.type.BasicTypeRegistry - Adding type registration wrapper-characters -> org.hibernate.type.CharacterArrayType@74eb909f
01:28:06.611 [main] DEBUG org.hibernate.type.BasicTypeRegistry - Adding type registration [Ljava.lang.Character; -> org.hibernate.type.CharacterArrayType@74eb909f
01:28:06.611 [main] DEBUG org.hibernate.type.BasicTypeRegistry - Adding type registration Character[] -> org.hibernate.type.CharacterArrayType@74eb909f
01:28:06.611 [main] DEBUG org.hibernate.type.BasicTypeRegistry - Adding type registration text -> org.hibernate.type.TextType@13d9b21f
01:28:06.611 [main] DEBUG org.hibernate.type.BasicTypeRegistry - Adding type registration blob -> org.hibernate.type.BlobType@6179e425
01:28:06.612 [main] DEBUG org.hibernate.type.BasicTypeRegistry - Adding type registration java.sql.Blob -> org.hibernate.type.BlobType@6179e425
01:28:06.612 [main] DEBUG org.hibernate.type.BasicTypeRegistry - Adding type registration materialized_blob -> org.hibernate.type.MaterializedBlobType@49c6c24f
01:28:06.612 [main] DEBUG org.hibernate.type.BasicTypeRegistry - Adding type registration wrapper_materialized_blob -> org.hibernate.type.WrappedMaterializedBlobType@6399551e
01:28:06.612 [main] DEBUG org.hibernate.type.BasicTypeRegistry - Adding type registration clob -> org.hibernate.type.ClobType@604c5de8
01:28:06.612 [main] DEBUG org.hibernate.type.BasicTypeRegistry - Adding type registration java.sql.Clob -> org.hibernate.type.ClobType@604c5de8
01:28:06.612 [main] DEBUG org.hibernate.type.BasicTypeRegistry - Adding type registration materialized_clob -> org.hibernate.type.MaterializedClobType@550a1967
01:28:06.612 [main] DEBUG org.hibernate.type.BasicTypeRegistry - Adding type registration wrapper_characters_clob -> org.hibernate.type.CharacterArrayClobType@5d8bafa9
01:28:06.612 [main] DEBUG org.hibernate.type.BasicTypeRegistry - Adding type registration characters_clob -> org.hibernate.type.PrimitiveCharacterArrayClobType@ff684e1
01:28:06.612 [main] DEBUG org.hibernate.type.BasicTypeRegistry - Adding type registration serializable -> org.hibernate.type.SerializableType@1e8ce150
01:28:06.612 [main] DEBUG org.hibernate.type.BasicTypeRegistry - Adding type registration object -> org.hibernate.type.ObjectType@75cd8043
01:28:06.612 [main] DEBUG org.hibernate.type.BasicTypeRegistry - Adding type registration java.lang.Object -> org.hibernate.type.ObjectType@75cd8043
01:28:06.612 [main] DEBUG org.hibernate.type.BasicTypeRegistry - Adding type registration imm_date -> org.hibernate.type.AdaptedImmutableType@56ba8773
01:28:06.612 [main] DEBUG org.hibernate.type.BasicTypeRegistry - Adding type registration imm_time -> org.hibernate.type.AdaptedImmutableType@6ceb7b5e
01:28:06.612 [main] DEBUG org.hibernate.type.BasicTypeRegistry - Adding type registration imm_timestamp -> org.hibernate.type.AdaptedImmutableType@7dd00705
01:28:06.612 [main] DEBUG org.hibernate.type.BasicTypeRegistry - Adding type registration imm_dbtimestamp -> org.hibernate.type.AdaptedImmutableType@f14e5bf
01:28:06.612 [main] DEBUG org.hibernate.type.BasicTypeRegistry - Adding type registration imm_calendar -> org.hibernate.type.AdaptedImmutableType@d176a31
01:28:06.612 [main] DEBUG org.hibernate.type.BasicTypeRegistry - Adding type registration imm_calendar_date -> org.hibernate.type.AdaptedImmutableType@3a91d146
01:28:06.612 [main] DEBUG org.hibernate.type.BasicTypeRegistry - Adding type registration imm_binary -> org.hibernate.type.AdaptedImmutableType@4784013e
01:28:06.612 [main] DEBUG org.hibernate.type.BasicTypeRegistry - Adding type registration imm_serializable -> org.hibernate.type.AdaptedImmutableType@6f952d6c
01:28:06.613 [main] DEBUG o.h.i.f.DefaultIdentifierGeneratorFactory - Registering IdentifierGenerator strategy [uuid2] -> [class org.hibernate.id.UUIDGenerator]
01:28:06.613 [main] DEBUG o.h.i.f.DefaultIdentifierGeneratorFactory - Registering IdentifierGenerator strategy [guid] -> [class org.hibernate.id.GUIDGenerator]
01:28:06.613 [main] DEBUG o.h.i.f.DefaultIdentifierGeneratorFactory - Registering IdentifierGenerator strategy [uuid] -> [class org.hibernate.id.UUIDHexGenerator]
01:28:06.613 [main] DEBUG o.h.i.f.DefaultIdentifierGeneratorFactory - Registering IdentifierGenerator strategy [uuid.hex] -> [class org.hibernate.id.UUIDHexGenerator]
01:28:06.613 [main] DEBUG o.h.i.f.DefaultIdentifierGeneratorFactory - Registering IdentifierGenerator strategy [hilo] -> [class org.hibernate.id.TableHiLoGenerator]
01:28:06.613 [main] DEBUG o.h.i.f.DefaultIdentifierGeneratorFactory - Registering IdentifierGenerator strategy [assigned] -> [class org.hibernate.id.Assigned]
01:28:06.613 [main] DEBUG o.h.i.f.DefaultIdentifierGeneratorFactory - Registering IdentifierGenerator strategy [identity] -> [class org.hibernate.id.IdentityGenerator]
01:28:06.613 [main] DEBUG o.h.i.f.DefaultIdentifierGeneratorFactory - Registering IdentifierGenerator strategy [select] -> [class org.hibernate.id.SelectGenerator]
01:28:06.613 [main] DEBUG o.h.i.f.DefaultIdentifierGeneratorFactory - Registering IdentifierGenerator strategy [sequence] -> [class org.hibernate.id.SequenceGenerator]
01:28:06.613 [main] DEBUG o.h.i.f.DefaultIdentifierGeneratorFactory - Registering IdentifierGenerator strategy [seqhilo] -> [class org.hibernate.id.SequenceHiLoGenerator]
01:28:06.613 [main] DEBUG o.h.i.f.DefaultIdentifierGeneratorFactory - Registering IdentifierGenerator strategy [increment] -> [class org.hibernate.id.IncrementGenerator]
01:28:06.613 [main] DEBUG o.h.i.f.DefaultIdentifierGeneratorFactory - Registering IdentifierGenerator strategy [foreign] -> [class org.hibernate.id.ForeignGenerator]
01:28:06.613 [main] DEBUG o.h.i.f.DefaultIdentifierGeneratorFactory - Registering IdentifierGenerator strategy [sequence-identity] -> [class org.hibernate.id.SequenceIdentityGenerator]
01:28:06.613 [main] DEBUG o.h.i.f.DefaultIdentifierGeneratorFactory - Registering IdentifierGenerator strategy [enhanced-sequence] -> [class org.hibernate.id.enhanced.SequenceStyleGenerator]
01:28:06.613 [main] DEBUG o.h.i.f.DefaultIdentifierGeneratorFactory - Registering IdentifierGenerator strategy [enhanced-table] -> [class org.hibernate.id.enhanced.TableGenerator]
01:28:06.615 [main] DEBUG org.hibernate.util.DTDEntityResolver - trying to resolve system-id [http://www.hibernate.org/dtd/hibernate-mapping-3.0.dtd]
01:28:06.615 [main] DEBUG org.hibernate.util.DTDEntityResolver - recognized hibernate namespace; attempting to resolve on classpath under org/hibernate/
01:28:06.615 [main] DEBUG org.hibernate.util.DTDEntityResolver - located [http://www.hibernate.org/dtd/hibernate-mapping-3.0.dtd] in classpath
01:28:06.628 [main] DEBUG org.hibernate.cfg.Configuration - Processing hbm.xml files
01:28:06.628 [main] INFO  org.hibernate.cfg.HbmBinder - Mapping class: jw.lab4.checkers.Database.Game -> Games
01:28:06.628 [main] DEBUG org.hibernate.cfg.HbmBinder - Mapped property: id -> id
01:28:06.629 [main] DEBUG org.hibernate.cfg.HbmBinder - Mapped property: playersNumber -> players_number
01:28:06.629 [main] DEBUG org.hibernate.cfg.HbmBinder - Mapped property: players
01:28:06.629 [main] DEBUG org.hibernate.cfg.HbmBinder - Mapped property: moves
01:28:06.629 [main] INFO  org.hibernate.cfg.HbmBinder - Mapping class: jw.lab4.checkers.Database.Player -> Players
01:28:06.629 [main] DEBUG org.hibernate.cfg.HbmBinder - Mapped property: id -> id
01:28:06.629 [main] DEBUG org.hibernate.cfg.HbmBinder - Mapped property: playerNumber -> player_number
01:28:06.629 [main] DEBUG org.hibernate.cfg.HbmBinder - Mapped property: nickname -> nickname
01:28:06.630 [main] INFO  org.hibernate.cfg.HbmBinder - Mapping class: jw.lab4.checkers.Database.Move -> Moves
01:28:06.630 [main] DEBUG org.hibernate.cfg.HbmBinder - Mapped property: id -> id
01:28:06.630 [main] DEBUG org.hibernate.cfg.HbmBinder - Mapped property: fieldOne -> field_one
01:28:06.630 [main] DEBUG org.hibernate.cfg.HbmBinder - Mapped property: fieldTwo -> field_two
01:28:06.630 [main] DEBUG org.hibernate.cfg.Configuration - Process annotated classes
01:28:06.630 [main] DEBUG org.hibernate.cfg.Configuration - processing fk mappings (*ToOne and JoinedSubclass)
01:28:06.630 [main] DEBUG org.hibernate.cfg.Configuration - processing extends queue
01:28:06.630 [main] DEBUG org.hibernate.cfg.Configuration - processing extends queue
01:28:06.630 [main] DEBUG org.hibernate.cfg.Configuration - processing collection mappings
01:28:06.630 [main] DEBUG o.hibernate.cfg.CollectionSecondPass - Second pass for collection: jw.lab4.checkers.Database.Game.players
01:28:06.630 [main] INFO  org.hibernate.cfg.HbmBinder - Mapping collection: jw.lab4.checkers.Database.Game.players -> Players
01:28:06.630 [main] DEBUG o.hibernate.cfg.CollectionSecondPass - Mapped collection key: game_id, index: player_number, one-to-many: jw.lab4.checkers.Database.Player
01:28:06.630 [main] DEBUG o.hibernate.cfg.CollectionSecondPass - Second pass for collection: jw.lab4.checkers.Database.Game.moves
01:28:06.630 [main] INFO  org.hibernate.cfg.HbmBinder - Mapping collection: jw.lab4.checkers.Database.Game.moves -> Moves
01:28:06.630 [main] DEBUG o.hibernate.cfg.CollectionSecondPass - Mapped collection key: game_id, index: move_id, one-to-many: jw.lab4.checkers.Database.Move
01:28:06.631 [main] DEBUG org.hibernate.cfg.Configuration - processing native query and ResultSetMapping mappings
01:28:06.631 [main] DEBUG org.hibernate.cfg.Configuration - processing association property references
01:28:06.631 [main] DEBUG org.hibernate.cfg.Configuration - processing foreign key constraints
01:28:06.631 [main] DEBUG org.hibernate.cfg.Configuration - resolving reference to class: jw.lab4.checkers.Database.Game
01:28:06.631 [main] DEBUG org.hibernate.cfg.Configuration - resolving reference to class: jw.lab4.checkers.Database.Game
01:28:06.631 [main] INFO  org.hibernate.cfg.Configuration - Hibernate Validator not found: ignoring
01:28:06.632 [main] DEBUG org.hibernate.cfg.Configuration - Preparing to build session factory with filters : {}
01:28:06.632 [main] DEBUG org.hibernate.cfg.Configuration - Processing hbm.xml files
01:28:06.632 [main] DEBUG org.hibernate.cfg.Configuration - Process annotated classes
01:28:06.632 [main] DEBUG org.hibernate.cfg.Configuration - processing fk mappings (*ToOne and JoinedSubclass)
01:28:06.632 [main] DEBUG org.hibernate.cfg.Configuration - processing extends queue
01:28:06.632 [main] DEBUG org.hibernate.cfg.Configuration - processing extends queue
01:28:06.632 [main] DEBUG org.hibernate.cfg.Configuration - processing collection mappings
01:28:06.632 [main] DEBUG org.hibernate.cfg.Configuration - processing native query and ResultSetMapping mappings
01:28:06.632 [main] DEBUG org.hibernate.cfg.Configuration - processing association property references
01:28:06.632 [main] DEBUG org.hibernate.cfg.Configuration - processing foreign key constraints
01:28:06.632 [main] DEBUG org.hibernate.cfg.Configuration - resolving reference to class: jw.lab4.checkers.Database.Game
01:28:06.632 [main] DEBUG org.hibernate.cfg.Configuration - resolving reference to class: jw.lab4.checkers.Database.Game
01:28:06.632 [main] DEBUG org.hibernate.cfg.Configuration - Legacy Validator not present in classpath, ignoring event listener registration
01:28:06.633 [main] DEBUG o.h.c.s.HibernateSearchEventListenerRegister - Search not present in classpath, ignoring event listener registration.
01:28:06.633 [main] INFO  o.h.c.s.HibernateSearchEventListenerRegister - Unable to find org.hibernate.search.event.FullTextIndexEventListener on the classpath. Hibernate Search is not enabled.
01:28:06.633 [main] INFO  o.h.c.ConnectionProviderFactory - Initializing connection provider: org.springframework.orm.hibernate3.LocalDataSourceConnectionProvider
01:28:06.647 [main] INFO  org.hibernate.dialect.Dialect - Using dialect: org.hibernate.dialect.MySQLDialect
01:28:06.647 [main] INFO  o.h.engine.jdbc.JdbcSupportLoader - Disabling contextual LOB creation as JDBC driver reported JDBC version [3] less than 4
01:28:06.647 [main] INFO  org.hibernate.cfg.SettingsFactory - Database ->
       name : MySQL
    version : 5.5.5-10.6.5-MariaDB
      major : 5
      minor : 5
01:28:06.647 [main] INFO  org.hibernate.cfg.SettingsFactory - Driver ->
       name : MySQL-AB JDBC Driver
    version : mysql-connector-java-5.1.9 ( Revision: ${svn.Revision} )
      major : 5
      minor : 1
01:28:06.647 [main] INFO  o.h.t.TransactionFactoryFactory - Transaction strategy: org.springframework.orm.hibernate3.SpringTransactionFactory
01:28:06.647 [main] INFO  o.h.t.TransactionManagerLookupFactory - No TransactionManagerLookup configured (in JTA environment, use of read-write or transactional second-level cache is not recommended)
01:28:06.648 [main] INFO  org.hibernate.cfg.SettingsFactory - Automatic flush during beforeCompletion(): disabled
01:28:06.648 [main] INFO  org.hibernate.cfg.SettingsFactory - Automatic session close at end of transaction: disabled
01:28:06.648 [main] INFO  org.hibernate.cfg.SettingsFactory - JDBC batch size: 15
01:28:06.648 [main] INFO  org.hibernate.cfg.SettingsFactory - JDBC batch updates for versioned data: disabled
01:28:06.648 [main] INFO  org.hibernate.cfg.SettingsFactory - Scrollable result sets: enabled
01:28:06.648 [main] DEBUG org.hibernate.cfg.SettingsFactory - Wrap result sets: disabled
01:28:06.648 [main] INFO  org.hibernate.cfg.SettingsFactory - JDBC3 getGeneratedKeys(): enabled
01:28:06.648 [main] INFO  org.hibernate.cfg.SettingsFactory - Connection release mode: auto
01:28:06.648 [main] INFO  org.hibernate.cfg.SettingsFactory - Maximum outer join fetch depth: 2
01:28:06.648 [main] INFO  org.hibernate.cfg.SettingsFactory - Default batch fetch size: 1
01:28:06.648 [main] INFO  org.hibernate.cfg.SettingsFactory - Generate SQL with comments: disabled
01:28:06.648 [main] INFO  org.hibernate.cfg.SettingsFactory - Order SQL updates by primary key: disabled
01:28:06.648 [main] INFO  org.hibernate.cfg.SettingsFactory - Order SQL inserts for batching: disabled
01:28:06.648 [main] INFO  org.hibernate.cfg.SettingsFactory - Query translator: org.hibernate.hql.ast.ASTQueryTranslatorFactory
01:28:06.648 [main] INFO  o.h.h.ast.ASTQueryTranslatorFactory - Using ASTQueryTranslatorFactory
01:28:06.648 [main] INFO  org.hibernate.cfg.SettingsFactory - Query language substitutions: {}
01:28:06.648 [main] INFO  org.hibernate.cfg.SettingsFactory - JPA-QL strict compliance: disabled
01:28:06.648 [main] INFO  org.hibernate.cfg.SettingsFactory - Second-level cache: enabled
01:28:06.648 [main] INFO  org.hibernate.cfg.SettingsFactory - Query cache: disabled
01:28:06.648 [main] INFO  org.hibernate.cfg.SettingsFactory - Cache region factory : org.hibernate.cache.impl.NoCachingRegionFactory
01:28:06.648 [main] INFO  org.hibernate.cfg.SettingsFactory - Optimize cache for minimal puts: disabled
01:28:06.648 [main] INFO  org.hibernate.cfg.SettingsFactory - Structured second-level cache entries: disabled
01:28:06.648 [main] INFO  org.hibernate.cfg.SettingsFactory - Statistics: disabled
01:28:06.648 [main] INFO  org.hibernate.cfg.SettingsFactory - Deleted entity synthetic identifier rollback: disabled
01:28:06.648 [main] INFO  org.hibernate.cfg.SettingsFactory - Default entity-mode: pojo
01:28:06.648 [main] INFO  org.hibernate.cfg.SettingsFactory - Named query checking : enabled
01:28:06.648 [main] INFO  org.hibernate.cfg.SettingsFactory - Check Nullability in Core (should be disabled when Bean Validation is on): enabled
01:28:06.651 [main] INFO  o.hibernate.impl.SessionFactoryImpl - building session factory
01:28:06.651 [main] DEBUG o.hibernate.impl.SessionFactoryImpl - Statistics initialized [enabled=false]}
01:28:06.651 [main] DEBUG org.hibernate.type.BasicTypeRegistry - Adding type registration boolean -> org.hibernate.type.BooleanType@50d13246
01:28:06.651 [main] DEBUG org.hibernate.type.BasicTypeRegistry - Adding type registration boolean -> org.hibernate.type.BooleanType@50d13246
01:28:06.651 [main] DEBUG org.hibernate.type.BasicTypeRegistry - Adding type registration java.lang.Boolean -> org.hibernate.type.BooleanType@50d13246
01:28:06.651 [main] DEBUG org.hibernate.type.BasicTypeRegistry - Adding type registration numeric_boolean -> org.hibernate.type.NumericBooleanType@6f63b475
01:28:06.651 [main] DEBUG org.hibernate.type.BasicTypeRegistry - Adding type registration true_false -> org.hibernate.type.TrueFalseType@1a20270e
01:28:06.651 [main] DEBUG org.hibernate.type.BasicTypeRegistry - Adding type registration yes_no -> org.hibernate.type.YesNoType@34158c08
01:28:06.651 [main] DEBUG org.hibernate.type.BasicTypeRegistry - Adding type registration byte -> org.hibernate.type.ByteType@3fc9504b
01:28:06.651 [main] DEBUG org.hibernate.type.BasicTypeRegistry - Adding type registration byte -> org.hibernate.type.ByteType@3fc9504b
01:28:06.651 [main] DEBUG org.hibernate.type.BasicTypeRegistry - Adding type registration java.lang.Byte -> org.hibernate.type.ByteType@3fc9504b
01:28:06.651 [main] DEBUG org.hibernate.type.BasicTypeRegistry - Adding type registration character -> org.hibernate.type.CharacterType@72437d8d
01:28:06.651 [main] DEBUG org.hibernate.type.BasicTypeRegistry - Adding type registration char -> org.hibernate.type.CharacterType@72437d8d
01:28:06.651 [main] DEBUG org.hibernate.type.BasicTypeRegistry - Adding type registration java.lang.Character -> org.hibernate.type.CharacterType@72437d8d
01:28:06.651 [main] DEBUG org.hibernate.type.BasicTypeRegistry - Adding type registration short -> org.hibernate.type.ShortType@3a4621bd
01:28:06.651 [main] DEBUG org.hibernate.type.BasicTypeRegistry - Adding type registration short -> org.hibernate.type.ShortType@3a4621bd
01:28:06.651 [main] DEBUG org.hibernate.type.BasicTypeRegistry - Adding type registration java.lang.Short -> org.hibernate.type.ShortType@3a4621bd
01:28:06.651 [main] DEBUG org.hibernate.type.BasicTypeRegistry - Adding type registration integer -> org.hibernate.type.IntegerType@40db2a24
01:28:06.651 [main] DEBUG org.hibernate.type.BasicTypeRegistry - Adding type registration int -> org.hibernate.type.IntegerType@40db2a24
01:28:06.651 [main] DEBUG org.hibernate.type.BasicTypeRegistry - Adding type registration java.lang.Integer -> org.hibernate.type.IntegerType@40db2a24
01:28:06.651 [main] DEBUG org.hibernate.type.BasicTypeRegistry - Adding type registration long -> org.hibernate.type.LongType@30af5b6b
01:28:06.651 [main] DEBUG org.hibernate.type.BasicTypeRegistry - Adding type registration long -> org.hibernate.type.LongType@30af5b6b
01:28:06.651 [main] DEBUG org.hibernate.type.BasicTypeRegistry - Adding type registration java.lang.Long -> org.hibernate.type.LongType@30af5b6b
01:28:06.651 [main] DEBUG org.hibernate.type.BasicTypeRegistry - Adding type registration float -> org.hibernate.type.FloatType@2e1ef60
01:28:06.651 [main] DEBUG org.hibernate.type.BasicTypeRegistry - Adding type registration float -> org.hibernate.type.FloatType@2e1ef60
01:28:06.651 [main] DEBUG org.hibernate.type.BasicTypeRegistry - Adding type registration java.lang.Float -> org.hibernate.type.FloatType@2e1ef60
01:28:06.651 [main] DEBUG org.hibernate.type.BasicTypeRegistry - Adding type registration double -> org.hibernate.type.DoubleType@1b7c473a
01:28:06.651 [main] DEBUG org.hibernate.type.BasicTypeRegistry - Adding type registration double -> org.hibernate.type.DoubleType@1b7c473a
01:28:06.651 [main] DEBUG org.hibernate.type.BasicTypeRegistry - Adding type registration java.lang.Double -> org.hibernate.type.DoubleType@1b7c473a
01:28:06.651 [main] DEBUG org.hibernate.type.BasicTypeRegistry - Adding type registration big_decimal -> org.hibernate.type.BigDecimalType@71812481
01:28:06.651 [main] DEBUG org.hibernate.type.BasicTypeRegistry - Adding type registration java.math.BigDecimal -> org.hibernate.type.BigDecimalType@71812481
01:28:06.651 [main] DEBUG org.hibernate.type.BasicTypeRegistry - Adding type registration big_integer -> org.hibernate.type.BigIntegerType@561868a0
01:28:06.651 [main] DEBUG org.hibernate.type.BasicTypeRegistry - Adding type registration java.math.BigInteger -> org.hibernate.type.BigIntegerType@561868a0
01:28:06.651 [main] DEBUG org.hibernate.type.BasicTypeRegistry - Adding type registration string -> org.hibernate.type.StringType@42bc14c1
01:28:06.651 [main] DEBUG org.hibernate.type.BasicTypeRegistry - Adding type registration java.lang.String -> org.hibernate.type.StringType@42bc14c1
01:28:06.651 [main] DEBUG org.hibernate.type.BasicTypeRegistry - Adding type registration url -> org.hibernate.type.UrlType@25aca718
01:28:06.651 [main] DEBUG org.hibernate.type.BasicTypeRegistry - Adding type registration java.net.URL -> org.hibernate.type.UrlType@25aca718
01:28:06.651 [main] DEBUG org.hibernate.type.BasicTypeRegistry - Adding type registration date -> org.hibernate.type.DateType@289710d9
01:28:06.651 [main] DEBUG org.hibernate.type.BasicTypeRegistry - Adding type registration java.sql.Date -> org.hibernate.type.DateType@289710d9
01:28:06.651 [main] DEBUG org.hibernate.type.BasicTypeRegistry - Adding type registration time -> org.hibernate.type.TimeType@3e7dd664
01:28:06.651 [main] DEBUG org.hibernate.type.BasicTypeRegistry - Adding type registration java.sql.Time -> org.hibernate.type.TimeType@3e7dd664
01:28:06.651 [main] DEBUG org.hibernate.type.BasicTypeRegistry - Adding type registration timestamp -> org.hibernate.type.TimestampType@525575
01:28:06.651 [main] DEBUG org.hibernate.type.BasicTypeRegistry - Adding type registration java.sql.Timestamp -> org.hibernate.type.TimestampType@525575
01:28:06.651 [main] DEBUG org.hibernate.type.BasicTypeRegistry - Adding type registration java.util.Date -> org.hibernate.type.TimestampType@525575
01:28:06.651 [main] DEBUG org.hibernate.type.BasicTypeRegistry - Adding type registration dbtimestamp -> org.hibernate.type.DbTimestampType@6ad3381f
01:28:06.651 [main] DEBUG org.hibernate.type.BasicTypeRegistry - Adding type registration calendar -> org.hibernate.type.CalendarType@18a136ac
01:28:06.651 [main] DEBUG org.hibernate.type.BasicTypeRegistry - Adding type registration java.util.Calendar -> org.hibernate.type.CalendarType@18a136ac
01:28:06.651 [main] DEBUG org.hibernate.type.BasicTypeRegistry - Adding type registration java.util.GregorianCalendar -> org.hibernate.type.CalendarType@18a136ac
01:28:06.651 [main] DEBUG org.hibernate.type.BasicTypeRegistry - Adding type registration calendar_date -> org.hibernate.type.CalendarDateType@421bba99
01:28:06.652 [main] DEBUG org.hibernate.type.BasicTypeRegistry - Adding type registration locale -> org.hibernate.type.LocaleType@4fad9bb2
01:28:06.652 [main] DEBUG org.hibernate.type.BasicTypeRegistry - Adding type registration java.util.Locale -> org.hibernate.type.LocaleType@4fad9bb2
01:28:06.652 [main] DEBUG org.hibernate.type.BasicTypeRegistry - Adding type registration currency -> org.hibernate.type.CurrencyType@38831718
01:28:06.652 [main] DEBUG org.hibernate.type.BasicTypeRegistry - Adding type registration java.util.Currency -> org.hibernate.type.CurrencyType@38831718
01:28:06.652 [main] DEBUG org.hibernate.type.BasicTypeRegistry - Adding type registration timezone -> org.hibernate.type.TimeZoneType@512535ff
01:28:06.652 [main] DEBUG org.hibernate.type.BasicTypeRegistry - Adding type registration java.util.TimeZone -> org.hibernate.type.TimeZoneType@512535ff
01:28:06.652 [main] DEBUG org.hibernate.type.BasicTypeRegistry - Adding type registration class -> org.hibernate.type.ClassType@7241a47d
01:28:06.652 [main] DEBUG org.hibernate.type.BasicTypeRegistry - Adding type registration java.lang.Class -> org.hibernate.type.ClassType@7241a47d
01:28:06.652 [main] DEBUG org.hibernate.type.BasicTypeRegistry - Adding type registration uuid-binary -> org.hibernate.type.UUIDBinaryType@a22cb6a
01:28:06.652 [main] DEBUG org.hibernate.type.BasicTypeRegistry - Adding type registration java.util.UUID -> org.hibernate.type.UUIDBinaryType@a22cb6a
01:28:06.652 [main] DEBUG org.hibernate.type.BasicTypeRegistry - Adding type registration uuid-char -> org.hibernate.type.UUIDCharType@324a0017
01:28:06.652 [main] DEBUG org.hibernate.type.BasicTypeRegistry - Adding type registration pg-uuid -> org.hibernate.type.PostgresUUIDType@22bac7bc
01:28:06.652 [main] DEBUG org.hibernate.type.BasicTypeRegistry - Adding type registration binary -> org.hibernate.type.BinaryType@43f82e78
01:28:06.652 [main] DEBUG org.hibernate.type.BasicTypeRegistry - Adding type registration byte[] -> org.hibernate.type.BinaryType@43f82e78
01:28:06.652 [main] DEBUG org.hibernate.type.BasicTypeRegistry - Adding type registration [B -> org.hibernate.type.BinaryType@43f82e78
01:28:06.652 [main] DEBUG org.hibernate.type.BasicTypeRegistry - Adding type registration wrapper-binary -> org.hibernate.type.WrapperBinaryType@530712d
01:28:06.652 [main] DEBUG org.hibernate.type.BasicTypeRegistry - Adding type registration Byte[] -> org.hibernate.type.WrapperBinaryType@530712d
01:28:06.652 [main] DEBUG org.hibernate.type.BasicTypeRegistry - Adding type registration [Ljava.lang.Byte; -> org.hibernate.type.WrapperBinaryType@530712d
01:28:06.652 [main] DEBUG org.hibernate.type.BasicTypeRegistry - Adding type registration image -> org.hibernate.type.ImageType@45fd9a4d
01:28:06.652 [main] DEBUG org.hibernate.type.BasicTypeRegistry - Adding type registration characters -> org.hibernate.type.CharArrayType@16c63f5
01:28:06.652 [main] DEBUG org.hibernate.type.BasicTypeRegistry - Adding type registration char[] -> org.hibernate.type.CharArrayType@16c63f5
01:28:06.652 [main] DEBUG org.hibernate.type.BasicTypeRegistry - Adding type registration [C -> org.hibernate.type.CharArrayType@16c63f5
01:28:06.652 [main] DEBUG org.hibernate.type.BasicTypeRegistry - Adding type registration wrapper-characters -> org.hibernate.type.CharacterArrayType@74eb909f
01:28:06.652 [main] DEBUG org.hibernate.type.BasicTypeRegistry - Adding type registration [Ljava.lang.Character; -> org.hibernate.type.CharacterArrayType@74eb909f
01:28:06.652 [main] DEBUG org.hibernate.type.BasicTypeRegistry - Adding type registration Character[] -> org.hibernate.type.CharacterArrayType@74eb909f
01:28:06.652 [main] DEBUG org.hibernate.type.BasicTypeRegistry - Adding type registration text -> org.hibernate.type.TextType@13d9b21f
01:28:06.652 [main] DEBUG org.hibernate.type.BasicTypeRegistry - Adding type registration blob -> org.hibernate.type.BlobType@6179e425
01:28:06.652 [main] DEBUG org.hibernate.type.BasicTypeRegistry - Adding type registration java.sql.Blob -> org.hibernate.type.BlobType@6179e425
01:28:06.652 [main] DEBUG org.hibernate.type.BasicTypeRegistry - Adding type registration materialized_blob -> org.hibernate.type.MaterializedBlobType@49c6c24f
01:28:06.652 [main] DEBUG org.hibernate.type.BasicTypeRegistry - Adding type registration wrapper_materialized_blob -> org.hibernate.type.WrappedMaterializedBlobType@6399551e
01:28:06.652 [main] DEBUG org.hibernate.type.BasicTypeRegistry - Adding type registration clob -> org.hibernate.type.ClobType@604c5de8
01:28:06.652 [main] DEBUG org.hibernate.type.BasicTypeRegistry - Adding type registration java.sql.Clob -> org.hibernate.type.ClobType@604c5de8
01:28:06.652 [main] DEBUG org.hibernate.type.BasicTypeRegistry - Adding type registration materialized_clob -> org.hibernate.type.MaterializedClobType@550a1967
01:28:06.652 [main] DEBUG org.hibernate.type.BasicTypeRegistry - Adding type registration wrapper_characters_clob -> org.hibernate.type.CharacterArrayClobType@5d8bafa9
01:28:06.652 [main] DEBUG org.hibernate.type.BasicTypeRegistry - Adding type registration characters_clob -> org.hibernate.type.PrimitiveCharacterArrayClobType@ff684e1
01:28:06.652 [main] DEBUG org.hibernate.type.BasicTypeRegistry - Adding type registration serializable -> org.hibernate.type.SerializableType@1e8ce150
01:28:06.652 [main] DEBUG org.hibernate.type.BasicTypeRegistry - Adding type registration object -> org.hibernate.type.ObjectType@75cd8043
01:28:06.652 [main] DEBUG org.hibernate.type.BasicTypeRegistry - Adding type registration java.lang.Object -> org.hibernate.type.ObjectType@75cd8043
01:28:06.652 [main] DEBUG org.hibernate.type.BasicTypeRegistry - Adding type registration imm_date -> org.hibernate.type.AdaptedImmutableType@74971ed9
01:28:06.653 [main] DEBUG org.hibernate.type.BasicTypeRegistry - Adding type registration imm_time -> org.hibernate.type.AdaptedImmutableType@131fcb6f
01:28:06.653 [main] DEBUG org.hibernate.type.BasicTypeRegistry - Adding type registration imm_timestamp -> org.hibernate.type.AdaptedImmutableType@ccd1bc3
01:28:06.653 [main] DEBUG org.hibernate.type.BasicTypeRegistry - Adding type registration imm_dbtimestamp -> org.hibernate.type.AdaptedImmutableType@878537d
01:28:06.653 [main] DEBUG org.hibernate.type.BasicTypeRegistry - Adding type registration imm_calendar -> org.hibernate.type.AdaptedImmutableType@4455f57d
01:28:06.653 [main] DEBUG org.hibernate.type.BasicTypeRegistry - Adding type registration imm_calendar_date -> org.hibernate.type.AdaptedImmutableType@29fc1a2b
01:28:06.653 [main] DEBUG org.hibernate.type.BasicTypeRegistry - Adding type registration imm_binary -> org.hibernate.type.AdaptedImmutableType@4d0b0fd4
01:28:06.653 [main] DEBUG org.hibernate.type.BasicTypeRegistry - Adding type registration imm_serializable -> org.hibernate.type.AdaptedImmutableType@7a24eb3
01:28:06.653 [main] DEBUG org.hibernate.type.BasicTypeRegistry - Adding type registration clob -> org.hibernate.type.ClobType@5910de75
01:28:06.653 [main] INFO  org.hibernate.type.BasicTypeRegistry - Type registration [clob] overrides previous : org.hibernate.type.ClobType@604c5de8
01:28:06.653 [main] DEBUG org.hibernate.type.BasicTypeRegistry - Adding type registration java.sql.Clob -> org.hibernate.type.ClobType@5910de75
01:28:06.653 [main] INFO  org.hibernate.type.BasicTypeRegistry - Type registration [java.sql.Clob] overrides previous : org.hibernate.type.ClobType@604c5de8
01:28:06.653 [main] DEBUG org.hibernate.type.BasicTypeRegistry - Adding type registration blob -> org.hibernate.type.BlobType@5ef8df1e
01:28:06.653 [main] INFO  org.hibernate.type.BasicTypeRegistry - Type registration [blob] overrides previous : org.hibernate.type.BlobType@6179e425
01:28:06.653 [main] DEBUG org.hibernate.type.BasicTypeRegistry - Adding type registration java.sql.Blob -> org.hibernate.type.BlobType@5ef8df1e
01:28:06.653 [main] INFO  org.hibernate.type.BasicTypeRegistry - Type registration [java.sql.Blob] overrides previous : org.hibernate.type.BlobType@6179e425
01:28:06.653 [main] DEBUG org.hibernate.type.BasicTypeRegistry - Adding type registration characters_clob -> org.hibernate.type.PrimitiveCharacterArrayClobType@7e0aadd0
01:28:06.653 [main] INFO  org.hibernate.type.BasicTypeRegistry - Type registration [characters_clob] overrides previous : org.hibernate.type.PrimitiveCharacterArrayClobType@ff684e1
01:28:06.653 [main] DEBUG org.hibernate.type.BasicTypeRegistry - Adding type registration wrapper_materialized_blob -> org.hibernate.type.WrappedMaterializedBlobType@127e70c5
01:28:06.653 [main] INFO  org.hibernate.type.BasicTypeRegistry - Type registration [wrapper_materialized_blob] overrides previous : org.hibernate.type.WrappedMaterializedBlobType@6399551e
01:28:06.653 [main] DEBUG org.hibernate.type.BasicTypeRegistry - Adding type registration wrapper_characters_clob -> org.hibernate.type.CharacterArrayClobType@1f130eaf
01:28:06.653 [main] INFO  org.hibernate.type.BasicTypeRegistry - Type registration [wrapper_characters_clob] overrides previous : org.hibernate.type.CharacterArrayClobType@5d8bafa9
01:28:06.653 [main] DEBUG org.hibernate.type.BasicTypeRegistry - Adding type registration materialized_blob -> org.hibernate.type.MaterializedBlobType@27cf3151
01:28:06.653 [main] INFO  org.hibernate.type.BasicTypeRegistry - Type registration [materialized_blob] overrides previous : org.hibernate.type.MaterializedBlobType@49c6c24f
01:28:06.653 [main] DEBUG org.hibernate.type.BasicTypeRegistry - Adding type registration materialized_clob -> org.hibernate.type.MaterializedClobType@4108fa66
01:28:06.653 [main] INFO  org.hibernate.type.BasicTypeRegistry - Type registration [materialized_clob] overrides previous : org.hibernate.type.MaterializedClobType@550a1967
01:28:06.653 [main] DEBUG o.hibernate.impl.SessionFactoryImpl - Session factory constructed with filter configurations : {}
01:28:06.653 [main] DEBUG o.hibernate.impl.SessionFactoryImpl - instantiating session factory with properties: {java.specification.version=17, sun.jnu.encoding=UTF-8, sun.arch.data.model=64, java.vendor.url=https://openjdk.java.net/, hibernate.transaction.factory_class=org.springframework.orm.hibernate3.SpringTransactionFactory, sun.boot.library.path=/usr/lib/jvm/java-17-openjdk/lib, sun.java.command=/home/jak/studia/Technologia/Lab4/target/surefire/surefirebooter8542412173332080337.jar /home/jak/studia/Technologia/Lab4/target/surefire 2022-01-30T01-28-04_906-jvmRun1 surefire561957949992343055tmp surefire_014556903606462195719tmp, hibernate.connection.provider_class=org.springframework.orm.hibernate3.LocalDataSourceConnectionProvider, jdk.debug=release, java.specification.vendor=Oracle Corporation, java.version.date=2021-10-19, java.home=/usr/lib/jvm/java-17-openjdk, file.separator=/, basedir=/home/jak/studia/Technologia/Lab4, java.vm.compressedOopsMode=32-bit, line.separator=
, java.specification.name=Java Platform API Specification, java.vm.specification.vendor=Oracle Corporation, sun.management.compiler=HotSpot 64-Bit Tiered Compilers, java.runtime.version=17.0.1+12, user.name=jak, file.encoding=UTF-8, hibernate.current_session_context_class=org.springframework.orm.hibernate3.SpringSessionContext, localRepository=/home/jak/.m2/repository, java.io.tmpdir=/tmp, java.version=17.0.1, java.vm.specification.name=Java Virtual Machine Specification, native.encoding=UTF-8, java.library.path=/usr/java/packages/lib:/usr/lib64:/lib64:/lib:/usr/lib, java.vendor=N/A, sun.io.unicode.encoding=UnicodeLittle, hibernate.dialect=org.hibernate.dialect.MySQLDialect, java.class.path=/home/jak/studia/Technologia/Lab4/target/test-classes:/home/jak/studia/Technologia/Lab4/target/classes:/home/jak/.m2/repository/junit/junit/4.11/junit-4.11.jar:/home/jak/.m2/repository/org/hamcrest/hamcrest-core/1.3/hamcrest-core-1.3.jar:/home/jak/.m2/repository/org/springframework/spring-context/4.0.3.RELEASE/spring-context-4.0.3.RELEASE.jar:/home/jak/.m2/repository/org/springframework/spring-aop/4.0.3.RELEASE/spring-aop-4.0.3.RELEASE.jar:/home/jak/.m2/repository/aopalliance/aopalliance/1.0/aopalliance-1.0.jar:/home/jak/.m2/repository/org/springframework/spring-beans/4.0.3.RELEASE/spring-beans-4.0.3.RELEASE.jar:/home/jak/.m2/repository/org/springframework/spring-core/4.0.3.RELEASE/spring-core-4.0.3.RELEASE.jar:/home/jak/.m2/repository/commons-logging/commons-logging/1.1.3/commons-logging-1.1.3.jar:/home/jak/.m2/repository/org/springframework/spring-expression/4.0.3.RELEASE/spring-expression-4.0.3.RELEASE.jar:/home/jak/.m2/repository/org/springframework/spring-tx/4.0.3.RELEASE/spring-tx-4.0.3.RELEASE.jar:/home/jak/.m2/repository/org/springframework/spring-orm/4.0.3.RELEASE/spring-orm-4.0.3.RELEASE.jar:/home/jak/.m2/repository/org/springframework/spring-jdbc/4.0.3.RELEASE/spring-jdbc-4.0.3.RELEASE.jar:/home/jak/.m2/repository/org/slf4j/slf4j-api/1.7.5/slf4j-api-1.7.5.jar:/home/jak/.m2/repository/ch/qos/logback/logback-classic/1.0.13/logback-classic-1.0.13.jar:/home/jak/.m2/repository/ch/qos/logback/logback-core/1.0.13/logback-core-1.0.13.jar:/home/jak/.m2/repository/org/hibernate/hibernate-entitymanager/3.6.9.Final/hibernate-entitymanager-3.6.9.Final.jar:/home/jak/.m2/repository/cglib/cglib/2.2/cglib-2.2.jar:/home/jak/.m2/repository/asm/asm/3.1/asm-3.1.jar:/home/jak/.m2/repository/javassist/javassist/3.12.0.GA/javassist-3.12.0.GA.jar:/home/jak/.m2/repository/org/hibernate/javax/persistence/hibernate-jpa-2.0-api/1.0.1.Final/hibernate-jpa-2.0-api-1.0.1.Final.jar:/home/jak/.m2/repository/org/hibernate/hibernate-core/3.6.9.Final/hibernate-core-3.6.9.Final.jar:/home/jak/.m2/repository/antlr/antlr/2.7.6/antlr-2.7.6.jar:/home/jak/.m2/repository/commons-collections/commons-collections/3.1/commons-collections-3.1.jar:/home/jak/.m2/repository/dom4j/dom4j/1.6.1/dom4j-1.6.1.jar:/home/jak/.m2/repository/org/hibernate/hibernate-commons-annotations/3.2.0.Final/hibernate-commons-annotations-3.2.0.Final.jar:/home/jak/.m2/repository/javax/transaction/jta/1.1/jta-1.1.jar:/home/jak/.m2/repository/mysql/mysql-connector-java/5.1.9/mysql-connector-java-5.1.9.jar:/home/jak/.m2/repository/commons-dbcp/commons-dbcp/1.4/commons-dbcp-1.4.jar:/home/jak/.m2/repository/commons-pool/commons-pool/1.5.4/commons-pool-1.5.4.jar:, java.vm.vendor=Oracle Corporation, user.timezone=Europe/Warsaw, java.vm.specification.version=17, os.name=Linux, sun.java.launcher=SUN_STANDARD, user.country=US, surefire.test.class.path=/home/jak/studia/Technologia/Lab4/target/test-classes:/home/jak/studia/Technologia/Lab4/target/classes:/home/jak/.m2/repository/junit/junit/4.11/junit-4.11.jar:/home/jak/.m2/repository/org/hamcrest/hamcrest-core/1.3/hamcrest-core-1.3.jar:/home/jak/.m2/repository/org/springframework/spring-context/4.0.3.RELEASE/spring-context-4.0.3.RELEASE.jar:/home/jak/.m2/repository/org/springframework/spring-aop/4.0.3.RELEASE/spring-aop-4.0.3.RELEASE.jar:/home/jak/.m2/repository/aopalliance/aopalliance/1.0/aopalliance-1.0.jar:/home/jak/.m2/repository/org/springframework/spring-beans/4.0.3.RELEASE/spring-beans-4.0.3.RELEASE.jar:/home/jak/.m2/repository/org/springframework/spring-core/4.0.3.RELEASE/spring-core-4.0.3.RELEASE.jar:/home/jak/.m2/repository/commons-logging/commons-logging/1.1.3/commons-logging-1.1.3.jar:/home/jak/.m2/repository/org/springframework/spring-expression/4.0.3.RELEASE/spring-expression-4.0.3.RELEASE.jar:/home/jak/.m2/repository/org/springframework/spring-tx/4.0.3.RELEASE/spring-tx-4.0.3.RELEASE.jar:/home/jak/.m2/repository/org/springframework/spring-orm/4.0.3.RELEASE/spring-orm-4.0.3.RELEASE.jar:/home/jak/.m2/repository/org/springframework/spring-jdbc/4.0.3.RELEASE/spring-jdbc-4.0.3.RELEASE.jar:/home/jak/.m2/repository/org/slf4j/slf4j-api/1.7.5/slf4j-api-1.7.5.jar:/home/jak/.m2/repository/ch/qos/logback/logback-classic/1.0.13/logback-classic-1.0.13.jar:/home/jak/.m2/repository/ch/qos/logback/logback-core/1.0.13/logback-core-1.0.13.jar:/home/jak/.m2/repository/org/hibernate/hibernate-entitymanager/3.6.9.Final/hibernate-entitymanager-3.6.9.Final.jar:/home/jak/.m2/repository/cglib/cglib/2.2/cglib-2.2.jar:/home/jak/.m2/repository/asm/asm/3.1/asm-3.1.jar:/home/jak/.m2/repository/javassist/javassist/3.12.0.GA/javassist-3.12.0.GA.jar:/home/jak/.m2/repository/org/hibernate/javax/persistence/hibernate-jpa-2.0-api/1.0.1.Final/hibernate-jpa-2.0-api-1.0.1.Final.jar:/home/jak/.m2/repository/org/hibernate/hibernate-core/3.6.9.Final/hibernate-core-3.6.9.Final.jar:/home/jak/.m2/repository/antlr/antlr/2.7.6/antlr-2.7.6.jar:/home/jak/.m2/repository/commons-collections/commons-collections/3.1/commons-collections-3.1.jar:/home/jak/.m2/repository/dom4j/dom4j/1.6.1/dom4j-1.6.1.jar:/home/jak/.m2/repository/org/hibernate/hibernate-commons-annotations/3.2.0.Final/hibernate-commons-annotations-3.2.0.Final.jar:/home/jak/.m2/repository/javax/transaction/jta/1.1/jta-1.1.jar:/home/jak/.m2/repository/mysql/mysql-connector-java/5.1.9/mysql-connector-java-5.1.9.jar:/home/jak/.m2/repository/commons-dbcp/commons-dbcp/1.4/commons-dbcp-1.4.jar:/home/jak/.m2/repository/commons-pool/commons-pool/1.5.4/commons-pool-1.5.4.jar:, sun.cpu.endian=little, user.home=/home/jak, user.language=en, surefire.real.class.path=/home/jak/studia/Technologia/Lab4/target/surefire/surefirebooter8542412173332080337.jar, path.separator=:, os.version=5.16.2-arch1-1, java.runtime.name=OpenJDK Runtime Environment, java.vm.name=OpenJDK 64-Bit Server VM, java.vendor.url.bug=https://bugreport.java.com/bugreport/, user.dir=/home/jak/studia/Technologia/Lab4, os.arch=amd64, java.vm.info=mixed mode, java.vm.version=17.0.1+12, hibernate.bytecode.use_reflection_optimizer=false, java.class.version=61.0}
01:28:06.653 [main] DEBUG o.h.i.f.DefaultIdentifierGeneratorFactory - Setting dialect [org.hibernate.dialect.MySQLDialect]
01:28:06.653 [main] DEBUG o.h.i.f.DefaultIdentifierGeneratorFactory - Setting dialect [org.hibernate.dialect.MySQLDialect]
01:28:06.653 [main] DEBUG o.h.i.f.DefaultIdentifierGeneratorFactory - Setting dialect [org.hibernate.dialect.MySQLDialect]
01:28:06.657 [main] ERROR o.h.proxy.pojo.BasicLazyInitializer - Javassist Enhancement failed: jw.lab4.checkers.Database.Game
java.lang.reflect.InaccessibleObjectException: Unable to make protected final java.lang.Class java.lang.ClassLoader.defineClass(java.lang.String,byte[],int,int,java.security.ProtectionDomain) throws java.lang.ClassFormatError accessible: module java.base does not "opens java.lang" to unnamed module @69a3d1d
	at java.base/java.lang.reflect.AccessibleObject.checkCanSetAccessible(AccessibleObject.java:354) ~[na:na]
	at java.base/java.lang.reflect.AccessibleObject.checkCanSetAccessible(AccessibleObject.java:297) ~[na:na]
	at java.base/java.lang.reflect.Method.checkCanSetAccessible(Method.java:199) ~[na:na]
	at java.base/java.lang.reflect.Method.setAccessible(Method.java:193) ~[na:na]
	at javassist.util.proxy.SecurityActions.setAccessible(SecurityActions.java:102) ~[javassist-3.12.0.GA.jar:na]
	at javassist.util.proxy.FactoryHelper.toClass2(FactoryHelper.java:180) ~[javassist-3.12.0.GA.jar:na]
	at javassist.util.proxy.FactoryHelper.toClass(FactoryHelper.java:163) ~[javassist-3.12.0.GA.jar:na]
	at javassist.util.proxy.ProxyFactory.createClass3(ProxyFactory.java:501) ~[javassist-3.12.0.GA.jar:na]
	at javassist.util.proxy.ProxyFactory.createClass2(ProxyFactory.java:486) ~[javassist-3.12.0.GA.jar:na]
	at javassist.util.proxy.ProxyFactory.createClass1(ProxyFactory.java:422) ~[javassist-3.12.0.GA.jar:na]
	at javassist.util.proxy.ProxyFactory.createClass(ProxyFactory.java:394) ~[javassist-3.12.0.GA.jar:na]
	at org.hibernate.proxy.pojo.javassist.JavassistLazyInitializer.getProxyFactory(JavassistLazyInitializer.java:162) ~[hibernate-core-3.6.9.Final.jar:3.6.9.Final]
	at org.hibernate.proxy.pojo.javassist.JavassistProxyFactory.postInstantiate(JavassistProxyFactory.java:65) ~[hibernate-core-3.6.9.Final.jar:3.6.9.Final]
	at org.hibernate.tuple.entity.PojoEntityTuplizer.buildProxyFactory(PojoEntityTuplizer.java:185) ~[hibernate-core-3.6.9.Final.jar:3.6.9.Final]
	at org.hibernate.tuple.entity.AbstractEntityTuplizer.<init>(AbstractEntityTuplizer.java:167) ~[hibernate-core-3.6.9.Final.jar:3.6.9.Final]
	at org.hibernate.tuple.entity.PojoEntityTuplizer.<init>(PojoEntityTuplizer.java:77) ~[hibernate-core-3.6.9.Final.jar:3.6.9.Final]
	at java.base/jdk.internal.reflect.NativeConstructorAccessorImpl.newInstance0(Native Method) ~[na:na]
	at java.base/jdk.internal.reflect.NativeConstructorAccessorImpl.newInstance(NativeConstructorAccessorImpl.java:77) ~[na:na]
	at java.base/jdk.internal.reflect.DelegatingConstructorAccessorImpl.newInstance(DelegatingConstructorAccessorImpl.java:45) ~[na:na]
	at java.base/java.lang.reflect.Constructor.newInstanceWithCaller(Constructor.java:499) ~[na:na]
	at java.base/java.lang.reflect.Constructor.newInstance(Constructor.java:480) ~[na:na]
	at org.hibernate.tuple.entity.EntityTuplizerFactory.constructTuplizer(EntityTuplizerFactory.java:105) ~[hibernate-core-3.6.9.Final.jar:3.6.9.Final]
	at org.hibernate.tuple.entity.EntityTuplizerFactory.constructDefaultTuplizer(EntityTuplizerFactory.java:133) ~[hibernate-core-3.6.9.Final.jar:3.6.9.Final]
	at org.hibernate.tuple.entity.EntityEntityModeToTuplizerMapping.<init>(EntityEntityModeToTuplizerMapping.java:80) ~[hibernate-core-3.6.9.Final.jar:3.6.9.Final]
	at org.hibernate.tuple.entity.EntityMetamodel.<init>(EntityMetamodel.java:322) ~[hibernate-core-3.6.9.Final.jar:3.6.9.Final]
	at org.hibernate.persister.entity.AbstractEntityPersister.<init>(AbstractEntityPersister.java:485) ~[hibernate-core-3.6.9.Final.jar:3.6.9.Final]
	at org.hibernate.persister.entity.SingleTableEntityPersister.<init>(SingleTableEntityPersister.java:133) ~[hibernate-core-3.6.9.Final.jar:3.6.9.Final]
	at org.hibernate.persister.PersisterFactory.createClassPersister(PersisterFactory.java:84) ~[hibernate-core-3.6.9.Final.jar:3.6.9.Final]
	at org.hibernate.impl.SessionFactoryImpl.<init>(SessionFactoryImpl.java:286) ~[hibernate-core-3.6.9.Final.jar:3.6.9.Final]
	at org.hibernate.cfg.Configuration.buildSessionFactory(Configuration.java:1872) ~[hibernate-core-3.6.9.Final.jar:3.6.9.Final]
	at org.springframework.orm.hibernate3.LocalSessionFactoryBean.newSessionFactory(LocalSessionFactoryBean.java:793) ~[spring-orm-4.0.3.RELEASE.jar:4.0.3.RELEASE]
	at org.springframework.orm.hibernate3.LocalSessionFactoryBean.buildSessionFactory(LocalSessionFactoryBean.java:715) ~[spring-orm-4.0.3.RELEASE.jar:4.0.3.RELEASE]
	at org.springframework.orm.hibernate3.AbstractSessionFactoryBean.afterPropertiesSet(AbstractSessionFactoryBean.java:189) ~[spring-orm-4.0.3.RELEASE.jar:4.0.3.RELEASE]
	at org.springframework.beans.factory.support.AbstractAutowireCapableBeanFactory.invokeInitMethods(AbstractAutowireCapableBeanFactory.java:1612) ~[spring-beans-4.0.3.RELEASE.jar:4.0.3.RELEASE]
	at org.springframework.beans.factory.support.AbstractAutowireCapableBeanFactory.initializeBean(AbstractAutowireCapableBeanFactory.java:1549) ~[spring-beans-4.0.3.RELEASE.jar:4.0.3.RELEASE]
	at org.springframework.beans.factory.support.AbstractAutowireCapableBeanFactory.doCreateBean(AbstractAutowireCapableBeanFactory.java:539) ~[spring-beans-4.0.3.RELEASE.jar:4.0.3.RELEASE]
	at org.springframework.beans.factory.support.AbstractAutowireCapableBeanFactory.createBean(AbstractAutowireCapableBeanFactory.java:475) ~[spring-beans-4.0.3.RELEASE.jar:4.0.3.RELEASE]
	at org.springframework.beans.factory.support.AbstractBeanFactory$1.getObject(AbstractBeanFactory.java:304) ~[spring-beans-4.0.3.RELEASE.jar:4.0.3.RELEASE]
	at org.springframework.beans.factory.support.DefaultSingletonBeanRegistry.getSingleton(DefaultSingletonBeanRegistry.java:228) ~[spring-beans-4.0.3.RELEASE.jar:4.0.3.RELEASE]
	at org.springframework.beans.factory.support.AbstractBeanFactory.doGetBean(AbstractBeanFactory.java:300) ~[spring-beans-4.0.3.RELEASE.jar:4.0.3.RELEASE]
	at org.springframework.beans.factory.support.AbstractBeanFactory.getBean(AbstractBeanFactory.java:195) ~[spring-beans-4.0.3.RELEASE.jar:4.0.3.RELEASE]
	at org.springframework.beans.factory.support.DefaultListableBeanFactory.preInstantiateSingletons(DefaultListableBeanFactory.java:684) ~[spring-beans-4.0.3.RELEASE.jar:4.0.3.RELEASE]
	at org.springframework.context.support.AbstractApplicationContext.finishBeanFactoryInitialization(AbstractApplicationContext.java:760) ~[spring-context-4.0.3.RELEASE.jar:4.0.3.RELEASE]
	at org.springframework.context.support.AbstractApplicationContext.refresh(AbstractApplicationContext.java:482) ~[spring-context-4.0.3.RELEASE.jar:4.0.3.RELEASE]
	at org.springframework.context.support.ClassPathXmlApplicationContext.<init>(ClassPathXmlApplicationContext.java:139) ~[spring-context-4.0.3.RELEASE.jar:4.0.3.RELEASE]
	at org.springframework.context.support.ClassPathXmlApplicationContext.<init>(ClassPathXmlApplicationContext.java:83) ~[spring-context-4.0.3.RELEASE.jar:4.0.3.RELEASE]
	at jw.lab4.checkers.UserSave.<init>(UserSave.java:13) ~[classes/:na]
	at jw.lab4.checkers.Game.start(Game.java:72) ~[classes/:na]
	at jw.lab4.checkers.Game.<init>(Game.java:36) ~[classes/:na]
	at jw.lab4.checkers.AppTest.badData(AppTest.java:19) ~[test-classes/:na]
	at java.base/jdk.internal.reflect.NativeMethodAccessorImpl.invoke0(Native Method) ~[na:na]
	at java.base/jdk.internal.reflect.NativeMethodAccessorImpl.invoke(NativeMethodAccessorImpl.java:77) ~[na:na]
	at java.base/jdk.internal.reflect.DelegatingMethodAccessorImpl.invoke(DelegatingMethodAccessorImpl.java:43) ~[na:na]
	at java.base/java.lang.reflect.Method.invoke(Method.java:568) ~[na:na]
	at org.junit.runners.model.FrameworkMethod$1.runReflectiveCall(FrameworkMethod.java:47) ~[junit-4.11.jar:na]
	at org.junit.internal.runners.model.ReflectiveCallable.run(ReflectiveCallable.java:12) ~[junit-4.11.jar:na]
	at org.junit.runners.model.FrameworkMethod.invokeExplosively(FrameworkMethod.java:44) ~[junit-4.11.jar:na]
	at org.junit.internal.runners.statements.InvokeMethod.evaluate(InvokeMethod.java:17) ~[junit-4.11.jar:na]
	at org.junit.runners.ParentRunner.runLeaf(ParentRunner.java:271) ~[junit-4.11.jar:na]
	at org.junit.runners.BlockJUnit4ClassRunner.runChild(BlockJUnit4ClassRunner.java:70) ~[junit-4.11.jar:na]
	at org.junit.runners.BlockJUnit4ClassRunner.runChild(BlockJUnit4ClassRunner.java:50) ~[junit-4.11.jar:na]
	at org.junit.runners.ParentRunner$3.run(ParentRunner.java:238) ~[junit-4.11.jar:na]
	at org.junit.runners.ParentRunner$1.schedule(ParentRunner.java:63) ~[junit-4.11.jar:na]
	at org.junit.runners.ParentRunner.runChildren(ParentRunner.java:236) ~[junit-4.11.jar:na]
	at org.junit.runners.ParentRunner.access$000(ParentRunner.java:53) ~[junit-4.11.jar:na]
	at org.junit.runners.ParentRunner$2.evaluate(ParentRunner.java:229) ~[junit-4.11.jar:na]
	at org.junit.runners.ParentRunner.run(ParentRunner.java:309) ~[junit-4.11.jar:na]
	at org.apache.maven.surefire.junit4.JUnit4Provider.execute(JUnit4Provider.java:365) ~[surefire-junit4-2.22.1.jar:2.22.1]
	at org.apache.maven.surefire.junit4.JUnit4Provider.executeWithRerun(JUnit4Provider.java:273) ~[surefire-junit4-2.22.1.jar:2.22.1]
	at org.apache.maven.surefire.junit4.JUnit4Provider.executeTestSet(JUnit4Provider.java:238) ~[surefire-junit4-2.22.1.jar:2.22.1]
	at org.apache.maven.surefire.junit4.JUnit4Provider.invoke(JUnit4Provider.java:159) ~[surefire-junit4-2.22.1.jar:2.22.1]
	at org.apache.maven.surefire.booter.ForkedBooter.invokeProviderInSameClassLoader(ForkedBooter.java:384) ~[surefire-booter-2.22.1.jar:2.22.1]
	at org.apache.maven.surefire.booter.ForkedBooter.runSuitesInProcess(ForkedBooter.java:345) ~[surefire-booter-2.22.1.jar:2.22.1]
	at org.apache.maven.surefire.booter.ForkedBooter.execute(ForkedBooter.java:126) ~[surefire-booter-2.22.1.jar:2.22.1]
	at org.apache.maven.surefire.booter.ForkedBooter.main(ForkedBooter.java:418) ~[surefire-booter-2.22.1.jar:2.22.1]
01:28:06.658 [main] WARN  o.h.tuple.entity.PojoEntityTuplizer - could not create proxy factory for:jw.lab4.checkers.Database.Game
org.hibernate.HibernateException: Javassist Enhancement failed: jw.lab4.checkers.Database.Game
	at org.hibernate.proxy.pojo.javassist.JavassistLazyInitializer.getProxyFactory(JavassistLazyInitializer.java:169) ~[hibernate-core-3.6.9.Final.jar:3.6.9.Final]
	at org.hibernate.proxy.pojo.javassist.JavassistProxyFactory.postInstantiate(JavassistProxyFactory.java:65) ~[hibernate-core-3.6.9.Final.jar:3.6.9.Final]
	at org.hibernate.tuple.entity.PojoEntityTuplizer.buildProxyFactory(PojoEntityTuplizer.java:185) ~[hibernate-core-3.6.9.Final.jar:3.6.9.Final]
	at org.hibernate.tuple.entity.AbstractEntityTuplizer.<init>(AbstractEntityTuplizer.java:167) ~[hibernate-core-3.6.9.Final.jar:3.6.9.Final]
	at org.hibernate.tuple.entity.PojoEntityTuplizer.<init>(PojoEntityTuplizer.java:77) ~[hibernate-core-3.6.9.Final.jar:3.6.9.Final]
	at java.base/jdk.internal.reflect.NativeConstructorAccessorImpl.newInstance0(Native Method) ~[na:na]
	at java.base/jdk.internal.reflect.NativeConstructorAccessorImpl.newInstance(NativeConstructorAccessorImpl.java:77) ~[na:na]
	at java.base/jdk.internal.reflect.DelegatingConstructorAccessorImpl.newInstance(DelegatingConstructorAccessorImpl.java:45) ~[na:na]
	at java.base/java.lang.reflect.Constructor.newInstanceWithCaller(Constructor.java:499) ~[na:na]
	at java.base/java.lang.reflect.Constructor.newInstance(Constructor.java:480) ~[na:na]
	at org.hibernate.tuple.entity.EntityTuplizerFactory.constructTuplizer(EntityTuplizerFactory.java:105) ~[hibernate-core-3.6.9.Final.jar:3.6.9.Final]
	at org.hibernate.tuple.entity.EntityTuplizerFactory.constructDefaultTuplizer(EntityTuplizerFactory.java:133) ~[hibernate-core-3.6.9.Final.jar:3.6.9.Final]
	at org.hibernate.tuple.entity.EntityEntityModeToTuplizerMapping.<init>(EntityEntityModeToTuplizerMapping.java:80) ~[hibernate-core-3.6.9.Final.jar:3.6.9.Final]
	at org.hibernate.tuple.entity.EntityMetamodel.<init>(EntityMetamodel.java:322) ~[hibernate-core-3.6.9.Final.jar:3.6.9.Final]
	at org.hibernate.persister.entity.AbstractEntityPersister.<init>(AbstractEntityPersister.java:485) ~[hibernate-core-3.6.9.Final.jar:3.6.9.Final]
	at org.hibernate.persister.entity.SingleTableEntityPersister.<init>(SingleTableEntityPersister.java:133) ~[hibernate-core-3.6.9.Final.jar:3.6.9.Final]
	at org.hibernate.persister.PersisterFactory.createClassPersister(PersisterFactory.java:84) ~[hibernate-core-3.6.9.Final.jar:3.6.9.Final]
	at org.hibernate.impl.SessionFactoryImpl.<init>(SessionFactoryImpl.java:286) ~[hibernate-core-3.6.9.Final.jar:3.6.9.Final]
	at org.hibernate.cfg.Configuration.buildSessionFactory(Configuration.java:1872) ~[hibernate-core-3.6.9.Final.jar:3.6.9.Final]
	at org.springframework.orm.hibernate3.LocalSessionFactoryBean.newSessionFactory(LocalSessionFactoryBean.java:793) ~[spring-orm-4.0.3.RELEASE.jar:4.0.3.RELEASE]
	at org.springframework.orm.hibernate3.LocalSessionFactoryBean.buildSessionFactory(LocalSessionFactoryBean.java:715) ~[spring-orm-4.0.3.RELEASE.jar:4.0.3.RELEASE]
	at org.springframework.orm.hibernate3.AbstractSessionFactoryBean.afterPropertiesSet(AbstractSessionFactoryBean.java:189) ~[spring-orm-4.0.3.RELEASE.jar:4.0.3.RELEASE]
	at org.springframework.beans.factory.support.AbstractAutowireCapableBeanFactory.invokeInitMethods(AbstractAutowireCapableBeanFactory.java:1612) ~[spring-beans-4.0.3.RELEASE.jar:4.0.3.RELEASE]
	at org.springframework.beans.factory.support.AbstractAutowireCapableBeanFactory.initializeBean(AbstractAutowireCapableBeanFactory.java:1549) ~[spring-beans-4.0.3.RELEASE.jar:4.0.3.RELEASE]
	at org.springframework.beans.factory.support.AbstractAutowireCapableBeanFactory.doCreateBean(AbstractAutowireCapableBeanFactory.java:539) ~[spring-beans-4.0.3.RELEASE.jar:4.0.3.RELEASE]
	at org.springframework.beans.factory.support.AbstractAutowireCapableBeanFactory.createBean(AbstractAutowireCapableBeanFactory.java:475) ~[spring-beans-4.0.3.RELEASE.jar:4.0.3.RELEASE]
	at org.springframework.beans.factory.support.AbstractBeanFactory$1.getObject(AbstractBeanFactory.java:304) ~[spring-beans-4.0.3.RELEASE.jar:4.0.3.RELEASE]
	at org.springframework.beans.factory.support.DefaultSingletonBeanRegistry.getSingleton(DefaultSingletonBeanRegistry.java:228) ~[spring-beans-4.0.3.RELEASE.jar:4.0.3.RELEASE]
	at org.springframework.beans.factory.support.AbstractBeanFactory.doGetBean(AbstractBeanFactory.java:300) ~[spring-beans-4.0.3.RELEASE.jar:4.0.3.RELEASE]
	at org.springframework.beans.factory.support.AbstractBeanFactory.getBean(AbstractBeanFactory.java:195) ~[spring-beans-4.0.3.RELEASE.jar:4.0.3.RELEASE]
	at org.springframework.beans.factory.support.DefaultListableBeanFactory.preInstantiateSingletons(DefaultListableBeanFactory.java:684) ~[spring-beans-4.0.3.RELEASE.jar:4.0.3.RELEASE]
	at org.springframework.context.support.AbstractApplicationContext.finishBeanFactoryInitialization(AbstractApplicationContext.java:760) ~[spring-context-4.0.3.RELEASE.jar:4.0.3.RELEASE]
	at org.springframework.context.support.AbstractApplicationContext.refresh(AbstractApplicationContext.java:482) ~[spring-context-4.0.3.RELEASE.jar:4.0.3.RELEASE]
	at org.springframework.context.support.ClassPathXmlApplicationContext.<init>(ClassPathXmlApplicationContext.java:139) ~[spring-context-4.0.3.RELEASE.jar:4.0.3.RELEASE]
	at org.springframework.context.support.ClassPathXmlApplicationContext.<init>(ClassPathXmlApplicationContext.java:83) ~[spring-context-4.0.3.RELEASE.jar:4.0.3.RELEASE]
	at jw.lab4.checkers.UserSave.<init>(UserSave.java:13) ~[classes/:na]
	at jw.lab4.checkers.Game.start(Game.java:72) ~[classes/:na]
	at jw.lab4.checkers.Game.<init>(Game.java:36) ~[classes/:na]
	at jw.lab4.checkers.AppTest.badData(AppTest.java:19) ~[test-classes/:na]
	at java.base/jdk.internal.reflect.NativeMethodAccessorImpl.invoke0(Native Method) ~[na:na]
	at java.base/jdk.internal.reflect.NativeMethodAccessorImpl.invoke(NativeMethodAccessorImpl.java:77) ~[na:na]
	at java.base/jdk.internal.reflect.DelegatingMethodAccessorImpl.invoke(DelegatingMethodAccessorImpl.java:43) ~[na:na]
	at java.base/java.lang.reflect.Method.invoke(Method.java:568) ~[na:na]
	at org.junit.runners.model.FrameworkMethod$1.runReflectiveCall(FrameworkMethod.java:47) ~[junit-4.11.jar:na]
	at org.junit.internal.runners.model.ReflectiveCallable.run(ReflectiveCallable.java:12) ~[junit-4.11.jar:na]
	at org.junit.runners.model.FrameworkMethod.invokeExplosively(FrameworkMethod.java:44) ~[junit-4.11.jar:na]
	at org.junit.internal.runners.statements.InvokeMethod.evaluate(InvokeMethod.java:17) ~[junit-4.11.jar:na]
	at org.junit.runners.ParentRunner.runLeaf(ParentRunner.java:271) ~[junit-4.11.jar:na]
	at org.junit.runners.BlockJUnit4ClassRunner.runChild(BlockJUnit4ClassRunner.java:70) ~[junit-4.11.jar:na]
	at org.junit.runners.BlockJUnit4ClassRunner.runChild(BlockJUnit4ClassRunner.java:50) ~[junit-4.11.jar:na]
	at org.junit.runners.ParentRunner$3.run(ParentRunner.java:238) ~[junit-4.11.jar:na]
	at org.junit.runners.ParentRunner$1.schedule(ParentRunner.java:63) ~[junit-4.11.jar:na]
	at org.junit.runners.ParentRunner.runChildren(ParentRunner.java:236) ~[junit-4.11.jar:na]
	at org.junit.runners.ParentRunner.access$000(ParentRunner.java:53) ~[junit-4.11.jar:na]
	at org.junit.runners.ParentRunner$2.evaluate(ParentRunner.java:229) ~[junit-4.11.jar:na]
	at org.junit.runners.ParentRunner.run(ParentRunner.java:309) ~[junit-4.11.jar:na]
	at org.apache.maven.surefire.junit4.JUnit4Provider.execute(JUnit4Provider.java:365) ~[surefire-junit4-2.22.1.jar:2.22.1]
	at org.apache.maven.surefire.junit4.JUnit4Provider.executeWithRerun(JUnit4Provider.java:273) ~[surefire-junit4-2.22.1.jar:2.22.1]
	at org.apache.maven.surefire.junit4.JUnit4Provider.executeTestSet(JUnit4Provider.java:238) ~[surefire-junit4-2.22.1.jar:2.22.1]
	at org.apache.maven.surefire.junit4.JUnit4Provider.invoke(JUnit4Provider.java:159) ~[surefire-junit4-2.22.1.jar:2.22.1]
	at org.apache.maven.surefire.booter.ForkedBooter.invokeProviderInSameClassLoader(ForkedBooter.java:384) ~[surefire-booter-2.22.1.jar:2.22.1]
	at org.apache.maven.surefire.booter.ForkedBooter.runSuitesInProcess(ForkedBooter.java:345) ~[surefire-booter-2.22.1.jar:2.22.1]
	at org.apache.maven.surefire.booter.ForkedBooter.execute(ForkedBooter.java:126) ~[surefire-booter-2.22.1.jar:2.22.1]
	at org.apache.maven.surefire.booter.ForkedBooter.main(ForkedBooter.java:418) ~[surefire-booter-2.22.1.jar:2.22.1]
Caused by: java.lang.reflect.InaccessibleObjectException: Unable to make protected final java.lang.Class java.lang.ClassLoader.defineClass(java.lang.String,byte[],int,int,java.security.ProtectionDomain) throws java.lang.ClassFormatError accessible: module java.base does not "opens java.lang" to unnamed module @69a3d1d
	at java.base/java.lang.reflect.AccessibleObject.checkCanSetAccessible(AccessibleObject.java:354) ~[na:na]
	at java.base/java.lang.reflect.AccessibleObject.checkCanSetAccessible(AccessibleObject.java:297) ~[na:na]
	at java.base/java.lang.reflect.Method.checkCanSetAccessible(Method.java:199) ~[na:na]
	at java.base/java.lang.reflect.Method.setAccessible(Method.java:193) ~[na:na]
	at javassist.util.proxy.SecurityActions.setAccessible(SecurityActions.java:102) ~[javassist-3.12.0.GA.jar:na]
	at javassist.util.proxy.FactoryHelper.toClass2(FactoryHelper.java:180) ~[javassist-3.12.0.GA.jar:na]
	at javassist.util.proxy.FactoryHelper.toClass(FactoryHelper.java:163) ~[javassist-3.12.0.GA.jar:na]
	at javassist.util.proxy.ProxyFactory.createClass3(ProxyFactory.java:501) ~[javassist-3.12.0.GA.jar:na]
	at javassist.util.proxy.ProxyFactory.createClass2(ProxyFactory.java:486) ~[javassist-3.12.0.GA.jar:na]
	at javassist.util.proxy.ProxyFactory.createClass1(ProxyFactory.java:422) ~[javassist-3.12.0.GA.jar:na]
	at javassist.util.proxy.ProxyFactory.createClass(ProxyFactory.java:394) ~[javassist-3.12.0.GA.jar:na]
	at org.hibernate.proxy.pojo.javassist.JavassistLazyInitializer.getProxyFactory(JavassistLazyInitializer.java:162) ~[hibernate-core-3.6.9.Final.jar:3.6.9.Final]
	... 63 common frames omitted
01:28:06.660 [main] DEBUG o.h.p.entity.AbstractEntityPersister - Static SQL for entity: jw.lab4.checkers.Database.Game
01:28:06.660 [main] DEBUG o.h.p.entity.AbstractEntityPersister -  Version select: select id from Games where id =?
01:28:06.660 [main] DEBUG o.h.p.entity.AbstractEntityPersister -  Snapshot select: select game_.id, game_.players_number as players2_6_ from Games game_ where game_.id=?
01:28:06.660 [main] DEBUG o.h.p.entity.AbstractEntityPersister -  Insert 0: insert into Games (players_number, id) values (?, ?)
01:28:06.661 [main] DEBUG o.h.p.entity.AbstractEntityPersister -  Update 0: update Games set players_number=? where id=?
01:28:06.661 [main] DEBUG o.h.p.entity.AbstractEntityPersister -  Delete 0: delete from Games where id=?
01:28:06.661 [main] DEBUG o.h.p.entity.AbstractEntityPersister -  Identity insert: insert into Games (players_number) values (?)
01:28:06.662 [main] INFO  org.hibernate.tuple.PojoInstantiator - no default (no-argument) constructor for class: jw.lab4.checkers.Database.Player (class must be instantiated by Interceptor)
01:28:06.664 [main] ERROR o.h.proxy.pojo.BasicLazyInitializer - Javassist Enhancement failed: jw.lab4.checkers.Database.Player
java.lang.reflect.InaccessibleObjectException: Unable to make protected final java.lang.Class java.lang.ClassLoader.defineClass(java.lang.String,byte[],int,int,java.security.ProtectionDomain) throws java.lang.ClassFormatError accessible: module java.base does not "opens java.lang" to unnamed module @69a3d1d
	at java.base/java.lang.reflect.AccessibleObject.checkCanSetAccessible(AccessibleObject.java:354) ~[na:na]
	at java.base/java.lang.reflect.AccessibleObject.checkCanSetAccessible(AccessibleObject.java:297) ~[na:na]
	at java.base/java.lang.reflect.Method.checkCanSetAccessible(Method.java:199) ~[na:na]
	at java.base/java.lang.reflect.Method.setAccessible(Method.java:193) ~[na:na]
	at javassist.util.proxy.SecurityActions.setAccessible(SecurityActions.java:102) ~[javassist-3.12.0.GA.jar:na]
	at javassist.util.proxy.FactoryHelper.toClass2(FactoryHelper.java:180) ~[javassist-3.12.0.GA.jar:na]
	at javassist.util.proxy.FactoryHelper.toClass(FactoryHelper.java:163) ~[javassist-3.12.0.GA.jar:na]
	at javassist.util.proxy.ProxyFactory.createClass3(ProxyFactory.java:501) ~[javassist-3.12.0.GA.jar:na]
	at javassist.util.proxy.ProxyFactory.createClass2(ProxyFactory.java:486) ~[javassist-3.12.0.GA.jar:na]
	at javassist.util.proxy.ProxyFactory.createClass1(ProxyFactory.java:422) ~[javassist-3.12.0.GA.jar:na]
	at javassist.util.proxy.ProxyFactory.createClass(ProxyFactory.java:394) ~[javassist-3.12.0.GA.jar:na]
	at org.hibernate.proxy.pojo.javassist.JavassistLazyInitializer.getProxyFactory(JavassistLazyInitializer.java:162) ~[hibernate-core-3.6.9.Final.jar:3.6.9.Final]
	at org.hibernate.proxy.pojo.javassist.JavassistProxyFactory.postInstantiate(JavassistProxyFactory.java:65) ~[hibernate-core-3.6.9.Final.jar:3.6.9.Final]
	at org.hibernate.tuple.entity.PojoEntityTuplizer.buildProxyFactory(PojoEntityTuplizer.java:185) ~[hibernate-core-3.6.9.Final.jar:3.6.9.Final]
	at org.hibernate.tuple.entity.AbstractEntityTuplizer.<init>(AbstractEntityTuplizer.java:167) ~[hibernate-core-3.6.9.Final.jar:3.6.9.Final]
	at org.hibernate.tuple.entity.PojoEntityTuplizer.<init>(PojoEntityTuplizer.java:77) ~[hibernate-core-3.6.9.Final.jar:3.6.9.Final]
	at java.base/jdk.internal.reflect.NativeConstructorAccessorImpl.newInstance0(Native Method) ~[na:na]
	at java.base/jdk.internal.reflect.NativeConstructorAccessorImpl.newInstance(NativeConstructorAccessorImpl.java:77) ~[na:na]
	at java.base/jdk.internal.reflect.DelegatingConstructorAccessorImpl.newInstance(DelegatingConstructorAccessorImpl.java:45) ~[na:na]
	at java.base/java.lang.reflect.Constructor.newInstanceWithCaller(Constructor.java:499) ~[na:na]
	at java.base/java.lang.reflect.Constructor.newInstance(Constructor.java:480) ~[na:na]
	at org.hibernate.tuple.entity.EntityTuplizerFactory.constructTuplizer(EntityTuplizerFactory.java:105) ~[hibernate-core-3.6.9.Final.jar:3.6.9.Final]
	at org.hibernate.tuple.entity.EntityTuplizerFactory.constructDefaultTuplizer(EntityTuplizerFactory.java:133) ~[hibernate-core-3.6.9.Final.jar:3.6.9.Final]
	at org.hibernate.tuple.entity.EntityEntityModeToTuplizerMapping.<init>(EntityEntityModeToTuplizerMapping.java:80) ~[hibernate-core-3.6.9.Final.jar:3.6.9.Final]
	at org.hibernate.tuple.entity.EntityMetamodel.<init>(EntityMetamodel.java:322) ~[hibernate-core-3.6.9.Final.jar:3.6.9.Final]
	at org.hibernate.persister.entity.AbstractEntityPersister.<init>(AbstractEntityPersister.java:485) ~[hibernate-core-3.6.9.Final.jar:3.6.9.Final]
	at org.hibernate.persister.entity.SingleTableEntityPersister.<init>(SingleTableEntityPersister.java:133) ~[hibernate-core-3.6.9.Final.jar:3.6.9.Final]
	at org.hibernate.persister.PersisterFactory.createClassPersister(PersisterFactory.java:84) ~[hibernate-core-3.6.9.Final.jar:3.6.9.Final]
	at org.hibernate.impl.SessionFactoryImpl.<init>(SessionFactoryImpl.java:286) ~[hibernate-core-3.6.9.Final.jar:3.6.9.Final]
	at org.hibernate.cfg.Configuration.buildSessionFactory(Configuration.java:1872) ~[hibernate-core-3.6.9.Final.jar:3.6.9.Final]
	at org.springframework.orm.hibernate3.LocalSessionFactoryBean.newSessionFactory(LocalSessionFactoryBean.java:793) ~[spring-orm-4.0.3.RELEASE.jar:4.0.3.RELEASE]
	at org.springframework.orm.hibernate3.LocalSessionFactoryBean.buildSessionFactory(LocalSessionFactoryBean.java:715) ~[spring-orm-4.0.3.RELEASE.jar:4.0.3.RELEASE]
	at org.springframework.orm.hibernate3.AbstractSessionFactoryBean.afterPropertiesSet(AbstractSessionFactoryBean.java:189) ~[spring-orm-4.0.3.RELEASE.jar:4.0.3.RELEASE]
	at org.springframework.beans.factory.support.AbstractAutowireCapableBeanFactory.invokeInitMethods(AbstractAutowireCapableBeanFactory.java:1612) ~[spring-beans-4.0.3.RELEASE.jar:4.0.3.RELEASE]
	at org.springframework.beans.factory.support.AbstractAutowireCapableBeanFactory.initializeBean(AbstractAutowireCapableBeanFactory.java:1549) ~[spring-beans-4.0.3.RELEASE.jar:4.0.3.RELEASE]
	at org.springframework.beans.factory.support.AbstractAutowireCapableBeanFactory.doCreateBean(AbstractAutowireCapableBeanFactory.java:539) ~[spring-beans-4.0.3.RELEASE.jar:4.0.3.RELEASE]
	at org.springframework.beans.factory.support.AbstractAutowireCapableBeanFactory.createBean(AbstractAutowireCapableBeanFactory.java:475) ~[spring-beans-4.0.3.RELEASE.jar:4.0.3.RELEASE]
	at org.springframework.beans.factory.support.AbstractBeanFactory$1.getObject(AbstractBeanFactory.java:304) ~[spring-beans-4.0.3.RELEASE.jar:4.0.3.RELEASE]
	at org.springframework.beans.factory.support.DefaultSingletonBeanRegistry.getSingleton(DefaultSingletonBeanRegistry.java:228) ~[spring-beans-4.0.3.RELEASE.jar:4.0.3.RELEASE]
	at org.springframework.beans.factory.support.AbstractBeanFactory.doGetBean(AbstractBeanFactory.java:300) ~[spring-beans-4.0.3.RELEASE.jar:4.0.3.RELEASE]
	at org.springframework.beans.factory.support.AbstractBeanFactory.getBean(AbstractBeanFactory.java:195) ~[spring-beans-4.0.3.RELEASE.jar:4.0.3.RELEASE]
	at org.springframework.beans.factory.support.DefaultListableBeanFactory.preInstantiateSingletons(DefaultListableBeanFactory.java:684) ~[spring-beans-4.0.3.RELEASE.jar:4.0.3.RELEASE]
	at org.springframework.context.support.AbstractApplicationContext.finishBeanFactoryInitialization(AbstractApplicationContext.java:760) ~[spring-context-4.0.3.RELEASE.jar:4.0.3.RELEASE]
	at org.springframework.context.support.AbstractApplicationContext.refresh(AbstractApplicationContext.java:482) ~[spring-context-4.0.3.RELEASE.jar:4.0.3.RELEASE]
	at org.springframework.context.support.ClassPathXmlApplicationContext.<init>(ClassPathXmlApplicationContext.java:139) ~[spring-context-4.0.3.RELEASE.jar:4.0.3.RELEASE]
	at org.springframework.context.support.ClassPathXmlApplicationContext.<init>(ClassPathXmlApplicationContext.java:83) ~[spring-context-4.0.3.RELEASE.jar:4.0.3.RELEASE]
	at jw.lab4.checkers.UserSave.<init>(UserSave.java:13) ~[classes/:na]
	at jw.lab4.checkers.Game.start(Game.java:72) ~[classes/:na]
	at jw.lab4.checkers.Game.<init>(Game.java:36) ~[classes/:na]
	at jw.lab4.checkers.AppTest.badData(AppTest.java:19) ~[test-classes/:na]
	at java.base/jdk.internal.reflect.NativeMethodAccessorImpl.invoke0(Native Method) ~[na:na]
	at java.base/jdk.internal.reflect.NativeMethodAccessorImpl.invoke(NativeMethodAccessorImpl.java:77) ~[na:na]
	at java.base/jdk.internal.reflect.DelegatingMethodAccessorImpl.invoke(DelegatingMethodAccessorImpl.java:43) ~[na:na]
	at java.base/java.lang.reflect.Method.invoke(Method.java:568) ~[na:na]
	at org.junit.runners.model.FrameworkMethod$1.runReflectiveCall(FrameworkMethod.java:47) ~[junit-4.11.jar:na]
	at org.junit.internal.runners.model.ReflectiveCallable.run(ReflectiveCallable.java:12) ~[junit-4.11.jar:na]
	at org.junit.runners.model.FrameworkMethod.invokeExplosively(FrameworkMethod.java:44) ~[junit-4.11.jar:na]
	at org.junit.internal.runners.statements.InvokeMethod.evaluate(InvokeMethod.java:17) ~[junit-4.11.jar:na]
	at org.junit.runners.ParentRunner.runLeaf(ParentRunner.java:271) ~[junit-4.11.jar:na]
	at org.junit.runners.BlockJUnit4ClassRunner.runChild(BlockJUnit4ClassRunner.java:70) ~[junit-4.11.jar:na]
	at org.junit.runners.BlockJUnit4ClassRunner.runChild(BlockJUnit4ClassRunner.java:50) ~[junit-4.11.jar:na]
	at org.junit.runners.ParentRunner$3.run(ParentRunner.java:238) ~[junit-4.11.jar:na]
	at org.junit.runners.ParentRunner$1.schedule(ParentRunner.java:63) ~[junit-4.11.jar:na]
	at org.junit.runners.ParentRunner.runChildren(ParentRunner.java:236) ~[junit-4.11.jar:na]
	at org.junit.runners.ParentRunner.access$000(ParentRunner.java:53) ~[junit-4.11.jar:na]
	at org.junit.runners.ParentRunner$2.evaluate(ParentRunner.java:229) ~[junit-4.11.jar:na]
	at org.junit.runners.ParentRunner.run(ParentRunner.java:309) ~[junit-4.11.jar:na]
	at org.apache.maven.surefire.junit4.JUnit4Provider.execute(JUnit4Provider.java:365) ~[surefire-junit4-2.22.1.jar:2.22.1]
	at org.apache.maven.surefire.junit4.JUnit4Provider.executeWithRerun(JUnit4Provider.java:273) ~[surefire-junit4-2.22.1.jar:2.22.1]
	at org.apache.maven.surefire.junit4.JUnit4Provider.executeTestSet(JUnit4Provider.java:238) ~[surefire-junit4-2.22.1.jar:2.22.1]
	at org.apache.maven.surefire.junit4.JUnit4Provider.invoke(JUnit4Provider.java:159) ~[surefire-junit4-2.22.1.jar:2.22.1]
	at org.apache.maven.surefire.booter.ForkedBooter.invokeProviderInSameClassLoader(ForkedBooter.java:384) ~[surefire-booter-2.22.1.jar:2.22.1]
	at org.apache.maven.surefire.booter.ForkedBooter.runSuitesInProcess(ForkedBooter.java:345) ~[surefire-booter-2.22.1.jar:2.22.1]
	at org.apache.maven.surefire.booter.ForkedBooter.execute(ForkedBooter.java:126) ~[surefire-booter-2.22.1.jar:2.22.1]
	at org.apache.maven.surefire.booter.ForkedBooter.main(ForkedBooter.java:418) ~[surefire-booter-2.22.1.jar:2.22.1]
01:28:06.665 [main] WARN  o.h.tuple.entity.PojoEntityTuplizer - could not create proxy factory for:jw.lab4.checkers.Database.Player
org.hibernate.HibernateException: Javassist Enhancement failed: jw.lab4.checkers.Database.Player
	at org.hibernate.proxy.pojo.javassist.JavassistLazyInitializer.getProxyFactory(JavassistLazyInitializer.java:169) ~[hibernate-core-3.6.9.Final.jar:3.6.9.Final]
	at org.hibernate.proxy.pojo.javassist.JavassistProxyFactory.postInstantiate(JavassistProxyFactory.java:65) ~[hibernate-core-3.6.9.Final.jar:3.6.9.Final]
	at org.hibernate.tuple.entity.PojoEntityTuplizer.buildProxyFactory(PojoEntityTuplizer.java:185) ~[hibernate-core-3.6.9.Final.jar:3.6.9.Final]
	at org.hibernate.tuple.entity.AbstractEntityTuplizer.<init>(AbstractEntityTuplizer.java:167) ~[hibernate-core-3.6.9.Final.jar:3.6.9.Final]
	at org.hibernate.tuple.entity.PojoEntityTuplizer.<init>(PojoEntityTuplizer.java:77) ~[hibernate-core-3.6.9.Final.jar:3.6.9.Final]
	at java.base/jdk.internal.reflect.NativeConstructorAccessorImpl.newInstance0(Native Method) ~[na:na]
	at java.base/jdk.internal.reflect.NativeConstructorAccessorImpl.newInstance(NativeConstructorAccessorImpl.java:77) ~[na:na]
	at java.base/jdk.internal.reflect.DelegatingConstructorAccessorImpl.newInstance(DelegatingConstructorAccessorImpl.java:45) ~[na:na]
	at java.base/java.lang.reflect.Constructor.newInstanceWithCaller(Constructor.java:499) ~[na:na]
	at java.base/java.lang.reflect.Constructor.newInstance(Constructor.java:480) ~[na:na]
	at org.hibernate.tuple.entity.EntityTuplizerFactory.constructTuplizer(EntityTuplizerFactory.java:105) ~[hibernate-core-3.6.9.Final.jar:3.6.9.Final]
	at org.hibernate.tuple.entity.EntityTuplizerFactory.constructDefaultTuplizer(EntityTuplizerFactory.java:133) ~[hibernate-core-3.6.9.Final.jar:3.6.9.Final]
	at org.hibernate.tuple.entity.EntityEntityModeToTuplizerMapping.<init>(EntityEntityModeToTuplizerMapping.java:80) ~[hibernate-core-3.6.9.Final.jar:3.6.9.Final]
	at org.hibernate.tuple.entity.EntityMetamodel.<init>(EntityMetamodel.java:322) ~[hibernate-core-3.6.9.Final.jar:3.6.9.Final]
	at org.hibernate.persister.entity.AbstractEntityPersister.<init>(AbstractEntityPersister.java:485) ~[hibernate-core-3.6.9.Final.jar:3.6.9.Final]
	at org.hibernate.persister.entity.SingleTableEntityPersister.<init>(SingleTableEntityPersister.java:133) ~[hibernate-core-3.6.9.Final.jar:3.6.9.Final]
	at org.hibernate.persister.PersisterFactory.createClassPersister(PersisterFactory.java:84) ~[hibernate-core-3.6.9.Final.jar:3.6.9.Final]
	at org.hibernate.impl.SessionFactoryImpl.<init>(SessionFactoryImpl.java:286) ~[hibernate-core-3.6.9.Final.jar:3.6.9.Final]
	at org.hibernate.cfg.Configuration.buildSessionFactory(Configuration.java:1872) ~[hibernate-core-3.6.9.Final.jar:3.6.9.Final]
	at org.springframework.orm.hibernate3.LocalSessionFactoryBean.newSessionFactory(LocalSessionFactoryBean.java:793) ~[spring-orm-4.0.3.RELEASE.jar:4.0.3.RELEASE]
	at org.springframework.orm.hibernate3.LocalSessionFactoryBean.buildSessionFactory(LocalSessionFactoryBean.java:715) ~[spring-orm-4.0.3.RELEASE.jar:4.0.3.RELEASE]
	at org.springframework.orm.hibernate3.AbstractSessionFactoryBean.afterPropertiesSet(AbstractSessionFactoryBean.java:189) ~[spring-orm-4.0.3.RELEASE.jar:4.0.3.RELEASE]
	at org.springframework.beans.factory.support.AbstractAutowireCapableBeanFactory.invokeInitMethods(AbstractAutowireCapableBeanFactory.java:1612) ~[spring-beans-4.0.3.RELEASE.jar:4.0.3.RELEASE]
	at org.springframework.beans.factory.support.AbstractAutowireCapableBeanFactory.initializeBean(AbstractAutowireCapableBeanFactory.java:1549) ~[spring-beans-4.0.3.RELEASE.jar:4.0.3.RELEASE]
	at org.springframework.beans.factory.support.AbstractAutowireCapableBeanFactory.doCreateBean(AbstractAutowireCapableBeanFactory.java:539) ~[spring-beans-4.0.3.RELEASE.jar:4.0.3.RELEASE]
	at org.springframework.beans.factory.support.AbstractAutowireCapableBeanFactory.createBean(AbstractAutowireCapableBeanFactory.java:475) ~[spring-beans-4.0.3.RELEASE.jar:4.0.3.RELEASE]
	at org.springframework.beans.factory.support.AbstractBeanFactory$1.getObject(AbstractBeanFactory.java:304) ~[spring-beans-4.0.3.RELEASE.jar:4.0.3.RELEASE]
	at org.springframework.beans.factory.support.DefaultSingletonBeanRegistry.getSingleton(DefaultSingletonBeanRegistry.java:228) ~[spring-beans-4.0.3.RELEASE.jar:4.0.3.RELEASE]
	at org.springframework.beans.factory.support.AbstractBeanFactory.doGetBean(AbstractBeanFactory.java:300) ~[spring-beans-4.0.3.RELEASE.jar:4.0.3.RELEASE]
	at org.springframework.beans.factory.support.AbstractBeanFactory.getBean(AbstractBeanFactory.java:195) ~[spring-beans-4.0.3.RELEASE.jar:4.0.3.RELEASE]
	at org.springframework.beans.factory.support.DefaultListableBeanFactory.preInstantiateSingletons(DefaultListableBeanFactory.java:684) ~[spring-beans-4.0.3.RELEASE.jar:4.0.3.RELEASE]
	at org.springframework.context.support.AbstractApplicationContext.finishBeanFactoryInitialization(AbstractApplicationContext.java:760) ~[spring-context-4.0.3.RELEASE.jar:4.0.3.RELEASE]
	at org.springframework.context.support.AbstractApplicationContext.refresh(AbstractApplicationContext.java:482) ~[spring-context-4.0.3.RELEASE.jar:4.0.3.RELEASE]
	at org.springframework.context.support.ClassPathXmlApplicationContext.<init>(ClassPathXmlApplicationContext.java:139) ~[spring-context-4.0.3.RELEASE.jar:4.0.3.RELEASE]
	at org.springframework.context.support.ClassPathXmlApplicationContext.<init>(ClassPathXmlApplicationContext.java:83) ~[spring-context-4.0.3.RELEASE.jar:4.0.3.RELEASE]
	at jw.lab4.checkers.UserSave.<init>(UserSave.java:13) ~[classes/:na]
	at jw.lab4.checkers.Game.start(Game.java:72) ~[classes/:na]
	at jw.lab4.checkers.Game.<init>(Game.java:36) ~[classes/:na]
	at jw.lab4.checkers.AppTest.badData(AppTest.java:19) ~[test-classes/:na]
	at java.base/jdk.internal.reflect.NativeMethodAccessorImpl.invoke0(Native Method) ~[na:na]
	at java.base/jdk.internal.reflect.NativeMethodAccessorImpl.invoke(NativeMethodAccessorImpl.java:77) ~[na:na]
	at java.base/jdk.internal.reflect.DelegatingMethodAccessorImpl.invoke(DelegatingMethodAccessorImpl.java:43) ~[na:na]
	at java.base/java.lang.reflect.Method.invoke(Method.java:568) ~[na:na]
	at org.junit.runners.model.FrameworkMethod$1.runReflectiveCall(FrameworkMethod.java:47) ~[junit-4.11.jar:na]
	at org.junit.internal.runners.model.ReflectiveCallable.run(ReflectiveCallable.java:12) ~[junit-4.11.jar:na]
	at org.junit.runners.model.FrameworkMethod.invokeExplosively(FrameworkMethod.java:44) ~[junit-4.11.jar:na]
	at org.junit.internal.runners.statements.InvokeMethod.evaluate(InvokeMethod.java:17) ~[junit-4.11.jar:na]
	at org.junit.runners.ParentRunner.runLeaf(ParentRunner.java:271) ~[junit-4.11.jar:na]
	at org.junit.runners.BlockJUnit4ClassRunner.runChild(BlockJUnit4ClassRunner.java:70) ~[junit-4.11.jar:na]
	at org.junit.runners.BlockJUnit4ClassRunner.runChild(BlockJUnit4ClassRunner.java:50) ~[junit-4.11.jar:na]
	at org.junit.runners.ParentRunner$3.run(ParentRunner.java:238) ~[junit-4.11.jar:na]
	at org.junit.runners.ParentRunner$1.schedule(ParentRunner.java:63) ~[junit-4.11.jar:na]
	at org.junit.runners.ParentRunner.runChildren(ParentRunner.java:236) ~[junit-4.11.jar:na]
	at org.junit.runners.ParentRunner.access$000(ParentRunner.java:53) ~[junit-4.11.jar:na]
	at org.junit.runners.ParentRunner$2.evaluate(ParentRunner.java:229) ~[junit-4.11.jar:na]
	at org.junit.runners.ParentRunner.run(ParentRunner.java:309) ~[junit-4.11.jar:na]
	at org.apache.maven.surefire.junit4.JUnit4Provider.execute(JUnit4Provider.java:365) ~[surefire-junit4-2.22.1.jar:2.22.1]
	at org.apache.maven.surefire.junit4.JUnit4Provider.executeWithRerun(JUnit4Provider.java:273) ~[surefire-junit4-2.22.1.jar:2.22.1]
	at org.apache.maven.surefire.junit4.JUnit4Provider.executeTestSet(JUnit4Provider.java:238) ~[surefire-junit4-2.22.1.jar:2.22.1]
	at org.apache.maven.surefire.junit4.JUnit4Provider.invoke(JUnit4Provider.java:159) ~[surefire-junit4-2.22.1.jar:2.22.1]
	at org.apache.maven.surefire.booter.ForkedBooter.invokeProviderInSameClassLoader(ForkedBooter.java:384) ~[surefire-booter-2.22.1.jar:2.22.1]
	at org.apache.maven.surefire.booter.ForkedBooter.runSuitesInProcess(ForkedBooter.java:345) ~[surefire-booter-2.22.1.jar:2.22.1]
	at org.apache.maven.surefire.booter.ForkedBooter.execute(ForkedBooter.java:126) ~[surefire-booter-2.22.1.jar:2.22.1]
	at org.apache.maven.surefire.booter.ForkedBooter.main(ForkedBooter.java:418) ~[surefire-booter-2.22.1.jar:2.22.1]
Caused by: java.lang.reflect.InaccessibleObjectException: Unable to make protected final java.lang.Class java.lang.ClassLoader.defineClass(java.lang.String,byte[],int,int,java.security.ProtectionDomain) throws java.lang.ClassFormatError accessible: module java.base does not "opens java.lang" to unnamed module @69a3d1d
	at java.base/java.lang.reflect.AccessibleObject.checkCanSetAccessible(AccessibleObject.java:354) ~[na:na]
	at java.base/java.lang.reflect.AccessibleObject.checkCanSetAccessible(AccessibleObject.java:297) ~[na:na]
	at java.base/java.lang.reflect.Method.checkCanSetAccessible(Method.java:199) ~[na:na]
	at java.base/java.lang.reflect.Method.setAccessible(Method.java:193) ~[na:na]
	at javassist.util.proxy.SecurityActions.setAccessible(SecurityActions.java:102) ~[javassist-3.12.0.GA.jar:na]
	at javassist.util.proxy.FactoryHelper.toClass2(FactoryHelper.java:180) ~[javassist-3.12.0.GA.jar:na]
	at javassist.util.proxy.FactoryHelper.toClass(FactoryHelper.java:163) ~[javassist-3.12.0.GA.jar:na]
	at javassist.util.proxy.ProxyFactory.createClass3(ProxyFactory.java:501) ~[javassist-3.12.0.GA.jar:na]
	at javassist.util.proxy.ProxyFactory.createClass2(ProxyFactory.java:486) ~[javassist-3.12.0.GA.jar:na]
	at javassist.util.proxy.ProxyFactory.createClass1(ProxyFactory.java:422) ~[javassist-3.12.0.GA.jar:na]
	at javassist.util.proxy.ProxyFactory.createClass(ProxyFactory.java:394) ~[javassist-3.12.0.GA.jar:na]
	at org.hibernate.proxy.pojo.javassist.JavassistLazyInitializer.getProxyFactory(JavassistLazyInitializer.java:162) ~[hibernate-core-3.6.9.Final.jar:3.6.9.Final]
	... 63 common frames omitted
01:28:06.666 [main] DEBUG o.h.p.entity.AbstractEntityPersister - Static SQL for entity: jw.lab4.checkers.Database.Player
01:28:06.667 [main] DEBUG o.h.p.entity.AbstractEntityPersister -  Version select: select id from Players where id =?
01:28:06.667 [main] DEBUG o.h.p.entity.AbstractEntityPersister -  Snapshot select: select player_.id, player_.player_number as player2_7_, player_.nickname as nickname7_ from Players player_ where player_.id=?
01:28:06.667 [main] DEBUG o.h.p.entity.AbstractEntityPersister -  Insert 0: insert into Players (player_number, nickname, id) values (?, ?, ?)
01:28:06.667 [main] DEBUG o.h.p.entity.AbstractEntityPersister -  Update 0: update Players set player_number=?, nickname=? where id=?
01:28:06.667 [main] DEBUG o.h.p.entity.AbstractEntityPersister -  Delete 0: delete from Players where id=?
01:28:06.667 [main] DEBUG o.h.p.entity.AbstractEntityPersister -  Identity insert: insert into Players (player_number, nickname) values (?, ?)
01:28:06.667 [main] INFO  org.hibernate.tuple.PojoInstantiator - no default (no-argument) constructor for class: jw.lab4.checkers.Database.Move (class must be instantiated by Interceptor)
01:28:06.671 [main] ERROR o.h.proxy.pojo.BasicLazyInitializer - Javassist Enhancement failed: jw.lab4.checkers.Database.Move
java.lang.reflect.InaccessibleObjectException: Unable to make protected final java.lang.Class java.lang.ClassLoader.defineClass(java.lang.String,byte[],int,int,java.security.ProtectionDomain) throws java.lang.ClassFormatError accessible: module java.base does not "opens java.lang" to unnamed module @69a3d1d
	at java.base/java.lang.reflect.AccessibleObject.checkCanSetAccessible(AccessibleObject.java:354) ~[na:na]
	at java.base/java.lang.reflect.AccessibleObject.checkCanSetAccessible(AccessibleObject.java:297) ~[na:na]
	at java.base/java.lang.reflect.Method.checkCanSetAccessible(Method.java:199) ~[na:na]
	at java.base/java.lang.reflect.Method.setAccessible(Method.java:193) ~[na:na]
	at javassist.util.proxy.SecurityActions.setAccessible(SecurityActions.java:102) ~[javassist-3.12.0.GA.jar:na]
	at javassist.util.proxy.FactoryHelper.toClass2(FactoryHelper.java:180) ~[javassist-3.12.0.GA.jar:na]
	at javassist.util.proxy.FactoryHelper.toClass(FactoryHelper.java:163) ~[javassist-3.12.0.GA.jar:na]
	at javassist.util.proxy.ProxyFactory.createClass3(ProxyFactory.java:501) ~[javassist-3.12.0.GA.jar:na]
	at javassist.util.proxy.ProxyFactory.createClass2(ProxyFactory.java:486) ~[javassist-3.12.0.GA.jar:na]
	at javassist.util.proxy.ProxyFactory.createClass1(ProxyFactory.java:422) ~[javassist-3.12.0.GA.jar:na]
	at javassist.util.proxy.ProxyFactory.createClass(ProxyFactory.java:394) ~[javassist-3.12.0.GA.jar:na]
	at org.hibernate.proxy.pojo.javassist.JavassistLazyInitializer.getProxyFactory(JavassistLazyInitializer.java:162) ~[hibernate-core-3.6.9.Final.jar:3.6.9.Final]
	at org.hibernate.proxy.pojo.javassist.JavassistProxyFactory.postInstantiate(JavassistProxyFactory.java:65) ~[hibernate-core-3.6.9.Final.jar:3.6.9.Final]
	at org.hibernate.tuple.entity.PojoEntityTuplizer.buildProxyFactory(PojoEntityTuplizer.java:185) ~[hibernate-core-3.6.9.Final.jar:3.6.9.Final]
	at org.hibernate.tuple.entity.AbstractEntityTuplizer.<init>(AbstractEntityTuplizer.java:167) ~[hibernate-core-3.6.9.Final.jar:3.6.9.Final]
	at org.hibernate.tuple.entity.PojoEntityTuplizer.<init>(PojoEntityTuplizer.java:77) ~[hibernate-core-3.6.9.Final.jar:3.6.9.Final]
	at java.base/jdk.internal.reflect.NativeConstructorAccessorImpl.newInstance0(Native Method) ~[na:na]
	at java.base/jdk.internal.reflect.NativeConstructorAccessorImpl.newInstance(NativeConstructorAccessorImpl.java:77) ~[na:na]
	at java.base/jdk.internal.reflect.DelegatingConstructorAccessorImpl.newInstance(DelegatingConstructorAccessorImpl.java:45) ~[na:na]
	at java.base/java.lang.reflect.Constructor.newInstanceWithCaller(Constructor.java:499) ~[na:na]
	at java.base/java.lang.reflect.Constructor.newInstance(Constructor.java:480) ~[na:na]
	at org.hibernate.tuple.entity.EntityTuplizerFactory.constructTuplizer(EntityTuplizerFactory.java:105) ~[hibernate-core-3.6.9.Final.jar:3.6.9.Final]
	at org.hibernate.tuple.entity.EntityTuplizerFactory.constructDefaultTuplizer(EntityTuplizerFactory.java:133) ~[hibernate-core-3.6.9.Final.jar:3.6.9.Final]
	at org.hibernate.tuple.entity.EntityEntityModeToTuplizerMapping.<init>(EntityEntityModeToTuplizerMapping.java:80) ~[hibernate-core-3.6.9.Final.jar:3.6.9.Final]
	at org.hibernate.tuple.entity.EntityMetamodel.<init>(EntityMetamodel.java:322) ~[hibernate-core-3.6.9.Final.jar:3.6.9.Final]
	at org.hibernate.persister.entity.AbstractEntityPersister.<init>(AbstractEntityPersister.java:485) ~[hibernate-core-3.6.9.Final.jar:3.6.9.Final]
	at org.hibernate.persister.entity.SingleTableEntityPersister.<init>(SingleTableEntityPersister.java:133) ~[hibernate-core-3.6.9.Final.jar:3.6.9.Final]
	at org.hibernate.persister.PersisterFactory.createClassPersister(PersisterFactory.java:84) ~[hibernate-core-3.6.9.Final.jar:3.6.9.Final]
	at org.hibernate.impl.SessionFactoryImpl.<init>(SessionFactoryImpl.java:286) ~[hibernate-core-3.6.9.Final.jar:3.6.9.Final]
	at org.hibernate.cfg.Configuration.buildSessionFactory(Configuration.java:1872) ~[hibernate-core-3.6.9.Final.jar:3.6.9.Final]
	at org.springframework.orm.hibernate3.LocalSessionFactoryBean.newSessionFactory(LocalSessionFactoryBean.java:793) ~[spring-orm-4.0.3.RELEASE.jar:4.0.3.RELEASE]
	at org.springframework.orm.hibernate3.LocalSessionFactoryBean.buildSessionFactory(LocalSessionFactoryBean.java:715) ~[spring-orm-4.0.3.RELEASE.jar:4.0.3.RELEASE]
	at org.springframework.orm.hibernate3.AbstractSessionFactoryBean.afterPropertiesSet(AbstractSessionFactoryBean.java:189) ~[spring-orm-4.0.3.RELEASE.jar:4.0.3.RELEASE]
	at org.springframework.beans.factory.support.AbstractAutowireCapableBeanFactory.invokeInitMethods(AbstractAutowireCapableBeanFactory.java:1612) ~[spring-beans-4.0.3.RELEASE.jar:4.0.3.RELEASE]
	at org.springframework.beans.factory.support.AbstractAutowireCapableBeanFactory.initializeBean(AbstractAutowireCapableBeanFactory.java:1549) ~[spring-beans-4.0.3.RELEASE.jar:4.0.3.RELEASE]
	at org.springframework.beans.factory.support.AbstractAutowireCapableBeanFactory.doCreateBean(AbstractAutowireCapableBeanFactory.java:539) ~[spring-beans-4.0.3.RELEASE.jar:4.0.3.RELEASE]
	at org.springframework.beans.factory.support.AbstractAutowireCapableBeanFactory.createBean(AbstractAutowireCapableBeanFactory.java:475) ~[spring-beans-4.0.3.RELEASE.jar:4.0.3.RELEASE]
	at org.springframework.beans.factory.support.AbstractBeanFactory$1.getObject(AbstractBeanFactory.java:304) ~[spring-beans-4.0.3.RELEASE.jar:4.0.3.RELEASE]
	at org.springframework.beans.factory.support.DefaultSingletonBeanRegistry.getSingleton(DefaultSingletonBeanRegistry.java:228) ~[spring-beans-4.0.3.RELEASE.jar:4.0.3.RELEASE]
	at org.springframework.beans.factory.support.AbstractBeanFactory.doGetBean(AbstractBeanFactory.java:300) ~[spring-beans-4.0.3.RELEASE.jar:4.0.3.RELEASE]
	at org.springframework.beans.factory.support.AbstractBeanFactory.getBean(AbstractBeanFactory.java:195) ~[spring-beans-4.0.3.RELEASE.jar:4.0.3.RELEASE]
	at org.springframework.beans.factory.support.DefaultListableBeanFactory.preInstantiateSingletons(DefaultListableBeanFactory.java:684) ~[spring-beans-4.0.3.RELEASE.jar:4.0.3.RELEASE]
	at org.springframework.context.support.AbstractApplicationContext.finishBeanFactoryInitialization(AbstractApplicationContext.java:760) ~[spring-context-4.0.3.RELEASE.jar:4.0.3.RELEASE]
	at org.springframework.context.support.AbstractApplicationContext.refresh(AbstractApplicationContext.java:482) ~[spring-context-4.0.3.RELEASE.jar:4.0.3.RELEASE]
	at org.springframework.context.support.ClassPathXmlApplicationContext.<init>(ClassPathXmlApplicationContext.java:139) ~[spring-context-4.0.3.RELEASE.jar:4.0.3.RELEASE]
	at org.springframework.context.support.ClassPathXmlApplicationContext.<init>(ClassPathXmlApplicationContext.java:83) ~[spring-context-4.0.3.RELEASE.jar:4.0.3.RELEASE]
	at jw.lab4.checkers.UserSave.<init>(UserSave.java:13) ~[classes/:na]
	at jw.lab4.checkers.Game.start(Game.java:72) ~[classes/:na]
	at jw.lab4.checkers.Game.<init>(Game.java:36) ~[classes/:na]
	at jw.lab4.checkers.AppTest.badData(AppTest.java:19) ~[test-classes/:na]
	at java.base/jdk.internal.reflect.NativeMethodAccessorImpl.invoke0(Native Method) ~[na:na]
	at java.base/jdk.internal.reflect.NativeMethodAccessorImpl.invoke(NativeMethodAccessorImpl.java:77) ~[na:na]
	at java.base/jdk.internal.reflect.DelegatingMethodAccessorImpl.invoke(DelegatingMethodAccessorImpl.java:43) ~[na:na]
	at java.base/java.lang.reflect.Method.invoke(Method.java:568) ~[na:na]
	at org.junit.runners.model.FrameworkMethod$1.runReflectiveCall(FrameworkMethod.java:47) ~[junit-4.11.jar:na]
	at org.junit.internal.runners.model.ReflectiveCallable.run(ReflectiveCallable.java:12) ~[junit-4.11.jar:na]
	at org.junit.runners.model.FrameworkMethod.invokeExplosively(FrameworkMethod.java:44) ~[junit-4.11.jar:na]
	at org.junit.internal.runners.statements.InvokeMethod.evaluate(InvokeMethod.java:17) ~[junit-4.11.jar:na]
	at org.junit.runners.ParentRunner.runLeaf(ParentRunner.java:271) ~[junit-4.11.jar:na]
	at org.junit.runners.BlockJUnit4ClassRunner.runChild(BlockJUnit4ClassRunner.java:70) ~[junit-4.11.jar:na]
	at org.junit.runners.BlockJUnit4ClassRunner.runChild(BlockJUnit4ClassRunner.java:50) ~[junit-4.11.jar:na]
	at org.junit.runners.ParentRunner$3.run(ParentRunner.java:238) ~[junit-4.11.jar:na]
	at org.junit.runners.ParentRunner$1.schedule(ParentRunner.java:63) ~[junit-4.11.jar:na]
	at org.junit.runners.ParentRunner.runChildren(ParentRunner.java:236) ~[junit-4.11.jar:na]
	at org.junit.runners.ParentRunner.access$000(ParentRunner.java:53) ~[junit-4.11.jar:na]
	at org.junit.runners.ParentRunner$2.evaluate(ParentRunner.java:229) ~[junit-4.11.jar:na]
	at org.junit.runners.ParentRunner.run(ParentRunner.java:309) ~[junit-4.11.jar:na]
	at org.apache.maven.surefire.junit4.JUnit4Provider.execute(JUnit4Provider.java:365) ~[surefire-junit4-2.22.1.jar:2.22.1]
	at org.apache.maven.surefire.junit4.JUnit4Provider.executeWithRerun(JUnit4Provider.java:273) ~[surefire-junit4-2.22.1.jar:2.22.1]
	at org.apache.maven.surefire.junit4.JUnit4Provider.executeTestSet(JUnit4Provider.java:238) ~[surefire-junit4-2.22.1.jar:2.22.1]
	at org.apache.maven.surefire.junit4.JUnit4Provider.invoke(JUnit4Provider.java:159) ~[surefire-junit4-2.22.1.jar:2.22.1]
	at org.apache.maven.surefire.booter.ForkedBooter.invokeProviderInSameClassLoader(ForkedBooter.java:384) ~[surefire-booter-2.22.1.jar:2.22.1]
	at org.apache.maven.surefire.booter.ForkedBooter.runSuitesInProcess(ForkedBooter.java:345) ~[surefire-booter-2.22.1.jar:2.22.1]
	at org.apache.maven.surefire.booter.ForkedBooter.execute(ForkedBooter.java:126) ~[surefire-booter-2.22.1.jar:2.22.1]
	at org.apache.maven.surefire.booter.ForkedBooter.main(ForkedBooter.java:418) ~[surefire-booter-2.22.1.jar:2.22.1]
01:28:06.673 [main] WARN  o.h.tuple.entity.PojoEntityTuplizer - could not create proxy factory for:jw.lab4.checkers.Database.Move
org.hibernate.HibernateException: Javassist Enhancement failed: jw.lab4.checkers.Database.Move
	at org.hibernate.proxy.pojo.javassist.JavassistLazyInitializer.getProxyFactory(JavassistLazyInitializer.java:169) ~[hibernate-core-3.6.9.Final.jar:3.6.9.Final]
	at org.hibernate.proxy.pojo.javassist.JavassistProxyFactory.postInstantiate(JavassistProxyFactory.java:65) ~[hibernate-core-3.6.9.Final.jar:3.6.9.Final]
	at org.hibernate.tuple.entity.PojoEntityTuplizer.buildProxyFactory(PojoEntityTuplizer.java:185) ~[hibernate-core-3.6.9.Final.jar:3.6.9.Final]
	at org.hibernate.tuple.entity.AbstractEntityTuplizer.<init>(AbstractEntityTuplizer.java:167) ~[hibernate-core-3.6.9.Final.jar:3.6.9.Final]
	at org.hibernate.tuple.entity.PojoEntityTuplizer.<init>(PojoEntityTuplizer.java:77) ~[hibernate-core-3.6.9.Final.jar:3.6.9.Final]
	at java.base/jdk.internal.reflect.NativeConstructorAccessorImpl.newInstance0(Native Method) ~[na:na]
	at java.base/jdk.internal.reflect.NativeConstructorAccessorImpl.newInstance(NativeConstructorAccessorImpl.java:77) ~[na:na]
	at java.base/jdk.internal.reflect.DelegatingConstructorAccessorImpl.newInstance(DelegatingConstructorAccessorImpl.java:45) ~[na:na]
	at java.base/java.lang.reflect.Constructor.newInstanceWithCaller(Constructor.java:499) ~[na:na]
	at java.base/java.lang.reflect.Constructor.newInstance(Constructor.java:480) ~[na:na]
	at org.hibernate.tuple.entity.EntityTuplizerFactory.constructTuplizer(EntityTuplizerFactory.java:105) ~[hibernate-core-3.6.9.Final.jar:3.6.9.Final]
	at org.hibernate.tuple.entity.EntityTuplizerFactory.constructDefaultTuplizer(EntityTuplizerFactory.java:133) ~[hibernate-core-3.6.9.Final.jar:3.6.9.Final]
	at org.hibernate.tuple.entity.EntityEntityModeToTuplizerMapping.<init>(EntityEntityModeToTuplizerMapping.java:80) ~[hibernate-core-3.6.9.Final.jar:3.6.9.Final]
	at org.hibernate.tuple.entity.EntityMetamodel.<init>(EntityMetamodel.java:322) ~[hibernate-core-3.6.9.Final.jar:3.6.9.Final]
	at org.hibernate.persister.entity.AbstractEntityPersister.<init>(AbstractEntityPersister.java:485) ~[hibernate-core-3.6.9.Final.jar:3.6.9.Final]
	at org.hibernate.persister.entity.SingleTableEntityPersister.<init>(SingleTableEntityPersister.java:133) ~[hibernate-core-3.6.9.Final.jar:3.6.9.Final]
	at org.hibernate.persister.PersisterFactory.createClassPersister(PersisterFactory.java:84) ~[hibernate-core-3.6.9.Final.jar:3.6.9.Final]
	at org.hibernate.impl.SessionFactoryImpl.<init>(SessionFactoryImpl.java:286) ~[hibernate-core-3.6.9.Final.jar:3.6.9.Final]
	at org.hibernate.cfg.Configuration.buildSessionFactory(Configuration.java:1872) ~[hibernate-core-3.6.9.Final.jar:3.6.9.Final]
	at org.springframework.orm.hibernate3.LocalSessionFactoryBean.newSessionFactory(LocalSessionFactoryBean.java:793) ~[spring-orm-4.0.3.RELEASE.jar:4.0.3.RELEASE]
	at org.springframework.orm.hibernate3.LocalSessionFactoryBean.buildSessionFactory(LocalSessionFactoryBean.java:715) ~[spring-orm-4.0.3.RELEASE.jar:4.0.3.RELEASE]
	at org.springframework.orm.hibernate3.AbstractSessionFactoryBean.afterPropertiesSet(AbstractSessionFactoryBean.java:189) ~[spring-orm-4.0.3.RELEASE.jar:4.0.3.RELEASE]
	at org.springframework.beans.factory.support.AbstractAutowireCapableBeanFactory.invokeInitMethods(AbstractAutowireCapableBeanFactory.java:1612) ~[spring-beans-4.0.3.RELEASE.jar:4.0.3.RELEASE]
	at org.springframework.beans.factory.support.AbstractAutowireCapableBeanFactory.initializeBean(AbstractAutowireCapableBeanFactory.java:1549) ~[spring-beans-4.0.3.RELEASE.jar:4.0.3.RELEASE]
	at org.springframework.beans.factory.support.AbstractAutowireCapableBeanFactory.doCreateBean(AbstractAutowireCapableBeanFactory.java:539) ~[spring-beans-4.0.3.RELEASE.jar:4.0.3.RELEASE]
	at org.springframework.beans.factory.support.AbstractAutowireCapableBeanFactory.createBean(AbstractAutowireCapableBeanFactory.java:475) ~[spring-beans-4.0.3.RELEASE.jar:4.0.3.RELEASE]
	at org.springframework.beans.factory.support.AbstractBeanFactory$1.getObject(AbstractBeanFactory.java:304) ~[spring-beans-4.0.3.RELEASE.jar:4.0.3.RELEASE]
	at org.springframework.beans.factory.support.DefaultSingletonBeanRegistry.getSingleton(DefaultSingletonBeanRegistry.java:228) ~[spring-beans-4.0.3.RELEASE.jar:4.0.3.RELEASE]
	at org.springframework.beans.factory.support.AbstractBeanFactory.doGetBean(AbstractBeanFactory.java:300) ~[spring-beans-4.0.3.RELEASE.jar:4.0.3.RELEASE]
	at org.springframework.beans.factory.support.AbstractBeanFactory.getBean(AbstractBeanFactory.java:195) ~[spring-beans-4.0.3.RELEASE.jar:4.0.3.RELEASE]
	at org.springframework.beans.factory.support.DefaultListableBeanFactory.preInstantiateSingletons(DefaultListableBeanFactory.java:684) ~[spring-beans-4.0.3.RELEASE.jar:4.0.3.RELEASE]
	at org.springframework.context.support.AbstractApplicationContext.finishBeanFactoryInitialization(AbstractApplicationContext.java:760) ~[spring-context-4.0.3.RELEASE.jar:4.0.3.RELEASE]
	at org.springframework.context.support.AbstractApplicationContext.refresh(AbstractApplicationContext.java:482) ~[spring-context-4.0.3.RELEASE.jar:4.0.3.RELEASE]
	at org.springframework.context.support.ClassPathXmlApplicationContext.<init>(ClassPathXmlApplicationContext.java:139) ~[spring-context-4.0.3.RELEASE.jar:4.0.3.RELEASE]
	at org.springframework.context.support.ClassPathXmlApplicationContext.<init>(ClassPathXmlApplicationContext.java:83) ~[spring-context-4.0.3.RELEASE.jar:4.0.3.RELEASE]
	at jw.lab4.checkers.UserSave.<init>(UserSave.java:13) ~[classes/:na]
	at jw.lab4.checkers.Game.start(Game.java:72) ~[classes/:na]
	at jw.lab4.checkers.Game.<init>(Game.java:36) ~[classes/:na]
	at jw.lab4.checkers.AppTest.badData(AppTest.java:19) ~[test-classes/:na]
	at java.base/jdk.internal.reflect.NativeMethodAccessorImpl.invoke0(Native Method) ~[na:na]
	at java.base/jdk.internal.reflect.NativeMethodAccessorImpl.invoke(NativeMethodAccessorImpl.java:77) ~[na:na]
	at java.base/jdk.internal.reflect.DelegatingMethodAccessorImpl.invoke(DelegatingMethodAccessorImpl.java:43) ~[na:na]
	at java.base/java.lang.reflect.Method.invoke(Method.java:568) ~[na:na]
	at org.junit.runners.model.FrameworkMethod$1.runReflectiveCall(FrameworkMethod.java:47) ~[junit-4.11.jar:na]
	at org.junit.internal.runners.model.ReflectiveCallable.run(ReflectiveCallable.java:12) ~[junit-4.11.jar:na]
	at org.junit.runners.model.FrameworkMethod.invokeExplosively(FrameworkMethod.java:44) ~[junit-4.11.jar:na]
	at org.junit.internal.runners.statements.InvokeMethod.evaluate(InvokeMethod.java:17) ~[junit-4.11.jar:na]
	at org.junit.runners.ParentRunner.runLeaf(ParentRunner.java:271) ~[junit-4.11.jar:na]
	at org.junit.runners.BlockJUnit4ClassRunner.runChild(BlockJUnit4ClassRunner.java:70) ~[junit-4.11.jar:na]
	at org.junit.runners.BlockJUnit4ClassRunner.runChild(BlockJUnit4ClassRunner.java:50) ~[junit-4.11.jar:na]
	at org.junit.runners.ParentRunner$3.run(ParentRunner.java:238) ~[junit-4.11.jar:na]
	at org.junit.runners.ParentRunner$1.schedule(ParentRunner.java:63) ~[junit-4.11.jar:na]
	at org.junit.runners.ParentRunner.runChildren(ParentRunner.java:236) ~[junit-4.11.jar:na]
	at org.junit.runners.ParentRunner.access$000(ParentRunner.java:53) ~[junit-4.11.jar:na]
	at org.junit.runners.ParentRunner$2.evaluate(ParentRunner.java:229) ~[junit-4.11.jar:na]
	at org.junit.runners.ParentRunner.run(ParentRunner.java:309) ~[junit-4.11.jar:na]
	at org.apache.maven.surefire.junit4.JUnit4Provider.execute(JUnit4Provider.java:365) ~[surefire-junit4-2.22.1.jar:2.22.1]
	at org.apache.maven.surefire.junit4.JUnit4Provider.executeWithRerun(JUnit4Provider.java:273) ~[surefire-junit4-2.22.1.jar:2.22.1]
	at org.apache.maven.surefire.junit4.JUnit4Provider.executeTestSet(JUnit4Provider.java:238) ~[surefire-junit4-2.22.1.jar:2.22.1]
	at org.apache.maven.surefire.junit4.JUnit4Provider.invoke(JUnit4Provider.java:159) ~[surefire-junit4-2.22.1.jar:2.22.1]
	at org.apache.maven.surefire.booter.ForkedBooter.invokeProviderInSameClassLoader(ForkedBooter.java:384) ~[surefire-booter-2.22.1.jar:2.22.1]
	at org.apache.maven.surefire.booter.ForkedBooter.runSuitesInProcess(ForkedBooter.java:345) ~[surefire-booter-2.22.1.jar:2.22.1]
	at org.apache.maven.surefire.booter.ForkedBooter.execute(ForkedBooter.java:126) ~[surefire-booter-2.22.1.jar:2.22.1]
	at org.apache.maven.surefire.booter.ForkedBooter.main(ForkedBooter.java:418) ~[surefire-booter-2.22.1.jar:2.22.1]
Caused by: java.lang.reflect.InaccessibleObjectException: Unable to make protected final java.lang.Class java.lang.ClassLoader.defineClass(java.lang.String,byte[],int,int,java.security.ProtectionDomain) throws java.lang.ClassFormatError accessible: module java.base does not "opens java.lang" to unnamed module @69a3d1d
	at java.base/java.lang.reflect.AccessibleObject.checkCanSetAccessible(AccessibleObject.java:354) ~[na:na]
	at java.base/java.lang.reflect.AccessibleObject.checkCanSetAccessible(AccessibleObject.java:297) ~[na:na]
	at java.base/java.lang.reflect.Method.checkCanSetAccessible(Method.java:199) ~[na:na]
	at java.base/java.lang.reflect.Method.setAccessible(Method.java:193) ~[na:na]
	at javassist.util.proxy.SecurityActions.setAccessible(SecurityActions.java:102) ~[javassist-3.12.0.GA.jar:na]
	at javassist.util.proxy.FactoryHelper.toClass2(FactoryHelper.java:180) ~[javassist-3.12.0.GA.jar:na]
	at javassist.util.proxy.FactoryHelper.toClass(FactoryHelper.java:163) ~[javassist-3.12.0.GA.jar:na]
	at javassist.util.proxy.ProxyFactory.createClass3(ProxyFactory.java:501) ~[javassist-3.12.0.GA.jar:na]
	at javassist.util.proxy.ProxyFactory.createClass2(ProxyFactory.java:486) ~[javassist-3.12.0.GA.jar:na]
	at javassist.util.proxy.ProxyFactory.createClass1(ProxyFactory.java:422) ~[javassist-3.12.0.GA.jar:na]
	at javassist.util.proxy.ProxyFactory.createClass(ProxyFactory.java:394) ~[javassist-3.12.0.GA.jar:na]
	at org.hibernate.proxy.pojo.javassist.JavassistLazyInitializer.getProxyFactory(JavassistLazyInitializer.java:162) ~[hibernate-core-3.6.9.Final.jar:3.6.9.Final]
	... 63 common frames omitted
01:28:06.674 [main] DEBUG o.h.p.entity.AbstractEntityPersister - Static SQL for entity: jw.lab4.checkers.Database.Move
01:28:06.675 [main] DEBUG o.h.p.entity.AbstractEntityPersister -  Version select: select id from Moves where id =?
01:28:06.675 [main] DEBUG o.h.p.entity.AbstractEntityPersister -  Snapshot select: select move_.id, move_.field_one as field2_8_, move_.field_two as field3_8_ from Moves move_ where move_.id=?
01:28:06.675 [main] DEBUG o.h.p.entity.AbstractEntityPersister -  Insert 0: insert into Moves (field_one, field_two, id) values (?, ?, ?)
01:28:06.675 [main] DEBUG o.h.p.entity.AbstractEntityPersister -  Update 0: update Moves set field_one=?, field_two=? where id=?
01:28:06.675 [main] DEBUG o.h.p.entity.AbstractEntityPersister -  Delete 0: delete from Moves where id=?
01:28:06.675 [main] DEBUG o.h.p.entity.AbstractEntityPersister -  Identity insert: insert into Moves (field_one, field_two) values (?, ?)
01:28:06.675 [main] DEBUG o.h.p.c.AbstractCollectionPersister - Static SQL for collection: jw.lab4.checkers.Database.Game.players
01:28:06.675 [main] DEBUG o.h.p.c.AbstractCollectionPersister -  Row insert: update Players set game_id=?, player_number=? where id=?
01:28:06.675 [main] DEBUG o.h.p.c.AbstractCollectionPersister -  Row delete: update Players set game_id=null, player_number=null where game_id=? and id=?
01:28:06.675 [main] DEBUG o.h.p.c.AbstractCollectionPersister -  One-shot delete: update Players set game_id=null, player_number=null where game_id=?
01:28:06.675 [main] DEBUG o.h.p.c.AbstractCollectionPersister - Static SQL for collection: jw.lab4.checkers.Database.Game.moves
01:28:06.675 [main] DEBUG o.h.p.c.AbstractCollectionPersister -  Row insert: update Moves set game_id=?, move_id=? where id=?
01:28:06.675 [main] DEBUG o.h.p.c.AbstractCollectionPersister -  Row delete: update Moves set game_id=null, move_id=null where game_id=? and id=?
01:28:06.675 [main] DEBUG o.h.p.c.AbstractCollectionPersister -  One-shot delete: update Moves set game_id=null, move_id=null where game_id=?
01:28:06.676 [main] DEBUG o.h.loader.entity.EntityLoader - Static select for entity jw.lab4.checkers.Database.Game [NONE]: select game0_.id as id6_0_, game0_.players_number as players2_6_0_ from Games game0_ where game0_.id=?
01:28:06.676 [main] DEBUG o.h.loader.entity.EntityLoader - Static select for entity jw.lab4.checkers.Database.Game [READ]: select game0_.id as id6_0_, game0_.players_number as players2_6_0_ from Games game0_ where game0_.id=?
01:28:06.676 [main] DEBUG o.h.loader.entity.EntityLoader - Static select for entity jw.lab4.checkers.Database.Game [UPGRADE]: select game0_.id as id6_0_, game0_.players_number as players2_6_0_ from Games game0_ where game0_.id=? for update
01:28:06.676 [main] DEBUG o.h.loader.entity.EntityLoader - Static select for entity jw.lab4.checkers.Database.Game [UPGRADE_NOWAIT]: select game0_.id as id6_0_, game0_.players_number as players2_6_0_ from Games game0_ where game0_.id=? for update
01:28:06.676 [main] DEBUG o.h.loader.entity.EntityLoader - Static select for entity jw.lab4.checkers.Database.Game [FORCE]: select game0_.id as id6_0_, game0_.players_number as players2_6_0_ from Games game0_ where game0_.id=? for update
01:28:06.676 [main] DEBUG o.h.loader.entity.EntityLoader - Static select for entity jw.lab4.checkers.Database.Game [PESSIMISTIC_READ]: select game0_.id as id6_0_, game0_.players_number as players2_6_0_ from Games game0_ where game0_.id=? lock in share mode
01:28:06.677 [main] DEBUG o.h.loader.entity.EntityLoader - Static select for entity jw.lab4.checkers.Database.Game [PESSIMISTIC_WRITE]: select game0_.id as id6_0_, game0_.players_number as players2_6_0_ from Games game0_ where game0_.id=? for update
01:28:06.677 [main] DEBUG o.h.loader.entity.EntityLoader - Static select for entity jw.lab4.checkers.Database.Game [PESSIMISTIC_FORCE_INCREMENT]: select game0_.id as id6_0_, game0_.players_number as players2_6_0_ from Games game0_ where game0_.id=? for update
01:28:06.677 [main] DEBUG o.h.loader.entity.EntityLoader - Static select for entity jw.lab4.checkers.Database.Game [OPTIMISTIC]: select game0_.id as id6_0_, game0_.players_number as players2_6_0_ from Games game0_ where game0_.id=?
01:28:06.677 [main] DEBUG o.h.loader.entity.EntityLoader - Static select for entity jw.lab4.checkers.Database.Game [OPTIMISTIC_FORCE_INCREMENT]: select game0_.id as id6_0_, game0_.players_number as players2_6_0_ from Games game0_ where game0_.id=?
01:28:06.677 [main] DEBUG o.h.loader.entity.EntityLoader - Static select for action ACTION_MERGE on entity jw.lab4.checkers.Database.Game: select game0_.id as id6_1_, game0_.players_number as players2_6_1_, players1_.game_id as game4_6_3_, players1_.id as id3_, players1_.player_number as player2_3_, players1_.id as id7_0_, players1_.player_number as player2_7_0_, players1_.nickname as nickname7_0_ from Games game0_ left outer join Players players1_ on game0_.id=players1_.game_id where game0_.id=?
01:28:06.678 [main] DEBUG o.h.loader.entity.EntityLoader - Static select for action ACTION_REFRESH on entity jw.lab4.checkers.Database.Game: select game0_.id as id6_1_, game0_.players_number as players2_6_1_, players1_.game_id as game4_6_3_, players1_.id as id3_, players1_.player_number as player2_3_, players1_.id as id7_0_, players1_.player_number as player2_7_0_, players1_.nickname as nickname7_0_ from Games game0_ left outer join Players players1_ on game0_.id=players1_.game_id where game0_.id=?
01:28:06.678 [main] DEBUG o.h.loader.entity.EntityLoader - Static select for entity jw.lab4.checkers.Database.Player [NONE]: select player0_.id as id7_0_, player0_.player_number as player2_7_0_, player0_.nickname as nickname7_0_ from Players player0_ where player0_.id=?
01:28:06.678 [main] DEBUG o.h.loader.entity.EntityLoader - Static select for entity jw.lab4.checkers.Database.Player [READ]: select player0_.id as id7_0_, player0_.player_number as player2_7_0_, player0_.nickname as nickname7_0_ from Players player0_ where player0_.id=?
01:28:06.678 [main] DEBUG o.h.loader.entity.EntityLoader - Static select for entity jw.lab4.checkers.Database.Player [UPGRADE]: select player0_.id as id7_0_, player0_.player_number as player2_7_0_, player0_.nickname as nickname7_0_ from Players player0_ where player0_.id=? for update
01:28:06.678 [main] DEBUG o.h.loader.entity.EntityLoader - Static select for entity jw.lab4.checkers.Database.Player [UPGRADE_NOWAIT]: select player0_.id as id7_0_, player0_.player_number as player2_7_0_, player0_.nickname as nickname7_0_ from Players player0_ where player0_.id=? for update
01:28:06.679 [main] DEBUG o.h.loader.entity.EntityLoader - Static select for entity jw.lab4.checkers.Database.Player [FORCE]: select player0_.id as id7_0_, player0_.player_number as player2_7_0_, player0_.nickname as nickname7_0_ from Players player0_ where player0_.id=? for update
01:28:06.679 [main] DEBUG o.h.loader.entity.EntityLoader - Static select for entity jw.lab4.checkers.Database.Player [PESSIMISTIC_READ]: select player0_.id as id7_0_, player0_.player_number as player2_7_0_, player0_.nickname as nickname7_0_ from Players player0_ where player0_.id=? lock in share mode
01:28:06.679 [main] DEBUG o.h.loader.entity.EntityLoader - Static select for entity jw.lab4.checkers.Database.Player [PESSIMISTIC_WRITE]: select player0_.id as id7_0_, player0_.player_number as player2_7_0_, player0_.nickname as nickname7_0_ from Players player0_ where player0_.id=? for update
01:28:06.679 [main] DEBUG o.h.loader.entity.EntityLoader - Static select for entity jw.lab4.checkers.Database.Player [PESSIMISTIC_FORCE_INCREMENT]: select player0_.id as id7_0_, player0_.player_number as player2_7_0_, player0_.nickname as nickname7_0_ from Players player0_ where player0_.id=? for update
01:28:06.679 [main] DEBUG o.h.loader.entity.EntityLoader - Static select for entity jw.lab4.checkers.Database.Player [OPTIMISTIC]: select player0_.id as id7_0_, player0_.player_number as player2_7_0_, player0_.nickname as nickname7_0_ from Players player0_ where player0_.id=?
01:28:06.679 [main] DEBUG o.h.loader.entity.EntityLoader - Static select for entity jw.lab4.checkers.Database.Player [OPTIMISTIC_FORCE_INCREMENT]: select player0_.id as id7_0_, player0_.player_number as player2_7_0_, player0_.nickname as nickname7_0_ from Players player0_ where player0_.id=?
01:28:06.680 [main] DEBUG o.h.loader.entity.EntityLoader - Static select for action ACTION_MERGE on entity jw.lab4.checkers.Database.Player: select player0_.id as id7_0_, player0_.player_number as player2_7_0_, player0_.nickname as nickname7_0_ from Players player0_ where player0_.id=?
01:28:06.680 [main] DEBUG o.h.loader.entity.EntityLoader - Static select for action ACTION_REFRESH on entity jw.lab4.checkers.Database.Player: select player0_.id as id7_0_, player0_.player_number as player2_7_0_, player0_.nickname as nickname7_0_ from Players player0_ where player0_.id=?
01:28:06.680 [main] DEBUG o.h.loader.entity.EntityLoader - Static select for entity jw.lab4.checkers.Database.Move [NONE]: select move0_.id as id8_0_, move0_.field_one as field2_8_0_, move0_.field_two as field3_8_0_ from Moves move0_ where move0_.id=?
01:28:06.680 [main] DEBUG o.h.loader.entity.EntityLoader - Static select for entity jw.lab4.checkers.Database.Move [READ]: select move0_.id as id8_0_, move0_.field_one as field2_8_0_, move0_.field_two as field3_8_0_ from Moves move0_ where move0_.id=?
01:28:06.680 [main] DEBUG o.h.loader.entity.EntityLoader - Static select for entity jw.lab4.checkers.Database.Move [UPGRADE]: select move0_.id as id8_0_, move0_.field_one as field2_8_0_, move0_.field_two as field3_8_0_ from Moves move0_ where move0_.id=? for update
01:28:06.681 [main] DEBUG o.h.loader.entity.EntityLoader - Static select for entity jw.lab4.checkers.Database.Move [UPGRADE_NOWAIT]: select move0_.id as id8_0_, move0_.field_one as field2_8_0_, move0_.field_two as field3_8_0_ from Moves move0_ where move0_.id=? for update
01:28:06.681 [main] DEBUG o.h.loader.entity.EntityLoader - Static select for entity jw.lab4.checkers.Database.Move [FORCE]: select move0_.id as id8_0_, move0_.field_one as field2_8_0_, move0_.field_two as field3_8_0_ from Moves move0_ where move0_.id=? for update
01:28:06.681 [main] DEBUG o.h.loader.entity.EntityLoader - Static select for entity jw.lab4.checkers.Database.Move [PESSIMISTIC_READ]: select move0_.id as id8_0_, move0_.field_one as field2_8_0_, move0_.field_two as field3_8_0_ from Moves move0_ where move0_.id=? lock in share mode
01:28:06.681 [main] DEBUG o.h.loader.entity.EntityLoader - Static select for entity jw.lab4.checkers.Database.Move [PESSIMISTIC_WRITE]: select move0_.id as id8_0_, move0_.field_one as field2_8_0_, move0_.field_two as field3_8_0_ from Moves move0_ where move0_.id=? for update
01:28:06.681 [main] DEBUG o.h.loader.entity.EntityLoader - Static select for entity jw.lab4.checkers.Database.Move [PESSIMISTIC_FORCE_INCREMENT]: select move0_.id as id8_0_, move0_.field_one as field2_8_0_, move0_.field_two as field3_8_0_ from Moves move0_ where move0_.id=? for update
01:28:06.681 [main] DEBUG o.h.loader.entity.EntityLoader - Static select for entity jw.lab4.checkers.Database.Move [OPTIMISTIC]: select move0_.id as id8_0_, move0_.field_one as field2_8_0_, move0_.field_two as field3_8_0_ from Moves move0_ where move0_.id=?
01:28:06.681 [main] DEBUG o.h.loader.entity.EntityLoader - Static select for entity jw.lab4.checkers.Database.Move [OPTIMISTIC_FORCE_INCREMENT]: select move0_.id as id8_0_, move0_.field_one as field2_8_0_, move0_.field_two as field3_8_0_ from Moves move0_ where move0_.id=?
01:28:06.682 [main] DEBUG o.h.loader.entity.EntityLoader - Static select for action ACTION_MERGE on entity jw.lab4.checkers.Database.Move: select move0_.id as id8_0_, move0_.field_one as field2_8_0_, move0_.field_two as field3_8_0_ from Moves move0_ where move0_.id=?
01:28:06.682 [main] DEBUG o.h.loader.entity.EntityLoader - Static select for action ACTION_REFRESH on entity jw.lab4.checkers.Database.Move: select move0_.id as id8_0_, move0_.field_one as field2_8_0_, move0_.field_two as field3_8_0_ from Moves move0_ where move0_.id=?
01:28:06.682 [main] DEBUG o.h.l.collection.OneToManyLoader - Static select for one-to-many jw.lab4.checkers.Database.Game.players: select players0_.game_id as game4_6_1_, players0_.id as id1_, players0_.player_number as player2_1_, players0_.id as id7_0_, players0_.player_number as player2_7_0_, players0_.nickname as nickname7_0_ from Players players0_ where players0_.game_id=?
01:28:06.682 [main] DEBUG o.h.l.collection.OneToManyLoader - Static select for one-to-many jw.lab4.checkers.Database.Game.moves: select moves0_.game_id as game4_6_1_, moves0_.id as id1_, moves0_.move_id as move5_1_, moves0_.id as id8_0_, moves0_.field_one as field2_8_0_, moves0_.field_two as field3_8_0_ from Moves moves0_ where moves0_.game_id=?
01:28:06.683 [main] DEBUG o.h.impl.SessionFactoryObjectFactory - registered: c8b9b4e9-1b29-48e4-ae3c-a5adf400d260 (unnamed)
01:28:06.683 [main] INFO  o.h.impl.SessionFactoryObjectFactory - Not binding factory to JNDI, no JNDI name configured
01:28:06.683 [main] DEBUG o.hibernate.impl.SessionFactoryImpl - instantiated session factory
01:28:06.683 [main] DEBUG o.hibernate.impl.SessionFactoryImpl - Checking 0 named HQL queries
01:28:06.683 [main] DEBUG o.hibernate.impl.SessionFactoryImpl - Checking 0 named SQL queries
I'm client
New player: 0
Ex:0;7
JOIN;1;-1;-1;
01:28:07.067 [pool-1-thread-1] DEBUG org.hibernate.impl.SessionImpl - opened session at timestamp: 16435024870
01:28:07.068 [pool-1-thread-1] DEBUG o.h.e.def.AbstractSaveEventListener - executing identity-insert immediately
01:28:07.068 [pool-1-thread-1] DEBUG org.hibernate.jdbc.AbstractBatcher - about to open PreparedStatement (open PreparedStatements: 0, globally: 0)
01:28:07.068 [pool-1-thread-1] DEBUG org.hibernate.jdbc.ConnectionManager - opening JDBC connection
01:28:07.068 [pool-1-thread-1] DEBUG org.hibernate.SQL - insert into Games (players_number) values (?)
01:28:07.078 [pool-1-thread-1] DEBUG o.h.id.IdentifierGeneratorHelper - Natively generated identity: 7
01:28:07.078 [pool-1-thread-1] DEBUG org.hibernate.jdbc.AbstractBatcher - about to close PreparedStatement (open PreparedStatements: 1, globally: 1)
01:28:07.080 [pool-1-thread-1] DEBUG o.h.e.d.AbstractFlushingEventListener - processing flush-time cascades
01:28:07.081 [pool-1-thread-1] DEBUG o.h.e.d.AbstractFlushingEventListener - dirty checking collections
01:28:07.081 [pool-1-thread-1] DEBUG org.hibernate.engine.Collections - Collection found: [jw.lab4.checkers.Database.Game.players#7], was: [<unreferenced>] (initialized)
01:28:07.081 [pool-1-thread-1] DEBUG org.hibernate.engine.Collections - Collection found: [jw.lab4.checkers.Database.Game.moves#7], was: [<unreferenced>] (initialized)
01:28:07.081 [pool-1-thread-1] DEBUG o.h.e.d.AbstractFlushingEventListener - Flushed: 0 insertions, 0 updates, 0 deletions to 1 objects
01:28:07.081 [pool-1-thread-1] DEBUG o.h.e.d.AbstractFlushingEventListener - Flushed: 2 (re)creations, 0 updates, 0 removals to 2 collections
01:28:07.081 [pool-1-thread-1] DEBUG org.hibernate.pretty.Printer - listing entities:
01:28:07.082 [pool-1-thread-1] DEBUG org.hibernate.pretty.Printer - jw.lab4.checkers.Database.Game{players=[], moves=[], playersNumber=0, id=7}
01:28:07.082 [pool-1-thread-1] DEBUG o.h.p.c.AbstractCollectionPersister - Inserting collection: [jw.lab4.checkers.Database.Game.players#7]
01:28:07.082 [pool-1-thread-1] DEBUG o.h.p.c.AbstractCollectionPersister - collection was empty
01:28:07.082 [pool-1-thread-1] DEBUG o.h.p.c.AbstractCollectionPersister - Inserting collection: [jw.lab4.checkers.Database.Game.moves#7]
01:28:07.082 [pool-1-thread-1] DEBUG o.h.p.c.AbstractCollectionPersister - collection was empty
01:28:07.082 [pool-1-thread-1] DEBUG org.hibernate.jdbc.ConnectionManager - releasing JDBC connection [ (open PreparedStatements: 0, globally: 0) (open ResultSets: 0, globally: 0)]
01:28:07.082 [pool-1-thread-1] DEBUG org.hibernate.jdbc.ConnectionManager - transaction completed on session with on_close connection release mode; be sure to close the session to release JDBC resources!
I'm client
New player: 1
Ex:1;7
JOIN;2;-1;-1;
01:28:07.181 [pool-1-thread-1] DEBUG org.hibernate.impl.SessionImpl - opened session at timestamp: 16435024871
01:28:07.182 [pool-1-thread-1] DEBUG o.h.e.d.AbstractFlushingEventListener - processing flush-time cascades
01:28:07.182 [pool-1-thread-1] DEBUG o.h.e.d.AbstractFlushingEventListener - dirty checking collections
01:28:07.182 [pool-1-thread-1] DEBUG org.hibernate.engine.Collections - Collection found: [jw.lab4.checkers.Database.Game.players#7], was: [jw.lab4.checkers.Database.Game.players#7] (initialized)
01:28:07.182 [pool-1-thread-1] DEBUG org.hibernate.engine.Collections - Collection found: [jw.lab4.checkers.Database.Game.moves#7], was: [jw.lab4.checkers.Database.Game.moves#7] (initialized)
01:28:07.182 [pool-1-thread-1] DEBUG o.h.e.d.AbstractFlushingEventListener - Flushed: 0 insertions, 1 updates, 0 deletions to 1 objects
01:28:07.182 [pool-1-thread-1] DEBUG o.h.e.d.AbstractFlushingEventListener - Flushed: 0 (re)creations, 0 updates, 0 removals to 2 collections
01:28:07.182 [pool-1-thread-1] DEBUG org.hibernate.pretty.Printer - listing entities:
01:28:07.182 [pool-1-thread-1] DEBUG org.hibernate.pretty.Printer - jw.lab4.checkers.Database.Game{players=[], moves=[], playersNumber=0, id=7}
01:28:07.182 [pool-1-thread-1] DEBUG org.hibernate.jdbc.AbstractBatcher - about to open PreparedStatement (open PreparedStatements: 0, globally: 0)
01:28:07.182 [pool-1-thread-1] DEBUG org.hibernate.jdbc.ConnectionManager - opening JDBC connection
01:28:07.182 [pool-1-thread-1] DEBUG org.hibernate.SQL - update Games set players_number=? where id=?
01:28:07.182 [pool-1-thread-1] DEBUG org.hibernate.jdbc.AbstractBatcher - Executing batch size: 1
01:28:07.183 [pool-1-thread-1] DEBUG org.hibernate.jdbc.AbstractBatcher - about to close PreparedStatement (open PreparedStatements: 1, globally: 1)
01:28:07.183 [pool-1-thread-1] DEBUG org.hibernate.jdbc.ConnectionManager - releasing JDBC connection [ (open PreparedStatements: 0, globally: 0) (open ResultSets: 0, globally: 0)]
01:28:07.183 [pool-1-thread-1] DEBUG org.hibernate.jdbc.ConnectionManager - transaction completed on session with on_close connection release mode; be sure to close the session to release JDBC resources!
I'm client
New player: 2
01:28:07.220 [pool-1-thread-1] DEBUG org.hibernate.impl.SessionImpl - opened session at timestamp: 16435024872
Ex:2;7
JOIN;3;-1;-1;
01:28:07.222 [pool-1-thread-1] DEBUG o.h.e.d.AbstractFlushingEventListener - processing flush-time cascades
01:28:07.222 [pool-1-thread-1] DEBUG o.h.e.d.AbstractFlushingEventListener - dirty checking collections
01:28:07.222 [pool-1-thread-1] DEBUG org.hibernate.engine.Collections - Collection found: [jw.lab4.checkers.Database.Game.players#7], was: [jw.lab4.checkers.Database.Game.players#7] (initialized)
01:28:07.222 [pool-1-thread-1] DEBUG org.hibernate.engine.Collections - Collection found: [jw.lab4.checkers.Database.Game.moves#7], was: [jw.lab4.checkers.Database.Game.moves#7] (initialized)
01:28:07.223 [pool-1-thread-1] DEBUG o.h.e.d.AbstractFlushingEventListener - Flushed: 0 insertions, 1 updates, 0 deletions to 1 objects
01:28:07.223 [pool-1-thread-1] DEBUG o.h.e.d.AbstractFlushingEventListener - Flushed: 0 (re)creations, 0 updates, 0 removals to 2 collections
01:28:07.223 [pool-1-thread-1] DEBUG org.hibernate.pretty.Printer - listing entities:
01:28:07.223 [pool-1-thread-1] DEBUG org.hibernate.pretty.Printer - jw.lab4.checkers.Database.Game{players=[], moves=[], playersNumber=0, id=7}
01:28:07.223 [pool-1-thread-1] DEBUG org.hibernate.jdbc.AbstractBatcher - about to open PreparedStatement (open PreparedStatements: 0, globally: 0)
01:28:07.223 [pool-1-thread-1] DEBUG org.hibernate.jdbc.ConnectionManager - opening JDBC connection
01:28:07.223 [pool-1-thread-1] DEBUG org.hibernate.SQL - update Games set players_number=? where id=?
01:28:07.223 [pool-1-thread-1] DEBUG org.hibernate.jdbc.AbstractBatcher - Executing batch size: 1
01:28:07.228 [pool-1-thread-1] DEBUG org.hibernate.jdbc.AbstractBatcher - about to close PreparedStatement (open PreparedStatements: 1, globally: 1)
01:28:07.228 [pool-1-thread-1] DEBUG org.hibernate.jdbc.ConnectionManager - releasing JDBC connection [ (open PreparedStatements: 0, globally: 0) (open ResultSets: 0, globally: 0)]
01:28:07.228 [pool-1-thread-1] DEBUG org.hibernate.jdbc.ConnectionManager - transaction completed on session with on_close connection release mode; be sure to close the session to release JDBC resources!
Too many ready players
]]></system-out>
    <system-err><![CDATA[Jan 30, 2022 1:28:06 AM org.springframework.context.support.ClassPathXmlApplicationContext prepareRefresh
INFO: Refreshing org.springframework.context.support.ClassPathXmlApplicationContext@44f3fe83: startup date [Sun Jan 30 01:28:06 CET 2022]; root of context hierarchy
Jan 30, 2022 1:28:06 AM org.springframework.beans.factory.xml.XmlBeanDefinitionReader loadBeanDefinitions
INFO: Loading XML bean definitions from class path resource [applicationContext.xml]
Jan 30, 2022 1:28:06 AM org.springframework.orm.hibernate3.LocalSessionFactoryBean buildSessionFactory
INFO: Building new Hibernate SessionFactory
Exception in thread "pool-2-thread-1" java.lang.ArrayIndexOutOfBoundsException: Index 4 out of bounds for length 4
	at jw.lab4.checkers.MoveInstructions.deserialize(MoveInstructions.java:81)
	at jw.lab4.checkers.UserInternet.process(UserInternet.java:167)
	at jw.lab4.checkers.UserInternet.access$100(UserInternet.java:15)
	at jw.lab4.checkers.UserInternet$Communicator.receiveLoop(UserInternet.java:276)
	at jw.lab4.checkers.UserInternet$Communicator.run(UserInternet.java:253)
	at jw.lab4.checkers.UserInternet.asClient(UserInternet.java:138)
	at jw.lab4.checkers.UserInternet.run(UserInternet.java:62)
	at java.base/java.util.concurrent.ThreadPoolExecutor.runWorker(ThreadPoolExecutor.java:1136)
	at java.base/java.util.concurrent.ThreadPoolExecutor$Worker.run(ThreadPoolExecutor.java:635)
	at java.base/java.lang.Thread.run(Thread.java:833)
Exception in thread "pool-3-thread-1" java.lang.ArrayIndexOutOfBoundsException: Index 4 out of bounds for length 4
	at jw.lab4.checkers.MoveInstructions.deserialize(MoveInstructions.java:81)
	at jw.lab4.checkers.UserInternet.process(UserInternet.java:167)
	at jw.lab4.checkers.UserInternet.access$100(UserInternet.java:15)
	at jw.lab4.checkers.UserInternet$Communicator.receiveLoop(UserInternet.java:276)
	at jw.lab4.checkers.UserInternet$Communicator.run(UserInternet.java:253)
	at jw.lab4.checkers.UserInternet.asClient(UserInternet.java:138)
	at jw.lab4.checkers.UserInternet.run(UserInternet.java:62)
	at java.base/java.util.concurrent.ThreadPoolExecutor.runWorker(ThreadPoolExecutor.java:1136)
	at java.base/java.util.concurrent.ThreadPoolExecutor$Worker.run(ThreadPoolExecutor.java:635)
	at java.base/java.lang.Thread.run(Thread.java:833)
Exception in thread "pool-4-thread-1" java.lang.ArrayIndexOutOfBoundsException: Index 4 out of bounds for length 4
	at jw.lab4.checkers.MoveInstructions.deserialize(MoveInstructions.java:81)
	at jw.lab4.checkers.UserInternet.process(UserInternet.java:167)
	at jw.lab4.checkers.UserInternet.access$100(UserInternet.java:15)
	at jw.lab4.checkers.UserInternet$Communicator.receiveLoop(UserInternet.java:276)
	at jw.lab4.checkers.UserInternet$Communicator.run(UserInternet.java:253)
	at jw.lab4.checkers.UserInternet.asClient(UserInternet.java:138)
	at jw.lab4.checkers.UserInternet.run(UserInternet.java:62)
	at java.base/java.util.concurrent.ThreadPoolExecutor.runWorker(ThreadPoolExecutor.java:1136)
	at java.base/java.util.concurrent.ThreadPoolExecutor$Worker.run(ThreadPoolExecutor.java:635)
	at java.base/java.lang.Thread.run(Thread.java:833)
]]></system-err>
  </testcase>
  <testcase name="connectingReconnecting" classname="jw.lab4.checkers.AppTest" time="1.353">
    <failure type="java.lang.AssertionError">java.lang.AssertionError
	at jw.lab4.checkers.AppTest.startGame(AppTest.java:180)
	at jw.lab4.checkers.AppTest.startGames(AppTest.java:161)
	at jw.lab4.checkers.AppTest.connectingReconnecting(AppTest.java:146)
</failure>
    <system-out><![CDATA[I'm server
01:28:07.502 [main] DEBUG org.hibernate.type.BasicTypeRegistry - Adding type registration boolean -> org.hibernate.type.BooleanType@50d13246
01:28:07.502 [main] DEBUG org.hibernate.type.BasicTypeRegistry - Adding type registration boolean -> org.hibernate.type.BooleanType@50d13246
01:28:07.502 [main] DEBUG org.hibernate.type.BasicTypeRegistry - Adding type registration java.lang.Boolean -> org.hibernate.type.BooleanType@50d13246
01:28:07.502 [main] DEBUG org.hibernate.type.BasicTypeRegistry - Adding type registration numeric_boolean -> org.hibernate.type.NumericBooleanType@6f63b475
01:28:07.502 [main] DEBUG org.hibernate.type.BasicTypeRegistry - Adding type registration true_false -> org.hibernate.type.TrueFalseType@1a20270e
01:28:07.502 [main] DEBUG org.hibernate.type.BasicTypeRegistry - Adding type registration yes_no -> org.hibernate.type.YesNoType@34158c08
01:28:07.502 [main] DEBUG org.hibernate.type.BasicTypeRegistry - Adding type registration byte -> org.hibernate.type.ByteType@3fc9504b
01:28:07.502 [main] DEBUG org.hibernate.type.BasicTypeRegistry - Adding type registration byte -> org.hibernate.type.ByteType@3fc9504b
01:28:07.502 [main] DEBUG org.hibernate.type.BasicTypeRegistry - Adding type registration java.lang.Byte -> org.hibernate.type.ByteType@3fc9504b
01:28:07.502 [main] DEBUG org.hibernate.type.BasicTypeRegistry - Adding type registration character -> org.hibernate.type.CharacterType@72437d8d
01:28:07.502 [main] DEBUG org.hibernate.type.BasicTypeRegistry - Adding type registration char -> org.hibernate.type.CharacterType@72437d8d
01:28:07.502 [main] DEBUG org.hibernate.type.BasicTypeRegistry - Adding type registration java.lang.Character -> org.hibernate.type.CharacterType@72437d8d
01:28:07.502 [main] DEBUG org.hibernate.type.BasicTypeRegistry - Adding type registration short -> org.hibernate.type.ShortType@3a4621bd
01:28:07.502 [main] DEBUG org.hibernate.type.BasicTypeRegistry - Adding type registration short -> org.hibernate.type.ShortType@3a4621bd
01:28:07.502 [main] DEBUG org.hibernate.type.BasicTypeRegistry - Adding type registration java.lang.Short -> org.hibernate.type.ShortType@3a4621bd
01:28:07.502 [main] DEBUG org.hibernate.type.BasicTypeRegistry - Adding type registration integer -> org.hibernate.type.IntegerType@40db2a24
01:28:07.502 [main] DEBUG org.hibernate.type.BasicTypeRegistry - Adding type registration int -> org.hibernate.type.IntegerType@40db2a24
01:28:07.502 [main] DEBUG org.hibernate.type.BasicTypeRegistry - Adding type registration java.lang.Integer -> org.hibernate.type.IntegerType@40db2a24
01:28:07.502 [main] DEBUG org.hibernate.type.BasicTypeRegistry - Adding type registration long -> org.hibernate.type.LongType@30af5b6b
01:28:07.502 [main] DEBUG org.hibernate.type.BasicTypeRegistry - Adding type registration long -> org.hibernate.type.LongType@30af5b6b
01:28:07.502 [main] DEBUG org.hibernate.type.BasicTypeRegistry - Adding type registration java.lang.Long -> org.hibernate.type.LongType@30af5b6b
01:28:07.502 [main] DEBUG org.hibernate.type.BasicTypeRegistry - Adding type registration float -> org.hibernate.type.FloatType@2e1ef60
01:28:07.502 [main] DEBUG org.hibernate.type.BasicTypeRegistry - Adding type registration float -> org.hibernate.type.FloatType@2e1ef60
01:28:07.502 [main] DEBUG org.hibernate.type.BasicTypeRegistry - Adding type registration java.lang.Float -> org.hibernate.type.FloatType@2e1ef60
01:28:07.502 [main] DEBUG org.hibernate.type.BasicTypeRegistry - Adding type registration double -> org.hibernate.type.DoubleType@1b7c473a
01:28:07.502 [main] DEBUG org.hibernate.type.BasicTypeRegistry - Adding type registration double -> org.hibernate.type.DoubleType@1b7c473a
01:28:07.503 [main] DEBUG org.hibernate.type.BasicTypeRegistry - Adding type registration java.lang.Double -> org.hibernate.type.DoubleType@1b7c473a
01:28:07.503 [main] DEBUG org.hibernate.type.BasicTypeRegistry - Adding type registration big_decimal -> org.hibernate.type.BigDecimalType@71812481
01:28:07.503 [main] DEBUG org.hibernate.type.BasicTypeRegistry - Adding type registration java.math.BigDecimal -> org.hibernate.type.BigDecimalType@71812481
01:28:07.503 [main] DEBUG org.hibernate.type.BasicTypeRegistry - Adding type registration big_integer -> org.hibernate.type.BigIntegerType@561868a0
01:28:07.503 [main] DEBUG org.hibernate.type.BasicTypeRegistry - Adding type registration java.math.BigInteger -> org.hibernate.type.BigIntegerType@561868a0
01:28:07.503 [main] DEBUG org.hibernate.type.BasicTypeRegistry - Adding type registration string -> org.hibernate.type.StringType@42bc14c1
01:28:07.503 [main] DEBUG org.hibernate.type.BasicTypeRegistry - Adding type registration java.lang.String -> org.hibernate.type.StringType@42bc14c1
01:28:07.503 [main] DEBUG org.hibernate.type.BasicTypeRegistry - Adding type registration url -> org.hibernate.type.UrlType@25aca718
01:28:07.503 [main] DEBUG org.hibernate.type.BasicTypeRegistry - Adding type registration java.net.URL -> org.hibernate.type.UrlType@25aca718
01:28:07.503 [main] DEBUG org.hibernate.type.BasicTypeRegistry - Adding type registration date -> org.hibernate.type.DateType@289710d9
01:28:07.503 [main] DEBUG org.hibernate.type.BasicTypeRegistry - Adding type registration java.sql.Date -> org.hibernate.type.DateType@289710d9
01:28:07.503 [main] DEBUG org.hibernate.type.BasicTypeRegistry - Adding type registration time -> org.hibernate.type.TimeType@3e7dd664
01:28:07.503 [main] DEBUG org.hibernate.type.BasicTypeRegistry - Adding type registration java.sql.Time -> org.hibernate.type.TimeType@3e7dd664
01:28:07.503 [main] DEBUG org.hibernate.type.BasicTypeRegistry - Adding type registration timestamp -> org.hibernate.type.TimestampType@525575
01:28:07.503 [main] DEBUG org.hibernate.type.BasicTypeRegistry - Adding type registration java.sql.Timestamp -> org.hibernate.type.TimestampType@525575
01:28:07.503 [main] DEBUG org.hibernate.type.BasicTypeRegistry - Adding type registration java.util.Date -> org.hibernate.type.TimestampType@525575
01:28:07.503 [main] DEBUG org.hibernate.type.BasicTypeRegistry - Adding type registration dbtimestamp -> org.hibernate.type.DbTimestampType@6ad3381f
01:28:07.503 [main] DEBUG org.hibernate.type.BasicTypeRegistry - Adding type registration calendar -> org.hibernate.type.CalendarType@18a136ac
01:28:07.503 [main] DEBUG org.hibernate.type.BasicTypeRegistry - Adding type registration java.util.Calendar -> org.hibernate.type.CalendarType@18a136ac
01:28:07.503 [main] DEBUG org.hibernate.type.BasicTypeRegistry - Adding type registration java.util.GregorianCalendar -> org.hibernate.type.CalendarType@18a136ac
01:28:07.503 [main] DEBUG org.hibernate.type.BasicTypeRegistry - Adding type registration calendar_date -> org.hibernate.type.CalendarDateType@421bba99
01:28:07.503 [main] DEBUG org.hibernate.type.BasicTypeRegistry - Adding type registration locale -> org.hibernate.type.LocaleType@4fad9bb2
01:28:07.503 [main] DEBUG org.hibernate.type.BasicTypeRegistry - Adding type registration java.util.Locale -> org.hibernate.type.LocaleType@4fad9bb2
01:28:07.504 [main] DEBUG org.hibernate.type.BasicTypeRegistry - Adding type registration currency -> org.hibernate.type.CurrencyType@38831718
01:28:07.504 [main] DEBUG org.hibernate.type.BasicTypeRegistry - Adding type registration java.util.Currency -> org.hibernate.type.CurrencyType@38831718
01:28:07.504 [main] DEBUG org.hibernate.type.BasicTypeRegistry - Adding type registration timezone -> org.hibernate.type.TimeZoneType@512535ff
01:28:07.504 [main] DEBUG org.hibernate.type.BasicTypeRegistry - Adding type registration java.util.TimeZone -> org.hibernate.type.TimeZoneType@512535ff
01:28:07.504 [main] DEBUG org.hibernate.type.BasicTypeRegistry - Adding type registration class -> org.hibernate.type.ClassType@7241a47d
01:28:07.504 [main] DEBUG org.hibernate.type.BasicTypeRegistry - Adding type registration java.lang.Class -> org.hibernate.type.ClassType@7241a47d
01:28:07.504 [main] DEBUG org.hibernate.type.BasicTypeRegistry - Adding type registration uuid-binary -> org.hibernate.type.UUIDBinaryType@a22cb6a
01:28:07.504 [main] DEBUG org.hibernate.type.BasicTypeRegistry - Adding type registration java.util.UUID -> org.hibernate.type.UUIDBinaryType@a22cb6a
01:28:07.504 [main] DEBUG org.hibernate.type.BasicTypeRegistry - Adding type registration uuid-char -> org.hibernate.type.UUIDCharType@324a0017
01:28:07.504 [main] DEBUG org.hibernate.type.BasicTypeRegistry - Adding type registration pg-uuid -> org.hibernate.type.PostgresUUIDType@22bac7bc
01:28:07.504 [main] DEBUG org.hibernate.type.BasicTypeRegistry - Adding type registration binary -> org.hibernate.type.BinaryType@43f82e78
01:28:07.504 [main] DEBUG org.hibernate.type.BasicTypeRegistry - Adding type registration byte[] -> org.hibernate.type.BinaryType@43f82e78
01:28:07.504 [main] DEBUG org.hibernate.type.BasicTypeRegistry - Adding type registration [B -> org.hibernate.type.BinaryType@43f82e78
01:28:07.504 [main] DEBUG org.hibernate.type.BasicTypeRegistry - Adding type registration wrapper-binary -> org.hibernate.type.WrapperBinaryType@530712d
01:28:07.504 [main] DEBUG org.hibernate.type.BasicTypeRegistry - Adding type registration Byte[] -> org.hibernate.type.WrapperBinaryType@530712d
01:28:07.504 [main] DEBUG org.hibernate.type.BasicTypeRegistry - Adding type registration [Ljava.lang.Byte; -> org.hibernate.type.WrapperBinaryType@530712d
01:28:07.505 [main] DEBUG org.hibernate.type.BasicTypeRegistry - Adding type registration image -> org.hibernate.type.ImageType@45fd9a4d
01:28:07.505 [main] DEBUG org.hibernate.type.BasicTypeRegistry - Adding type registration characters -> org.hibernate.type.CharArrayType@16c63f5
01:28:07.505 [main] DEBUG org.hibernate.type.BasicTypeRegistry - Adding type registration char[] -> org.hibernate.type.CharArrayType@16c63f5
01:28:07.505 [main] DEBUG org.hibernate.type.BasicTypeRegistry - Adding type registration [C -> org.hibernate.type.CharArrayType@16c63f5
01:28:07.505 [main] DEBUG org.hibernate.type.BasicTypeRegistry - Adding type registration wrapper-characters -> org.hibernate.type.CharacterArrayType@74eb909f
01:28:07.505 [main] DEBUG org.hibernate.type.BasicTypeRegistry - Adding type registration [Ljava.lang.Character; -> org.hibernate.type.CharacterArrayType@74eb909f
01:28:07.505 [main] DEBUG org.hibernate.type.BasicTypeRegistry - Adding type registration Character[] -> org.hibernate.type.CharacterArrayType@74eb909f
01:28:07.505 [main] DEBUG org.hibernate.type.BasicTypeRegistry - Adding type registration text -> org.hibernate.type.TextType@13d9b21f
01:28:07.505 [main] DEBUG org.hibernate.type.BasicTypeRegistry - Adding type registration blob -> org.hibernate.type.BlobType@6179e425
01:28:07.505 [main] DEBUG org.hibernate.type.BasicTypeRegistry - Adding type registration java.sql.Blob -> org.hibernate.type.BlobType@6179e425
01:28:07.505 [main] DEBUG org.hibernate.type.BasicTypeRegistry - Adding type registration materialized_blob -> org.hibernate.type.MaterializedBlobType@49c6c24f
01:28:07.505 [main] DEBUG org.hibernate.type.BasicTypeRegistry - Adding type registration wrapper_materialized_blob -> org.hibernate.type.WrappedMaterializedBlobType@6399551e
01:28:07.506 [main] DEBUG org.hibernate.type.BasicTypeRegistry - Adding type registration clob -> org.hibernate.type.ClobType@604c5de8
01:28:07.506 [main] DEBUG org.hibernate.type.BasicTypeRegistry - Adding type registration java.sql.Clob -> org.hibernate.type.ClobType@604c5de8
01:28:07.506 [main] DEBUG org.hibernate.type.BasicTypeRegistry - Adding type registration materialized_clob -> org.hibernate.type.MaterializedClobType@550a1967
01:28:07.506 [main] DEBUG org.hibernate.type.BasicTypeRegistry - Adding type registration wrapper_characters_clob -> org.hibernate.type.CharacterArrayClobType@5d8bafa9
01:28:07.506 [main] DEBUG org.hibernate.type.BasicTypeRegistry - Adding type registration characters_clob -> org.hibernate.type.PrimitiveCharacterArrayClobType@ff684e1
01:28:07.506 [main] DEBUG org.hibernate.type.BasicTypeRegistry - Adding type registration serializable -> org.hibernate.type.SerializableType@1e8ce150
01:28:07.506 [main] DEBUG org.hibernate.type.BasicTypeRegistry - Adding type registration object -> org.hibernate.type.ObjectType@75cd8043
01:28:07.506 [main] DEBUG org.hibernate.type.BasicTypeRegistry - Adding type registration java.lang.Object -> org.hibernate.type.ObjectType@75cd8043
01:28:07.506 [main] DEBUG org.hibernate.type.BasicTypeRegistry - Adding type registration imm_date -> org.hibernate.type.AdaptedImmutableType@61f39bb
01:28:07.506 [main] DEBUG org.hibernate.type.BasicTypeRegistry - Adding type registration imm_time -> org.hibernate.type.AdaptedImmutableType@249e0271
01:28:07.506 [main] DEBUG org.hibernate.type.BasicTypeRegistry - Adding type registration imm_timestamp -> org.hibernate.type.AdaptedImmutableType@4893b344
01:28:07.506 [main] DEBUG org.hibernate.type.BasicTypeRegistry - Adding type registration imm_dbtimestamp -> org.hibernate.type.AdaptedImmutableType@53a665ad
01:28:07.506 [main] DEBUG org.hibernate.type.BasicTypeRegistry - Adding type registration imm_calendar -> org.hibernate.type.AdaptedImmutableType@2c0b4c83
01:28:07.506 [main] DEBUG org.hibernate.type.BasicTypeRegistry - Adding type registration imm_calendar_date -> org.hibernate.type.AdaptedImmutableType@78525ef9
01:28:07.506 [main] DEBUG org.hibernate.type.BasicTypeRegistry - Adding type registration imm_binary -> org.hibernate.type.AdaptedImmutableType@2d0ecb24
01:28:07.507 [main] DEBUG org.hibernate.type.BasicTypeRegistry - Adding type registration imm_serializable -> org.hibernate.type.AdaptedImmutableType@4d654825
01:28:07.507 [main] DEBUG o.h.i.f.DefaultIdentifierGeneratorFactory - Registering IdentifierGenerator strategy [uuid2] -> [class org.hibernate.id.UUIDGenerator]
01:28:07.507 [main] DEBUG o.h.i.f.DefaultIdentifierGeneratorFactory - Registering IdentifierGenerator strategy [guid] -> [class org.hibernate.id.GUIDGenerator]
01:28:07.507 [main] DEBUG o.h.i.f.DefaultIdentifierGeneratorFactory - Registering IdentifierGenerator strategy [uuid] -> [class org.hibernate.id.UUIDHexGenerator]
01:28:07.507 [main] DEBUG o.h.i.f.DefaultIdentifierGeneratorFactory - Registering IdentifierGenerator strategy [uuid.hex] -> [class org.hibernate.id.UUIDHexGenerator]
01:28:07.507 [main] DEBUG o.h.i.f.DefaultIdentifierGeneratorFactory - Registering IdentifierGenerator strategy [hilo] -> [class org.hibernate.id.TableHiLoGenerator]
01:28:07.507 [main] DEBUG o.h.i.f.DefaultIdentifierGeneratorFactory - Registering IdentifierGenerator strategy [assigned] -> [class org.hibernate.id.Assigned]
01:28:07.507 [main] DEBUG o.h.i.f.DefaultIdentifierGeneratorFactory - Registering IdentifierGenerator strategy [identity] -> [class org.hibernate.id.IdentityGenerator]
01:28:07.507 [main] DEBUG o.h.i.f.DefaultIdentifierGeneratorFactory - Registering IdentifierGenerator strategy [select] -> [class org.hibernate.id.SelectGenerator]
01:28:07.507 [main] DEBUG o.h.i.f.DefaultIdentifierGeneratorFactory - Registering IdentifierGenerator strategy [sequence] -> [class org.hibernate.id.SequenceGenerator]
01:28:07.507 [main] DEBUG o.h.i.f.DefaultIdentifierGeneratorFactory - Registering IdentifierGenerator strategy [seqhilo] -> [class org.hibernate.id.SequenceHiLoGenerator]
01:28:07.507 [main] DEBUG o.h.i.f.DefaultIdentifierGeneratorFactory - Registering IdentifierGenerator strategy [increment] -> [class org.hibernate.id.IncrementGenerator]
01:28:07.507 [main] DEBUG o.h.i.f.DefaultIdentifierGeneratorFactory - Registering IdentifierGenerator strategy [foreign] -> [class org.hibernate.id.ForeignGenerator]
01:28:07.507 [main] DEBUG o.h.i.f.DefaultIdentifierGeneratorFactory - Registering IdentifierGenerator strategy [sequence-identity] -> [class org.hibernate.id.SequenceIdentityGenerator]
01:28:07.507 [main] DEBUG o.h.i.f.DefaultIdentifierGeneratorFactory - Registering IdentifierGenerator strategy [enhanced-sequence] -> [class org.hibernate.id.enhanced.SequenceStyleGenerator]
01:28:07.507 [main] DEBUG o.h.i.f.DefaultIdentifierGeneratorFactory - Registering IdentifierGenerator strategy [enhanced-table] -> [class org.hibernate.id.enhanced.TableGenerator]
01:28:07.511 [main] DEBUG org.hibernate.util.DTDEntityResolver - trying to resolve system-id [http://www.hibernate.org/dtd/hibernate-mapping-3.0.dtd]
01:28:07.511 [main] DEBUG org.hibernate.util.DTDEntityResolver - recognized hibernate namespace; attempting to resolve on classpath under org/hibernate/
01:28:07.511 [main] DEBUG org.hibernate.util.DTDEntityResolver - located [http://www.hibernate.org/dtd/hibernate-mapping-3.0.dtd] in classpath
01:28:07.524 [main] DEBUG org.hibernate.cfg.Configuration - Processing hbm.xml files
01:28:07.525 [main] INFO  org.hibernate.cfg.HbmBinder - Mapping class: jw.lab4.checkers.Database.Game -> Games
01:28:07.525 [main] DEBUG org.hibernate.cfg.HbmBinder - Mapped property: id -> id
01:28:07.525 [main] DEBUG org.hibernate.cfg.HbmBinder - Mapped property: playersNumber -> players_number
01:28:07.525 [main] DEBUG org.hibernate.cfg.HbmBinder - Mapped property: players
01:28:07.525 [main] DEBUG org.hibernate.cfg.HbmBinder - Mapped property: moves
01:28:07.526 [main] INFO  org.hibernate.cfg.HbmBinder - Mapping class: jw.lab4.checkers.Database.Player -> Players
01:28:07.526 [main] DEBUG org.hibernate.cfg.HbmBinder - Mapped property: id -> id
01:28:07.526 [main] DEBUG org.hibernate.cfg.HbmBinder - Mapped property: playerNumber -> player_number
01:28:07.526 [main] DEBUG org.hibernate.cfg.HbmBinder - Mapped property: nickname -> nickname
01:28:07.526 [main] INFO  org.hibernate.cfg.HbmBinder - Mapping class: jw.lab4.checkers.Database.Move -> Moves
01:28:07.526 [main] DEBUG org.hibernate.cfg.HbmBinder - Mapped property: id -> id
01:28:07.527 [main] DEBUG org.hibernate.cfg.HbmBinder - Mapped property: fieldOne -> field_one
01:28:07.527 [main] DEBUG org.hibernate.cfg.HbmBinder - Mapped property: fieldTwo -> field_two
01:28:07.527 [main] DEBUG org.hibernate.cfg.Configuration - Process annotated classes
01:28:07.527 [main] DEBUG org.hibernate.cfg.Configuration - processing fk mappings (*ToOne and JoinedSubclass)
01:28:07.527 [main] DEBUG org.hibernate.cfg.Configuration - processing extends queue
01:28:07.527 [main] DEBUG org.hibernate.cfg.Configuration - processing extends queue
01:28:07.527 [main] DEBUG org.hibernate.cfg.Configuration - processing collection mappings
01:28:07.527 [main] DEBUG o.hibernate.cfg.CollectionSecondPass - Second pass for collection: jw.lab4.checkers.Database.Game.players
01:28:07.527 [main] INFO  org.hibernate.cfg.HbmBinder - Mapping collection: jw.lab4.checkers.Database.Game.players -> Players
01:28:07.527 [main] DEBUG o.hibernate.cfg.CollectionSecondPass - Mapped collection key: game_id, index: player_number, one-to-many: jw.lab4.checkers.Database.Player
01:28:07.527 [main] DEBUG o.hibernate.cfg.CollectionSecondPass - Second pass for collection: jw.lab4.checkers.Database.Game.moves
01:28:07.527 [main] INFO  org.hibernate.cfg.HbmBinder - Mapping collection: jw.lab4.checkers.Database.Game.moves -> Moves
01:28:07.527 [main] DEBUG o.hibernate.cfg.CollectionSecondPass - Mapped collection key: game_id, index: move_id, one-to-many: jw.lab4.checkers.Database.Move
01:28:07.527 [main] DEBUG org.hibernate.cfg.Configuration - processing native query and ResultSetMapping mappings
01:28:07.527 [main] DEBUG org.hibernate.cfg.Configuration - processing association property references
01:28:07.527 [main] DEBUG org.hibernate.cfg.Configuration - processing foreign key constraints
01:28:07.527 [main] DEBUG org.hibernate.cfg.Configuration - resolving reference to class: jw.lab4.checkers.Database.Game
01:28:07.527 [main] DEBUG org.hibernate.cfg.Configuration - resolving reference to class: jw.lab4.checkers.Database.Game
01:28:07.528 [main] INFO  org.hibernate.cfg.Configuration - Hibernate Validator not found: ignoring
01:28:07.529 [main] DEBUG org.hibernate.cfg.Configuration - Preparing to build session factory with filters : {}
01:28:07.530 [main] DEBUG org.hibernate.cfg.Configuration - Processing hbm.xml files
01:28:07.530 [main] DEBUG org.hibernate.cfg.Configuration - Process annotated classes
01:28:07.530 [main] DEBUG org.hibernate.cfg.Configuration - processing fk mappings (*ToOne and JoinedSubclass)
01:28:07.530 [main] DEBUG org.hibernate.cfg.Configuration - processing extends queue
01:28:07.530 [main] DEBUG org.hibernate.cfg.Configuration - processing extends queue
01:28:07.530 [main] DEBUG org.hibernate.cfg.Configuration - processing collection mappings
01:28:07.530 [main] DEBUG org.hibernate.cfg.Configuration - processing native query and ResultSetMapping mappings
01:28:07.530 [main] DEBUG org.hibernate.cfg.Configuration - processing association property references
01:28:07.530 [main] DEBUG org.hibernate.cfg.Configuration - processing foreign key constraints
01:28:07.530 [main] DEBUG org.hibernate.cfg.Configuration - resolving reference to class: jw.lab4.checkers.Database.Game
01:28:07.530 [main] DEBUG org.hibernate.cfg.Configuration - resolving reference to class: jw.lab4.checkers.Database.Game
01:28:07.530 [main] DEBUG org.hibernate.cfg.Configuration - Legacy Validator not present in classpath, ignoring event listener registration
01:28:07.531 [main] DEBUG o.h.c.s.HibernateSearchEventListenerRegister - Search not present in classpath, ignoring event listener registration.
01:28:07.531 [main] INFO  o.h.c.s.HibernateSearchEventListenerRegister - Unable to find org.hibernate.search.event.FullTextIndexEventListener on the classpath. Hibernate Search is not enabled.
01:28:07.531 [main] INFO  o.h.c.ConnectionProviderFactory - Initializing connection provider: org.springframework.orm.hibernate3.LocalDataSourceConnectionProvider
01:28:07.548 [main] INFO  org.hibernate.dialect.Dialect - Using dialect: org.hibernate.dialect.MySQLDialect
01:28:07.549 [main] INFO  o.h.engine.jdbc.JdbcSupportLoader - Disabling contextual LOB creation as JDBC driver reported JDBC version [3] less than 4
01:28:07.549 [main] INFO  org.hibernate.cfg.SettingsFactory - Database ->
       name : MySQL
    version : 5.5.5-10.6.5-MariaDB
      major : 5
      minor : 5
01:28:07.549 [main] INFO  org.hibernate.cfg.SettingsFactory - Driver ->
       name : MySQL-AB JDBC Driver
    version : mysql-connector-java-5.1.9 ( Revision: ${svn.Revision} )
      major : 5
      minor : 1
01:28:07.549 [main] INFO  o.h.t.TransactionFactoryFactory - Transaction strategy: org.springframework.orm.hibernate3.SpringTransactionFactory
01:28:07.549 [main] INFO  o.h.t.TransactionManagerLookupFactory - No TransactionManagerLookup configured (in JTA environment, use of read-write or transactional second-level cache is not recommended)
01:28:07.549 [main] INFO  org.hibernate.cfg.SettingsFactory - Automatic flush during beforeCompletion(): disabled
01:28:07.549 [main] INFO  org.hibernate.cfg.SettingsFactory - Automatic session close at end of transaction: disabled
01:28:07.549 [main] INFO  org.hibernate.cfg.SettingsFactory - JDBC batch size: 15
01:28:07.549 [main] INFO  org.hibernate.cfg.SettingsFactory - JDBC batch updates for versioned data: disabled
01:28:07.549 [main] INFO  org.hibernate.cfg.SettingsFactory - Scrollable result sets: enabled
01:28:07.549 [main] DEBUG org.hibernate.cfg.SettingsFactory - Wrap result sets: disabled
01:28:07.549 [main] INFO  org.hibernate.cfg.SettingsFactory - JDBC3 getGeneratedKeys(): enabled
01:28:07.549 [main] INFO  org.hibernate.cfg.SettingsFactory - Connection release mode: auto
01:28:07.549 [main] INFO  org.hibernate.cfg.SettingsFactory - Maximum outer join fetch depth: 2
01:28:07.549 [main] INFO  org.hibernate.cfg.SettingsFactory - Default batch fetch size: 1
01:28:07.549 [main] INFO  org.hibernate.cfg.SettingsFactory - Generate SQL with comments: disabled
01:28:07.549 [main] INFO  org.hibernate.cfg.SettingsFactory - Order SQL updates by primary key: disabled
01:28:07.549 [main] INFO  org.hibernate.cfg.SettingsFactory - Order SQL inserts for batching: disabled
01:28:07.550 [main] INFO  org.hibernate.cfg.SettingsFactory - Query translator: org.hibernate.hql.ast.ASTQueryTranslatorFactory
01:28:07.550 [main] INFO  o.h.h.ast.ASTQueryTranslatorFactory - Using ASTQueryTranslatorFactory
01:28:07.550 [main] INFO  org.hibernate.cfg.SettingsFactory - Query language substitutions: {}
01:28:07.550 [main] INFO  org.hibernate.cfg.SettingsFactory - JPA-QL strict compliance: disabled
01:28:07.550 [main] INFO  org.hibernate.cfg.SettingsFactory - Second-level cache: enabled
01:28:07.550 [main] INFO  org.hibernate.cfg.SettingsFactory - Query cache: disabled
01:28:07.550 [main] INFO  org.hibernate.cfg.SettingsFactory - Cache region factory : org.hibernate.cache.impl.NoCachingRegionFactory
01:28:07.550 [main] INFO  org.hibernate.cfg.SettingsFactory - Optimize cache for minimal puts: disabled
01:28:07.550 [main] INFO  org.hibernate.cfg.SettingsFactory - Structured second-level cache entries: disabled
01:28:07.550 [main] INFO  org.hibernate.cfg.SettingsFactory - Statistics: disabled
01:28:07.550 [main] INFO  org.hibernate.cfg.SettingsFactory - Deleted entity synthetic identifier rollback: disabled
01:28:07.550 [main] INFO  org.hibernate.cfg.SettingsFactory - Default entity-mode: pojo
01:28:07.550 [main] INFO  org.hibernate.cfg.SettingsFactory - Named query checking : enabled
01:28:07.550 [main] INFO  org.hibernate.cfg.SettingsFactory - Check Nullability in Core (should be disabled when Bean Validation is on): enabled
01:28:07.553 [main] INFO  o.hibernate.impl.SessionFactoryImpl - building session factory
01:28:07.554 [main] DEBUG o.hibernate.impl.SessionFactoryImpl - Statistics initialized [enabled=false]}
01:28:07.554 [main] DEBUG org.hibernate.type.BasicTypeRegistry - Adding type registration boolean -> org.hibernate.type.BooleanType@50d13246
01:28:07.554 [main] DEBUG org.hibernate.type.BasicTypeRegistry - Adding type registration boolean -> org.hibernate.type.BooleanType@50d13246
01:28:07.554 [main] DEBUG org.hibernate.type.BasicTypeRegistry - Adding type registration java.lang.Boolean -> org.hibernate.type.BooleanType@50d13246
01:28:07.554 [main] DEBUG org.hibernate.type.BasicTypeRegistry - Adding type registration numeric_boolean -> org.hibernate.type.NumericBooleanType@6f63b475
01:28:07.554 [main] DEBUG org.hibernate.type.BasicTypeRegistry - Adding type registration true_false -> org.hibernate.type.TrueFalseType@1a20270e
01:28:07.554 [main] DEBUG org.hibernate.type.BasicTypeRegistry - Adding type registration yes_no -> org.hibernate.type.YesNoType@34158c08
01:28:07.554 [main] DEBUG org.hibernate.type.BasicTypeRegistry - Adding type registration byte -> org.hibernate.type.ByteType@3fc9504b
01:28:07.554 [main] DEBUG org.hibernate.type.BasicTypeRegistry - Adding type registration byte -> org.hibernate.type.ByteType@3fc9504b
01:28:07.554 [main] DEBUG org.hibernate.type.BasicTypeRegistry - Adding type registration java.lang.Byte -> org.hibernate.type.ByteType@3fc9504b
01:28:07.554 [main] DEBUG org.hibernate.type.BasicTypeRegistry - Adding type registration character -> org.hibernate.type.CharacterType@72437d8d
01:28:07.554 [main] DEBUG org.hibernate.type.BasicTypeRegistry - Adding type registration char -> org.hibernate.type.CharacterType@72437d8d
01:28:07.555 [main] DEBUG org.hibernate.type.BasicTypeRegistry - Adding type registration java.lang.Character -> org.hibernate.type.CharacterType@72437d8d
01:28:07.555 [main] DEBUG org.hibernate.type.BasicTypeRegistry - Adding type registration short -> org.hibernate.type.ShortType@3a4621bd
01:28:07.555 [main] DEBUG org.hibernate.type.BasicTypeRegistry - Adding type registration short -> org.hibernate.type.ShortType@3a4621bd
01:28:07.555 [main] DEBUG org.hibernate.type.BasicTypeRegistry - Adding type registration java.lang.Short -> org.hibernate.type.ShortType@3a4621bd
01:28:07.555 [main] DEBUG org.hibernate.type.BasicTypeRegistry - Adding type registration integer -> org.hibernate.type.IntegerType@40db2a24
01:28:07.555 [main] DEBUG org.hibernate.type.BasicTypeRegistry - Adding type registration int -> org.hibernate.type.IntegerType@40db2a24
01:28:07.555 [main] DEBUG org.hibernate.type.BasicTypeRegistry - Adding type registration java.lang.Integer -> org.hibernate.type.IntegerType@40db2a24
01:28:07.555 [main] DEBUG org.hibernate.type.BasicTypeRegistry - Adding type registration long -> org.hibernate.type.LongType@30af5b6b
01:28:07.555 [main] DEBUG org.hibernate.type.BasicTypeRegistry - Adding type registration long -> org.hibernate.type.LongType@30af5b6b
01:28:07.555 [main] DEBUG org.hibernate.type.BasicTypeRegistry - Adding type registration java.lang.Long -> org.hibernate.type.LongType@30af5b6b
01:28:07.555 [main] DEBUG org.hibernate.type.BasicTypeRegistry - Adding type registration float -> org.hibernate.type.FloatType@2e1ef60
01:28:07.555 [main] DEBUG org.hibernate.type.BasicTypeRegistry - Adding type registration float -> org.hibernate.type.FloatType@2e1ef60
01:28:07.555 [main] DEBUG org.hibernate.type.BasicTypeRegistry - Adding type registration java.lang.Float -> org.hibernate.type.FloatType@2e1ef60
01:28:07.555 [main] DEBUG org.hibernate.type.BasicTypeRegistry - Adding type registration double -> org.hibernate.type.DoubleType@1b7c473a
01:28:07.555 [main] DEBUG org.hibernate.type.BasicTypeRegistry - Adding type registration double -> org.hibernate.type.DoubleType@1b7c473a
01:28:07.555 [main] DEBUG org.hibernate.type.BasicTypeRegistry - Adding type registration java.lang.Double -> org.hibernate.type.DoubleType@1b7c473a
01:28:07.555 [main] DEBUG org.hibernate.type.BasicTypeRegistry - Adding type registration big_decimal -> org.hibernate.type.BigDecimalType@71812481
01:28:07.555 [main] DEBUG org.hibernate.type.BasicTypeRegistry - Adding type registration java.math.BigDecimal -> org.hibernate.type.BigDecimalType@71812481
01:28:07.555 [main] DEBUG org.hibernate.type.BasicTypeRegistry - Adding type registration big_integer -> org.hibernate.type.BigIntegerType@561868a0
01:28:07.555 [main] DEBUG org.hibernate.type.BasicTypeRegistry - Adding type registration java.math.BigInteger -> org.hibernate.type.BigIntegerType@561868a0
01:28:07.555 [main] DEBUG org.hibernate.type.BasicTypeRegistry - Adding type registration string -> org.hibernate.type.StringType@42bc14c1
01:28:07.555 [main] DEBUG org.hibernate.type.BasicTypeRegistry - Adding type registration java.lang.String -> org.hibernate.type.StringType@42bc14c1
01:28:07.555 [main] DEBUG org.hibernate.type.BasicTypeRegistry - Adding type registration url -> org.hibernate.type.UrlType@25aca718
01:28:07.555 [main] DEBUG org.hibernate.type.BasicTypeRegistry - Adding type registration java.net.URL -> org.hibernate.type.UrlType@25aca718
01:28:07.555 [main] DEBUG org.hibernate.type.BasicTypeRegistry - Adding type registration date -> org.hibernate.type.DateType@289710d9
01:28:07.555 [main] DEBUG org.hibernate.type.BasicTypeRegistry - Adding type registration java.sql.Date -> org.hibernate.type.DateType@289710d9
01:28:07.555 [main] DEBUG org.hibernate.type.BasicTypeRegistry - Adding type registration time -> org.hibernate.type.TimeType@3e7dd664
01:28:07.555 [main] DEBUG org.hibernate.type.BasicTypeRegistry - Adding type registration java.sql.Time -> org.hibernate.type.TimeType@3e7dd664
01:28:07.555 [main] DEBUG org.hibernate.type.BasicTypeRegistry - Adding type registration timestamp -> org.hibernate.type.TimestampType@525575
01:28:07.555 [main] DEBUG org.hibernate.type.BasicTypeRegistry - Adding type registration java.sql.Timestamp -> org.hibernate.type.TimestampType@525575
01:28:07.555 [main] DEBUG org.hibernate.type.BasicTypeRegistry - Adding type registration java.util.Date -> org.hibernate.type.TimestampType@525575
01:28:07.555 [main] DEBUG org.hibernate.type.BasicTypeRegistry - Adding type registration dbtimestamp -> org.hibernate.type.DbTimestampType@6ad3381f
01:28:07.555 [main] DEBUG org.hibernate.type.BasicTypeRegistry - Adding type registration calendar -> org.hibernate.type.CalendarType@18a136ac
01:28:07.556 [main] DEBUG org.hibernate.type.BasicTypeRegistry - Adding type registration java.util.Calendar -> org.hibernate.type.CalendarType@18a136ac
01:28:07.556 [main] DEBUG org.hibernate.type.BasicTypeRegistry - Adding type registration java.util.GregorianCalendar -> org.hibernate.type.CalendarType@18a136ac
01:28:07.556 [main] DEBUG org.hibernate.type.BasicTypeRegistry - Adding type registration calendar_date -> org.hibernate.type.CalendarDateType@421bba99
01:28:07.556 [main] DEBUG org.hibernate.type.BasicTypeRegistry - Adding type registration locale -> org.hibernate.type.LocaleType@4fad9bb2
01:28:07.556 [main] DEBUG org.hibernate.type.BasicTypeRegistry - Adding type registration java.util.Locale -> org.hibernate.type.LocaleType@4fad9bb2
01:28:07.556 [main] DEBUG org.hibernate.type.BasicTypeRegistry - Adding type registration currency -> org.hibernate.type.CurrencyType@38831718
01:28:07.556 [main] DEBUG org.hibernate.type.BasicTypeRegistry - Adding type registration java.util.Currency -> org.hibernate.type.CurrencyType@38831718
01:28:07.556 [main] DEBUG org.hibernate.type.BasicTypeRegistry - Adding type registration timezone -> org.hibernate.type.TimeZoneType@512535ff
01:28:07.556 [main] DEBUG org.hibernate.type.BasicTypeRegistry - Adding type registration java.util.TimeZone -> org.hibernate.type.TimeZoneType@512535ff
01:28:07.556 [main] DEBUG org.hibernate.type.BasicTypeRegistry - Adding type registration class -> org.hibernate.type.ClassType@7241a47d
01:28:07.556 [main] DEBUG org.hibernate.type.BasicTypeRegistry - Adding type registration java.lang.Class -> org.hibernate.type.ClassType@7241a47d
01:28:07.556 [main] DEBUG org.hibernate.type.BasicTypeRegistry - Adding type registration uuid-binary -> org.hibernate.type.UUIDBinaryType@a22cb6a
01:28:07.556 [main] DEBUG org.hibernate.type.BasicTypeRegistry - Adding type registration java.util.UUID -> org.hibernate.type.UUIDBinaryType@a22cb6a
01:28:07.556 [main] DEBUG org.hibernate.type.BasicTypeRegistry - Adding type registration uuid-char -> org.hibernate.type.UUIDCharType@324a0017
01:28:07.556 [main] DEBUG org.hibernate.type.BasicTypeRegistry - Adding type registration pg-uuid -> org.hibernate.type.PostgresUUIDType@22bac7bc
01:28:07.556 [main] DEBUG org.hibernate.type.BasicTypeRegistry - Adding type registration binary -> org.hibernate.type.BinaryType@43f82e78
01:28:07.556 [main] DEBUG org.hibernate.type.BasicTypeRegistry - Adding type registration byte[] -> org.hibernate.type.BinaryType@43f82e78
01:28:07.556 [main] DEBUG org.hibernate.type.BasicTypeRegistry - Adding type registration [B -> org.hibernate.type.BinaryType@43f82e78
01:28:07.556 [main] DEBUG org.hibernate.type.BasicTypeRegistry - Adding type registration wrapper-binary -> org.hibernate.type.WrapperBinaryType@530712d
01:28:07.556 [main] DEBUG org.hibernate.type.BasicTypeRegistry - Adding type registration Byte[] -> org.hibernate.type.WrapperBinaryType@530712d
01:28:07.556 [main] DEBUG org.hibernate.type.BasicTypeRegistry - Adding type registration [Ljava.lang.Byte; -> org.hibernate.type.WrapperBinaryType@530712d
01:28:07.556 [main] DEBUG org.hibernate.type.BasicTypeRegistry - Adding type registration image -> org.hibernate.type.ImageType@45fd9a4d
01:28:07.556 [main] DEBUG org.hibernate.type.BasicTypeRegistry - Adding type registration characters -> org.hibernate.type.CharArrayType@16c63f5
01:28:07.556 [main] DEBUG org.hibernate.type.BasicTypeRegistry - Adding type registration char[] -> org.hibernate.type.CharArrayType@16c63f5
01:28:07.556 [main] DEBUG org.hibernate.type.BasicTypeRegistry - Adding type registration [C -> org.hibernate.type.CharArrayType@16c63f5
01:28:07.556 [main] DEBUG org.hibernate.type.BasicTypeRegistry - Adding type registration wrapper-characters -> org.hibernate.type.CharacterArrayType@74eb909f
01:28:07.556 [main] DEBUG org.hibernate.type.BasicTypeRegistry - Adding type registration [Ljava.lang.Character; -> org.hibernate.type.CharacterArrayType@74eb909f
01:28:07.556 [main] DEBUG org.hibernate.type.BasicTypeRegistry - Adding type registration Character[] -> org.hibernate.type.CharacterArrayType@74eb909f
01:28:07.556 [main] DEBUG org.hibernate.type.BasicTypeRegistry - Adding type registration text -> org.hibernate.type.TextType@13d9b21f
01:28:07.556 [main] DEBUG org.hibernate.type.BasicTypeRegistry - Adding type registration blob -> org.hibernate.type.BlobType@6179e425
01:28:07.556 [main] DEBUG org.hibernate.type.BasicTypeRegistry - Adding type registration java.sql.Blob -> org.hibernate.type.BlobType@6179e425
01:28:07.556 [main] DEBUG org.hibernate.type.BasicTypeRegistry - Adding type registration materialized_blob -> org.hibernate.type.MaterializedBlobType@49c6c24f
01:28:07.556 [main] DEBUG org.hibernate.type.BasicTypeRegistry - Adding type registration wrapper_materialized_blob -> org.hibernate.type.WrappedMaterializedBlobType@6399551e
01:28:07.556 [main] DEBUG org.hibernate.type.BasicTypeRegistry - Adding type registration clob -> org.hibernate.type.ClobType@604c5de8
01:28:07.556 [main] DEBUG org.hibernate.type.BasicTypeRegistry - Adding type registration java.sql.Clob -> org.hibernate.type.ClobType@604c5de8
01:28:07.557 [main] DEBUG org.hibernate.type.BasicTypeRegistry - Adding type registration materialized_clob -> org.hibernate.type.MaterializedClobType@550a1967
01:28:07.557 [main] DEBUG org.hibernate.type.BasicTypeRegistry - Adding type registration wrapper_characters_clob -> org.hibernate.type.CharacterArrayClobType@5d8bafa9
01:28:07.557 [main] DEBUG org.hibernate.type.BasicTypeRegistry - Adding type registration characters_clob -> org.hibernate.type.PrimitiveCharacterArrayClobType@ff684e1
01:28:07.557 [main] DEBUG org.hibernate.type.BasicTypeRegistry - Adding type registration serializable -> org.hibernate.type.SerializableType@1e8ce150
01:28:07.557 [main] DEBUG org.hibernate.type.BasicTypeRegistry - Adding type registration object -> org.hibernate.type.ObjectType@75cd8043
01:28:07.557 [main] DEBUG org.hibernate.type.BasicTypeRegistry - Adding type registration java.lang.Object -> org.hibernate.type.ObjectType@75cd8043
01:28:07.557 [main] DEBUG org.hibernate.type.BasicTypeRegistry - Adding type registration imm_date -> org.hibernate.type.AdaptedImmutableType@3baf6936
01:28:07.557 [main] DEBUG org.hibernate.type.BasicTypeRegistry - Adding type registration imm_time -> org.hibernate.type.AdaptedImmutableType@285f38f6
01:28:07.557 [main] DEBUG org.hibernate.type.BasicTypeRegistry - Adding type registration imm_timestamp -> org.hibernate.type.AdaptedImmutableType@4e1459ea
01:28:07.557 [main] DEBUG org.hibernate.type.BasicTypeRegistry - Adding type registration imm_dbtimestamp -> org.hibernate.type.AdaptedImmutableType@3ab6678b
01:28:07.557 [main] DEBUG org.hibernate.type.BasicTypeRegistry - Adding type registration imm_calendar -> org.hibernate.type.AdaptedImmutableType@7a904f32
01:28:07.557 [main] DEBUG org.hibernate.type.BasicTypeRegistry - Adding type registration imm_calendar_date -> org.hibernate.type.AdaptedImmutableType@2b59501e
01:28:07.557 [main] DEBUG org.hibernate.type.BasicTypeRegistry - Adding type registration imm_binary -> org.hibernate.type.AdaptedImmutableType@476e8796
01:28:07.557 [main] DEBUG org.hibernate.type.BasicTypeRegistry - Adding type registration imm_serializable -> org.hibernate.type.AdaptedImmutableType@4eed2acf
01:28:07.557 [main] DEBUG org.hibernate.type.BasicTypeRegistry - Adding type registration clob -> org.hibernate.type.ClobType@5910de75
01:28:07.557 [main] INFO  org.hibernate.type.BasicTypeRegistry - Type registration [clob] overrides previous : org.hibernate.type.ClobType@604c5de8
01:28:07.557 [main] DEBUG org.hibernate.type.BasicTypeRegistry - Adding type registration java.sql.Clob -> org.hibernate.type.ClobType@5910de75
01:28:07.557 [main] INFO  org.hibernate.type.BasicTypeRegistry - Type registration [java.sql.Clob] overrides previous : org.hibernate.type.ClobType@604c5de8
01:28:07.557 [main] DEBUG org.hibernate.type.BasicTypeRegistry - Adding type registration blob -> org.hibernate.type.BlobType@5ef8df1e
01:28:07.557 [main] INFO  org.hibernate.type.BasicTypeRegistry - Type registration [blob] overrides previous : org.hibernate.type.BlobType@6179e425
01:28:07.557 [main] DEBUG org.hibernate.type.BasicTypeRegistry - Adding type registration java.sql.Blob -> org.hibernate.type.BlobType@5ef8df1e
01:28:07.557 [main] INFO  org.hibernate.type.BasicTypeRegistry - Type registration [java.sql.Blob] overrides previous : org.hibernate.type.BlobType@6179e425
01:28:07.557 [main] DEBUG org.hibernate.type.BasicTypeRegistry - Adding type registration characters_clob -> org.hibernate.type.PrimitiveCharacterArrayClobType@7e0aadd0
01:28:07.557 [main] INFO  org.hibernate.type.BasicTypeRegistry - Type registration [characters_clob] overrides previous : org.hibernate.type.PrimitiveCharacterArrayClobType@ff684e1
01:28:07.557 [main] DEBUG org.hibernate.type.BasicTypeRegistry - Adding type registration wrapper_materialized_blob -> org.hibernate.type.WrappedMaterializedBlobType@127e70c5
01:28:07.557 [main] INFO  org.hibernate.type.BasicTypeRegistry - Type registration [wrapper_materialized_blob] overrides previous : org.hibernate.type.WrappedMaterializedBlobType@6399551e
01:28:07.557 [main] DEBUG org.hibernate.type.BasicTypeRegistry - Adding type registration wrapper_characters_clob -> org.hibernate.type.CharacterArrayClobType@1f130eaf
01:28:07.557 [main] INFO  org.hibernate.type.BasicTypeRegistry - Type registration [wrapper_characters_clob] overrides previous : org.hibernate.type.CharacterArrayClobType@5d8bafa9
01:28:07.557 [main] DEBUG org.hibernate.type.BasicTypeRegistry - Adding type registration materialized_blob -> org.hibernate.type.MaterializedBlobType@27cf3151
01:28:07.557 [main] INFO  org.hibernate.type.BasicTypeRegistry - Type registration [materialized_blob] overrides previous : org.hibernate.type.MaterializedBlobType@49c6c24f
01:28:07.557 [main] DEBUG org.hibernate.type.BasicTypeRegistry - Adding type registration materialized_clob -> org.hibernate.type.MaterializedClobType@4108fa66
01:28:07.557 [main] INFO  org.hibernate.type.BasicTypeRegistry - Type registration [materialized_clob] overrides previous : org.hibernate.type.MaterializedClobType@550a1967
01:28:07.558 [main] DEBUG o.hibernate.impl.SessionFactoryImpl - Session factory constructed with filter configurations : {}
01:28:07.558 [main] DEBUG o.hibernate.impl.SessionFactoryImpl - instantiating session factory with properties: {java.specification.version=17, sun.jnu.encoding=UTF-8, sun.arch.data.model=64, java.vendor.url=https://openjdk.java.net/, hibernate.transaction.factory_class=org.springframework.orm.hibernate3.SpringTransactionFactory, sun.boot.library.path=/usr/lib/jvm/java-17-openjdk/lib, sun.java.command=/home/jak/studia/Technologia/Lab4/target/surefire/surefirebooter8542412173332080337.jar /home/jak/studia/Technologia/Lab4/target/surefire 2022-01-30T01-28-04_906-jvmRun1 surefire561957949992343055tmp surefire_014556903606462195719tmp, hibernate.connection.provider_class=org.springframework.orm.hibernate3.LocalDataSourceConnectionProvider, jdk.debug=release, java.specification.vendor=Oracle Corporation, java.version.date=2021-10-19, java.home=/usr/lib/jvm/java-17-openjdk, file.separator=/, basedir=/home/jak/studia/Technologia/Lab4, java.vm.compressedOopsMode=32-bit, line.separator=
, java.specification.name=Java Platform API Specification, java.vm.specification.vendor=Oracle Corporation, sun.management.compiler=HotSpot 64-Bit Tiered Compilers, java.runtime.version=17.0.1+12, user.name=jak, file.encoding=UTF-8, hibernate.current_session_context_class=org.springframework.orm.hibernate3.SpringSessionContext, localRepository=/home/jak/.m2/repository, java.io.tmpdir=/tmp, java.version=17.0.1, java.vm.specification.name=Java Virtual Machine Specification, native.encoding=UTF-8, java.library.path=/usr/java/packages/lib:/usr/lib64:/lib64:/lib:/usr/lib, java.vendor=N/A, sun.io.unicode.encoding=UnicodeLittle, hibernate.dialect=org.hibernate.dialect.MySQLDialect, java.class.path=/home/jak/studia/Technologia/Lab4/target/test-classes:/home/jak/studia/Technologia/Lab4/target/classes:/home/jak/.m2/repository/junit/junit/4.11/junit-4.11.jar:/home/jak/.m2/repository/org/hamcrest/hamcrest-core/1.3/hamcrest-core-1.3.jar:/home/jak/.m2/repository/org/springframework/spring-context/4.0.3.RELEASE/spring-context-4.0.3.RELEASE.jar:/home/jak/.m2/repository/org/springframework/spring-aop/4.0.3.RELEASE/spring-aop-4.0.3.RELEASE.jar:/home/jak/.m2/repository/aopalliance/aopalliance/1.0/aopalliance-1.0.jar:/home/jak/.m2/repository/org/springframework/spring-beans/4.0.3.RELEASE/spring-beans-4.0.3.RELEASE.jar:/home/jak/.m2/repository/org/springframework/spring-core/4.0.3.RELEASE/spring-core-4.0.3.RELEASE.jar:/home/jak/.m2/repository/commons-logging/commons-logging/1.1.3/commons-logging-1.1.3.jar:/home/jak/.m2/repository/org/springframework/spring-expression/4.0.3.RELEASE/spring-expression-4.0.3.RELEASE.jar:/home/jak/.m2/repository/org/springframework/spring-tx/4.0.3.RELEASE/spring-tx-4.0.3.RELEASE.jar:/home/jak/.m2/repository/org/springframework/spring-orm/4.0.3.RELEASE/spring-orm-4.0.3.RELEASE.jar:/home/jak/.m2/repository/org/springframework/spring-jdbc/4.0.3.RELEASE/spring-jdbc-4.0.3.RELEASE.jar:/home/jak/.m2/repository/org/slf4j/slf4j-api/1.7.5/slf4j-api-1.7.5.jar:/home/jak/.m2/repository/ch/qos/logback/logback-classic/1.0.13/logback-classic-1.0.13.jar:/home/jak/.m2/repository/ch/qos/logback/logback-core/1.0.13/logback-core-1.0.13.jar:/home/jak/.m2/repository/org/hibernate/hibernate-entitymanager/3.6.9.Final/hibernate-entitymanager-3.6.9.Final.jar:/home/jak/.m2/repository/cglib/cglib/2.2/cglib-2.2.jar:/home/jak/.m2/repository/asm/asm/3.1/asm-3.1.jar:/home/jak/.m2/repository/javassist/javassist/3.12.0.GA/javassist-3.12.0.GA.jar:/home/jak/.m2/repository/org/hibernate/javax/persistence/hibernate-jpa-2.0-api/1.0.1.Final/hibernate-jpa-2.0-api-1.0.1.Final.jar:/home/jak/.m2/repository/org/hibernate/hibernate-core/3.6.9.Final/hibernate-core-3.6.9.Final.jar:/home/jak/.m2/repository/antlr/antlr/2.7.6/antlr-2.7.6.jar:/home/jak/.m2/repository/commons-collections/commons-collections/3.1/commons-collections-3.1.jar:/home/jak/.m2/repository/dom4j/dom4j/1.6.1/dom4j-1.6.1.jar:/home/jak/.m2/repository/org/hibernate/hibernate-commons-annotations/3.2.0.Final/hibernate-commons-annotations-3.2.0.Final.jar:/home/jak/.m2/repository/javax/transaction/jta/1.1/jta-1.1.jar:/home/jak/.m2/repository/mysql/mysql-connector-java/5.1.9/mysql-connector-java-5.1.9.jar:/home/jak/.m2/repository/commons-dbcp/commons-dbcp/1.4/commons-dbcp-1.4.jar:/home/jak/.m2/repository/commons-pool/commons-pool/1.5.4/commons-pool-1.5.4.jar:, java.vm.vendor=Oracle Corporation, user.timezone=Europe/Warsaw, java.vm.specification.version=17, os.name=Linux, sun.java.launcher=SUN_STANDARD, user.country=US, surefire.test.class.path=/home/jak/studia/Technologia/Lab4/target/test-classes:/home/jak/studia/Technologia/Lab4/target/classes:/home/jak/.m2/repository/junit/junit/4.11/junit-4.11.jar:/home/jak/.m2/repository/org/hamcrest/hamcrest-core/1.3/hamcrest-core-1.3.jar:/home/jak/.m2/repository/org/springframework/spring-context/4.0.3.RELEASE/spring-context-4.0.3.RELEASE.jar:/home/jak/.m2/repository/org/springframework/spring-aop/4.0.3.RELEASE/spring-aop-4.0.3.RELEASE.jar:/home/jak/.m2/repository/aopalliance/aopalliance/1.0/aopalliance-1.0.jar:/home/jak/.m2/repository/org/springframework/spring-beans/4.0.3.RELEASE/spring-beans-4.0.3.RELEASE.jar:/home/jak/.m2/repository/org/springframework/spring-core/4.0.3.RELEASE/spring-core-4.0.3.RELEASE.jar:/home/jak/.m2/repository/commons-logging/commons-logging/1.1.3/commons-logging-1.1.3.jar:/home/jak/.m2/repository/org/springframework/spring-expression/4.0.3.RELEASE/spring-expression-4.0.3.RELEASE.jar:/home/jak/.m2/repository/org/springframework/spring-tx/4.0.3.RELEASE/spring-tx-4.0.3.RELEASE.jar:/home/jak/.m2/repository/org/springframework/spring-orm/4.0.3.RELEASE/spring-orm-4.0.3.RELEASE.jar:/home/jak/.m2/repository/org/springframework/spring-jdbc/4.0.3.RELEASE/spring-jdbc-4.0.3.RELEASE.jar:/home/jak/.m2/repository/org/slf4j/slf4j-api/1.7.5/slf4j-api-1.7.5.jar:/home/jak/.m2/repository/ch/qos/logback/logback-classic/1.0.13/logback-classic-1.0.13.jar:/home/jak/.m2/repository/ch/qos/logback/logback-core/1.0.13/logback-core-1.0.13.jar:/home/jak/.m2/repository/org/hibernate/hibernate-entitymanager/3.6.9.Final/hibernate-entitymanager-3.6.9.Final.jar:/home/jak/.m2/repository/cglib/cglib/2.2/cglib-2.2.jar:/home/jak/.m2/repository/asm/asm/3.1/asm-3.1.jar:/home/jak/.m2/repository/javassist/javassist/3.12.0.GA/javassist-3.12.0.GA.jar:/home/jak/.m2/repository/org/hibernate/javax/persistence/hibernate-jpa-2.0-api/1.0.1.Final/hibernate-jpa-2.0-api-1.0.1.Final.jar:/home/jak/.m2/repository/org/hibernate/hibernate-core/3.6.9.Final/hibernate-core-3.6.9.Final.jar:/home/jak/.m2/repository/antlr/antlr/2.7.6/antlr-2.7.6.jar:/home/jak/.m2/repository/commons-collections/commons-collections/3.1/commons-collections-3.1.jar:/home/jak/.m2/repository/dom4j/dom4j/1.6.1/dom4j-1.6.1.jar:/home/jak/.m2/repository/org/hibernate/hibernate-commons-annotations/3.2.0.Final/hibernate-commons-annotations-3.2.0.Final.jar:/home/jak/.m2/repository/javax/transaction/jta/1.1/jta-1.1.jar:/home/jak/.m2/repository/mysql/mysql-connector-java/5.1.9/mysql-connector-java-5.1.9.jar:/home/jak/.m2/repository/commons-dbcp/commons-dbcp/1.4/commons-dbcp-1.4.jar:/home/jak/.m2/repository/commons-pool/commons-pool/1.5.4/commons-pool-1.5.4.jar:, sun.cpu.endian=little, user.home=/home/jak, user.language=en, surefire.real.class.path=/home/jak/studia/Technologia/Lab4/target/surefire/surefirebooter8542412173332080337.jar, path.separator=:, os.version=5.16.2-arch1-1, java.runtime.name=OpenJDK Runtime Environment, java.vm.name=OpenJDK 64-Bit Server VM, java.vendor.url.bug=https://bugreport.java.com/bugreport/, user.dir=/home/jak/studia/Technologia/Lab4, os.arch=amd64, java.vm.info=mixed mode, java.vm.version=17.0.1+12, hibernate.bytecode.use_reflection_optimizer=false, java.class.version=61.0}
01:28:07.558 [main] DEBUG o.h.i.f.DefaultIdentifierGeneratorFactory - Setting dialect [org.hibernate.dialect.MySQLDialect]
01:28:07.558 [main] DEBUG o.h.i.f.DefaultIdentifierGeneratorFactory - Setting dialect [org.hibernate.dialect.MySQLDialect]
01:28:07.558 [main] DEBUG o.h.i.f.DefaultIdentifierGeneratorFactory - Setting dialect [org.hibernate.dialect.MySQLDialect]
01:28:07.566 [main] ERROR o.h.proxy.pojo.BasicLazyInitializer - Javassist Enhancement failed: jw.lab4.checkers.Database.Game
java.lang.reflect.InaccessibleObjectException: Unable to make protected final java.lang.Class java.lang.ClassLoader.defineClass(java.lang.String,byte[],int,int,java.security.ProtectionDomain) throws java.lang.ClassFormatError accessible: module java.base does not "opens java.lang" to unnamed module @69a3d1d
	at java.base/java.lang.reflect.AccessibleObject.checkCanSetAccessible(AccessibleObject.java:354) ~[na:na]
	at java.base/java.lang.reflect.AccessibleObject.checkCanSetAccessible(AccessibleObject.java:297) ~[na:na]
	at java.base/java.lang.reflect.Method.checkCanSetAccessible(Method.java:199) ~[na:na]
	at java.base/java.lang.reflect.Method.setAccessible(Method.java:193) ~[na:na]
	at javassist.util.proxy.SecurityActions.setAccessible(SecurityActions.java:102) ~[javassist-3.12.0.GA.jar:na]
	at javassist.util.proxy.FactoryHelper.toClass2(FactoryHelper.java:180) ~[javassist-3.12.0.GA.jar:na]
	at javassist.util.proxy.FactoryHelper.toClass(FactoryHelper.java:163) ~[javassist-3.12.0.GA.jar:na]
	at javassist.util.proxy.ProxyFactory.createClass3(ProxyFactory.java:501) ~[javassist-3.12.0.GA.jar:na]
	at javassist.util.proxy.ProxyFactory.createClass2(ProxyFactory.java:486) ~[javassist-3.12.0.GA.jar:na]
	at javassist.util.proxy.ProxyFactory.createClass1(ProxyFactory.java:422) ~[javassist-3.12.0.GA.jar:na]
	at javassist.util.proxy.ProxyFactory.createClass(ProxyFactory.java:394) ~[javassist-3.12.0.GA.jar:na]
	at org.hibernate.proxy.pojo.javassist.JavassistLazyInitializer.getProxyFactory(JavassistLazyInitializer.java:162) ~[hibernate-core-3.6.9.Final.jar:3.6.9.Final]
	at org.hibernate.proxy.pojo.javassist.JavassistProxyFactory.postInstantiate(JavassistProxyFactory.java:65) ~[hibernate-core-3.6.9.Final.jar:3.6.9.Final]
	at org.hibernate.tuple.entity.PojoEntityTuplizer.buildProxyFactory(PojoEntityTuplizer.java:185) ~[hibernate-core-3.6.9.Final.jar:3.6.9.Final]
	at org.hibernate.tuple.entity.AbstractEntityTuplizer.<init>(AbstractEntityTuplizer.java:167) ~[hibernate-core-3.6.9.Final.jar:3.6.9.Final]
	at org.hibernate.tuple.entity.PojoEntityTuplizer.<init>(PojoEntityTuplizer.java:77) ~[hibernate-core-3.6.9.Final.jar:3.6.9.Final]
	at java.base/jdk.internal.reflect.NativeConstructorAccessorImpl.newInstance0(Native Method) ~[na:na]
	at java.base/jdk.internal.reflect.NativeConstructorAccessorImpl.newInstance(NativeConstructorAccessorImpl.java:77) ~[na:na]
	at java.base/jdk.internal.reflect.DelegatingConstructorAccessorImpl.newInstance(DelegatingConstructorAccessorImpl.java:45) ~[na:na]
	at java.base/java.lang.reflect.Constructor.newInstanceWithCaller(Constructor.java:499) ~[na:na]
	at java.base/java.lang.reflect.Constructor.newInstance(Constructor.java:480) ~[na:na]
	at org.hibernate.tuple.entity.EntityTuplizerFactory.constructTuplizer(EntityTuplizerFactory.java:105) ~[hibernate-core-3.6.9.Final.jar:3.6.9.Final]
	at org.hibernate.tuple.entity.EntityTuplizerFactory.constructDefaultTuplizer(EntityTuplizerFactory.java:133) ~[hibernate-core-3.6.9.Final.jar:3.6.9.Final]
	at org.hibernate.tuple.entity.EntityEntityModeToTuplizerMapping.<init>(EntityEntityModeToTuplizerMapping.java:80) ~[hibernate-core-3.6.9.Final.jar:3.6.9.Final]
	at org.hibernate.tuple.entity.EntityMetamodel.<init>(EntityMetamodel.java:322) ~[hibernate-core-3.6.9.Final.jar:3.6.9.Final]
	at org.hibernate.persister.entity.AbstractEntityPersister.<init>(AbstractEntityPersister.java:485) ~[hibernate-core-3.6.9.Final.jar:3.6.9.Final]
	at org.hibernate.persister.entity.SingleTableEntityPersister.<init>(SingleTableEntityPersister.java:133) ~[hibernate-core-3.6.9.Final.jar:3.6.9.Final]
	at org.hibernate.persister.PersisterFactory.createClassPersister(PersisterFactory.java:84) ~[hibernate-core-3.6.9.Final.jar:3.6.9.Final]
	at org.hibernate.impl.SessionFactoryImpl.<init>(SessionFactoryImpl.java:286) ~[hibernate-core-3.6.9.Final.jar:3.6.9.Final]
	at org.hibernate.cfg.Configuration.buildSessionFactory(Configuration.java:1872) ~[hibernate-core-3.6.9.Final.jar:3.6.9.Final]
	at org.springframework.orm.hibernate3.LocalSessionFactoryBean.newSessionFactory(LocalSessionFactoryBean.java:793) ~[spring-orm-4.0.3.RELEASE.jar:4.0.3.RELEASE]
	at org.springframework.orm.hibernate3.LocalSessionFactoryBean.buildSessionFactory(LocalSessionFactoryBean.java:715) ~[spring-orm-4.0.3.RELEASE.jar:4.0.3.RELEASE]
	at org.springframework.orm.hibernate3.AbstractSessionFactoryBean.afterPropertiesSet(AbstractSessionFactoryBean.java:189) ~[spring-orm-4.0.3.RELEASE.jar:4.0.3.RELEASE]
	at org.springframework.beans.factory.support.AbstractAutowireCapableBeanFactory.invokeInitMethods(AbstractAutowireCapableBeanFactory.java:1612) ~[spring-beans-4.0.3.RELEASE.jar:4.0.3.RELEASE]
	at org.springframework.beans.factory.support.AbstractAutowireCapableBeanFactory.initializeBean(AbstractAutowireCapableBeanFactory.java:1549) ~[spring-beans-4.0.3.RELEASE.jar:4.0.3.RELEASE]
	at org.springframework.beans.factory.support.AbstractAutowireCapableBeanFactory.doCreateBean(AbstractAutowireCapableBeanFactory.java:539) ~[spring-beans-4.0.3.RELEASE.jar:4.0.3.RELEASE]
	at org.springframework.beans.factory.support.AbstractAutowireCapableBeanFactory.createBean(AbstractAutowireCapableBeanFactory.java:475) ~[spring-beans-4.0.3.RELEASE.jar:4.0.3.RELEASE]
	at org.springframework.beans.factory.support.AbstractBeanFactory$1.getObject(AbstractBeanFactory.java:304) ~[spring-beans-4.0.3.RELEASE.jar:4.0.3.RELEASE]
	at org.springframework.beans.factory.support.DefaultSingletonBeanRegistry.getSingleton(DefaultSingletonBeanRegistry.java:228) ~[spring-beans-4.0.3.RELEASE.jar:4.0.3.RELEASE]
	at org.springframework.beans.factory.support.AbstractBeanFactory.doGetBean(AbstractBeanFactory.java:300) ~[spring-beans-4.0.3.RELEASE.jar:4.0.3.RELEASE]
	at org.springframework.beans.factory.support.AbstractBeanFactory.getBean(AbstractBeanFactory.java:195) ~[spring-beans-4.0.3.RELEASE.jar:4.0.3.RELEASE]
	at org.springframework.beans.factory.support.DefaultListableBeanFactory.preInstantiateSingletons(DefaultListableBeanFactory.java:684) ~[spring-beans-4.0.3.RELEASE.jar:4.0.3.RELEASE]
	at org.springframework.context.support.AbstractApplicationContext.finishBeanFactoryInitialization(AbstractApplicationContext.java:760) ~[spring-context-4.0.3.RELEASE.jar:4.0.3.RELEASE]
	at org.springframework.context.support.AbstractApplicationContext.refresh(AbstractApplicationContext.java:482) ~[spring-context-4.0.3.RELEASE.jar:4.0.3.RELEASE]
	at org.springframework.context.support.ClassPathXmlApplicationContext.<init>(ClassPathXmlApplicationContext.java:139) ~[spring-context-4.0.3.RELEASE.jar:4.0.3.RELEASE]
	at org.springframework.context.support.ClassPathXmlApplicationContext.<init>(ClassPathXmlApplicationContext.java:83) ~[spring-context-4.0.3.RELEASE.jar:4.0.3.RELEASE]
	at jw.lab4.checkers.UserSave.<init>(UserSave.java:13) ~[classes/:na]
	at jw.lab4.checkers.Game.start(Game.java:72) ~[classes/:na]
	at jw.lab4.checkers.Game.<init>(Game.java:36) ~[classes/:na]
	at jw.lab4.checkers.AppTest.connectingReconnecting(AppTest.java:121) ~[test-classes/:na]
	at java.base/jdk.internal.reflect.NativeMethodAccessorImpl.invoke0(Native Method) ~[na:na]
	at java.base/jdk.internal.reflect.NativeMethodAccessorImpl.invoke(NativeMethodAccessorImpl.java:77) ~[na:na]
	at java.base/jdk.internal.reflect.DelegatingMethodAccessorImpl.invoke(DelegatingMethodAccessorImpl.java:43) ~[na:na]
	at java.base/java.lang.reflect.Method.invoke(Method.java:568) ~[na:na]
	at org.junit.runners.model.FrameworkMethod$1.runReflectiveCall(FrameworkMethod.java:47) ~[junit-4.11.jar:na]
	at org.junit.internal.runners.model.ReflectiveCallable.run(ReflectiveCallable.java:12) ~[junit-4.11.jar:na]
	at org.junit.runners.model.FrameworkMethod.invokeExplosively(FrameworkMethod.java:44) ~[junit-4.11.jar:na]
	at org.junit.internal.runners.statements.InvokeMethod.evaluate(InvokeMethod.java:17) ~[junit-4.11.jar:na]
	at org.junit.runners.ParentRunner.runLeaf(ParentRunner.java:271) ~[junit-4.11.jar:na]
	at org.junit.runners.BlockJUnit4ClassRunner.runChild(BlockJUnit4ClassRunner.java:70) ~[junit-4.11.jar:na]
	at org.junit.runners.BlockJUnit4ClassRunner.runChild(BlockJUnit4ClassRunner.java:50) ~[junit-4.11.jar:na]
	at org.junit.runners.ParentRunner$3.run(ParentRunner.java:238) ~[junit-4.11.jar:na]
	at org.junit.runners.ParentRunner$1.schedule(ParentRunner.java:63) ~[junit-4.11.jar:na]
	at org.junit.runners.ParentRunner.runChildren(ParentRunner.java:236) ~[junit-4.11.jar:na]
	at org.junit.runners.ParentRunner.access$000(ParentRunner.java:53) ~[junit-4.11.jar:na]
	at org.junit.runners.ParentRunner$2.evaluate(ParentRunner.java:229) ~[junit-4.11.jar:na]
	at org.junit.runners.ParentRunner.run(ParentRunner.java:309) ~[junit-4.11.jar:na]
	at org.apache.maven.surefire.junit4.JUnit4Provider.execute(JUnit4Provider.java:365) ~[surefire-junit4-2.22.1.jar:2.22.1]
	at org.apache.maven.surefire.junit4.JUnit4Provider.executeWithRerun(JUnit4Provider.java:273) ~[surefire-junit4-2.22.1.jar:2.22.1]
	at org.apache.maven.surefire.junit4.JUnit4Provider.executeTestSet(JUnit4Provider.java:238) ~[surefire-junit4-2.22.1.jar:2.22.1]
	at org.apache.maven.surefire.junit4.JUnit4Provider.invoke(JUnit4Provider.java:159) ~[surefire-junit4-2.22.1.jar:2.22.1]
	at org.apache.maven.surefire.booter.ForkedBooter.invokeProviderInSameClassLoader(ForkedBooter.java:384) ~[surefire-booter-2.22.1.jar:2.22.1]
	at org.apache.maven.surefire.booter.ForkedBooter.runSuitesInProcess(ForkedBooter.java:345) ~[surefire-booter-2.22.1.jar:2.22.1]
	at org.apache.maven.surefire.booter.ForkedBooter.execute(ForkedBooter.java:126) ~[surefire-booter-2.22.1.jar:2.22.1]
	at org.apache.maven.surefire.booter.ForkedBooter.main(ForkedBooter.java:418) ~[surefire-booter-2.22.1.jar:2.22.1]
01:28:07.573 [main] WARN  o.h.tuple.entity.PojoEntityTuplizer - could not create proxy factory for:jw.lab4.checkers.Database.Game
org.hibernate.HibernateException: Javassist Enhancement failed: jw.lab4.checkers.Database.Game
	at org.hibernate.proxy.pojo.javassist.JavassistLazyInitializer.getProxyFactory(JavassistLazyInitializer.java:169) ~[hibernate-core-3.6.9.Final.jar:3.6.9.Final]
	at org.hibernate.proxy.pojo.javassist.JavassistProxyFactory.postInstantiate(JavassistProxyFactory.java:65) ~[hibernate-core-3.6.9.Final.jar:3.6.9.Final]
	at org.hibernate.tuple.entity.PojoEntityTuplizer.buildProxyFactory(PojoEntityTuplizer.java:185) ~[hibernate-core-3.6.9.Final.jar:3.6.9.Final]
	at org.hibernate.tuple.entity.AbstractEntityTuplizer.<init>(AbstractEntityTuplizer.java:167) ~[hibernate-core-3.6.9.Final.jar:3.6.9.Final]
	at org.hibernate.tuple.entity.PojoEntityTuplizer.<init>(PojoEntityTuplizer.java:77) ~[hibernate-core-3.6.9.Final.jar:3.6.9.Final]
	at java.base/jdk.internal.reflect.NativeConstructorAccessorImpl.newInstance0(Native Method) ~[na:na]
	at java.base/jdk.internal.reflect.NativeConstructorAccessorImpl.newInstance(NativeConstructorAccessorImpl.java:77) ~[na:na]
	at java.base/jdk.internal.reflect.DelegatingConstructorAccessorImpl.newInstance(DelegatingConstructorAccessorImpl.java:45) ~[na:na]
	at java.base/java.lang.reflect.Constructor.newInstanceWithCaller(Constructor.java:499) ~[na:na]
	at java.base/java.lang.reflect.Constructor.newInstance(Constructor.java:480) ~[na:na]
	at org.hibernate.tuple.entity.EntityTuplizerFactory.constructTuplizer(EntityTuplizerFactory.java:105) ~[hibernate-core-3.6.9.Final.jar:3.6.9.Final]
	at org.hibernate.tuple.entity.EntityTuplizerFactory.constructDefaultTuplizer(EntityTuplizerFactory.java:133) ~[hibernate-core-3.6.9.Final.jar:3.6.9.Final]
	at org.hibernate.tuple.entity.EntityEntityModeToTuplizerMapping.<init>(EntityEntityModeToTuplizerMapping.java:80) ~[hibernate-core-3.6.9.Final.jar:3.6.9.Final]
	at org.hibernate.tuple.entity.EntityMetamodel.<init>(EntityMetamodel.java:322) ~[hibernate-core-3.6.9.Final.jar:3.6.9.Final]
	at org.hibernate.persister.entity.AbstractEntityPersister.<init>(AbstractEntityPersister.java:485) ~[hibernate-core-3.6.9.Final.jar:3.6.9.Final]
	at org.hibernate.persister.entity.SingleTableEntityPersister.<init>(SingleTableEntityPersister.java:133) ~[hibernate-core-3.6.9.Final.jar:3.6.9.Final]
	at org.hibernate.persister.PersisterFactory.createClassPersister(PersisterFactory.java:84) ~[hibernate-core-3.6.9.Final.jar:3.6.9.Final]
	at org.hibernate.impl.SessionFactoryImpl.<init>(SessionFactoryImpl.java:286) ~[hibernate-core-3.6.9.Final.jar:3.6.9.Final]
	at org.hibernate.cfg.Configuration.buildSessionFactory(Configuration.java:1872) ~[hibernate-core-3.6.9.Final.jar:3.6.9.Final]
	at org.springframework.orm.hibernate3.LocalSessionFactoryBean.newSessionFactory(LocalSessionFactoryBean.java:793) ~[spring-orm-4.0.3.RELEASE.jar:4.0.3.RELEASE]
	at org.springframework.orm.hibernate3.LocalSessionFactoryBean.buildSessionFactory(LocalSessionFactoryBean.java:715) ~[spring-orm-4.0.3.RELEASE.jar:4.0.3.RELEASE]
	at org.springframework.orm.hibernate3.AbstractSessionFactoryBean.afterPropertiesSet(AbstractSessionFactoryBean.java:189) ~[spring-orm-4.0.3.RELEASE.jar:4.0.3.RELEASE]
	at org.springframework.beans.factory.support.AbstractAutowireCapableBeanFactory.invokeInitMethods(AbstractAutowireCapableBeanFactory.java:1612) ~[spring-beans-4.0.3.RELEASE.jar:4.0.3.RELEASE]
	at org.springframework.beans.factory.support.AbstractAutowireCapableBeanFactory.initializeBean(AbstractAutowireCapableBeanFactory.java:1549) ~[spring-beans-4.0.3.RELEASE.jar:4.0.3.RELEASE]
	at org.springframework.beans.factory.support.AbstractAutowireCapableBeanFactory.doCreateBean(AbstractAutowireCapableBeanFactory.java:539) ~[spring-beans-4.0.3.RELEASE.jar:4.0.3.RELEASE]
	at org.springframework.beans.factory.support.AbstractAutowireCapableBeanFactory.createBean(AbstractAutowireCapableBeanFactory.java:475) ~[spring-beans-4.0.3.RELEASE.jar:4.0.3.RELEASE]
	at org.springframework.beans.factory.support.AbstractBeanFactory$1.getObject(AbstractBeanFactory.java:304) ~[spring-beans-4.0.3.RELEASE.jar:4.0.3.RELEASE]
	at org.springframework.beans.factory.support.DefaultSingletonBeanRegistry.getSingleton(DefaultSingletonBeanRegistry.java:228) ~[spring-beans-4.0.3.RELEASE.jar:4.0.3.RELEASE]
	at org.springframework.beans.factory.support.AbstractBeanFactory.doGetBean(AbstractBeanFactory.java:300) ~[spring-beans-4.0.3.RELEASE.jar:4.0.3.RELEASE]
	at org.springframework.beans.factory.support.AbstractBeanFactory.getBean(AbstractBeanFactory.java:195) ~[spring-beans-4.0.3.RELEASE.jar:4.0.3.RELEASE]
	at org.springframework.beans.factory.support.DefaultListableBeanFactory.preInstantiateSingletons(DefaultListableBeanFactory.java:684) ~[spring-beans-4.0.3.RELEASE.jar:4.0.3.RELEASE]
	at org.springframework.context.support.AbstractApplicationContext.finishBeanFactoryInitialization(AbstractApplicationContext.java:760) ~[spring-context-4.0.3.RELEASE.jar:4.0.3.RELEASE]
	at org.springframework.context.support.AbstractApplicationContext.refresh(AbstractApplicationContext.java:482) ~[spring-context-4.0.3.RELEASE.jar:4.0.3.RELEASE]
	at org.springframework.context.support.ClassPathXmlApplicationContext.<init>(ClassPathXmlApplicationContext.java:139) ~[spring-context-4.0.3.RELEASE.jar:4.0.3.RELEASE]
	at org.springframework.context.support.ClassPathXmlApplicationContext.<init>(ClassPathXmlApplicationContext.java:83) ~[spring-context-4.0.3.RELEASE.jar:4.0.3.RELEASE]
	at jw.lab4.checkers.UserSave.<init>(UserSave.java:13) ~[classes/:na]
	at jw.lab4.checkers.Game.start(Game.java:72) ~[classes/:na]
	at jw.lab4.checkers.Game.<init>(Game.java:36) ~[classes/:na]
	at jw.lab4.checkers.AppTest.connectingReconnecting(AppTest.java:121) ~[test-classes/:na]
	at java.base/jdk.internal.reflect.NativeMethodAccessorImpl.invoke0(Native Method) ~[na:na]
	at java.base/jdk.internal.reflect.NativeMethodAccessorImpl.invoke(NativeMethodAccessorImpl.java:77) ~[na:na]
	at java.base/jdk.internal.reflect.DelegatingMethodAccessorImpl.invoke(DelegatingMethodAccessorImpl.java:43) ~[na:na]
	at java.base/java.lang.reflect.Method.invoke(Method.java:568) ~[na:na]
	at org.junit.runners.model.FrameworkMethod$1.runReflectiveCall(FrameworkMethod.java:47) ~[junit-4.11.jar:na]
	at org.junit.internal.runners.model.ReflectiveCallable.run(ReflectiveCallable.java:12) ~[junit-4.11.jar:na]
	at org.junit.runners.model.FrameworkMethod.invokeExplosively(FrameworkMethod.java:44) ~[junit-4.11.jar:na]
	at org.junit.internal.runners.statements.InvokeMethod.evaluate(InvokeMethod.java:17) ~[junit-4.11.jar:na]
	at org.junit.runners.ParentRunner.runLeaf(ParentRunner.java:271) ~[junit-4.11.jar:na]
	at org.junit.runners.BlockJUnit4ClassRunner.runChild(BlockJUnit4ClassRunner.java:70) ~[junit-4.11.jar:na]
	at org.junit.runners.BlockJUnit4ClassRunner.runChild(BlockJUnit4ClassRunner.java:50) ~[junit-4.11.jar:na]
	at org.junit.runners.ParentRunner$3.run(ParentRunner.java:238) ~[junit-4.11.jar:na]
	at org.junit.runners.ParentRunner$1.schedule(ParentRunner.java:63) ~[junit-4.11.jar:na]
	at org.junit.runners.ParentRunner.runChildren(ParentRunner.java:236) ~[junit-4.11.jar:na]
	at org.junit.runners.ParentRunner.access$000(ParentRunner.java:53) ~[junit-4.11.jar:na]
	at org.junit.runners.ParentRunner$2.evaluate(ParentRunner.java:229) ~[junit-4.11.jar:na]
	at org.junit.runners.ParentRunner.run(ParentRunner.java:309) ~[junit-4.11.jar:na]
	at org.apache.maven.surefire.junit4.JUnit4Provider.execute(JUnit4Provider.java:365) ~[surefire-junit4-2.22.1.jar:2.22.1]
	at org.apache.maven.surefire.junit4.JUnit4Provider.executeWithRerun(JUnit4Provider.java:273) ~[surefire-junit4-2.22.1.jar:2.22.1]
	at org.apache.maven.surefire.junit4.JUnit4Provider.executeTestSet(JUnit4Provider.java:238) ~[surefire-junit4-2.22.1.jar:2.22.1]
	at org.apache.maven.surefire.junit4.JUnit4Provider.invoke(JUnit4Provider.java:159) ~[surefire-junit4-2.22.1.jar:2.22.1]
	at org.apache.maven.surefire.booter.ForkedBooter.invokeProviderInSameClassLoader(ForkedBooter.java:384) ~[surefire-booter-2.22.1.jar:2.22.1]
	at org.apache.maven.surefire.booter.ForkedBooter.runSuitesInProcess(ForkedBooter.java:345) ~[surefire-booter-2.22.1.jar:2.22.1]
	at org.apache.maven.surefire.booter.ForkedBooter.execute(ForkedBooter.java:126) ~[surefire-booter-2.22.1.jar:2.22.1]
	at org.apache.maven.surefire.booter.ForkedBooter.main(ForkedBooter.java:418) ~[surefire-booter-2.22.1.jar:2.22.1]
Caused by: java.lang.reflect.InaccessibleObjectException: Unable to make protected final java.lang.Class java.lang.ClassLoader.defineClass(java.lang.String,byte[],int,int,java.security.ProtectionDomain) throws java.lang.ClassFormatError accessible: module java.base does not "opens java.lang" to unnamed module @69a3d1d
	at java.base/java.lang.reflect.AccessibleObject.checkCanSetAccessible(AccessibleObject.java:354) ~[na:na]
	at java.base/java.lang.reflect.AccessibleObject.checkCanSetAccessible(AccessibleObject.java:297) ~[na:na]
	at java.base/java.lang.reflect.Method.checkCanSetAccessible(Method.java:199) ~[na:na]
	at java.base/java.lang.reflect.Method.setAccessible(Method.java:193) ~[na:na]
	at javassist.util.proxy.SecurityActions.setAccessible(SecurityActions.java:102) ~[javassist-3.12.0.GA.jar:na]
	at javassist.util.proxy.FactoryHelper.toClass2(FactoryHelper.java:180) ~[javassist-3.12.0.GA.jar:na]
	at javassist.util.proxy.FactoryHelper.toClass(FactoryHelper.java:163) ~[javassist-3.12.0.GA.jar:na]
	at javassist.util.proxy.ProxyFactory.createClass3(ProxyFactory.java:501) ~[javassist-3.12.0.GA.jar:na]
	at javassist.util.proxy.ProxyFactory.createClass2(ProxyFactory.java:486) ~[javassist-3.12.0.GA.jar:na]
	at javassist.util.proxy.ProxyFactory.createClass1(ProxyFactory.java:422) ~[javassist-3.12.0.GA.jar:na]
	at javassist.util.proxy.ProxyFactory.createClass(ProxyFactory.java:394) ~[javassist-3.12.0.GA.jar:na]
	at org.hibernate.proxy.pojo.javassist.JavassistLazyInitializer.getProxyFactory(JavassistLazyInitializer.java:162) ~[hibernate-core-3.6.9.Final.jar:3.6.9.Final]
	... 63 common frames omitted
01:28:07.574 [main] DEBUG o.h.p.entity.AbstractEntityPersister - Static SQL for entity: jw.lab4.checkers.Database.Game
01:28:07.574 [main] DEBUG o.h.p.entity.AbstractEntityPersister -  Version select: select id from Games where id =?
01:28:07.574 [main] DEBUG o.h.p.entity.AbstractEntityPersister -  Snapshot select: select game_.id, game_.players_number as players2_12_ from Games game_ where game_.id=?
01:28:07.574 [main] DEBUG o.h.p.entity.AbstractEntityPersister -  Insert 0: insert into Games (players_number, id) values (?, ?)
01:28:07.575 [main] DEBUG o.h.p.entity.AbstractEntityPersister -  Update 0: update Games set players_number=? where id=?
01:28:07.575 [main] DEBUG o.h.p.entity.AbstractEntityPersister -  Delete 0: delete from Games where id=?
01:28:07.575 [main] DEBUG o.h.p.entity.AbstractEntityPersister -  Identity insert: insert into Games (players_number) values (?)
01:28:07.575 [main] INFO  org.hibernate.tuple.PojoInstantiator - no default (no-argument) constructor for class: jw.lab4.checkers.Database.Player (class must be instantiated by Interceptor)
01:28:07.578 [main] ERROR o.h.proxy.pojo.BasicLazyInitializer - Javassist Enhancement failed: jw.lab4.checkers.Database.Player
java.lang.reflect.InaccessibleObjectException: Unable to make protected final java.lang.Class java.lang.ClassLoader.defineClass(java.lang.String,byte[],int,int,java.security.ProtectionDomain) throws java.lang.ClassFormatError accessible: module java.base does not "opens java.lang" to unnamed module @69a3d1d
	at java.base/java.lang.reflect.AccessibleObject.checkCanSetAccessible(AccessibleObject.java:354) ~[na:na]
	at java.base/java.lang.reflect.AccessibleObject.checkCanSetAccessible(AccessibleObject.java:297) ~[na:na]
	at java.base/java.lang.reflect.Method.checkCanSetAccessible(Method.java:199) ~[na:na]
	at java.base/java.lang.reflect.Method.setAccessible(Method.java:193) ~[na:na]
	at javassist.util.proxy.SecurityActions.setAccessible(SecurityActions.java:102) ~[javassist-3.12.0.GA.jar:na]
	at javassist.util.proxy.FactoryHelper.toClass2(FactoryHelper.java:180) ~[javassist-3.12.0.GA.jar:na]
	at javassist.util.proxy.FactoryHelper.toClass(FactoryHelper.java:163) ~[javassist-3.12.0.GA.jar:na]
	at javassist.util.proxy.ProxyFactory.createClass3(ProxyFactory.java:501) ~[javassist-3.12.0.GA.jar:na]
	at javassist.util.proxy.ProxyFactory.createClass2(ProxyFactory.java:486) ~[javassist-3.12.0.GA.jar:na]
	at javassist.util.proxy.ProxyFactory.createClass1(ProxyFactory.java:422) ~[javassist-3.12.0.GA.jar:na]
	at javassist.util.proxy.ProxyFactory.createClass(ProxyFactory.java:394) ~[javassist-3.12.0.GA.jar:na]
	at org.hibernate.proxy.pojo.javassist.JavassistLazyInitializer.getProxyFactory(JavassistLazyInitializer.java:162) ~[hibernate-core-3.6.9.Final.jar:3.6.9.Final]
	at org.hibernate.proxy.pojo.javassist.JavassistProxyFactory.postInstantiate(JavassistProxyFactory.java:65) ~[hibernate-core-3.6.9.Final.jar:3.6.9.Final]
	at org.hibernate.tuple.entity.PojoEntityTuplizer.buildProxyFactory(PojoEntityTuplizer.java:185) ~[hibernate-core-3.6.9.Final.jar:3.6.9.Final]
	at org.hibernate.tuple.entity.AbstractEntityTuplizer.<init>(AbstractEntityTuplizer.java:167) ~[hibernate-core-3.6.9.Final.jar:3.6.9.Final]
	at org.hibernate.tuple.entity.PojoEntityTuplizer.<init>(PojoEntityTuplizer.java:77) ~[hibernate-core-3.6.9.Final.jar:3.6.9.Final]
	at java.base/jdk.internal.reflect.NativeConstructorAccessorImpl.newInstance0(Native Method) ~[na:na]
	at java.base/jdk.internal.reflect.NativeConstructorAccessorImpl.newInstance(NativeConstructorAccessorImpl.java:77) ~[na:na]
	at java.base/jdk.internal.reflect.DelegatingConstructorAccessorImpl.newInstance(DelegatingConstructorAccessorImpl.java:45) ~[na:na]
	at java.base/java.lang.reflect.Constructor.newInstanceWithCaller(Constructor.java:499) ~[na:na]
	at java.base/java.lang.reflect.Constructor.newInstance(Constructor.java:480) ~[na:na]
	at org.hibernate.tuple.entity.EntityTuplizerFactory.constructTuplizer(EntityTuplizerFactory.java:105) ~[hibernate-core-3.6.9.Final.jar:3.6.9.Final]
	at org.hibernate.tuple.entity.EntityTuplizerFactory.constructDefaultTuplizer(EntityTuplizerFactory.java:133) ~[hibernate-core-3.6.9.Final.jar:3.6.9.Final]
	at org.hibernate.tuple.entity.EntityEntityModeToTuplizerMapping.<init>(EntityEntityModeToTuplizerMapping.java:80) ~[hibernate-core-3.6.9.Final.jar:3.6.9.Final]
	at org.hibernate.tuple.entity.EntityMetamodel.<init>(EntityMetamodel.java:322) ~[hibernate-core-3.6.9.Final.jar:3.6.9.Final]
	at org.hibernate.persister.entity.AbstractEntityPersister.<init>(AbstractEntityPersister.java:485) ~[hibernate-core-3.6.9.Final.jar:3.6.9.Final]
	at org.hibernate.persister.entity.SingleTableEntityPersister.<init>(SingleTableEntityPersister.java:133) ~[hibernate-core-3.6.9.Final.jar:3.6.9.Final]
	at org.hibernate.persister.PersisterFactory.createClassPersister(PersisterFactory.java:84) ~[hibernate-core-3.6.9.Final.jar:3.6.9.Final]
	at org.hibernate.impl.SessionFactoryImpl.<init>(SessionFactoryImpl.java:286) ~[hibernate-core-3.6.9.Final.jar:3.6.9.Final]
	at org.hibernate.cfg.Configuration.buildSessionFactory(Configuration.java:1872) ~[hibernate-core-3.6.9.Final.jar:3.6.9.Final]
	at org.springframework.orm.hibernate3.LocalSessionFactoryBean.newSessionFactory(LocalSessionFactoryBean.java:793) ~[spring-orm-4.0.3.RELEASE.jar:4.0.3.RELEASE]
	at org.springframework.orm.hibernate3.LocalSessionFactoryBean.buildSessionFactory(LocalSessionFactoryBean.java:715) ~[spring-orm-4.0.3.RELEASE.jar:4.0.3.RELEASE]
	at org.springframework.orm.hibernate3.AbstractSessionFactoryBean.afterPropertiesSet(AbstractSessionFactoryBean.java:189) ~[spring-orm-4.0.3.RELEASE.jar:4.0.3.RELEASE]
	at org.springframework.beans.factory.support.AbstractAutowireCapableBeanFactory.invokeInitMethods(AbstractAutowireCapableBeanFactory.java:1612) ~[spring-beans-4.0.3.RELEASE.jar:4.0.3.RELEASE]
	at org.springframework.beans.factory.support.AbstractAutowireCapableBeanFactory.initializeBean(AbstractAutowireCapableBeanFactory.java:1549) ~[spring-beans-4.0.3.RELEASE.jar:4.0.3.RELEASE]
	at org.springframework.beans.factory.support.AbstractAutowireCapableBeanFactory.doCreateBean(AbstractAutowireCapableBeanFactory.java:539) ~[spring-beans-4.0.3.RELEASE.jar:4.0.3.RELEASE]
	at org.springframework.beans.factory.support.AbstractAutowireCapableBeanFactory.createBean(AbstractAutowireCapableBeanFactory.java:475) ~[spring-beans-4.0.3.RELEASE.jar:4.0.3.RELEASE]
	at org.springframework.beans.factory.support.AbstractBeanFactory$1.getObject(AbstractBeanFactory.java:304) ~[spring-beans-4.0.3.RELEASE.jar:4.0.3.RELEASE]
	at org.springframework.beans.factory.support.DefaultSingletonBeanRegistry.getSingleton(DefaultSingletonBeanRegistry.java:228) ~[spring-beans-4.0.3.RELEASE.jar:4.0.3.RELEASE]
	at org.springframework.beans.factory.support.AbstractBeanFactory.doGetBean(AbstractBeanFactory.java:300) ~[spring-beans-4.0.3.RELEASE.jar:4.0.3.RELEASE]
	at org.springframework.beans.factory.support.AbstractBeanFactory.getBean(AbstractBeanFactory.java:195) ~[spring-beans-4.0.3.RELEASE.jar:4.0.3.RELEASE]
	at org.springframework.beans.factory.support.DefaultListableBeanFactory.preInstantiateSingletons(DefaultListableBeanFactory.java:684) ~[spring-beans-4.0.3.RELEASE.jar:4.0.3.RELEASE]
	at org.springframework.context.support.AbstractApplicationContext.finishBeanFactoryInitialization(AbstractApplicationContext.java:760) ~[spring-context-4.0.3.RELEASE.jar:4.0.3.RELEASE]
	at org.springframework.context.support.AbstractApplicationContext.refresh(AbstractApplicationContext.java:482) ~[spring-context-4.0.3.RELEASE.jar:4.0.3.RELEASE]
	at org.springframework.context.support.ClassPathXmlApplicationContext.<init>(ClassPathXmlApplicationContext.java:139) ~[spring-context-4.0.3.RELEASE.jar:4.0.3.RELEASE]
	at org.springframework.context.support.ClassPathXmlApplicationContext.<init>(ClassPathXmlApplicationContext.java:83) ~[spring-context-4.0.3.RELEASE.jar:4.0.3.RELEASE]
	at jw.lab4.checkers.UserSave.<init>(UserSave.java:13) ~[classes/:na]
	at jw.lab4.checkers.Game.start(Game.java:72) ~[classes/:na]
	at jw.lab4.checkers.Game.<init>(Game.java:36) ~[classes/:na]
	at jw.lab4.checkers.AppTest.connectingReconnecting(AppTest.java:121) ~[test-classes/:na]
	at java.base/jdk.internal.reflect.NativeMethodAccessorImpl.invoke0(Native Method) ~[na:na]
	at java.base/jdk.internal.reflect.NativeMethodAccessorImpl.invoke(NativeMethodAccessorImpl.java:77) ~[na:na]
	at java.base/jdk.internal.reflect.DelegatingMethodAccessorImpl.invoke(DelegatingMethodAccessorImpl.java:43) ~[na:na]
	at java.base/java.lang.reflect.Method.invoke(Method.java:568) ~[na:na]
	at org.junit.runners.model.FrameworkMethod$1.runReflectiveCall(FrameworkMethod.java:47) ~[junit-4.11.jar:na]
	at org.junit.internal.runners.model.ReflectiveCallable.run(ReflectiveCallable.java:12) ~[junit-4.11.jar:na]
	at org.junit.runners.model.FrameworkMethod.invokeExplosively(FrameworkMethod.java:44) ~[junit-4.11.jar:na]
	at org.junit.internal.runners.statements.InvokeMethod.evaluate(InvokeMethod.java:17) ~[junit-4.11.jar:na]
	at org.junit.runners.ParentRunner.runLeaf(ParentRunner.java:271) ~[junit-4.11.jar:na]
	at org.junit.runners.BlockJUnit4ClassRunner.runChild(BlockJUnit4ClassRunner.java:70) ~[junit-4.11.jar:na]
	at org.junit.runners.BlockJUnit4ClassRunner.runChild(BlockJUnit4ClassRunner.java:50) ~[junit-4.11.jar:na]
	at org.junit.runners.ParentRunner$3.run(ParentRunner.java:238) ~[junit-4.11.jar:na]
	at org.junit.runners.ParentRunner$1.schedule(ParentRunner.java:63) ~[junit-4.11.jar:na]
	at org.junit.runners.ParentRunner.runChildren(ParentRunner.java:236) ~[junit-4.11.jar:na]
	at org.junit.runners.ParentRunner.access$000(ParentRunner.java:53) ~[junit-4.11.jar:na]
	at org.junit.runners.ParentRunner$2.evaluate(ParentRunner.java:229) ~[junit-4.11.jar:na]
	at org.junit.runners.ParentRunner.run(ParentRunner.java:309) ~[junit-4.11.jar:na]
	at org.apache.maven.surefire.junit4.JUnit4Provider.execute(JUnit4Provider.java:365) ~[surefire-junit4-2.22.1.jar:2.22.1]
	at org.apache.maven.surefire.junit4.JUnit4Provider.executeWithRerun(JUnit4Provider.java:273) ~[surefire-junit4-2.22.1.jar:2.22.1]
	at org.apache.maven.surefire.junit4.JUnit4Provider.executeTestSet(JUnit4Provider.java:238) ~[surefire-junit4-2.22.1.jar:2.22.1]
	at org.apache.maven.surefire.junit4.JUnit4Provider.invoke(JUnit4Provider.java:159) ~[surefire-junit4-2.22.1.jar:2.22.1]
	at org.apache.maven.surefire.booter.ForkedBooter.invokeProviderInSameClassLoader(ForkedBooter.java:384) ~[surefire-booter-2.22.1.jar:2.22.1]
	at org.apache.maven.surefire.booter.ForkedBooter.runSuitesInProcess(ForkedBooter.java:345) ~[surefire-booter-2.22.1.jar:2.22.1]
	at org.apache.maven.surefire.booter.ForkedBooter.execute(ForkedBooter.java:126) ~[surefire-booter-2.22.1.jar:2.22.1]
	at org.apache.maven.surefire.booter.ForkedBooter.main(ForkedBooter.java:418) ~[surefire-booter-2.22.1.jar:2.22.1]
01:28:07.580 [main] WARN  o.h.tuple.entity.PojoEntityTuplizer - could not create proxy factory for:jw.lab4.checkers.Database.Player
org.hibernate.HibernateException: Javassist Enhancement failed: jw.lab4.checkers.Database.Player
	at org.hibernate.proxy.pojo.javassist.JavassistLazyInitializer.getProxyFactory(JavassistLazyInitializer.java:169) ~[hibernate-core-3.6.9.Final.jar:3.6.9.Final]
	at org.hibernate.proxy.pojo.javassist.JavassistProxyFactory.postInstantiate(JavassistProxyFactory.java:65) ~[hibernate-core-3.6.9.Final.jar:3.6.9.Final]
	at org.hibernate.tuple.entity.PojoEntityTuplizer.buildProxyFactory(PojoEntityTuplizer.java:185) ~[hibernate-core-3.6.9.Final.jar:3.6.9.Final]
	at org.hibernate.tuple.entity.AbstractEntityTuplizer.<init>(AbstractEntityTuplizer.java:167) ~[hibernate-core-3.6.9.Final.jar:3.6.9.Final]
	at org.hibernate.tuple.entity.PojoEntityTuplizer.<init>(PojoEntityTuplizer.java:77) ~[hibernate-core-3.6.9.Final.jar:3.6.9.Final]
	at java.base/jdk.internal.reflect.NativeConstructorAccessorImpl.newInstance0(Native Method) ~[na:na]
	at java.base/jdk.internal.reflect.NativeConstructorAccessorImpl.newInstance(NativeConstructorAccessorImpl.java:77) ~[na:na]
	at java.base/jdk.internal.reflect.DelegatingConstructorAccessorImpl.newInstance(DelegatingConstructorAccessorImpl.java:45) ~[na:na]
	at java.base/java.lang.reflect.Constructor.newInstanceWithCaller(Constructor.java:499) ~[na:na]
	at java.base/java.lang.reflect.Constructor.newInstance(Constructor.java:480) ~[na:na]
	at org.hibernate.tuple.entity.EntityTuplizerFactory.constructTuplizer(EntityTuplizerFactory.java:105) ~[hibernate-core-3.6.9.Final.jar:3.6.9.Final]
	at org.hibernate.tuple.entity.EntityTuplizerFactory.constructDefaultTuplizer(EntityTuplizerFactory.java:133) ~[hibernate-core-3.6.9.Final.jar:3.6.9.Final]
	at org.hibernate.tuple.entity.EntityEntityModeToTuplizerMapping.<init>(EntityEntityModeToTuplizerMapping.java:80) ~[hibernate-core-3.6.9.Final.jar:3.6.9.Final]
	at org.hibernate.tuple.entity.EntityMetamodel.<init>(EntityMetamodel.java:322) ~[hibernate-core-3.6.9.Final.jar:3.6.9.Final]
	at org.hibernate.persister.entity.AbstractEntityPersister.<init>(AbstractEntityPersister.java:485) ~[hibernate-core-3.6.9.Final.jar:3.6.9.Final]
	at org.hibernate.persister.entity.SingleTableEntityPersister.<init>(SingleTableEntityPersister.java:133) ~[hibernate-core-3.6.9.Final.jar:3.6.9.Final]
	at org.hibernate.persister.PersisterFactory.createClassPersister(PersisterFactory.java:84) ~[hibernate-core-3.6.9.Final.jar:3.6.9.Final]
	at org.hibernate.impl.SessionFactoryImpl.<init>(SessionFactoryImpl.java:286) ~[hibernate-core-3.6.9.Final.jar:3.6.9.Final]
	at org.hibernate.cfg.Configuration.buildSessionFactory(Configuration.java:1872) ~[hibernate-core-3.6.9.Final.jar:3.6.9.Final]
	at org.springframework.orm.hibernate3.LocalSessionFactoryBean.newSessionFactory(LocalSessionFactoryBean.java:793) ~[spring-orm-4.0.3.RELEASE.jar:4.0.3.RELEASE]
	at org.springframework.orm.hibernate3.LocalSessionFactoryBean.buildSessionFactory(LocalSessionFactoryBean.java:715) ~[spring-orm-4.0.3.RELEASE.jar:4.0.3.RELEASE]
	at org.springframework.orm.hibernate3.AbstractSessionFactoryBean.afterPropertiesSet(AbstractSessionFactoryBean.java:189) ~[spring-orm-4.0.3.RELEASE.jar:4.0.3.RELEASE]
	at org.springframework.beans.factory.support.AbstractAutowireCapableBeanFactory.invokeInitMethods(AbstractAutowireCapableBeanFactory.java:1612) ~[spring-beans-4.0.3.RELEASE.jar:4.0.3.RELEASE]
	at org.springframework.beans.factory.support.AbstractAutowireCapableBeanFactory.initializeBean(AbstractAutowireCapableBeanFactory.java:1549) ~[spring-beans-4.0.3.RELEASE.jar:4.0.3.RELEASE]
	at org.springframework.beans.factory.support.AbstractAutowireCapableBeanFactory.doCreateBean(AbstractAutowireCapableBeanFactory.java:539) ~[spring-beans-4.0.3.RELEASE.jar:4.0.3.RELEASE]
	at org.springframework.beans.factory.support.AbstractAutowireCapableBeanFactory.createBean(AbstractAutowireCapableBeanFactory.java:475) ~[spring-beans-4.0.3.RELEASE.jar:4.0.3.RELEASE]
	at org.springframework.beans.factory.support.AbstractBeanFactory$1.getObject(AbstractBeanFactory.java:304) ~[spring-beans-4.0.3.RELEASE.jar:4.0.3.RELEASE]
	at org.springframework.beans.factory.support.DefaultSingletonBeanRegistry.getSingleton(DefaultSingletonBeanRegistry.java:228) ~[spring-beans-4.0.3.RELEASE.jar:4.0.3.RELEASE]
	at org.springframework.beans.factory.support.AbstractBeanFactory.doGetBean(AbstractBeanFactory.java:300) ~[spring-beans-4.0.3.RELEASE.jar:4.0.3.RELEASE]
	at org.springframework.beans.factory.support.AbstractBeanFactory.getBean(AbstractBeanFactory.java:195) ~[spring-beans-4.0.3.RELEASE.jar:4.0.3.RELEASE]
	at org.springframework.beans.factory.support.DefaultListableBeanFactory.preInstantiateSingletons(DefaultListableBeanFactory.java:684) ~[spring-beans-4.0.3.RELEASE.jar:4.0.3.RELEASE]
	at org.springframework.context.support.AbstractApplicationContext.finishBeanFactoryInitialization(AbstractApplicationContext.java:760) ~[spring-context-4.0.3.RELEASE.jar:4.0.3.RELEASE]
	at org.springframework.context.support.AbstractApplicationContext.refresh(AbstractApplicationContext.java:482) ~[spring-context-4.0.3.RELEASE.jar:4.0.3.RELEASE]
	at org.springframework.context.support.ClassPathXmlApplicationContext.<init>(ClassPathXmlApplicationContext.java:139) ~[spring-context-4.0.3.RELEASE.jar:4.0.3.RELEASE]
	at org.springframework.context.support.ClassPathXmlApplicationContext.<init>(ClassPathXmlApplicationContext.java:83) ~[spring-context-4.0.3.RELEASE.jar:4.0.3.RELEASE]
	at jw.lab4.checkers.UserSave.<init>(UserSave.java:13) ~[classes/:na]
	at jw.lab4.checkers.Game.start(Game.java:72) ~[classes/:na]
	at jw.lab4.checkers.Game.<init>(Game.java:36) ~[classes/:na]
	at jw.lab4.checkers.AppTest.connectingReconnecting(AppTest.java:121) ~[test-classes/:na]
	at java.base/jdk.internal.reflect.NativeMethodAccessorImpl.invoke0(Native Method) ~[na:na]
	at java.base/jdk.internal.reflect.NativeMethodAccessorImpl.invoke(NativeMethodAccessorImpl.java:77) ~[na:na]
	at java.base/jdk.internal.reflect.DelegatingMethodAccessorImpl.invoke(DelegatingMethodAccessorImpl.java:43) ~[na:na]
	at java.base/java.lang.reflect.Method.invoke(Method.java:568) ~[na:na]
	at org.junit.runners.model.FrameworkMethod$1.runReflectiveCall(FrameworkMethod.java:47) ~[junit-4.11.jar:na]
	at org.junit.internal.runners.model.ReflectiveCallable.run(ReflectiveCallable.java:12) ~[junit-4.11.jar:na]
	at org.junit.runners.model.FrameworkMethod.invokeExplosively(FrameworkMethod.java:44) ~[junit-4.11.jar:na]
	at org.junit.internal.runners.statements.InvokeMethod.evaluate(InvokeMethod.java:17) ~[junit-4.11.jar:na]
	at org.junit.runners.ParentRunner.runLeaf(ParentRunner.java:271) ~[junit-4.11.jar:na]
	at org.junit.runners.BlockJUnit4ClassRunner.runChild(BlockJUnit4ClassRunner.java:70) ~[junit-4.11.jar:na]
	at org.junit.runners.BlockJUnit4ClassRunner.runChild(BlockJUnit4ClassRunner.java:50) ~[junit-4.11.jar:na]
	at org.junit.runners.ParentRunner$3.run(ParentRunner.java:238) ~[junit-4.11.jar:na]
	at org.junit.runners.ParentRunner$1.schedule(ParentRunner.java:63) ~[junit-4.11.jar:na]
	at org.junit.runners.ParentRunner.runChildren(ParentRunner.java:236) ~[junit-4.11.jar:na]
	at org.junit.runners.ParentRunner.access$000(ParentRunner.java:53) ~[junit-4.11.jar:na]
	at org.junit.runners.ParentRunner$2.evaluate(ParentRunner.java:229) ~[junit-4.11.jar:na]
	at org.junit.runners.ParentRunner.run(ParentRunner.java:309) ~[junit-4.11.jar:na]
	at org.apache.maven.surefire.junit4.JUnit4Provider.execute(JUnit4Provider.java:365) ~[surefire-junit4-2.22.1.jar:2.22.1]
	at org.apache.maven.surefire.junit4.JUnit4Provider.executeWithRerun(JUnit4Provider.java:273) ~[surefire-junit4-2.22.1.jar:2.22.1]
	at org.apache.maven.surefire.junit4.JUnit4Provider.executeTestSet(JUnit4Provider.java:238) ~[surefire-junit4-2.22.1.jar:2.22.1]
	at org.apache.maven.surefire.junit4.JUnit4Provider.invoke(JUnit4Provider.java:159) ~[surefire-junit4-2.22.1.jar:2.22.1]
	at org.apache.maven.surefire.booter.ForkedBooter.invokeProviderInSameClassLoader(ForkedBooter.java:384) ~[surefire-booter-2.22.1.jar:2.22.1]
	at org.apache.maven.surefire.booter.ForkedBooter.runSuitesInProcess(ForkedBooter.java:345) ~[surefire-booter-2.22.1.jar:2.22.1]
	at org.apache.maven.surefire.booter.ForkedBooter.execute(ForkedBooter.java:126) ~[surefire-booter-2.22.1.jar:2.22.1]
	at org.apache.maven.surefire.booter.ForkedBooter.main(ForkedBooter.java:418) ~[surefire-booter-2.22.1.jar:2.22.1]
Caused by: java.lang.reflect.InaccessibleObjectException: Unable to make protected final java.lang.Class java.lang.ClassLoader.defineClass(java.lang.String,byte[],int,int,java.security.ProtectionDomain) throws java.lang.ClassFormatError accessible: module java.base does not "opens java.lang" to unnamed module @69a3d1d
	at java.base/java.lang.reflect.AccessibleObject.checkCanSetAccessible(AccessibleObject.java:354) ~[na:na]
	at java.base/java.lang.reflect.AccessibleObject.checkCanSetAccessible(AccessibleObject.java:297) ~[na:na]
	at java.base/java.lang.reflect.Method.checkCanSetAccessible(Method.java:199) ~[na:na]
	at java.base/java.lang.reflect.Method.setAccessible(Method.java:193) ~[na:na]
	at javassist.util.proxy.SecurityActions.setAccessible(SecurityActions.java:102) ~[javassist-3.12.0.GA.jar:na]
	at javassist.util.proxy.FactoryHelper.toClass2(FactoryHelper.java:180) ~[javassist-3.12.0.GA.jar:na]
	at javassist.util.proxy.FactoryHelper.toClass(FactoryHelper.java:163) ~[javassist-3.12.0.GA.jar:na]
	at javassist.util.proxy.ProxyFactory.createClass3(ProxyFactory.java:501) ~[javassist-3.12.0.GA.jar:na]
	at javassist.util.proxy.ProxyFactory.createClass2(ProxyFactory.java:486) ~[javassist-3.12.0.GA.jar:na]
	at javassist.util.proxy.ProxyFactory.createClass1(ProxyFactory.java:422) ~[javassist-3.12.0.GA.jar:na]
	at javassist.util.proxy.ProxyFactory.createClass(ProxyFactory.java:394) ~[javassist-3.12.0.GA.jar:na]
	at org.hibernate.proxy.pojo.javassist.JavassistLazyInitializer.getProxyFactory(JavassistLazyInitializer.java:162) ~[hibernate-core-3.6.9.Final.jar:3.6.9.Final]
	... 63 common frames omitted
01:28:07.583 [main] DEBUG o.h.p.entity.AbstractEntityPersister - Static SQL for entity: jw.lab4.checkers.Database.Player
01:28:07.584 [main] DEBUG o.h.p.entity.AbstractEntityPersister -  Version select: select id from Players where id =?
01:28:07.584 [main] DEBUG o.h.p.entity.AbstractEntityPersister -  Snapshot select: select player_.id, player_.player_number as player2_13_, player_.nickname as nickname13_ from Players player_ where player_.id=?
01:28:07.584 [main] DEBUG o.h.p.entity.AbstractEntityPersister -  Insert 0: insert into Players (player_number, nickname, id) values (?, ?, ?)
01:28:07.584 [main] DEBUG o.h.p.entity.AbstractEntityPersister -  Update 0: update Players set player_number=?, nickname=? where id=?
01:28:07.584 [main] DEBUG o.h.p.entity.AbstractEntityPersister -  Delete 0: delete from Players where id=?
01:28:07.584 [main] DEBUG o.h.p.entity.AbstractEntityPersister -  Identity insert: insert into Players (player_number, nickname) values (?, ?)
01:28:07.585 [main] INFO  org.hibernate.tuple.PojoInstantiator - no default (no-argument) constructor for class: jw.lab4.checkers.Database.Move (class must be instantiated by Interceptor)
01:28:07.588 [main] ERROR o.h.proxy.pojo.BasicLazyInitializer - Javassist Enhancement failed: jw.lab4.checkers.Database.Move
java.lang.reflect.InaccessibleObjectException: Unable to make protected final java.lang.Class java.lang.ClassLoader.defineClass(java.lang.String,byte[],int,int,java.security.ProtectionDomain) throws java.lang.ClassFormatError accessible: module java.base does not "opens java.lang" to unnamed module @69a3d1d
	at java.base/java.lang.reflect.AccessibleObject.checkCanSetAccessible(AccessibleObject.java:354) ~[na:na]
	at java.base/java.lang.reflect.AccessibleObject.checkCanSetAccessible(AccessibleObject.java:297) ~[na:na]
	at java.base/java.lang.reflect.Method.checkCanSetAccessible(Method.java:199) ~[na:na]
	at java.base/java.lang.reflect.Method.setAccessible(Method.java:193) ~[na:na]
	at javassist.util.proxy.SecurityActions.setAccessible(SecurityActions.java:102) ~[javassist-3.12.0.GA.jar:na]
	at javassist.util.proxy.FactoryHelper.toClass2(FactoryHelper.java:180) ~[javassist-3.12.0.GA.jar:na]
	at javassist.util.proxy.FactoryHelper.toClass(FactoryHelper.java:163) ~[javassist-3.12.0.GA.jar:na]
	at javassist.util.proxy.ProxyFactory.createClass3(ProxyFactory.java:501) ~[javassist-3.12.0.GA.jar:na]
	at javassist.util.proxy.ProxyFactory.createClass2(ProxyFactory.java:486) ~[javassist-3.12.0.GA.jar:na]
	at javassist.util.proxy.ProxyFactory.createClass1(ProxyFactory.java:422) ~[javassist-3.12.0.GA.jar:na]
	at javassist.util.proxy.ProxyFactory.createClass(ProxyFactory.java:394) ~[javassist-3.12.0.GA.jar:na]
	at org.hibernate.proxy.pojo.javassist.JavassistLazyInitializer.getProxyFactory(JavassistLazyInitializer.java:162) ~[hibernate-core-3.6.9.Final.jar:3.6.9.Final]
	at org.hibernate.proxy.pojo.javassist.JavassistProxyFactory.postInstantiate(JavassistProxyFactory.java:65) ~[hibernate-core-3.6.9.Final.jar:3.6.9.Final]
	at org.hibernate.tuple.entity.PojoEntityTuplizer.buildProxyFactory(PojoEntityTuplizer.java:185) ~[hibernate-core-3.6.9.Final.jar:3.6.9.Final]
	at org.hibernate.tuple.entity.AbstractEntityTuplizer.<init>(AbstractEntityTuplizer.java:167) ~[hibernate-core-3.6.9.Final.jar:3.6.9.Final]
	at org.hibernate.tuple.entity.PojoEntityTuplizer.<init>(PojoEntityTuplizer.java:77) ~[hibernate-core-3.6.9.Final.jar:3.6.9.Final]
	at java.base/jdk.internal.reflect.NativeConstructorAccessorImpl.newInstance0(Native Method) ~[na:na]
	at java.base/jdk.internal.reflect.NativeConstructorAccessorImpl.newInstance(NativeConstructorAccessorImpl.java:77) ~[na:na]
	at java.base/jdk.internal.reflect.DelegatingConstructorAccessorImpl.newInstance(DelegatingConstructorAccessorImpl.java:45) ~[na:na]
	at java.base/java.lang.reflect.Constructor.newInstanceWithCaller(Constructor.java:499) ~[na:na]
	at java.base/java.lang.reflect.Constructor.newInstance(Constructor.java:480) ~[na:na]
	at org.hibernate.tuple.entity.EntityTuplizerFactory.constructTuplizer(EntityTuplizerFactory.java:105) ~[hibernate-core-3.6.9.Final.jar:3.6.9.Final]
	at org.hibernate.tuple.entity.EntityTuplizerFactory.constructDefaultTuplizer(EntityTuplizerFactory.java:133) ~[hibernate-core-3.6.9.Final.jar:3.6.9.Final]
	at org.hibernate.tuple.entity.EntityEntityModeToTuplizerMapping.<init>(EntityEntityModeToTuplizerMapping.java:80) ~[hibernate-core-3.6.9.Final.jar:3.6.9.Final]
	at org.hibernate.tuple.entity.EntityMetamodel.<init>(EntityMetamodel.java:322) ~[hibernate-core-3.6.9.Final.jar:3.6.9.Final]
	at org.hibernate.persister.entity.AbstractEntityPersister.<init>(AbstractEntityPersister.java:485) ~[hibernate-core-3.6.9.Final.jar:3.6.9.Final]
	at org.hibernate.persister.entity.SingleTableEntityPersister.<init>(SingleTableEntityPersister.java:133) ~[hibernate-core-3.6.9.Final.jar:3.6.9.Final]
	at org.hibernate.persister.PersisterFactory.createClassPersister(PersisterFactory.java:84) ~[hibernate-core-3.6.9.Final.jar:3.6.9.Final]
	at org.hibernate.impl.SessionFactoryImpl.<init>(SessionFactoryImpl.java:286) ~[hibernate-core-3.6.9.Final.jar:3.6.9.Final]
	at org.hibernate.cfg.Configuration.buildSessionFactory(Configuration.java:1872) ~[hibernate-core-3.6.9.Final.jar:3.6.9.Final]
	at org.springframework.orm.hibernate3.LocalSessionFactoryBean.newSessionFactory(LocalSessionFactoryBean.java:793) ~[spring-orm-4.0.3.RELEASE.jar:4.0.3.RELEASE]
	at org.springframework.orm.hibernate3.LocalSessionFactoryBean.buildSessionFactory(LocalSessionFactoryBean.java:715) ~[spring-orm-4.0.3.RELEASE.jar:4.0.3.RELEASE]
	at org.springframework.orm.hibernate3.AbstractSessionFactoryBean.afterPropertiesSet(AbstractSessionFactoryBean.java:189) ~[spring-orm-4.0.3.RELEASE.jar:4.0.3.RELEASE]
	at org.springframework.beans.factory.support.AbstractAutowireCapableBeanFactory.invokeInitMethods(AbstractAutowireCapableBeanFactory.java:1612) ~[spring-beans-4.0.3.RELEASE.jar:4.0.3.RELEASE]
	at org.springframework.beans.factory.support.AbstractAutowireCapableBeanFactory.initializeBean(AbstractAutowireCapableBeanFactory.java:1549) ~[spring-beans-4.0.3.RELEASE.jar:4.0.3.RELEASE]
	at org.springframework.beans.factory.support.AbstractAutowireCapableBeanFactory.doCreateBean(AbstractAutowireCapableBeanFactory.java:539) ~[spring-beans-4.0.3.RELEASE.jar:4.0.3.RELEASE]
	at org.springframework.beans.factory.support.AbstractAutowireCapableBeanFactory.createBean(AbstractAutowireCapableBeanFactory.java:475) ~[spring-beans-4.0.3.RELEASE.jar:4.0.3.RELEASE]
	at org.springframework.beans.factory.support.AbstractBeanFactory$1.getObject(AbstractBeanFactory.java:304) ~[spring-beans-4.0.3.RELEASE.jar:4.0.3.RELEASE]
	at org.springframework.beans.factory.support.DefaultSingletonBeanRegistry.getSingleton(DefaultSingletonBeanRegistry.java:228) ~[spring-beans-4.0.3.RELEASE.jar:4.0.3.RELEASE]
	at org.springframework.beans.factory.support.AbstractBeanFactory.doGetBean(AbstractBeanFactory.java:300) ~[spring-beans-4.0.3.RELEASE.jar:4.0.3.RELEASE]
	at org.springframework.beans.factory.support.AbstractBeanFactory.getBean(AbstractBeanFactory.java:195) ~[spring-beans-4.0.3.RELEASE.jar:4.0.3.RELEASE]
	at org.springframework.beans.factory.support.DefaultListableBeanFactory.preInstantiateSingletons(DefaultListableBeanFactory.java:684) ~[spring-beans-4.0.3.RELEASE.jar:4.0.3.RELEASE]
	at org.springframework.context.support.AbstractApplicationContext.finishBeanFactoryInitialization(AbstractApplicationContext.java:760) ~[spring-context-4.0.3.RELEASE.jar:4.0.3.RELEASE]
	at org.springframework.context.support.AbstractApplicationContext.refresh(AbstractApplicationContext.java:482) ~[spring-context-4.0.3.RELEASE.jar:4.0.3.RELEASE]
	at org.springframework.context.support.ClassPathXmlApplicationContext.<init>(ClassPathXmlApplicationContext.java:139) ~[spring-context-4.0.3.RELEASE.jar:4.0.3.RELEASE]
	at org.springframework.context.support.ClassPathXmlApplicationContext.<init>(ClassPathXmlApplicationContext.java:83) ~[spring-context-4.0.3.RELEASE.jar:4.0.3.RELEASE]
	at jw.lab4.checkers.UserSave.<init>(UserSave.java:13) ~[classes/:na]
	at jw.lab4.checkers.Game.start(Game.java:72) ~[classes/:na]
	at jw.lab4.checkers.Game.<init>(Game.java:36) ~[classes/:na]
	at jw.lab4.checkers.AppTest.connectingReconnecting(AppTest.java:121) ~[test-classes/:na]
	at java.base/jdk.internal.reflect.NativeMethodAccessorImpl.invoke0(Native Method) ~[na:na]
	at java.base/jdk.internal.reflect.NativeMethodAccessorImpl.invoke(NativeMethodAccessorImpl.java:77) ~[na:na]
	at java.base/jdk.internal.reflect.DelegatingMethodAccessorImpl.invoke(DelegatingMethodAccessorImpl.java:43) ~[na:na]
	at java.base/java.lang.reflect.Method.invoke(Method.java:568) ~[na:na]
	at org.junit.runners.model.FrameworkMethod$1.runReflectiveCall(FrameworkMethod.java:47) ~[junit-4.11.jar:na]
	at org.junit.internal.runners.model.ReflectiveCallable.run(ReflectiveCallable.java:12) ~[junit-4.11.jar:na]
	at org.junit.runners.model.FrameworkMethod.invokeExplosively(FrameworkMethod.java:44) ~[junit-4.11.jar:na]
	at org.junit.internal.runners.statements.InvokeMethod.evaluate(InvokeMethod.java:17) ~[junit-4.11.jar:na]
	at org.junit.runners.ParentRunner.runLeaf(ParentRunner.java:271) ~[junit-4.11.jar:na]
	at org.junit.runners.BlockJUnit4ClassRunner.runChild(BlockJUnit4ClassRunner.java:70) ~[junit-4.11.jar:na]
	at org.junit.runners.BlockJUnit4ClassRunner.runChild(BlockJUnit4ClassRunner.java:50) ~[junit-4.11.jar:na]
	at org.junit.runners.ParentRunner$3.run(ParentRunner.java:238) ~[junit-4.11.jar:na]
	at org.junit.runners.ParentRunner$1.schedule(ParentRunner.java:63) ~[junit-4.11.jar:na]
	at org.junit.runners.ParentRunner.runChildren(ParentRunner.java:236) ~[junit-4.11.jar:na]
	at org.junit.runners.ParentRunner.access$000(ParentRunner.java:53) ~[junit-4.11.jar:na]
	at org.junit.runners.ParentRunner$2.evaluate(ParentRunner.java:229) ~[junit-4.11.jar:na]
	at org.junit.runners.ParentRunner.run(ParentRunner.java:309) ~[junit-4.11.jar:na]
	at org.apache.maven.surefire.junit4.JUnit4Provider.execute(JUnit4Provider.java:365) ~[surefire-junit4-2.22.1.jar:2.22.1]
	at org.apache.maven.surefire.junit4.JUnit4Provider.executeWithRerun(JUnit4Provider.java:273) ~[surefire-junit4-2.22.1.jar:2.22.1]
	at org.apache.maven.surefire.junit4.JUnit4Provider.executeTestSet(JUnit4Provider.java:238) ~[surefire-junit4-2.22.1.jar:2.22.1]
	at org.apache.maven.surefire.junit4.JUnit4Provider.invoke(JUnit4Provider.java:159) ~[surefire-junit4-2.22.1.jar:2.22.1]
	at org.apache.maven.surefire.booter.ForkedBooter.invokeProviderInSameClassLoader(ForkedBooter.java:384) ~[surefire-booter-2.22.1.jar:2.22.1]
	at org.apache.maven.surefire.booter.ForkedBooter.runSuitesInProcess(ForkedBooter.java:345) ~[surefire-booter-2.22.1.jar:2.22.1]
	at org.apache.maven.surefire.booter.ForkedBooter.execute(ForkedBooter.java:126) ~[surefire-booter-2.22.1.jar:2.22.1]
	at org.apache.maven.surefire.booter.ForkedBooter.main(ForkedBooter.java:418) ~[surefire-booter-2.22.1.jar:2.22.1]
01:28:07.590 [main] WARN  o.h.tuple.entity.PojoEntityTuplizer - could not create proxy factory for:jw.lab4.checkers.Database.Move
org.hibernate.HibernateException: Javassist Enhancement failed: jw.lab4.checkers.Database.Move
	at org.hibernate.proxy.pojo.javassist.JavassistLazyInitializer.getProxyFactory(JavassistLazyInitializer.java:169) ~[hibernate-core-3.6.9.Final.jar:3.6.9.Final]
	at org.hibernate.proxy.pojo.javassist.JavassistProxyFactory.postInstantiate(JavassistProxyFactory.java:65) ~[hibernate-core-3.6.9.Final.jar:3.6.9.Final]
	at org.hibernate.tuple.entity.PojoEntityTuplizer.buildProxyFactory(PojoEntityTuplizer.java:185) ~[hibernate-core-3.6.9.Final.jar:3.6.9.Final]
	at org.hibernate.tuple.entity.AbstractEntityTuplizer.<init>(AbstractEntityTuplizer.java:167) ~[hibernate-core-3.6.9.Final.jar:3.6.9.Final]
	at org.hibernate.tuple.entity.PojoEntityTuplizer.<init>(PojoEntityTuplizer.java:77) ~[hibernate-core-3.6.9.Final.jar:3.6.9.Final]
	at java.base/jdk.internal.reflect.NativeConstructorAccessorImpl.newInstance0(Native Method) ~[na:na]
	at java.base/jdk.internal.reflect.NativeConstructorAccessorImpl.newInstance(NativeConstructorAccessorImpl.java:77) ~[na:na]
	at java.base/jdk.internal.reflect.DelegatingConstructorAccessorImpl.newInstance(DelegatingConstructorAccessorImpl.java:45) ~[na:na]
	at java.base/java.lang.reflect.Constructor.newInstanceWithCaller(Constructor.java:499) ~[na:na]
	at java.base/java.lang.reflect.Constructor.newInstance(Constructor.java:480) ~[na:na]
	at org.hibernate.tuple.entity.EntityTuplizerFactory.constructTuplizer(EntityTuplizerFactory.java:105) ~[hibernate-core-3.6.9.Final.jar:3.6.9.Final]
	at org.hibernate.tuple.entity.EntityTuplizerFactory.constructDefaultTuplizer(EntityTuplizerFactory.java:133) ~[hibernate-core-3.6.9.Final.jar:3.6.9.Final]
	at org.hibernate.tuple.entity.EntityEntityModeToTuplizerMapping.<init>(EntityEntityModeToTuplizerMapping.java:80) ~[hibernate-core-3.6.9.Final.jar:3.6.9.Final]
	at org.hibernate.tuple.entity.EntityMetamodel.<init>(EntityMetamodel.java:322) ~[hibernate-core-3.6.9.Final.jar:3.6.9.Final]
	at org.hibernate.persister.entity.AbstractEntityPersister.<init>(AbstractEntityPersister.java:485) ~[hibernate-core-3.6.9.Final.jar:3.6.9.Final]
	at org.hibernate.persister.entity.SingleTableEntityPersister.<init>(SingleTableEntityPersister.java:133) ~[hibernate-core-3.6.9.Final.jar:3.6.9.Final]
	at org.hibernate.persister.PersisterFactory.createClassPersister(PersisterFactory.java:84) ~[hibernate-core-3.6.9.Final.jar:3.6.9.Final]
	at org.hibernate.impl.SessionFactoryImpl.<init>(SessionFactoryImpl.java:286) ~[hibernate-core-3.6.9.Final.jar:3.6.9.Final]
	at org.hibernate.cfg.Configuration.buildSessionFactory(Configuration.java:1872) ~[hibernate-core-3.6.9.Final.jar:3.6.9.Final]
	at org.springframework.orm.hibernate3.LocalSessionFactoryBean.newSessionFactory(LocalSessionFactoryBean.java:793) ~[spring-orm-4.0.3.RELEASE.jar:4.0.3.RELEASE]
	at org.springframework.orm.hibernate3.LocalSessionFactoryBean.buildSessionFactory(LocalSessionFactoryBean.java:715) ~[spring-orm-4.0.3.RELEASE.jar:4.0.3.RELEASE]
	at org.springframework.orm.hibernate3.AbstractSessionFactoryBean.afterPropertiesSet(AbstractSessionFactoryBean.java:189) ~[spring-orm-4.0.3.RELEASE.jar:4.0.3.RELEASE]
	at org.springframework.beans.factory.support.AbstractAutowireCapableBeanFactory.invokeInitMethods(AbstractAutowireCapableBeanFactory.java:1612) ~[spring-beans-4.0.3.RELEASE.jar:4.0.3.RELEASE]
	at org.springframework.beans.factory.support.AbstractAutowireCapableBeanFactory.initializeBean(AbstractAutowireCapableBeanFactory.java:1549) ~[spring-beans-4.0.3.RELEASE.jar:4.0.3.RELEASE]
	at org.springframework.beans.factory.support.AbstractAutowireCapableBeanFactory.doCreateBean(AbstractAutowireCapableBeanFactory.java:539) ~[spring-beans-4.0.3.RELEASE.jar:4.0.3.RELEASE]
	at org.springframework.beans.factory.support.AbstractAutowireCapableBeanFactory.createBean(AbstractAutowireCapableBeanFactory.java:475) ~[spring-beans-4.0.3.RELEASE.jar:4.0.3.RELEASE]
	at org.springframework.beans.factory.support.AbstractBeanFactory$1.getObject(AbstractBeanFactory.java:304) ~[spring-beans-4.0.3.RELEASE.jar:4.0.3.RELEASE]
	at org.springframework.beans.factory.support.DefaultSingletonBeanRegistry.getSingleton(DefaultSingletonBeanRegistry.java:228) ~[spring-beans-4.0.3.RELEASE.jar:4.0.3.RELEASE]
	at org.springframework.beans.factory.support.AbstractBeanFactory.doGetBean(AbstractBeanFactory.java:300) ~[spring-beans-4.0.3.RELEASE.jar:4.0.3.RELEASE]
	at org.springframework.beans.factory.support.AbstractBeanFactory.getBean(AbstractBeanFactory.java:195) ~[spring-beans-4.0.3.RELEASE.jar:4.0.3.RELEASE]
	at org.springframework.beans.factory.support.DefaultListableBeanFactory.preInstantiateSingletons(DefaultListableBeanFactory.java:684) ~[spring-beans-4.0.3.RELEASE.jar:4.0.3.RELEASE]
	at org.springframework.context.support.AbstractApplicationContext.finishBeanFactoryInitialization(AbstractApplicationContext.java:760) ~[spring-context-4.0.3.RELEASE.jar:4.0.3.RELEASE]
	at org.springframework.context.support.AbstractApplicationContext.refresh(AbstractApplicationContext.java:482) ~[spring-context-4.0.3.RELEASE.jar:4.0.3.RELEASE]
	at org.springframework.context.support.ClassPathXmlApplicationContext.<init>(ClassPathXmlApplicationContext.java:139) ~[spring-context-4.0.3.RELEASE.jar:4.0.3.RELEASE]
	at org.springframework.context.support.ClassPathXmlApplicationContext.<init>(ClassPathXmlApplicationContext.java:83) ~[spring-context-4.0.3.RELEASE.jar:4.0.3.RELEASE]
	at jw.lab4.checkers.UserSave.<init>(UserSave.java:13) ~[classes/:na]
	at jw.lab4.checkers.Game.start(Game.java:72) ~[classes/:na]
	at jw.lab4.checkers.Game.<init>(Game.java:36) ~[classes/:na]
	at jw.lab4.checkers.AppTest.connectingReconnecting(AppTest.java:121) ~[test-classes/:na]
	at java.base/jdk.internal.reflect.NativeMethodAccessorImpl.invoke0(Native Method) ~[na:na]
	at java.base/jdk.internal.reflect.NativeMethodAccessorImpl.invoke(NativeMethodAccessorImpl.java:77) ~[na:na]
	at java.base/jdk.internal.reflect.DelegatingMethodAccessorImpl.invoke(DelegatingMethodAccessorImpl.java:43) ~[na:na]
	at java.base/java.lang.reflect.Method.invoke(Method.java:568) ~[na:na]
	at org.junit.runners.model.FrameworkMethod$1.runReflectiveCall(FrameworkMethod.java:47) ~[junit-4.11.jar:na]
	at org.junit.internal.runners.model.ReflectiveCallable.run(ReflectiveCallable.java:12) ~[junit-4.11.jar:na]
	at org.junit.runners.model.FrameworkMethod.invokeExplosively(FrameworkMethod.java:44) ~[junit-4.11.jar:na]
	at org.junit.internal.runners.statements.InvokeMethod.evaluate(InvokeMethod.java:17) ~[junit-4.11.jar:na]
	at org.junit.runners.ParentRunner.runLeaf(ParentRunner.java:271) ~[junit-4.11.jar:na]
	at org.junit.runners.BlockJUnit4ClassRunner.runChild(BlockJUnit4ClassRunner.java:70) ~[junit-4.11.jar:na]
	at org.junit.runners.BlockJUnit4ClassRunner.runChild(BlockJUnit4ClassRunner.java:50) ~[junit-4.11.jar:na]
	at org.junit.runners.ParentRunner$3.run(ParentRunner.java:238) ~[junit-4.11.jar:na]
	at org.junit.runners.ParentRunner$1.schedule(ParentRunner.java:63) ~[junit-4.11.jar:na]
	at org.junit.runners.ParentRunner.runChildren(ParentRunner.java:236) ~[junit-4.11.jar:na]
	at org.junit.runners.ParentRunner.access$000(ParentRunner.java:53) ~[junit-4.11.jar:na]
	at org.junit.runners.ParentRunner$2.evaluate(ParentRunner.java:229) ~[junit-4.11.jar:na]
	at org.junit.runners.ParentRunner.run(ParentRunner.java:309) ~[junit-4.11.jar:na]
	at org.apache.maven.surefire.junit4.JUnit4Provider.execute(JUnit4Provider.java:365) ~[surefire-junit4-2.22.1.jar:2.22.1]
	at org.apache.maven.surefire.junit4.JUnit4Provider.executeWithRerun(JUnit4Provider.java:273) ~[surefire-junit4-2.22.1.jar:2.22.1]
	at org.apache.maven.surefire.junit4.JUnit4Provider.executeTestSet(JUnit4Provider.java:238) ~[surefire-junit4-2.22.1.jar:2.22.1]
	at org.apache.maven.surefire.junit4.JUnit4Provider.invoke(JUnit4Provider.java:159) ~[surefire-junit4-2.22.1.jar:2.22.1]
	at org.apache.maven.surefire.booter.ForkedBooter.invokeProviderInSameClassLoader(ForkedBooter.java:384) ~[surefire-booter-2.22.1.jar:2.22.1]
	at org.apache.maven.surefire.booter.ForkedBooter.runSuitesInProcess(ForkedBooter.java:345) ~[surefire-booter-2.22.1.jar:2.22.1]
	at org.apache.maven.surefire.booter.ForkedBooter.execute(ForkedBooter.java:126) ~[surefire-booter-2.22.1.jar:2.22.1]
	at org.apache.maven.surefire.booter.ForkedBooter.main(ForkedBooter.java:418) ~[surefire-booter-2.22.1.jar:2.22.1]
Caused by: java.lang.reflect.InaccessibleObjectException: Unable to make protected final java.lang.Class java.lang.ClassLoader.defineClass(java.lang.String,byte[],int,int,java.security.ProtectionDomain) throws java.lang.ClassFormatError accessible: module java.base does not "opens java.lang" to unnamed module @69a3d1d
	at java.base/java.lang.reflect.AccessibleObject.checkCanSetAccessible(AccessibleObject.java:354) ~[na:na]
	at java.base/java.lang.reflect.AccessibleObject.checkCanSetAccessible(AccessibleObject.java:297) ~[na:na]
	at java.base/java.lang.reflect.Method.checkCanSetAccessible(Method.java:199) ~[na:na]
	at java.base/java.lang.reflect.Method.setAccessible(Method.java:193) ~[na:na]
	at javassist.util.proxy.SecurityActions.setAccessible(SecurityActions.java:102) ~[javassist-3.12.0.GA.jar:na]
	at javassist.util.proxy.FactoryHelper.toClass2(FactoryHelper.java:180) ~[javassist-3.12.0.GA.jar:na]
	at javassist.util.proxy.FactoryHelper.toClass(FactoryHelper.java:163) ~[javassist-3.12.0.GA.jar:na]
	at javassist.util.proxy.ProxyFactory.createClass3(ProxyFactory.java:501) ~[javassist-3.12.0.GA.jar:na]
	at javassist.util.proxy.ProxyFactory.createClass2(ProxyFactory.java:486) ~[javassist-3.12.0.GA.jar:na]
	at javassist.util.proxy.ProxyFactory.createClass1(ProxyFactory.java:422) ~[javassist-3.12.0.GA.jar:na]
	at javassist.util.proxy.ProxyFactory.createClass(ProxyFactory.java:394) ~[javassist-3.12.0.GA.jar:na]
	at org.hibernate.proxy.pojo.javassist.JavassistLazyInitializer.getProxyFactory(JavassistLazyInitializer.java:162) ~[hibernate-core-3.6.9.Final.jar:3.6.9.Final]
	... 63 common frames omitted
01:28:07.592 [main] DEBUG o.h.p.entity.AbstractEntityPersister - Static SQL for entity: jw.lab4.checkers.Database.Move
01:28:07.593 [main] DEBUG o.h.p.entity.AbstractEntityPersister -  Version select: select id from Moves where id =?
01:28:07.593 [main] DEBUG o.h.p.entity.AbstractEntityPersister -  Snapshot select: select move_.id, move_.field_one as field2_14_, move_.field_two as field3_14_ from Moves move_ where move_.id=?
01:28:07.593 [main] DEBUG o.h.p.entity.AbstractEntityPersister -  Insert 0: insert into Moves (field_one, field_two, id) values (?, ?, ?)
01:28:07.593 [main] DEBUG o.h.p.entity.AbstractEntityPersister -  Update 0: update Moves set field_one=?, field_two=? where id=?
01:28:07.593 [main] DEBUG o.h.p.entity.AbstractEntityPersister -  Delete 0: delete from Moves where id=?
01:28:07.593 [main] DEBUG o.h.p.entity.AbstractEntityPersister -  Identity insert: insert into Moves (field_one, field_two) values (?, ?)
01:28:07.593 [main] DEBUG o.h.p.c.AbstractCollectionPersister - Static SQL for collection: jw.lab4.checkers.Database.Game.players
01:28:07.593 [main] DEBUG o.h.p.c.AbstractCollectionPersister -  Row insert: update Players set game_id=?, player_number=? where id=?
01:28:07.593 [main] DEBUG o.h.p.c.AbstractCollectionPersister -  Row delete: update Players set game_id=null, player_number=null where game_id=? and id=?
01:28:07.593 [main] DEBUG o.h.p.c.AbstractCollectionPersister -  One-shot delete: update Players set game_id=null, player_number=null where game_id=?
01:28:07.594 [main] DEBUG o.h.p.c.AbstractCollectionPersister - Static SQL for collection: jw.lab4.checkers.Database.Game.moves
01:28:07.594 [main] DEBUG o.h.p.c.AbstractCollectionPersister -  Row insert: update Moves set game_id=?, move_id=? where id=?
01:28:07.594 [main] DEBUG o.h.p.c.AbstractCollectionPersister -  Row delete: update Moves set game_id=null, move_id=null where game_id=? and id=?
01:28:07.594 [main] DEBUG o.h.p.c.AbstractCollectionPersister -  One-shot delete: update Moves set game_id=null, move_id=null where game_id=?
01:28:07.595 [main] DEBUG o.h.loader.entity.EntityLoader - Static select for entity jw.lab4.checkers.Database.Game [NONE]: select game0_.id as id12_0_, game0_.players_number as players2_12_0_ from Games game0_ where game0_.id=?
01:28:07.598 [main] DEBUG o.h.loader.entity.EntityLoader - Static select for entity jw.lab4.checkers.Database.Game [READ]: select game0_.id as id12_0_, game0_.players_number as players2_12_0_ from Games game0_ where game0_.id=?
01:28:07.599 [main] DEBUG o.h.loader.entity.EntityLoader - Static select for entity jw.lab4.checkers.Database.Game [UPGRADE]: select game0_.id as id12_0_, game0_.players_number as players2_12_0_ from Games game0_ where game0_.id=? for update
01:28:07.600 [main] DEBUG o.h.loader.entity.EntityLoader - Static select for entity jw.lab4.checkers.Database.Game [UPGRADE_NOWAIT]: select game0_.id as id12_0_, game0_.players_number as players2_12_0_ from Games game0_ where game0_.id=? for update
01:28:07.601 [main] DEBUG o.h.loader.entity.EntityLoader - Static select for entity jw.lab4.checkers.Database.Game [FORCE]: select game0_.id as id12_0_, game0_.players_number as players2_12_0_ from Games game0_ where game0_.id=? for update
01:28:07.601 [main] DEBUG o.h.loader.entity.EntityLoader - Static select for entity jw.lab4.checkers.Database.Game [PESSIMISTIC_READ]: select game0_.id as id12_0_, game0_.players_number as players2_12_0_ from Games game0_ where game0_.id=? lock in share mode
01:28:07.602 [main] DEBUG o.h.loader.entity.EntityLoader - Static select for entity jw.lab4.checkers.Database.Game [PESSIMISTIC_WRITE]: select game0_.id as id12_0_, game0_.players_number as players2_12_0_ from Games game0_ where game0_.id=? for update
01:28:07.602 [main] DEBUG o.h.loader.entity.EntityLoader - Static select for entity jw.lab4.checkers.Database.Game [PESSIMISTIC_FORCE_INCREMENT]: select game0_.id as id12_0_, game0_.players_number as players2_12_0_ from Games game0_ where game0_.id=? for update
01:28:07.603 [main] DEBUG o.h.loader.entity.EntityLoader - Static select for entity jw.lab4.checkers.Database.Game [OPTIMISTIC]: select game0_.id as id12_0_, game0_.players_number as players2_12_0_ from Games game0_ where game0_.id=?
01:28:07.604 [main] DEBUG o.h.loader.entity.EntityLoader - Static select for entity jw.lab4.checkers.Database.Game [OPTIMISTIC_FORCE_INCREMENT]: select game0_.id as id12_0_, game0_.players_number as players2_12_0_ from Games game0_ where game0_.id=?
01:28:07.604 [main] DEBUG o.h.loader.entity.EntityLoader - Static select for action ACTION_MERGE on entity jw.lab4.checkers.Database.Game: select game0_.id as id12_1_, game0_.players_number as players2_12_1_, players1_.game_id as game4_12_3_, players1_.id as id3_, players1_.player_number as player2_3_, players1_.id as id13_0_, players1_.player_number as player2_13_0_, players1_.nickname as nickname13_0_ from Games game0_ left outer join Players players1_ on game0_.id=players1_.game_id where game0_.id=?
01:28:07.605 [main] DEBUG o.h.loader.entity.EntityLoader - Static select for action ACTION_REFRESH on entity jw.lab4.checkers.Database.Game: select game0_.id as id12_1_, game0_.players_number as players2_12_1_, players1_.game_id as game4_12_3_, players1_.id as id3_, players1_.player_number as player2_3_, players1_.id as id13_0_, players1_.player_number as player2_13_0_, players1_.nickname as nickname13_0_ from Games game0_ left outer join Players players1_ on game0_.id=players1_.game_id where game0_.id=?
01:28:07.606 [main] DEBUG o.h.loader.entity.EntityLoader - Static select for entity jw.lab4.checkers.Database.Player [NONE]: select player0_.id as id13_0_, player0_.player_number as player2_13_0_, player0_.nickname as nickname13_0_ from Players player0_ where player0_.id=?
01:28:07.607 [main] DEBUG o.h.loader.entity.EntityLoader - Static select for entity jw.lab4.checkers.Database.Player [READ]: select player0_.id as id13_0_, player0_.player_number as player2_13_0_, player0_.nickname as nickname13_0_ from Players player0_ where player0_.id=?
01:28:07.607 [main] DEBUG o.h.loader.entity.EntityLoader - Static select for entity jw.lab4.checkers.Database.Player [UPGRADE]: select player0_.id as id13_0_, player0_.player_number as player2_13_0_, player0_.nickname as nickname13_0_ from Players player0_ where player0_.id=? for update
01:28:07.608 [main] DEBUG o.h.loader.entity.EntityLoader - Static select for entity jw.lab4.checkers.Database.Player [UPGRADE_NOWAIT]: select player0_.id as id13_0_, player0_.player_number as player2_13_0_, player0_.nickname as nickname13_0_ from Players player0_ where player0_.id=? for update
01:28:07.608 [main] DEBUG o.h.loader.entity.EntityLoader - Static select for entity jw.lab4.checkers.Database.Player [FORCE]: select player0_.id as id13_0_, player0_.player_number as player2_13_0_, player0_.nickname as nickname13_0_ from Players player0_ where player0_.id=? for update
01:28:07.609 [main] DEBUG o.h.loader.entity.EntityLoader - Static select for entity jw.lab4.checkers.Database.Player [PESSIMISTIC_READ]: select player0_.id as id13_0_, player0_.player_number as player2_13_0_, player0_.nickname as nickname13_0_ from Players player0_ where player0_.id=? lock in share mode
01:28:07.609 [main] DEBUG o.h.loader.entity.EntityLoader - Static select for entity jw.lab4.checkers.Database.Player [PESSIMISTIC_WRITE]: select player0_.id as id13_0_, player0_.player_number as player2_13_0_, player0_.nickname as nickname13_0_ from Players player0_ where player0_.id=? for update
01:28:07.609 [main] DEBUG o.h.loader.entity.EntityLoader - Static select for entity jw.lab4.checkers.Database.Player [PESSIMISTIC_FORCE_INCREMENT]: select player0_.id as id13_0_, player0_.player_number as player2_13_0_, player0_.nickname as nickname13_0_ from Players player0_ where player0_.id=? for update
01:28:07.610 [main] DEBUG o.h.loader.entity.EntityLoader - Static select for entity jw.lab4.checkers.Database.Player [OPTIMISTIC]: select player0_.id as id13_0_, player0_.player_number as player2_13_0_, player0_.nickname as nickname13_0_ from Players player0_ where player0_.id=?
01:28:07.610 [main] DEBUG o.h.loader.entity.EntityLoader - Static select for entity jw.lab4.checkers.Database.Player [OPTIMISTIC_FORCE_INCREMENT]: select player0_.id as id13_0_, player0_.player_number as player2_13_0_, player0_.nickname as nickname13_0_ from Players player0_ where player0_.id=?
01:28:07.611 [main] DEBUG o.h.loader.entity.EntityLoader - Static select for action ACTION_MERGE on entity jw.lab4.checkers.Database.Player: select player0_.id as id13_0_, player0_.player_number as player2_13_0_, player0_.nickname as nickname13_0_ from Players player0_ where player0_.id=?
01:28:07.611 [main] DEBUG o.h.loader.entity.EntityLoader - Static select for action ACTION_REFRESH on entity jw.lab4.checkers.Database.Player: select player0_.id as id13_0_, player0_.player_number as player2_13_0_, player0_.nickname as nickname13_0_ from Players player0_ where player0_.id=?
01:28:07.611 [main] DEBUG o.h.loader.entity.EntityLoader - Static select for entity jw.lab4.checkers.Database.Move [NONE]: select move0_.id as id14_0_, move0_.field_one as field2_14_0_, move0_.field_two as field3_14_0_ from Moves move0_ where move0_.id=?
01:28:07.612 [main] DEBUG o.h.loader.entity.EntityLoader - Static select for entity jw.lab4.checkers.Database.Move [READ]: select move0_.id as id14_0_, move0_.field_one as field2_14_0_, move0_.field_two as field3_14_0_ from Moves move0_ where move0_.id=?
01:28:07.612 [main] DEBUG o.h.loader.entity.EntityLoader - Static select for entity jw.lab4.checkers.Database.Move [UPGRADE]: select move0_.id as id14_0_, move0_.field_one as field2_14_0_, move0_.field_two as field3_14_0_ from Moves move0_ where move0_.id=? for update
01:28:07.613 [main] DEBUG o.h.loader.entity.EntityLoader - Static select for entity jw.lab4.checkers.Database.Move [UPGRADE_NOWAIT]: select move0_.id as id14_0_, move0_.field_one as field2_14_0_, move0_.field_two as field3_14_0_ from Moves move0_ where move0_.id=? for update
01:28:07.614 [main] DEBUG o.h.loader.entity.EntityLoader - Static select for entity jw.lab4.checkers.Database.Move [FORCE]: select move0_.id as id14_0_, move0_.field_one as field2_14_0_, move0_.field_two as field3_14_0_ from Moves move0_ where move0_.id=? for update
01:28:07.614 [main] DEBUG o.h.loader.entity.EntityLoader - Static select for entity jw.lab4.checkers.Database.Move [PESSIMISTIC_READ]: select move0_.id as id14_0_, move0_.field_one as field2_14_0_, move0_.field_two as field3_14_0_ from Moves move0_ where move0_.id=? lock in share mode
01:28:07.614 [main] DEBUG o.h.loader.entity.EntityLoader - Static select for entity jw.lab4.checkers.Database.Move [PESSIMISTIC_WRITE]: select move0_.id as id14_0_, move0_.field_one as field2_14_0_, move0_.field_two as field3_14_0_ from Moves move0_ where move0_.id=? for update
01:28:07.615 [main] DEBUG o.h.loader.entity.EntityLoader - Static select for entity jw.lab4.checkers.Database.Move [PESSIMISTIC_FORCE_INCREMENT]: select move0_.id as id14_0_, move0_.field_one as field2_14_0_, move0_.field_two as field3_14_0_ from Moves move0_ where move0_.id=? for update
01:28:07.615 [main] DEBUG o.h.loader.entity.EntityLoader - Static select for entity jw.lab4.checkers.Database.Move [OPTIMISTIC]: select move0_.id as id14_0_, move0_.field_one as field2_14_0_, move0_.field_two as field3_14_0_ from Moves move0_ where move0_.id=?
01:28:07.616 [main] DEBUG o.h.loader.entity.EntityLoader - Static select for entity jw.lab4.checkers.Database.Move [OPTIMISTIC_FORCE_INCREMENT]: select move0_.id as id14_0_, move0_.field_one as field2_14_0_, move0_.field_two as field3_14_0_ from Moves move0_ where move0_.id=?
01:28:07.616 [main] DEBUG o.h.loader.entity.EntityLoader - Static select for action ACTION_MERGE on entity jw.lab4.checkers.Database.Move: select move0_.id as id14_0_, move0_.field_one as field2_14_0_, move0_.field_two as field3_14_0_ from Moves move0_ where move0_.id=?
01:28:07.616 [main] DEBUG o.h.loader.entity.EntityLoader - Static select for action ACTION_REFRESH on entity jw.lab4.checkers.Database.Move: select move0_.id as id14_0_, move0_.field_one as field2_14_0_, move0_.field_two as field3_14_0_ from Moves move0_ where move0_.id=?
01:28:07.617 [main] DEBUG o.h.l.collection.OneToManyLoader - Static select for one-to-many jw.lab4.checkers.Database.Game.players: select players0_.game_id as game4_12_1_, players0_.id as id1_, players0_.player_number as player2_1_, players0_.id as id13_0_, players0_.player_number as player2_13_0_, players0_.nickname as nickname13_0_ from Players players0_ where players0_.game_id=?
01:28:07.617 [main] DEBUG o.h.l.collection.OneToManyLoader - Static select for one-to-many jw.lab4.checkers.Database.Game.moves: select moves0_.game_id as game4_12_1_, moves0_.id as id1_, moves0_.move_id as move5_1_, moves0_.id as id14_0_, moves0_.field_one as field2_14_0_, moves0_.field_two as field3_14_0_ from Moves moves0_ where moves0_.game_id=?
01:28:07.617 [main] DEBUG o.h.impl.SessionFactoryObjectFactory - registered: 1f72b7eb-fa4d-4d52-af25-a397781ed528 (unnamed)
01:28:07.618 [main] INFO  o.h.impl.SessionFactoryObjectFactory - Not binding factory to JNDI, no JNDI name configured
01:28:07.618 [main] DEBUG o.hibernate.impl.SessionFactoryImpl - instantiated session factory
01:28:07.618 [main] DEBUG o.hibernate.impl.SessionFactoryImpl - Checking 0 named HQL queries
01:28:07.618 [main] DEBUG o.hibernate.impl.SessionFactoryImpl - Checking 0 named SQL queries
I'm client
New player: 3
01:28:07.771 [pool-1-thread-1] DEBUG org.hibernate.impl.SessionImpl - opened session at timestamp: 16435024877
01:28:07.771 [pool-1-thread-1] DEBUG o.h.e.d.AbstractFlushingEventListener - processing flush-time cascades
Ex:3;7
01:28:07.771 [pool-1-thread-1] DEBUG o.h.e.d.AbstractFlushingEventListener - dirty checking collections
JOIN;4;-1;-1;
01:28:07.772 [pool-1-thread-1] DEBUG org.hibernate.engine.Collections - Collection found: [jw.lab4.checkers.Database.Game.players#7], was: [jw.lab4.checkers.Database.Game.players#7] (initialized)
01:28:07.772 [pool-1-thread-1] DEBUG org.hibernate.engine.Collections - Collection found: [jw.lab4.checkers.Database.Game.moves#7], was: [jw.lab4.checkers.Database.Game.moves#7] (initialized)
01:28:07.772 [pool-1-thread-1] DEBUG o.h.e.d.AbstractFlushingEventListener - Flushed: 0 insertions, 1 updates, 0 deletions to 1 objects
01:28:07.772 [pool-1-thread-1] DEBUG o.h.e.d.AbstractFlushingEventListener - Flushed: 0 (re)creations, 0 updates, 0 removals to 2 collections
01:28:07.772 [pool-1-thread-1] DEBUG org.hibernate.pretty.Printer - listing entities:
01:28:07.772 [pool-1-thread-1] DEBUG org.hibernate.pretty.Printer - jw.lab4.checkers.Database.Game{players=[], moves=[], playersNumber=0, id=7}
01:28:07.772 [pool-1-thread-1] DEBUG org.hibernate.jdbc.AbstractBatcher - about to open PreparedStatement (open PreparedStatements: 0, globally: 0)
01:28:07.772 [pool-1-thread-1] DEBUG org.hibernate.jdbc.ConnectionManager - opening JDBC connection
01:28:07.772 [pool-1-thread-1] DEBUG org.hibernate.SQL - update Games set players_number=? where id=?
01:28:07.772 [pool-1-thread-1] DEBUG org.hibernate.jdbc.AbstractBatcher - Executing batch size: 1
01:28:07.773 [pool-1-thread-1] DEBUG org.hibernate.jdbc.AbstractBatcher - about to close PreparedStatement (open PreparedStatements: 1, globally: 1)
01:28:07.773 [pool-1-thread-1] DEBUG org.hibernate.jdbc.ConnectionManager - releasing JDBC connection [ (open PreparedStatements: 0, globally: 0) (open ResultSets: 0, globally: 0)]
01:28:07.773 [pool-1-thread-1] DEBUG org.hibernate.jdbc.ConnectionManager - transaction completed on session with on_close connection release mode; be sure to close the session to release JDBC resources!
I'm client
New player: 4
Ex:4;7
01:28:07.857 [pool-1-thread-1] DEBUG org.hibernate.impl.SessionImpl - opened session at timestamp: 16435024878
01:28:07.858 [pool-1-thread-1] DEBUG o.h.e.d.AbstractFlushingEventListener - processing flush-time cascades
01:28:07.858 [pool-1-thread-1] DEBUG o.h.e.d.AbstractFlushingEventListener - dirty checking collections
01:28:07.860 [pool-1-thread-1] DEBUG org.hibernate.engine.Collections - Collection found: [jw.lab4.checkers.Database.Game.players#7], was: [jw.lab4.checkers.Database.Game.players#7] (initialized)
01:28:07.860 [pool-1-thread-1] DEBUG org.hibernate.engine.Collections - Collection found: [jw.lab4.checkers.Database.Game.moves#7], was: [jw.lab4.checkers.Database.Game.moves#7] (initialized)
01:28:07.860 [pool-1-thread-1] DEBUG o.h.e.d.AbstractFlushingEventListener - Flushed: 0 insertions, 1 updates, 0 deletions to 1 objects
01:28:07.860 [pool-1-thread-1] DEBUG o.h.e.d.AbstractFlushingEventListener - Flushed: 0 (re)creations, 0 updates, 0 removals to 2 collections
01:28:07.860 [pool-1-thread-1] DEBUG org.hibernate.pretty.Printer - listing entities:
01:28:07.860 [pool-1-thread-1] DEBUG org.hibernate.pretty.Printer - jw.lab4.checkers.Database.Game{players=[], moves=[], playersNumber=0, id=7}
01:28:07.860 [pool-1-thread-1] DEBUG org.hibernate.jdbc.AbstractBatcher - about to open PreparedStatement (open PreparedStatements: 0, globally: 0)
01:28:07.860 [pool-1-thread-1] DEBUG org.hibernate.jdbc.ConnectionManager - opening JDBC connection
01:28:07.860 [pool-1-thread-1] DEBUG org.hibernate.SQL - update Games set players_number=? where id=?
01:28:07.861 [pool-1-thread-1] DEBUG org.hibernate.jdbc.AbstractBatcher - Executing batch size: 1
01:28:07.868 [pool-1-thread-1] DEBUG org.hibernate.jdbc.AbstractBatcher - about to close PreparedStatement (open PreparedStatements: 1, globally: 1)
01:28:07.868 [pool-1-thread-1] DEBUG org.hibernate.jdbc.ConnectionManager - releasing JDBC connection [ (open PreparedStatements: 0, globally: 0) (open ResultSets: 0, globally: 0)]
01:28:07.868 [pool-1-thread-1] DEBUG org.hibernate.jdbc.ConnectionManager - transaction completed on session with on_close connection release mode; be sure to close the session to release JDBC resources!
JOIN;5;-1;-1;
I'm client
New player: 5
01:28:07.938 [pool-1-thread-1] DEBUG org.hibernate.impl.SessionImpl - opened session at timestamp: 16435024879
01:28:07.939 [pool-1-thread-1] DEBUG o.h.e.d.AbstractFlushingEventListener - processing flush-time cascades
01:28:07.939 [pool-1-thread-1] DEBUG o.h.e.d.AbstractFlushingEventListener - dirty checking collections
01:28:07.939 [pool-1-thread-1] DEBUG org.hibernate.engine.Collections - Collection found: [jw.lab4.checkers.Database.Game.players#7], was: [jw.lab4.checkers.Database.Game.players#7] (initialized)
01:28:07.939 [pool-1-thread-1] DEBUG org.hibernate.engine.Collections - Collection found: [jw.lab4.checkers.Database.Game.moves#7], was: [jw.lab4.checkers.Database.Game.moves#7] (initialized)
01:28:07.940 [pool-1-thread-1] DEBUG o.h.e.d.AbstractFlushingEventListener - Flushed: 0 insertions, 1 updates, 0 deletions to 1 objects
01:28:07.940 [pool-1-thread-1] DEBUG o.h.e.d.AbstractFlushingEventListener - Flushed: 0 (re)creations, 0 updates, 0 removals to 2 collections
01:28:07.940 [pool-1-thread-1] DEBUG org.hibernate.pretty.Printer - listing entities:
01:28:07.940 [pool-1-thread-1] DEBUG org.hibernate.pretty.Printer - jw.lab4.checkers.Database.Game{players=[], moves=[], playersNumber=0, id=7}
01:28:07.940 [pool-1-thread-1] DEBUG org.hibernate.jdbc.AbstractBatcher - about to open PreparedStatement (open PreparedStatements: 0, globally: 0)
01:28:07.940 [pool-1-thread-1] DEBUG org.hibernate.jdbc.ConnectionManager - opening JDBC connection
01:28:07.940 [pool-1-thread-1] DEBUG org.hibernate.SQL - update Games set players_number=? where id=?
01:28:07.940 [pool-1-thread-1] DEBUG org.hibernate.jdbc.AbstractBatcher - Executing batch size: 1
Ex:5;7
JOIN;6;-1;-1;
01:28:07.949 [pool-1-thread-1] DEBUG org.hibernate.jdbc.AbstractBatcher - about to close PreparedStatement (open PreparedStatements: 1, globally: 1)
01:28:07.950 [pool-1-thread-1] DEBUG org.hibernate.jdbc.ConnectionManager - releasing JDBC connection [ (open PreparedStatements: 0, globally: 0) (open ResultSets: 0, globally: 0)]
01:28:07.950 [pool-1-thread-1] DEBUG org.hibernate.jdbc.ConnectionManager - transaction completed on session with on_close connection release mode; be sure to close the session to release JDBC resources!
Player 4 disconnected
I'm client
New player: 4
01:28:08.053 [pool-1-thread-1] DEBUG org.hibernate.impl.SessionImpl - opened session at timestamp: 16435024880
01:28:08.054 [pool-1-thread-1] DEBUG o.h.e.d.AbstractFlushingEventListener - processing flush-time cascades
Ex:4;7
JOIN;6;-1;-1;
01:28:08.057 [pool-1-thread-1] DEBUG o.h.e.d.AbstractFlushingEventListener - dirty checking collections
01:28:08.057 [pool-1-thread-1] DEBUG org.hibernate.engine.Collections - Collection found: [jw.lab4.checkers.Database.Game.players#7], was: [jw.lab4.checkers.Database.Game.players#7] (initialized)
01:28:08.057 [pool-1-thread-1] DEBUG org.hibernate.engine.Collections - Collection found: [jw.lab4.checkers.Database.Game.moves#7], was: [jw.lab4.checkers.Database.Game.moves#7] (initialized)
01:28:08.057 [pool-1-thread-1] DEBUG o.h.e.d.AbstractFlushingEventListener - Flushed: 0 insertions, 1 updates, 0 deletions to 1 objects
01:28:08.057 [pool-1-thread-1] DEBUG o.h.e.d.AbstractFlushingEventListener - Flushed: 0 (re)creations, 0 updates, 0 removals to 2 collections
01:28:08.057 [pool-1-thread-1] DEBUG org.hibernate.pretty.Printer - listing entities:
01:28:08.057 [pool-1-thread-1] DEBUG org.hibernate.pretty.Printer - jw.lab4.checkers.Database.Game{players=[], moves=[], playersNumber=0, id=7}
01:28:08.058 [pool-1-thread-1] DEBUG org.hibernate.jdbc.AbstractBatcher - about to open PreparedStatement (open PreparedStatements: 0, globally: 0)
01:28:08.058 [pool-1-thread-1] DEBUG org.hibernate.jdbc.ConnectionManager - opening JDBC connection
01:28:08.058 [pool-1-thread-1] DEBUG org.hibernate.SQL - update Games set players_number=? where id=?
01:28:08.058 [pool-1-thread-1] DEBUG org.hibernate.jdbc.AbstractBatcher - Executing batch size: 1
01:28:08.058 [pool-1-thread-1] DEBUG org.hibernate.jdbc.AbstractBatcher - about to close PreparedStatement (open PreparedStatements: 1, globally: 1)
01:28:08.059 [pool-1-thread-1] DEBUG org.hibernate.jdbc.ConnectionManager - releasing JDBC connection [ (open PreparedStatements: 0, globally: 0) (open ResultSets: 0, globally: 0)]
01:28:08.059 [pool-1-thread-1] DEBUG org.hibernate.jdbc.ConnectionManager - transaction completed on session with on_close connection release mode; be sure to close the session to release JDBC resources!
Player 4 disconnected
I'm client
New player: 4
01:28:08.241 [pool-1-thread-1] DEBUG org.hibernate.impl.SessionImpl - opened session at timestamp: 16435024882
01:28:08.242 [pool-1-thread-1] DEBUG o.h.e.d.AbstractFlushingEventListener - processing flush-time cascades
01:28:08.242 [pool-1-thread-1] DEBUG o.h.e.d.AbstractFlushingEventListener - dirty checking collections
01:28:08.243 [pool-1-thread-1] DEBUG org.hibernate.engine.Collections - Collection found: [jw.lab4.checkers.Database.Game.players#7], was: [jw.lab4.checkers.Database.Game.players#7] (initialized)
01:28:08.243 [pool-1-thread-1] DEBUG org.hibernate.engine.Collections - Collection found: [jw.lab4.checkers.Database.Game.moves#7], was: [jw.lab4.checkers.Database.Game.moves#7] (initialized)
01:28:08.243 [pool-1-thread-1] DEBUG o.h.e.d.AbstractFlushingEventListener - Flushed: 0 insertions, 1 updates, 0 deletions to 1 objects
01:28:08.243 [pool-1-thread-1] DEBUG o.h.e.d.AbstractFlushingEventListener - Flushed: 0 (re)creations, 0 updates, 0 removals to 2 collections
01:28:08.243 [pool-1-thread-1] DEBUG org.hibernate.pretty.Printer - listing entities:
01:28:08.243 [pool-1-thread-1] DEBUG org.hibernate.pretty.Printer - jw.lab4.checkers.Database.Game{players=[], moves=[], playersNumber=0, id=7}
01:28:08.244 [pool-1-thread-1] DEBUG org.hibernate.jdbc.AbstractBatcher - about to open PreparedStatement (open PreparedStatements: 0, globally: 0)
01:28:08.244 [pool-1-thread-1] DEBUG org.hibernate.jdbc.ConnectionManager - opening JDBC connection
01:28:08.244 [pool-1-thread-1] DEBUG org.hibernate.SQL - update Games set players_number=? where id=?
01:28:08.244 [pool-1-thread-1] DEBUG org.hibernate.jdbc.AbstractBatcher - Executing batch size: 1
Ex:4;7
JOIN;6;-1;-1;
01:28:08.262 [pool-1-thread-1] DEBUG org.hibernate.jdbc.AbstractBatcher - about to close PreparedStatement (open PreparedStatements: 1, globally: 1)
01:28:08.262 [pool-1-thread-1] DEBUG org.hibernate.jdbc.ConnectionManager - releasing JDBC connection [ (open PreparedStatements: 0, globally: 0) (open ResultSets: 0, globally: 0)]
01:28:08.263 [pool-1-thread-1] DEBUG org.hibernate.jdbc.ConnectionManager - transaction completed on session with on_close connection release mode; be sure to close the session to release JDBC resources!
Player 3 disconnected
I'm client
New player: 3
Ex:3;7
01:28:08.354 [pool-1-thread-1] DEBUG org.hibernate.impl.SessionImpl - opened session at timestamp: 16435024883
01:28:08.354 [pool-1-thread-1] DEBUG o.h.e.d.AbstractFlushingEventListener - processing flush-time cascades
JOIN;6;-1;-1;
01:28:08.355 [pool-1-thread-1] DEBUG o.h.e.d.AbstractFlushingEventListener - dirty checking collections
01:28:08.356 [pool-1-thread-1] DEBUG org.hibernate.engine.Collections - Collection found: [jw.lab4.checkers.Database.Game.players#7], was: [jw.lab4.checkers.Database.Game.players#7] (initialized)
01:28:08.356 [pool-1-thread-1] DEBUG org.hibernate.engine.Collections - Collection found: [jw.lab4.checkers.Database.Game.moves#7], was: [jw.lab4.checkers.Database.Game.moves#7] (initialized)
01:28:08.356 [pool-1-thread-1] DEBUG o.h.e.d.AbstractFlushingEventListener - Flushed: 0 insertions, 1 updates, 0 deletions to 1 objects
01:28:08.356 [pool-1-thread-1] DEBUG o.h.e.d.AbstractFlushingEventListener - Flushed: 0 (re)creations, 0 updates, 0 removals to 2 collections
01:28:08.356 [pool-1-thread-1] DEBUG org.hibernate.pretty.Printer - listing entities:
01:28:08.356 [pool-1-thread-1] DEBUG org.hibernate.pretty.Printer - jw.lab4.checkers.Database.Game{players=[], moves=[], playersNumber=0, id=7}
01:28:08.356 [pool-1-thread-1] DEBUG org.hibernate.jdbc.AbstractBatcher - about to open PreparedStatement (open PreparedStatements: 0, globally: 0)
01:28:08.356 [pool-1-thread-1] DEBUG org.hibernate.jdbc.ConnectionManager - opening JDBC connection
01:28:08.356 [pool-1-thread-1] DEBUG org.hibernate.SQL - update Games set players_number=? where id=?
01:28:08.356 [pool-1-thread-1] DEBUG org.hibernate.jdbc.AbstractBatcher - Executing batch size: 1
01:28:08.357 [pool-1-thread-1] DEBUG org.hibernate.jdbc.AbstractBatcher - about to close PreparedStatement (open PreparedStatements: 1, globally: 1)
01:28:08.357 [pool-1-thread-1] DEBUG org.hibernate.jdbc.ConnectionManager - releasing JDBC connection [ (open PreparedStatements: 0, globally: 0) (open ResultSets: 0, globally: 0)]
01:28:08.357 [pool-1-thread-1] DEBUG org.hibernate.jdbc.ConnectionManager - transaction completed on session with on_close connection release mode; be sure to close the session to release JDBC resources!
Player 3 disconnected
I'm client
New player: 3
01:28:08.495 [pool-1-thread-1] DEBUG org.hibernate.impl.SessionImpl - opened session at timestamp: 16435024884
01:28:08.496 [pool-1-thread-1] DEBUG o.h.e.d.AbstractFlushingEventListener - processing flush-time cascades
01:28:08.496 [pool-1-thread-1] DEBUG o.h.e.d.AbstractFlushingEventListener - dirty checking collections
01:28:08.497 [pool-1-thread-1] DEBUG org.hibernate.engine.Collections - Collection found: [jw.lab4.checkers.Database.Game.players#7], was: [jw.lab4.checkers.Database.Game.players#7] (initialized)
01:28:08.497 [pool-1-thread-1] DEBUG org.hibernate.engine.Collections - Collection found: [jw.lab4.checkers.Database.Game.moves#7], was: [jw.lab4.checkers.Database.Game.moves#7] (initialized)
01:28:08.497 [pool-1-thread-1] DEBUG o.h.e.d.AbstractFlushingEventListener - Flushed: 0 insertions, 1 updates, 0 deletions to 1 objects
01:28:08.497 [pool-1-thread-1] DEBUG o.h.e.d.AbstractFlushingEventListener - Flushed: 0 (re)creations, 0 updates, 0 removals to 2 collections
01:28:08.497 [pool-1-thread-1] DEBUG org.hibernate.pretty.Printer - listing entities:
01:28:08.497 [pool-1-thread-1] DEBUG org.hibernate.pretty.Printer - jw.lab4.checkers.Database.Game{players=[], moves=[], playersNumber=0, id=7}
01:28:08.497 [pool-1-thread-1] DEBUG org.hibernate.jdbc.AbstractBatcher - about to open PreparedStatement (open PreparedStatements: 0, globally: 0)
01:28:08.497 [pool-1-thread-1] DEBUG org.hibernate.jdbc.ConnectionManager - opening JDBC connection
01:28:08.498 [pool-1-thread-1] DEBUG org.hibernate.SQL - update Games set players_number=? where id=?
01:28:08.498 [pool-1-thread-1] DEBUG org.hibernate.jdbc.AbstractBatcher - Executing batch size: 1
01:28:08.499 [pool-1-thread-1] DEBUG org.hibernate.jdbc.AbstractBatcher - about to close PreparedStatement (open PreparedStatements: 1, globally: 1)
01:28:08.500 [pool-1-thread-1] DEBUG org.hibernate.jdbc.ConnectionManager - releasing JDBC connection [ (open PreparedStatements: 0, globally: 0) (open ResultSets: 0, globally: 0)]
01:28:08.500 [pool-1-thread-1] DEBUG org.hibernate.jdbc.ConnectionManager - transaction completed on session with on_close connection release mode; be sure to close the session to release JDBC resources!
Ex:3;7
JOIN;6;-1;-1;
I'm client
Player not set.
]]></system-out>
    <system-err><![CDATA[Jan 30, 2022 1:28:07 AM org.springframework.context.support.ClassPathXmlApplicationContext prepareRefresh
INFO: Refreshing org.springframework.context.support.ClassPathXmlApplicationContext@3b9632d1: startup date [Sun Jan 30 01:28:07 CET 2022]; root of context hierarchy
Jan 30, 2022 1:28:07 AM org.springframework.beans.factory.xml.XmlBeanDefinitionReader loadBeanDefinitions
INFO: Loading XML bean definitions from class path resource [applicationContext.xml]
Jan 30, 2022 1:28:07 AM org.springframework.orm.hibernate3.LocalSessionFactoryBean buildSessionFactory
INFO: Building new Hibernate SessionFactory
Exception in thread "pool-6-thread-1" java.lang.ArrayIndexOutOfBoundsException: Index 4 out of bounds for length 4
	at jw.lab4.checkers.MoveInstructions.deserialize(MoveInstructions.java:81)
	at jw.lab4.checkers.UserInternet.process(UserInternet.java:167)
	at jw.lab4.checkers.UserInternet.access$100(UserInternet.java:15)
	at jw.lab4.checkers.UserInternet$Communicator.receiveLoop(UserInternet.java:276)
	at jw.lab4.checkers.UserInternet$Communicator.run(UserInternet.java:253)
	at jw.lab4.checkers.UserInternet.asClient(UserInternet.java:138)
	at jw.lab4.checkers.UserInternet.run(UserInternet.java:62)
	at java.base/java.util.concurrent.ThreadPoolExecutor.runWorker(ThreadPoolExecutor.java:1136)
	at java.base/java.util.concurrent.ThreadPoolExecutor$Worker.run(ThreadPoolExecutor.java:635)
	at java.base/java.lang.Thread.run(Thread.java:833)
Exception in thread "pool-7-thread-1" java.lang.ArrayIndexOutOfBoundsException: Index 4 out of bounds for length 4
	at jw.lab4.checkers.MoveInstructions.deserialize(MoveInstructions.java:81)
	at jw.lab4.checkers.UserInternet.process(UserInternet.java:167)
	at jw.lab4.checkers.UserInternet.access$100(UserInternet.java:15)
	at jw.lab4.checkers.UserInternet$Communicator.receiveLoop(UserInternet.java:276)
	at jw.lab4.checkers.UserInternet$Communicator.run(UserInternet.java:253)
	at jw.lab4.checkers.UserInternet.asClient(UserInternet.java:138)
	at jw.lab4.checkers.UserInternet.run(UserInternet.java:62)
	at java.base/java.util.concurrent.ThreadPoolExecutor.runWorker(ThreadPoolExecutor.java:1136)
	at java.base/java.util.concurrent.ThreadPoolExecutor$Worker.run(ThreadPoolExecutor.java:635)
	at java.base/java.lang.Thread.run(Thread.java:833)
Exception in thread "pool-8-thread-1" java.lang.ArrayIndexOutOfBoundsException: Index 4 out of bounds for length 4
	at jw.lab4.checkers.MoveInstructions.deserialize(MoveInstructions.java:81)
	at jw.lab4.checkers.UserInternet.process(UserInternet.java:167)
	at jw.lab4.checkers.UserInternet.access$100(UserInternet.java:15)
	at jw.lab4.checkers.UserInternet$Communicator.receiveLoop(UserInternet.java:276)
	at jw.lab4.checkers.UserInternet$Communicator.run(UserInternet.java:253)
	at jw.lab4.checkers.UserInternet.asClient(UserInternet.java:138)
	at jw.lab4.checkers.UserInternet.run(UserInternet.java:62)
	at java.base/java.util.concurrent.ThreadPoolExecutor.runWorker(ThreadPoolExecutor.java:1136)
	at java.base/java.util.concurrent.ThreadPoolExecutor$Worker.run(ThreadPoolExecutor.java:635)
	at java.base/java.lang.Thread.run(Thread.java:833)
Exception in thread "pool-9-thread-1" java.lang.ArrayIndexOutOfBoundsException: Index 4 out of bounds for length 4
	at jw.lab4.checkers.MoveInstructions.deserialize(MoveInstructions.java:81)
	at jw.lab4.checkers.UserInternet.process(UserInternet.java:167)
	at jw.lab4.checkers.UserInternet.access$100(UserInternet.java:15)
	at jw.lab4.checkers.UserInternet$Communicator.receiveLoop(UserInternet.java:276)
	at jw.lab4.checkers.UserInternet$Communicator.run(UserInternet.java:253)
	at jw.lab4.checkers.UserInternet.asClient(UserInternet.java:138)
	at jw.lab4.checkers.UserInternet.run(UserInternet.java:62)
	at java.base/java.util.concurrent.ThreadPoolExecutor.runWorker(ThreadPoolExecutor.java:1136)
	at java.base/java.util.concurrent.ThreadPoolExecutor$Worker.run(ThreadPoolExecutor.java:635)
	at java.base/java.lang.Thread.run(Thread.java:833)
Exception in thread "pool-10-thread-1" java.lang.ArrayIndexOutOfBoundsException: Index 4 out of bounds for length 4
	at jw.lab4.checkers.MoveInstructions.deserialize(MoveInstructions.java:81)
	at jw.lab4.checkers.UserInternet.process(UserInternet.java:167)
	at jw.lab4.checkers.UserInternet.access$100(UserInternet.java:15)
	at jw.lab4.checkers.UserInternet$Communicator.receiveLoop(UserInternet.java:276)
	at jw.lab4.checkers.UserInternet$Communicator.run(UserInternet.java:253)
	at jw.lab4.checkers.UserInternet.asClient(UserInternet.java:138)
	at jw.lab4.checkers.UserInternet.run(UserInternet.java:62)
	at java.base/java.util.concurrent.ThreadPoolExecutor.runWorker(ThreadPoolExecutor.java:1136)
	at java.base/java.util.concurrent.ThreadPoolExecutor$Worker.run(ThreadPoolExecutor.java:635)
	at java.base/java.lang.Thread.run(Thread.java:833)
Exception in thread "pool-11-thread-1" java.lang.ArrayIndexOutOfBoundsException: Index 4 out of bounds for length 4
	at jw.lab4.checkers.MoveInstructions.deserialize(MoveInstructions.java:81)
	at jw.lab4.checkers.UserInternet.process(UserInternet.java:167)
	at jw.lab4.checkers.UserInternet.access$100(UserInternet.java:15)
	at jw.lab4.checkers.UserInternet$Communicator.receiveLoop(UserInternet.java:276)
	at jw.lab4.checkers.UserInternet$Communicator.run(UserInternet.java:253)
	at jw.lab4.checkers.UserInternet.asClient(UserInternet.java:138)
	at jw.lab4.checkers.UserInternet.run(UserInternet.java:62)
	at java.base/java.util.concurrent.ThreadPoolExecutor.runWorker(ThreadPoolExecutor.java:1136)
	at java.base/java.util.concurrent.ThreadPoolExecutor$Worker.run(ThreadPoolExecutor.java:635)
	at java.base/java.lang.Thread.run(Thread.java:833)
Exception in thread "pool-12-thread-1" java.lang.ArrayIndexOutOfBoundsException: Index 4 out of bounds for length 4
	at jw.lab4.checkers.MoveInstructions.deserialize(MoveInstructions.java:81)
	at jw.lab4.checkers.UserInternet.process(UserInternet.java:167)
	at jw.lab4.checkers.UserInternet.access$100(UserInternet.java:15)
	at jw.lab4.checkers.UserInternet$Communicator.receiveLoop(UserInternet.java:276)
	at jw.lab4.checkers.UserInternet$Communicator.run(UserInternet.java:253)
	at jw.lab4.checkers.UserInternet.asClient(UserInternet.java:138)
	at jw.lab4.checkers.UserInternet.run(UserInternet.java:62)
	at java.base/java.util.concurrent.ThreadPoolExecutor.runWorker(ThreadPoolExecutor.java:1136)
	at java.base/java.util.concurrent.ThreadPoolExecutor$Worker.run(ThreadPoolExecutor.java:635)
	at java.base/java.lang.Thread.run(Thread.java:833)
]]></system-err>
  </testcase>
  <testcase name="winGame" classname="jw.lab4.checkers.AppTest" time="0.584">
    <failure type="java.lang.AssertionError">java.lang.AssertionError
	at jw.lab4.checkers.AppTest.startGame(AppTest.java:180)
	at jw.lab4.checkers.AppTest.startGames(AppTest.java:161)
	at jw.lab4.checkers.AppTest.startGames(AppTest.java:155)
	at jw.lab4.checkers.AppTest.winGame(AppTest.java:92)
</failure>
    <system-out><![CDATA[I'm server
01:28:08.852 [main] DEBUG org.hibernate.type.BasicTypeRegistry - Adding type registration boolean -> org.hibernate.type.BooleanType@50d13246
01:28:08.853 [main] DEBUG org.hibernate.type.BasicTypeRegistry - Adding type registration boolean -> org.hibernate.type.BooleanType@50d13246
01:28:08.853 [main] DEBUG org.hibernate.type.BasicTypeRegistry - Adding type registration java.lang.Boolean -> org.hibernate.type.BooleanType@50d13246
01:28:08.853 [main] DEBUG org.hibernate.type.BasicTypeRegistry - Adding type registration numeric_boolean -> org.hibernate.type.NumericBooleanType@6f63b475
01:28:08.853 [main] DEBUG org.hibernate.type.BasicTypeRegistry - Adding type registration true_false -> org.hibernate.type.TrueFalseType@1a20270e
01:28:08.853 [main] DEBUG org.hibernate.type.BasicTypeRegistry - Adding type registration yes_no -> org.hibernate.type.YesNoType@34158c08
01:28:08.853 [main] DEBUG org.hibernate.type.BasicTypeRegistry - Adding type registration byte -> org.hibernate.type.ByteType@3fc9504b
01:28:08.854 [main] DEBUG org.hibernate.type.BasicTypeRegistry - Adding type registration byte -> org.hibernate.type.ByteType@3fc9504b
01:28:08.854 [main] DEBUG org.hibernate.type.BasicTypeRegistry - Adding type registration java.lang.Byte -> org.hibernate.type.ByteType@3fc9504b
01:28:08.854 [main] DEBUG org.hibernate.type.BasicTypeRegistry - Adding type registration character -> org.hibernate.type.CharacterType@72437d8d
01:28:08.854 [main] DEBUG org.hibernate.type.BasicTypeRegistry - Adding type registration char -> org.hibernate.type.CharacterType@72437d8d
01:28:08.854 [main] DEBUG org.hibernate.type.BasicTypeRegistry - Adding type registration java.lang.Character -> org.hibernate.type.CharacterType@72437d8d
01:28:08.854 [main] DEBUG org.hibernate.type.BasicTypeRegistry - Adding type registration short -> org.hibernate.type.ShortType@3a4621bd
01:28:08.854 [main] DEBUG org.hibernate.type.BasicTypeRegistry - Adding type registration short -> org.hibernate.type.ShortType@3a4621bd
01:28:08.854 [main] DEBUG org.hibernate.type.BasicTypeRegistry - Adding type registration java.lang.Short -> org.hibernate.type.ShortType@3a4621bd
01:28:08.855 [main] DEBUG org.hibernate.type.BasicTypeRegistry - Adding type registration integer -> org.hibernate.type.IntegerType@40db2a24
01:28:08.855 [main] DEBUG org.hibernate.type.BasicTypeRegistry - Adding type registration int -> org.hibernate.type.IntegerType@40db2a24
01:28:08.855 [main] DEBUG org.hibernate.type.BasicTypeRegistry - Adding type registration java.lang.Integer -> org.hibernate.type.IntegerType@40db2a24
01:28:08.855 [main] DEBUG org.hibernate.type.BasicTypeRegistry - Adding type registration long -> org.hibernate.type.LongType@30af5b6b
01:28:08.855 [main] DEBUG org.hibernate.type.BasicTypeRegistry - Adding type registration long -> org.hibernate.type.LongType@30af5b6b
01:28:08.855 [main] DEBUG org.hibernate.type.BasicTypeRegistry - Adding type registration java.lang.Long -> org.hibernate.type.LongType@30af5b6b
01:28:08.855 [main] DEBUG org.hibernate.type.BasicTypeRegistry - Adding type registration float -> org.hibernate.type.FloatType@2e1ef60
01:28:08.855 [main] DEBUG org.hibernate.type.BasicTypeRegistry - Adding type registration float -> org.hibernate.type.FloatType@2e1ef60
01:28:08.855 [main] DEBUG org.hibernate.type.BasicTypeRegistry - Adding type registration java.lang.Float -> org.hibernate.type.FloatType@2e1ef60
01:28:08.856 [main] DEBUG org.hibernate.type.BasicTypeRegistry - Adding type registration double -> org.hibernate.type.DoubleType@1b7c473a
01:28:08.856 [main] DEBUG org.hibernate.type.BasicTypeRegistry - Adding type registration double -> org.hibernate.type.DoubleType@1b7c473a
01:28:08.856 [main] DEBUG org.hibernate.type.BasicTypeRegistry - Adding type registration java.lang.Double -> org.hibernate.type.DoubleType@1b7c473a
01:28:08.856 [main] DEBUG org.hibernate.type.BasicTypeRegistry - Adding type registration big_decimal -> org.hibernate.type.BigDecimalType@71812481
01:28:08.856 [main] DEBUG org.hibernate.type.BasicTypeRegistry - Adding type registration java.math.BigDecimal -> org.hibernate.type.BigDecimalType@71812481
01:28:08.856 [main] DEBUG org.hibernate.type.BasicTypeRegistry - Adding type registration big_integer -> org.hibernate.type.BigIntegerType@561868a0
01:28:08.856 [main] DEBUG org.hibernate.type.BasicTypeRegistry - Adding type registration java.math.BigInteger -> org.hibernate.type.BigIntegerType@561868a0
01:28:08.857 [main] DEBUG org.hibernate.type.BasicTypeRegistry - Adding type registration string -> org.hibernate.type.StringType@42bc14c1
01:28:08.857 [main] DEBUG org.hibernate.type.BasicTypeRegistry - Adding type registration java.lang.String -> org.hibernate.type.StringType@42bc14c1
01:28:08.857 [main] DEBUG org.hibernate.type.BasicTypeRegistry - Adding type registration url -> org.hibernate.type.UrlType@25aca718
01:28:08.857 [main] DEBUG org.hibernate.type.BasicTypeRegistry - Adding type registration java.net.URL -> org.hibernate.type.UrlType@25aca718
01:28:08.857 [main] DEBUG org.hibernate.type.BasicTypeRegistry - Adding type registration date -> org.hibernate.type.DateType@289710d9
01:28:08.857 [main] DEBUG org.hibernate.type.BasicTypeRegistry - Adding type registration java.sql.Date -> org.hibernate.type.DateType@289710d9
01:28:08.857 [main] DEBUG org.hibernate.type.BasicTypeRegistry - Adding type registration time -> org.hibernate.type.TimeType@3e7dd664
01:28:08.857 [main] DEBUG org.hibernate.type.BasicTypeRegistry - Adding type registration java.sql.Time -> org.hibernate.type.TimeType@3e7dd664
01:28:08.858 [main] DEBUG org.hibernate.type.BasicTypeRegistry - Adding type registration timestamp -> org.hibernate.type.TimestampType@525575
01:28:08.858 [main] DEBUG org.hibernate.type.BasicTypeRegistry - Adding type registration java.sql.Timestamp -> org.hibernate.type.TimestampType@525575
01:28:08.858 [main] DEBUG org.hibernate.type.BasicTypeRegistry - Adding type registration java.util.Date -> org.hibernate.type.TimestampType@525575
01:28:08.858 [main] DEBUG org.hibernate.type.BasicTypeRegistry - Adding type registration dbtimestamp -> org.hibernate.type.DbTimestampType@6ad3381f
01:28:08.858 [main] DEBUG org.hibernate.type.BasicTypeRegistry - Adding type registration calendar -> org.hibernate.type.CalendarType@18a136ac
01:28:08.858 [main] DEBUG org.hibernate.type.BasicTypeRegistry - Adding type registration java.util.Calendar -> org.hibernate.type.CalendarType@18a136ac
01:28:08.858 [main] DEBUG org.hibernate.type.BasicTypeRegistry - Adding type registration java.util.GregorianCalendar -> org.hibernate.type.CalendarType@18a136ac
01:28:08.858 [main] DEBUG org.hibernate.type.BasicTypeRegistry - Adding type registration calendar_date -> org.hibernate.type.CalendarDateType@421bba99
01:28:08.859 [main] DEBUG org.hibernate.type.BasicTypeRegistry - Adding type registration locale -> org.hibernate.type.LocaleType@4fad9bb2
01:28:08.859 [main] DEBUG org.hibernate.type.BasicTypeRegistry - Adding type registration java.util.Locale -> org.hibernate.type.LocaleType@4fad9bb2
01:28:08.859 [main] DEBUG org.hibernate.type.BasicTypeRegistry - Adding type registration currency -> org.hibernate.type.CurrencyType@38831718
01:28:08.859 [main] DEBUG org.hibernate.type.BasicTypeRegistry - Adding type registration java.util.Currency -> org.hibernate.type.CurrencyType@38831718
01:28:08.859 [main] DEBUG org.hibernate.type.BasicTypeRegistry - Adding type registration timezone -> org.hibernate.type.TimeZoneType@512535ff
01:28:08.859 [main] DEBUG org.hibernate.type.BasicTypeRegistry - Adding type registration java.util.TimeZone -> org.hibernate.type.TimeZoneType@512535ff
01:28:08.859 [main] DEBUG org.hibernate.type.BasicTypeRegistry - Adding type registration class -> org.hibernate.type.ClassType@7241a47d
01:28:08.859 [main] DEBUG org.hibernate.type.BasicTypeRegistry - Adding type registration java.lang.Class -> org.hibernate.type.ClassType@7241a47d
01:28:08.859 [main] DEBUG org.hibernate.type.BasicTypeRegistry - Adding type registration uuid-binary -> org.hibernate.type.UUIDBinaryType@a22cb6a
01:28:08.859 [main] DEBUG org.hibernate.type.BasicTypeRegistry - Adding type registration java.util.UUID -> org.hibernate.type.UUIDBinaryType@a22cb6a
01:28:08.859 [main] DEBUG org.hibernate.type.BasicTypeRegistry - Adding type registration uuid-char -> org.hibernate.type.UUIDCharType@324a0017
01:28:08.859 [main] DEBUG org.hibernate.type.BasicTypeRegistry - Adding type registration pg-uuid -> org.hibernate.type.PostgresUUIDType@22bac7bc
01:28:08.859 [main] DEBUG org.hibernate.type.BasicTypeRegistry - Adding type registration binary -> org.hibernate.type.BinaryType@43f82e78
01:28:08.859 [main] DEBUG org.hibernate.type.BasicTypeRegistry - Adding type registration byte[] -> org.hibernate.type.BinaryType@43f82e78
01:28:08.859 [main] DEBUG org.hibernate.type.BasicTypeRegistry - Adding type registration [B -> org.hibernate.type.BinaryType@43f82e78
01:28:08.860 [main] DEBUG org.hibernate.type.BasicTypeRegistry - Adding type registration wrapper-binary -> org.hibernate.type.WrapperBinaryType@530712d
01:28:08.860 [main] DEBUG org.hibernate.type.BasicTypeRegistry - Adding type registration Byte[] -> org.hibernate.type.WrapperBinaryType@530712d
01:28:08.860 [main] DEBUG org.hibernate.type.BasicTypeRegistry - Adding type registration [Ljava.lang.Byte; -> org.hibernate.type.WrapperBinaryType@530712d
01:28:08.860 [main] DEBUG org.hibernate.type.BasicTypeRegistry - Adding type registration image -> org.hibernate.type.ImageType@45fd9a4d
01:28:08.860 [main] DEBUG org.hibernate.type.BasicTypeRegistry - Adding type registration characters -> org.hibernate.type.CharArrayType@16c63f5
01:28:08.860 [main] DEBUG org.hibernate.type.BasicTypeRegistry - Adding type registration char[] -> org.hibernate.type.CharArrayType@16c63f5
01:28:08.860 [main] DEBUG org.hibernate.type.BasicTypeRegistry - Adding type registration [C -> org.hibernate.type.CharArrayType@16c63f5
01:28:08.860 [main] DEBUG org.hibernate.type.BasicTypeRegistry - Adding type registration wrapper-characters -> org.hibernate.type.CharacterArrayType@74eb909f
01:28:08.860 [main] DEBUG org.hibernate.type.BasicTypeRegistry - Adding type registration [Ljava.lang.Character; -> org.hibernate.type.CharacterArrayType@74eb909f
01:28:08.860 [main] DEBUG org.hibernate.type.BasicTypeRegistry - Adding type registration Character[] -> org.hibernate.type.CharacterArrayType@74eb909f
01:28:08.860 [main] DEBUG org.hibernate.type.BasicTypeRegistry - Adding type registration text -> org.hibernate.type.TextType@13d9b21f
01:28:08.860 [main] DEBUG org.hibernate.type.BasicTypeRegistry - Adding type registration blob -> org.hibernate.type.BlobType@6179e425
01:28:08.860 [main] DEBUG org.hibernate.type.BasicTypeRegistry - Adding type registration java.sql.Blob -> org.hibernate.type.BlobType@6179e425
01:28:08.860 [main] DEBUG org.hibernate.type.BasicTypeRegistry - Adding type registration materialized_blob -> org.hibernate.type.MaterializedBlobType@49c6c24f
01:28:08.860 [main] DEBUG org.hibernate.type.BasicTypeRegistry - Adding type registration wrapper_materialized_blob -> org.hibernate.type.WrappedMaterializedBlobType@6399551e
01:28:08.860 [main] DEBUG org.hibernate.type.BasicTypeRegistry - Adding type registration clob -> org.hibernate.type.ClobType@604c5de8
01:28:08.860 [main] DEBUG org.hibernate.type.BasicTypeRegistry - Adding type registration java.sql.Clob -> org.hibernate.type.ClobType@604c5de8
01:28:08.860 [main] DEBUG org.hibernate.type.BasicTypeRegistry - Adding type registration materialized_clob -> org.hibernate.type.MaterializedClobType@550a1967
01:28:08.861 [main] DEBUG org.hibernate.type.BasicTypeRegistry - Adding type registration wrapper_characters_clob -> org.hibernate.type.CharacterArrayClobType@5d8bafa9
01:28:08.861 [main] DEBUG org.hibernate.type.BasicTypeRegistry - Adding type registration characters_clob -> org.hibernate.type.PrimitiveCharacterArrayClobType@ff684e1
01:28:08.861 [main] DEBUG org.hibernate.type.BasicTypeRegistry - Adding type registration serializable -> org.hibernate.type.SerializableType@1e8ce150
01:28:08.861 [main] DEBUG org.hibernate.type.BasicTypeRegistry - Adding type registration object -> org.hibernate.type.ObjectType@75cd8043
01:28:08.861 [main] DEBUG org.hibernate.type.BasicTypeRegistry - Adding type registration java.lang.Object -> org.hibernate.type.ObjectType@75cd8043
01:28:08.861 [main] DEBUG org.hibernate.type.BasicTypeRegistry - Adding type registration imm_date -> org.hibernate.type.AdaptedImmutableType@46a145ba
01:28:08.861 [main] DEBUG org.hibernate.type.BasicTypeRegistry - Adding type registration imm_time -> org.hibernate.type.AdaptedImmutableType@7ab34619
01:28:08.861 [main] DEBUG org.hibernate.type.BasicTypeRegistry - Adding type registration imm_timestamp -> org.hibernate.type.AdaptedImmutableType@ae2db25
01:28:08.861 [main] DEBUG org.hibernate.type.BasicTypeRegistry - Adding type registration imm_dbtimestamp -> org.hibernate.type.AdaptedImmutableType@363c4251
01:28:08.861 [main] DEBUG org.hibernate.type.BasicTypeRegistry - Adding type registration imm_calendar -> org.hibernate.type.AdaptedImmutableType@7afc4db9
01:28:08.861 [main] DEBUG org.hibernate.type.BasicTypeRegistry - Adding type registration imm_calendar_date -> org.hibernate.type.AdaptedImmutableType@1a1f5f71
01:28:08.861 [main] DEBUG org.hibernate.type.BasicTypeRegistry - Adding type registration imm_binary -> org.hibernate.type.AdaptedImmutableType@63884e4
01:28:08.861 [main] DEBUG org.hibernate.type.BasicTypeRegistry - Adding type registration imm_serializable -> org.hibernate.type.AdaptedImmutableType@524270b8
01:28:08.862 [main] DEBUG o.h.i.f.DefaultIdentifierGeneratorFactory - Registering IdentifierGenerator strategy [uuid2] -> [class org.hibernate.id.UUIDGenerator]
01:28:08.862 [main] DEBUG o.h.i.f.DefaultIdentifierGeneratorFactory - Registering IdentifierGenerator strategy [guid] -> [class org.hibernate.id.GUIDGenerator]
01:28:08.862 [main] DEBUG o.h.i.f.DefaultIdentifierGeneratorFactory - Registering IdentifierGenerator strategy [uuid] -> [class org.hibernate.id.UUIDHexGenerator]
01:28:08.862 [main] DEBUG o.h.i.f.DefaultIdentifierGeneratorFactory - Registering IdentifierGenerator strategy [uuid.hex] -> [class org.hibernate.id.UUIDHexGenerator]
01:28:08.862 [main] DEBUG o.h.i.f.DefaultIdentifierGeneratorFactory - Registering IdentifierGenerator strategy [hilo] -> [class org.hibernate.id.TableHiLoGenerator]
01:28:08.862 [main] DEBUG o.h.i.f.DefaultIdentifierGeneratorFactory - Registering IdentifierGenerator strategy [assigned] -> [class org.hibernate.id.Assigned]
01:28:08.862 [main] DEBUG o.h.i.f.DefaultIdentifierGeneratorFactory - Registering IdentifierGenerator strategy [identity] -> [class org.hibernate.id.IdentityGenerator]
01:28:08.863 [main] DEBUG o.h.i.f.DefaultIdentifierGeneratorFactory - Registering IdentifierGenerator strategy [select] -> [class org.hibernate.id.SelectGenerator]
01:28:08.863 [main] DEBUG o.h.i.f.DefaultIdentifierGeneratorFactory - Registering IdentifierGenerator strategy [sequence] -> [class org.hibernate.id.SequenceGenerator]
01:28:08.863 [main] DEBUG o.h.i.f.DefaultIdentifierGeneratorFactory - Registering IdentifierGenerator strategy [seqhilo] -> [class org.hibernate.id.SequenceHiLoGenerator]
01:28:08.863 [main] DEBUG o.h.i.f.DefaultIdentifierGeneratorFactory - Registering IdentifierGenerator strategy [increment] -> [class org.hibernate.id.IncrementGenerator]
01:28:08.863 [main] DEBUG o.h.i.f.DefaultIdentifierGeneratorFactory - Registering IdentifierGenerator strategy [foreign] -> [class org.hibernate.id.ForeignGenerator]
01:28:08.863 [main] DEBUG o.h.i.f.DefaultIdentifierGeneratorFactory - Registering IdentifierGenerator strategy [sequence-identity] -> [class org.hibernate.id.SequenceIdentityGenerator]
01:28:08.863 [main] DEBUG o.h.i.f.DefaultIdentifierGeneratorFactory - Registering IdentifierGenerator strategy [enhanced-sequence] -> [class org.hibernate.id.enhanced.SequenceStyleGenerator]
01:28:08.863 [main] DEBUG o.h.i.f.DefaultIdentifierGeneratorFactory - Registering IdentifierGenerator strategy [enhanced-table] -> [class org.hibernate.id.enhanced.TableGenerator]
01:28:08.871 [main] DEBUG org.hibernate.util.DTDEntityResolver - trying to resolve system-id [http://www.hibernate.org/dtd/hibernate-mapping-3.0.dtd]
01:28:08.871 [main] DEBUG org.hibernate.util.DTDEntityResolver - recognized hibernate namespace; attempting to resolve on classpath under org/hibernate/
01:28:08.871 [main] DEBUG org.hibernate.util.DTDEntityResolver - located [http://www.hibernate.org/dtd/hibernate-mapping-3.0.dtd] in classpath
01:28:08.897 [main] DEBUG org.hibernate.cfg.Configuration - Processing hbm.xml files
01:28:08.898 [main] INFO  org.hibernate.cfg.HbmBinder - Mapping class: jw.lab4.checkers.Database.Game -> Games
01:28:08.899 [main] DEBUG org.hibernate.cfg.HbmBinder - Mapped property: id -> id
01:28:08.899 [main] DEBUG org.hibernate.cfg.HbmBinder - Mapped property: playersNumber -> players_number
01:28:08.899 [main] DEBUG org.hibernate.cfg.HbmBinder - Mapped property: players
01:28:08.900 [main] DEBUG org.hibernate.cfg.HbmBinder - Mapped property: moves
01:28:08.901 [main] INFO  org.hibernate.cfg.HbmBinder - Mapping class: jw.lab4.checkers.Database.Player -> Players
01:28:08.902 [main] DEBUG org.hibernate.cfg.HbmBinder - Mapped property: id -> id
01:28:08.902 [main] DEBUG org.hibernate.cfg.HbmBinder - Mapped property: playerNumber -> player_number
01:28:08.902 [main] DEBUG org.hibernate.cfg.HbmBinder - Mapped property: nickname -> nickname
01:28:08.903 [main] INFO  org.hibernate.cfg.HbmBinder - Mapping class: jw.lab4.checkers.Database.Move -> Moves
01:28:08.904 [main] DEBUG org.hibernate.cfg.HbmBinder - Mapped property: id -> id
01:28:08.904 [main] DEBUG org.hibernate.cfg.HbmBinder - Mapped property: fieldOne -> field_one
01:28:08.905 [main] DEBUG org.hibernate.cfg.HbmBinder - Mapped property: fieldTwo -> field_two
01:28:08.905 [main] DEBUG org.hibernate.cfg.Configuration - Process annotated classes
01:28:08.905 [main] DEBUG org.hibernate.cfg.Configuration - processing fk mappings (*ToOne and JoinedSubclass)
01:28:08.905 [main] DEBUG org.hibernate.cfg.Configuration - processing extends queue
01:28:08.905 [main] DEBUG org.hibernate.cfg.Configuration - processing extends queue
01:28:08.905 [main] DEBUG org.hibernate.cfg.Configuration - processing collection mappings
01:28:08.906 [main] DEBUG o.hibernate.cfg.CollectionSecondPass - Second pass for collection: jw.lab4.checkers.Database.Game.players
01:28:08.906 [main] INFO  org.hibernate.cfg.HbmBinder - Mapping collection: jw.lab4.checkers.Database.Game.players -> Players
01:28:08.906 [main] DEBUG o.hibernate.cfg.CollectionSecondPass - Mapped collection key: game_id, index: player_number, one-to-many: jw.lab4.checkers.Database.Player
01:28:08.907 [main] DEBUG o.hibernate.cfg.CollectionSecondPass - Second pass for collection: jw.lab4.checkers.Database.Game.moves
01:28:08.907 [main] INFO  org.hibernate.cfg.HbmBinder - Mapping collection: jw.lab4.checkers.Database.Game.moves -> Moves
01:28:08.907 [main] DEBUG o.hibernate.cfg.CollectionSecondPass - Mapped collection key: game_id, index: move_id, one-to-many: jw.lab4.checkers.Database.Move
01:28:08.907 [main] DEBUG org.hibernate.cfg.Configuration - processing native query and ResultSetMapping mappings
01:28:08.907 [main] DEBUG org.hibernate.cfg.Configuration - processing association property references
01:28:08.907 [main] DEBUG org.hibernate.cfg.Configuration - processing foreign key constraints
01:28:08.907 [main] DEBUG org.hibernate.cfg.Configuration - resolving reference to class: jw.lab4.checkers.Database.Game
01:28:08.907 [main] DEBUG org.hibernate.cfg.Configuration - resolving reference to class: jw.lab4.checkers.Database.Game
01:28:08.908 [main] INFO  org.hibernate.cfg.Configuration - Hibernate Validator not found: ignoring
01:28:08.911 [main] DEBUG org.hibernate.cfg.Configuration - Preparing to build session factory with filters : {}
01:28:08.911 [main] DEBUG org.hibernate.cfg.Configuration - Processing hbm.xml files
01:28:08.911 [main] DEBUG org.hibernate.cfg.Configuration - Process annotated classes
01:28:08.911 [main] DEBUG org.hibernate.cfg.Configuration - processing fk mappings (*ToOne and JoinedSubclass)
01:28:08.911 [main] DEBUG org.hibernate.cfg.Configuration - processing extends queue
01:28:08.911 [main] DEBUG org.hibernate.cfg.Configuration - processing extends queue
01:28:08.912 [main] DEBUG org.hibernate.cfg.Configuration - processing collection mappings
01:28:08.912 [main] DEBUG org.hibernate.cfg.Configuration - processing native query and ResultSetMapping mappings
01:28:08.912 [main] DEBUG org.hibernate.cfg.Configuration - processing association property references
01:28:08.912 [main] DEBUG org.hibernate.cfg.Configuration - processing foreign key constraints
01:28:08.912 [main] DEBUG org.hibernate.cfg.Configuration - resolving reference to class: jw.lab4.checkers.Database.Game
01:28:08.912 [main] DEBUG org.hibernate.cfg.Configuration - resolving reference to class: jw.lab4.checkers.Database.Game
01:28:08.913 [main] DEBUG org.hibernate.cfg.Configuration - Legacy Validator not present in classpath, ignoring event listener registration
01:28:08.914 [main] DEBUG o.h.c.s.HibernateSearchEventListenerRegister - Search not present in classpath, ignoring event listener registration.
01:28:08.914 [main] INFO  o.h.c.s.HibernateSearchEventListenerRegister - Unable to find org.hibernate.search.event.FullTextIndexEventListener on the classpath. Hibernate Search is not enabled.
01:28:08.915 [main] INFO  o.h.c.ConnectionProviderFactory - Initializing connection provider: org.springframework.orm.hibernate3.LocalDataSourceConnectionProvider
01:28:08.935 [main] INFO  org.hibernate.dialect.Dialect - Using dialect: org.hibernate.dialect.MySQLDialect
01:28:08.936 [main] INFO  o.h.engine.jdbc.JdbcSupportLoader - Disabling contextual LOB creation as JDBC driver reported JDBC version [3] less than 4
01:28:08.936 [main] INFO  org.hibernate.cfg.SettingsFactory - Database ->
       name : MySQL
    version : 5.5.5-10.6.5-MariaDB
      major : 5
      minor : 5
01:28:08.936 [main] INFO  org.hibernate.cfg.SettingsFactory - Driver ->
       name : MySQL-AB JDBC Driver
    version : mysql-connector-java-5.1.9 ( Revision: ${svn.Revision} )
      major : 5
      minor : 1
01:28:08.936 [main] INFO  o.h.t.TransactionFactoryFactory - Transaction strategy: org.springframework.orm.hibernate3.SpringTransactionFactory
01:28:08.936 [main] INFO  o.h.t.TransactionManagerLookupFactory - No TransactionManagerLookup configured (in JTA environment, use of read-write or transactional second-level cache is not recommended)
01:28:08.936 [main] INFO  org.hibernate.cfg.SettingsFactory - Automatic flush during beforeCompletion(): disabled
01:28:08.936 [main] INFO  org.hibernate.cfg.SettingsFactory - Automatic session close at end of transaction: disabled
01:28:08.936 [main] INFO  org.hibernate.cfg.SettingsFactory - JDBC batch size: 15
01:28:08.937 [main] INFO  org.hibernate.cfg.SettingsFactory - JDBC batch updates for versioned data: disabled
01:28:08.937 [main] INFO  org.hibernate.cfg.SettingsFactory - Scrollable result sets: enabled
01:28:08.937 [main] DEBUG org.hibernate.cfg.SettingsFactory - Wrap result sets: disabled
01:28:08.937 [main] INFO  org.hibernate.cfg.SettingsFactory - JDBC3 getGeneratedKeys(): enabled
01:28:08.937 [main] INFO  org.hibernate.cfg.SettingsFactory - Connection release mode: auto
01:28:08.937 [main] INFO  org.hibernate.cfg.SettingsFactory - Maximum outer join fetch depth: 2
01:28:08.937 [main] INFO  org.hibernate.cfg.SettingsFactory - Default batch fetch size: 1
01:28:08.937 [main] INFO  org.hibernate.cfg.SettingsFactory - Generate SQL with comments: disabled
01:28:08.937 [main] INFO  org.hibernate.cfg.SettingsFactory - Order SQL updates by primary key: disabled
01:28:08.937 [main] INFO  org.hibernate.cfg.SettingsFactory - Order SQL inserts for batching: disabled
01:28:08.937 [main] INFO  org.hibernate.cfg.SettingsFactory - Query translator: org.hibernate.hql.ast.ASTQueryTranslatorFactory
01:28:08.937 [main] INFO  o.h.h.ast.ASTQueryTranslatorFactory - Using ASTQueryTranslatorFactory
01:28:08.937 [main] INFO  org.hibernate.cfg.SettingsFactory - Query language substitutions: {}
01:28:08.937 [main] INFO  org.hibernate.cfg.SettingsFactory - JPA-QL strict compliance: disabled
01:28:08.937 [main] INFO  org.hibernate.cfg.SettingsFactory - Second-level cache: enabled
01:28:08.937 [main] INFO  org.hibernate.cfg.SettingsFactory - Query cache: disabled
01:28:08.937 [main] INFO  org.hibernate.cfg.SettingsFactory - Cache region factory : org.hibernate.cache.impl.NoCachingRegionFactory
01:28:08.937 [main] INFO  org.hibernate.cfg.SettingsFactory - Optimize cache for minimal puts: disabled
01:28:08.937 [main] INFO  org.hibernate.cfg.SettingsFactory - Structured second-level cache entries: disabled
01:28:08.937 [main] INFO  org.hibernate.cfg.SettingsFactory - Statistics: disabled
01:28:08.937 [main] INFO  org.hibernate.cfg.SettingsFactory - Deleted entity synthetic identifier rollback: disabled
01:28:08.937 [main] INFO  org.hibernate.cfg.SettingsFactory - Default entity-mode: pojo
01:28:08.937 [main] INFO  org.hibernate.cfg.SettingsFactory - Named query checking : enabled
01:28:08.937 [main] INFO  org.hibernate.cfg.SettingsFactory - Check Nullability in Core (should be disabled when Bean Validation is on): enabled
01:28:08.941 [main] INFO  o.hibernate.impl.SessionFactoryImpl - building session factory
01:28:08.941 [main] DEBUG o.hibernate.impl.SessionFactoryImpl - Statistics initialized [enabled=false]}
01:28:08.941 [main] DEBUG org.hibernate.type.BasicTypeRegistry - Adding type registration boolean -> org.hibernate.type.BooleanType@50d13246
01:28:08.941 [main] DEBUG org.hibernate.type.BasicTypeRegistry - Adding type registration boolean -> org.hibernate.type.BooleanType@50d13246
01:28:08.941 [main] DEBUG org.hibernate.type.BasicTypeRegistry - Adding type registration java.lang.Boolean -> org.hibernate.type.BooleanType@50d13246
01:28:08.941 [main] DEBUG org.hibernate.type.BasicTypeRegistry - Adding type registration numeric_boolean -> org.hibernate.type.NumericBooleanType@6f63b475
01:28:08.941 [main] DEBUG org.hibernate.type.BasicTypeRegistry - Adding type registration true_false -> org.hibernate.type.TrueFalseType@1a20270e
01:28:08.941 [main] DEBUG org.hibernate.type.BasicTypeRegistry - Adding type registration yes_no -> org.hibernate.type.YesNoType@34158c08
01:28:08.941 [main] DEBUG org.hibernate.type.BasicTypeRegistry - Adding type registration byte -> org.hibernate.type.ByteType@3fc9504b
01:28:08.941 [main] DEBUG org.hibernate.type.BasicTypeRegistry - Adding type registration byte -> org.hibernate.type.ByteType@3fc9504b
01:28:08.941 [main] DEBUG org.hibernate.type.BasicTypeRegistry - Adding type registration java.lang.Byte -> org.hibernate.type.ByteType@3fc9504b
01:28:08.941 [main] DEBUG org.hibernate.type.BasicTypeRegistry - Adding type registration character -> org.hibernate.type.CharacterType@72437d8d
01:28:08.941 [main] DEBUG org.hibernate.type.BasicTypeRegistry - Adding type registration char -> org.hibernate.type.CharacterType@72437d8d
01:28:08.941 [main] DEBUG org.hibernate.type.BasicTypeRegistry - Adding type registration java.lang.Character -> org.hibernate.type.CharacterType@72437d8d
01:28:08.941 [main] DEBUG org.hibernate.type.BasicTypeRegistry - Adding type registration short -> org.hibernate.type.ShortType@3a4621bd
01:28:08.941 [main] DEBUG org.hibernate.type.BasicTypeRegistry - Adding type registration short -> org.hibernate.type.ShortType@3a4621bd
01:28:08.941 [main] DEBUG org.hibernate.type.BasicTypeRegistry - Adding type registration java.lang.Short -> org.hibernate.type.ShortType@3a4621bd
01:28:08.941 [main] DEBUG org.hibernate.type.BasicTypeRegistry - Adding type registration integer -> org.hibernate.type.IntegerType@40db2a24
01:28:08.941 [main] DEBUG org.hibernate.type.BasicTypeRegistry - Adding type registration int -> org.hibernate.type.IntegerType@40db2a24
01:28:08.941 [main] DEBUG org.hibernate.type.BasicTypeRegistry - Adding type registration java.lang.Integer -> org.hibernate.type.IntegerType@40db2a24
01:28:08.941 [main] DEBUG org.hibernate.type.BasicTypeRegistry - Adding type registration long -> org.hibernate.type.LongType@30af5b6b
01:28:08.941 [main] DEBUG org.hibernate.type.BasicTypeRegistry - Adding type registration long -> org.hibernate.type.LongType@30af5b6b
01:28:08.941 [main] DEBUG org.hibernate.type.BasicTypeRegistry - Adding type registration java.lang.Long -> org.hibernate.type.LongType@30af5b6b
01:28:08.941 [main] DEBUG org.hibernate.type.BasicTypeRegistry - Adding type registration float -> org.hibernate.type.FloatType@2e1ef60
01:28:08.941 [main] DEBUG org.hibernate.type.BasicTypeRegistry - Adding type registration float -> org.hibernate.type.FloatType@2e1ef60
01:28:08.941 [main] DEBUG org.hibernate.type.BasicTypeRegistry - Adding type registration java.lang.Float -> org.hibernate.type.FloatType@2e1ef60
01:28:08.941 [main] DEBUG org.hibernate.type.BasicTypeRegistry - Adding type registration double -> org.hibernate.type.DoubleType@1b7c473a
01:28:08.941 [main] DEBUG org.hibernate.type.BasicTypeRegistry - Adding type registration double -> org.hibernate.type.DoubleType@1b7c473a
01:28:08.941 [main] DEBUG org.hibernate.type.BasicTypeRegistry - Adding type registration java.lang.Double -> org.hibernate.type.DoubleType@1b7c473a
01:28:08.941 [main] DEBUG org.hibernate.type.BasicTypeRegistry - Adding type registration big_decimal -> org.hibernate.type.BigDecimalType@71812481
01:28:08.941 [main] DEBUG org.hibernate.type.BasicTypeRegistry - Adding type registration java.math.BigDecimal -> org.hibernate.type.BigDecimalType@71812481
01:28:08.941 [main] DEBUG org.hibernate.type.BasicTypeRegistry - Adding type registration big_integer -> org.hibernate.type.BigIntegerType@561868a0
01:28:08.941 [main] DEBUG org.hibernate.type.BasicTypeRegistry - Adding type registration java.math.BigInteger -> org.hibernate.type.BigIntegerType@561868a0
01:28:08.941 [main] DEBUG org.hibernate.type.BasicTypeRegistry - Adding type registration string -> org.hibernate.type.StringType@42bc14c1
01:28:08.941 [main] DEBUG org.hibernate.type.BasicTypeRegistry - Adding type registration java.lang.String -> org.hibernate.type.StringType@42bc14c1
01:28:08.941 [main] DEBUG org.hibernate.type.BasicTypeRegistry - Adding type registration url -> org.hibernate.type.UrlType@25aca718
01:28:08.941 [main] DEBUG org.hibernate.type.BasicTypeRegistry - Adding type registration java.net.URL -> org.hibernate.type.UrlType@25aca718
01:28:08.941 [main] DEBUG org.hibernate.type.BasicTypeRegistry - Adding type registration date -> org.hibernate.type.DateType@289710d9
01:28:08.942 [main] DEBUG org.hibernate.type.BasicTypeRegistry - Adding type registration java.sql.Date -> org.hibernate.type.DateType@289710d9
01:28:08.942 [main] DEBUG org.hibernate.type.BasicTypeRegistry - Adding type registration time -> org.hibernate.type.TimeType@3e7dd664
01:28:08.942 [main] DEBUG org.hibernate.type.BasicTypeRegistry - Adding type registration java.sql.Time -> org.hibernate.type.TimeType@3e7dd664
01:28:08.942 [main] DEBUG org.hibernate.type.BasicTypeRegistry - Adding type registration timestamp -> org.hibernate.type.TimestampType@525575
01:28:08.942 [main] DEBUG org.hibernate.type.BasicTypeRegistry - Adding type registration java.sql.Timestamp -> org.hibernate.type.TimestampType@525575
01:28:08.942 [main] DEBUG org.hibernate.type.BasicTypeRegistry - Adding type registration java.util.Date -> org.hibernate.type.TimestampType@525575
01:28:08.942 [main] DEBUG org.hibernate.type.BasicTypeRegistry - Adding type registration dbtimestamp -> org.hibernate.type.DbTimestampType@6ad3381f
01:28:08.942 [main] DEBUG org.hibernate.type.BasicTypeRegistry - Adding type registration calendar -> org.hibernate.type.CalendarType@18a136ac
01:28:08.942 [main] DEBUG org.hibernate.type.BasicTypeRegistry - Adding type registration java.util.Calendar -> org.hibernate.type.CalendarType@18a136ac
01:28:08.942 [main] DEBUG org.hibernate.type.BasicTypeRegistry - Adding type registration java.util.GregorianCalendar -> org.hibernate.type.CalendarType@18a136ac
01:28:08.942 [main] DEBUG org.hibernate.type.BasicTypeRegistry - Adding type registration calendar_date -> org.hibernate.type.CalendarDateType@421bba99
01:28:08.942 [main] DEBUG org.hibernate.type.BasicTypeRegistry - Adding type registration locale -> org.hibernate.type.LocaleType@4fad9bb2
01:28:08.942 [main] DEBUG org.hibernate.type.BasicTypeRegistry - Adding type registration java.util.Locale -> org.hibernate.type.LocaleType@4fad9bb2
01:28:08.942 [main] DEBUG org.hibernate.type.BasicTypeRegistry - Adding type registration currency -> org.hibernate.type.CurrencyType@38831718
01:28:08.942 [main] DEBUG org.hibernate.type.BasicTypeRegistry - Adding type registration java.util.Currency -> org.hibernate.type.CurrencyType@38831718
01:28:08.942 [main] DEBUG org.hibernate.type.BasicTypeRegistry - Adding type registration timezone -> org.hibernate.type.TimeZoneType@512535ff
01:28:08.942 [main] DEBUG org.hibernate.type.BasicTypeRegistry - Adding type registration java.util.TimeZone -> org.hibernate.type.TimeZoneType@512535ff
01:28:08.942 [main] DEBUG org.hibernate.type.BasicTypeRegistry - Adding type registration class -> org.hibernate.type.ClassType@7241a47d
01:28:08.942 [main] DEBUG org.hibernate.type.BasicTypeRegistry - Adding type registration java.lang.Class -> org.hibernate.type.ClassType@7241a47d
01:28:08.942 [main] DEBUG org.hibernate.type.BasicTypeRegistry - Adding type registration uuid-binary -> org.hibernate.type.UUIDBinaryType@a22cb6a
01:28:08.942 [main] DEBUG org.hibernate.type.BasicTypeRegistry - Adding type registration java.util.UUID -> org.hibernate.type.UUIDBinaryType@a22cb6a
01:28:08.942 [main] DEBUG org.hibernate.type.BasicTypeRegistry - Adding type registration uuid-char -> org.hibernate.type.UUIDCharType@324a0017
01:28:08.942 [main] DEBUG org.hibernate.type.BasicTypeRegistry - Adding type registration pg-uuid -> org.hibernate.type.PostgresUUIDType@22bac7bc
01:28:08.942 [main] DEBUG org.hibernate.type.BasicTypeRegistry - Adding type registration binary -> org.hibernate.type.BinaryType@43f82e78
01:28:08.942 [main] DEBUG org.hibernate.type.BasicTypeRegistry - Adding type registration byte[] -> org.hibernate.type.BinaryType@43f82e78
01:28:08.942 [main] DEBUG org.hibernate.type.BasicTypeRegistry - Adding type registration [B -> org.hibernate.type.BinaryType@43f82e78
01:28:08.942 [main] DEBUG org.hibernate.type.BasicTypeRegistry - Adding type registration wrapper-binary -> org.hibernate.type.WrapperBinaryType@530712d
01:28:08.942 [main] DEBUG org.hibernate.type.BasicTypeRegistry - Adding type registration Byte[] -> org.hibernate.type.WrapperBinaryType@530712d
01:28:08.942 [main] DEBUG org.hibernate.type.BasicTypeRegistry - Adding type registration [Ljava.lang.Byte; -> org.hibernate.type.WrapperBinaryType@530712d
01:28:08.942 [main] DEBUG org.hibernate.type.BasicTypeRegistry - Adding type registration image -> org.hibernate.type.ImageType@45fd9a4d
01:28:08.942 [main] DEBUG org.hibernate.type.BasicTypeRegistry - Adding type registration characters -> org.hibernate.type.CharArrayType@16c63f5
01:28:08.942 [main] DEBUG org.hibernate.type.BasicTypeRegistry - Adding type registration char[] -> org.hibernate.type.CharArrayType@16c63f5
01:28:08.942 [main] DEBUG org.hibernate.type.BasicTypeRegistry - Adding type registration [C -> org.hibernate.type.CharArrayType@16c63f5
01:28:08.942 [main] DEBUG org.hibernate.type.BasicTypeRegistry - Adding type registration wrapper-characters -> org.hibernate.type.CharacterArrayType@74eb909f
01:28:08.942 [main] DEBUG org.hibernate.type.BasicTypeRegistry - Adding type registration [Ljava.lang.Character; -> org.hibernate.type.CharacterArrayType@74eb909f
01:28:08.942 [main] DEBUG org.hibernate.type.BasicTypeRegistry - Adding type registration Character[] -> org.hibernate.type.CharacterArrayType@74eb909f
01:28:08.942 [main] DEBUG org.hibernate.type.BasicTypeRegistry - Adding type registration text -> org.hibernate.type.TextType@13d9b21f
01:28:08.942 [main] DEBUG org.hibernate.type.BasicTypeRegistry - Adding type registration blob -> org.hibernate.type.BlobType@6179e425
01:28:08.942 [main] DEBUG org.hibernate.type.BasicTypeRegistry - Adding type registration java.sql.Blob -> org.hibernate.type.BlobType@6179e425
01:28:08.942 [main] DEBUG org.hibernate.type.BasicTypeRegistry - Adding type registration materialized_blob -> org.hibernate.type.MaterializedBlobType@49c6c24f
01:28:08.942 [main] DEBUG org.hibernate.type.BasicTypeRegistry - Adding type registration wrapper_materialized_blob -> org.hibernate.type.WrappedMaterializedBlobType@6399551e
01:28:08.942 [main] DEBUG org.hibernate.type.BasicTypeRegistry - Adding type registration clob -> org.hibernate.type.ClobType@604c5de8
01:28:08.942 [main] DEBUG org.hibernate.type.BasicTypeRegistry - Adding type registration java.sql.Clob -> org.hibernate.type.ClobType@604c5de8
01:28:08.942 [main] DEBUG org.hibernate.type.BasicTypeRegistry - Adding type registration materialized_clob -> org.hibernate.type.MaterializedClobType@550a1967
01:28:08.942 [main] DEBUG org.hibernate.type.BasicTypeRegistry - Adding type registration wrapper_characters_clob -> org.hibernate.type.CharacterArrayClobType@5d8bafa9
01:28:08.942 [main] DEBUG org.hibernate.type.BasicTypeRegistry - Adding type registration characters_clob -> org.hibernate.type.PrimitiveCharacterArrayClobType@ff684e1
01:28:08.942 [main] DEBUG org.hibernate.type.BasicTypeRegistry - Adding type registration serializable -> org.hibernate.type.SerializableType@1e8ce150
01:28:08.942 [main] DEBUG org.hibernate.type.BasicTypeRegistry - Adding type registration object -> org.hibernate.type.ObjectType@75cd8043
01:28:08.942 [main] DEBUG org.hibernate.type.BasicTypeRegistry - Adding type registration java.lang.Object -> org.hibernate.type.ObjectType@75cd8043
01:28:08.942 [main] DEBUG org.hibernate.type.BasicTypeRegistry - Adding type registration imm_date -> org.hibernate.type.AdaptedImmutableType@66b59b7d
01:28:08.942 [main] DEBUG org.hibernate.type.BasicTypeRegistry - Adding type registration imm_time -> org.hibernate.type.AdaptedImmutableType@53311681
01:28:08.942 [main] DEBUG org.hibernate.type.BasicTypeRegistry - Adding type registration imm_timestamp -> org.hibernate.type.AdaptedImmutableType@4437ac07
01:28:08.942 [main] DEBUG org.hibernate.type.BasicTypeRegistry - Adding type registration imm_dbtimestamp -> org.hibernate.type.AdaptedImmutableType@3f1ed068
01:28:08.942 [main] DEBUG org.hibernate.type.BasicTypeRegistry - Adding type registration imm_calendar -> org.hibernate.type.AdaptedImmutableType@753aca85
01:28:08.943 [main] DEBUG org.hibernate.type.BasicTypeRegistry - Adding type registration imm_calendar_date -> org.hibernate.type.AdaptedImmutableType@2e645fbd
01:28:08.943 [main] DEBUG org.hibernate.type.BasicTypeRegistry - Adding type registration imm_binary -> org.hibernate.type.AdaptedImmutableType@574a89e2
01:28:08.943 [main] DEBUG org.hibernate.type.BasicTypeRegistry - Adding type registration imm_serializable -> org.hibernate.type.AdaptedImmutableType@1e1e9ef3
01:28:08.943 [main] DEBUG org.hibernate.type.BasicTypeRegistry - Adding type registration clob -> org.hibernate.type.ClobType@5910de75
01:28:08.943 [main] INFO  org.hibernate.type.BasicTypeRegistry - Type registration [clob] overrides previous : org.hibernate.type.ClobType@604c5de8
01:28:08.943 [main] DEBUG org.hibernate.type.BasicTypeRegistry - Adding type registration java.sql.Clob -> org.hibernate.type.ClobType@5910de75
01:28:08.943 [main] INFO  org.hibernate.type.BasicTypeRegistry - Type registration [java.sql.Clob] overrides previous : org.hibernate.type.ClobType@604c5de8
01:28:08.943 [main] DEBUG org.hibernate.type.BasicTypeRegistry - Adding type registration blob -> org.hibernate.type.BlobType@5ef8df1e
01:28:08.943 [main] INFO  org.hibernate.type.BasicTypeRegistry - Type registration [blob] overrides previous : org.hibernate.type.BlobType@6179e425
01:28:08.943 [main] DEBUG org.hibernate.type.BasicTypeRegistry - Adding type registration java.sql.Blob -> org.hibernate.type.BlobType@5ef8df1e
01:28:08.943 [main] INFO  org.hibernate.type.BasicTypeRegistry - Type registration [java.sql.Blob] overrides previous : org.hibernate.type.BlobType@6179e425
01:28:08.943 [main] DEBUG org.hibernate.type.BasicTypeRegistry - Adding type registration characters_clob -> org.hibernate.type.PrimitiveCharacterArrayClobType@7e0aadd0
01:28:08.943 [main] INFO  org.hibernate.type.BasicTypeRegistry - Type registration [characters_clob] overrides previous : org.hibernate.type.PrimitiveCharacterArrayClobType@ff684e1
01:28:08.943 [main] DEBUG org.hibernate.type.BasicTypeRegistry - Adding type registration wrapper_materialized_blob -> org.hibernate.type.WrappedMaterializedBlobType@127e70c5
01:28:08.943 [main] INFO  org.hibernate.type.BasicTypeRegistry - Type registration [wrapper_materialized_blob] overrides previous : org.hibernate.type.WrappedMaterializedBlobType@6399551e
01:28:08.943 [main] DEBUG org.hibernate.type.BasicTypeRegistry - Adding type registration wrapper_characters_clob -> org.hibernate.type.CharacterArrayClobType@1f130eaf
01:28:08.943 [main] INFO  org.hibernate.type.BasicTypeRegistry - Type registration [wrapper_characters_clob] overrides previous : org.hibernate.type.CharacterArrayClobType@5d8bafa9
01:28:08.943 [main] DEBUG org.hibernate.type.BasicTypeRegistry - Adding type registration materialized_blob -> org.hibernate.type.MaterializedBlobType@27cf3151
01:28:08.943 [main] INFO  org.hibernate.type.BasicTypeRegistry - Type registration [materialized_blob] overrides previous : org.hibernate.type.MaterializedBlobType@49c6c24f
01:28:08.943 [main] DEBUG org.hibernate.type.BasicTypeRegistry - Adding type registration materialized_clob -> org.hibernate.type.MaterializedClobType@4108fa66
01:28:08.943 [main] INFO  org.hibernate.type.BasicTypeRegistry - Type registration [materialized_clob] overrides previous : org.hibernate.type.MaterializedClobType@550a1967
01:28:08.943 [main] DEBUG o.hibernate.impl.SessionFactoryImpl - Session factory constructed with filter configurations : {}
01:28:08.943 [main] DEBUG o.hibernate.impl.SessionFactoryImpl - instantiating session factory with properties: {java.specification.version=17, sun.jnu.encoding=UTF-8, sun.arch.data.model=64, java.vendor.url=https://openjdk.java.net/, hibernate.transaction.factory_class=org.springframework.orm.hibernate3.SpringTransactionFactory, sun.boot.library.path=/usr/lib/jvm/java-17-openjdk/lib, sun.java.command=/home/jak/studia/Technologia/Lab4/target/surefire/surefirebooter8542412173332080337.jar /home/jak/studia/Technologia/Lab4/target/surefire 2022-01-30T01-28-04_906-jvmRun1 surefire561957949992343055tmp surefire_014556903606462195719tmp, hibernate.connection.provider_class=org.springframework.orm.hibernate3.LocalDataSourceConnectionProvider, jdk.debug=release, java.specification.vendor=Oracle Corporation, java.version.date=2021-10-19, java.home=/usr/lib/jvm/java-17-openjdk, file.separator=/, basedir=/home/jak/studia/Technologia/Lab4, java.vm.compressedOopsMode=32-bit, line.separator=
, java.specification.name=Java Platform API Specification, java.vm.specification.vendor=Oracle Corporation, sun.management.compiler=HotSpot 64-Bit Tiered Compilers, java.runtime.version=17.0.1+12, user.name=jak, file.encoding=UTF-8, hibernate.current_session_context_class=org.springframework.orm.hibernate3.SpringSessionContext, localRepository=/home/jak/.m2/repository, java.io.tmpdir=/tmp, java.version=17.0.1, java.vm.specification.name=Java Virtual Machine Specification, native.encoding=UTF-8, java.library.path=/usr/java/packages/lib:/usr/lib64:/lib64:/lib:/usr/lib, java.vendor=N/A, sun.io.unicode.encoding=UnicodeLittle, hibernate.dialect=org.hibernate.dialect.MySQLDialect, java.class.path=/home/jak/studia/Technologia/Lab4/target/test-classes:/home/jak/studia/Technologia/Lab4/target/classes:/home/jak/.m2/repository/junit/junit/4.11/junit-4.11.jar:/home/jak/.m2/repository/org/hamcrest/hamcrest-core/1.3/hamcrest-core-1.3.jar:/home/jak/.m2/repository/org/springframework/spring-context/4.0.3.RELEASE/spring-context-4.0.3.RELEASE.jar:/home/jak/.m2/repository/org/springframework/spring-aop/4.0.3.RELEASE/spring-aop-4.0.3.RELEASE.jar:/home/jak/.m2/repository/aopalliance/aopalliance/1.0/aopalliance-1.0.jar:/home/jak/.m2/repository/org/springframework/spring-beans/4.0.3.RELEASE/spring-beans-4.0.3.RELEASE.jar:/home/jak/.m2/repository/org/springframework/spring-core/4.0.3.RELEASE/spring-core-4.0.3.RELEASE.jar:/home/jak/.m2/repository/commons-logging/commons-logging/1.1.3/commons-logging-1.1.3.jar:/home/jak/.m2/repository/org/springframework/spring-expression/4.0.3.RELEASE/spring-expression-4.0.3.RELEASE.jar:/home/jak/.m2/repository/org/springframework/spring-tx/4.0.3.RELEASE/spring-tx-4.0.3.RELEASE.jar:/home/jak/.m2/repository/org/springframework/spring-orm/4.0.3.RELEASE/spring-orm-4.0.3.RELEASE.jar:/home/jak/.m2/repository/org/springframework/spring-jdbc/4.0.3.RELEASE/spring-jdbc-4.0.3.RELEASE.jar:/home/jak/.m2/repository/org/slf4j/slf4j-api/1.7.5/slf4j-api-1.7.5.jar:/home/jak/.m2/repository/ch/qos/logback/logback-classic/1.0.13/logback-classic-1.0.13.jar:/home/jak/.m2/repository/ch/qos/logback/logback-core/1.0.13/logback-core-1.0.13.jar:/home/jak/.m2/repository/org/hibernate/hibernate-entitymanager/3.6.9.Final/hibernate-entitymanager-3.6.9.Final.jar:/home/jak/.m2/repository/cglib/cglib/2.2/cglib-2.2.jar:/home/jak/.m2/repository/asm/asm/3.1/asm-3.1.jar:/home/jak/.m2/repository/javassist/javassist/3.12.0.GA/javassist-3.12.0.GA.jar:/home/jak/.m2/repository/org/hibernate/javax/persistence/hibernate-jpa-2.0-api/1.0.1.Final/hibernate-jpa-2.0-api-1.0.1.Final.jar:/home/jak/.m2/repository/org/hibernate/hibernate-core/3.6.9.Final/hibernate-core-3.6.9.Final.jar:/home/jak/.m2/repository/antlr/antlr/2.7.6/antlr-2.7.6.jar:/home/jak/.m2/repository/commons-collections/commons-collections/3.1/commons-collections-3.1.jar:/home/jak/.m2/repository/dom4j/dom4j/1.6.1/dom4j-1.6.1.jar:/home/jak/.m2/repository/org/hibernate/hibernate-commons-annotations/3.2.0.Final/hibernate-commons-annotations-3.2.0.Final.jar:/home/jak/.m2/repository/javax/transaction/jta/1.1/jta-1.1.jar:/home/jak/.m2/repository/mysql/mysql-connector-java/5.1.9/mysql-connector-java-5.1.9.jar:/home/jak/.m2/repository/commons-dbcp/commons-dbcp/1.4/commons-dbcp-1.4.jar:/home/jak/.m2/repository/commons-pool/commons-pool/1.5.4/commons-pool-1.5.4.jar:, java.vm.vendor=Oracle Corporation, user.timezone=Europe/Warsaw, java.vm.specification.version=17, os.name=Linux, sun.java.launcher=SUN_STANDARD, user.country=US, surefire.test.class.path=/home/jak/studia/Technologia/Lab4/target/test-classes:/home/jak/studia/Technologia/Lab4/target/classes:/home/jak/.m2/repository/junit/junit/4.11/junit-4.11.jar:/home/jak/.m2/repository/org/hamcrest/hamcrest-core/1.3/hamcrest-core-1.3.jar:/home/jak/.m2/repository/org/springframework/spring-context/4.0.3.RELEASE/spring-context-4.0.3.RELEASE.jar:/home/jak/.m2/repository/org/springframework/spring-aop/4.0.3.RELEASE/spring-aop-4.0.3.RELEASE.jar:/home/jak/.m2/repository/aopalliance/aopalliance/1.0/aopalliance-1.0.jar:/home/jak/.m2/repository/org/springframework/spring-beans/4.0.3.RELEASE/spring-beans-4.0.3.RELEASE.jar:/home/jak/.m2/repository/org/springframework/spring-core/4.0.3.RELEASE/spring-core-4.0.3.RELEASE.jar:/home/jak/.m2/repository/commons-logging/commons-logging/1.1.3/commons-logging-1.1.3.jar:/home/jak/.m2/repository/org/springframework/spring-expression/4.0.3.RELEASE/spring-expression-4.0.3.RELEASE.jar:/home/jak/.m2/repository/org/springframework/spring-tx/4.0.3.RELEASE/spring-tx-4.0.3.RELEASE.jar:/home/jak/.m2/repository/org/springframework/spring-orm/4.0.3.RELEASE/spring-orm-4.0.3.RELEASE.jar:/home/jak/.m2/repository/org/springframework/spring-jdbc/4.0.3.RELEASE/spring-jdbc-4.0.3.RELEASE.jar:/home/jak/.m2/repository/org/slf4j/slf4j-api/1.7.5/slf4j-api-1.7.5.jar:/home/jak/.m2/repository/ch/qos/logback/logback-classic/1.0.13/logback-classic-1.0.13.jar:/home/jak/.m2/repository/ch/qos/logback/logback-core/1.0.13/logback-core-1.0.13.jar:/home/jak/.m2/repository/org/hibernate/hibernate-entitymanager/3.6.9.Final/hibernate-entitymanager-3.6.9.Final.jar:/home/jak/.m2/repository/cglib/cglib/2.2/cglib-2.2.jar:/home/jak/.m2/repository/asm/asm/3.1/asm-3.1.jar:/home/jak/.m2/repository/javassist/javassist/3.12.0.GA/javassist-3.12.0.GA.jar:/home/jak/.m2/repository/org/hibernate/javax/persistence/hibernate-jpa-2.0-api/1.0.1.Final/hibernate-jpa-2.0-api-1.0.1.Final.jar:/home/jak/.m2/repository/org/hibernate/hibernate-core/3.6.9.Final/hibernate-core-3.6.9.Final.jar:/home/jak/.m2/repository/antlr/antlr/2.7.6/antlr-2.7.6.jar:/home/jak/.m2/repository/commons-collections/commons-collections/3.1/commons-collections-3.1.jar:/home/jak/.m2/repository/dom4j/dom4j/1.6.1/dom4j-1.6.1.jar:/home/jak/.m2/repository/org/hibernate/hibernate-commons-annotations/3.2.0.Final/hibernate-commons-annotations-3.2.0.Final.jar:/home/jak/.m2/repository/javax/transaction/jta/1.1/jta-1.1.jar:/home/jak/.m2/repository/mysql/mysql-connector-java/5.1.9/mysql-connector-java-5.1.9.jar:/home/jak/.m2/repository/commons-dbcp/commons-dbcp/1.4/commons-dbcp-1.4.jar:/home/jak/.m2/repository/commons-pool/commons-pool/1.5.4/commons-pool-1.5.4.jar:, sun.cpu.endian=little, user.home=/home/jak, user.language=en, surefire.real.class.path=/home/jak/studia/Technologia/Lab4/target/surefire/surefirebooter8542412173332080337.jar, path.separator=:, os.version=5.16.2-arch1-1, java.runtime.name=OpenJDK Runtime Environment, java.vm.name=OpenJDK 64-Bit Server VM, java.vendor.url.bug=https://bugreport.java.com/bugreport/, user.dir=/home/jak/studia/Technologia/Lab4, os.arch=amd64, java.vm.info=mixed mode, java.vm.version=17.0.1+12, hibernate.bytecode.use_reflection_optimizer=false, java.class.version=61.0}
01:28:08.944 [main] DEBUG o.h.i.f.DefaultIdentifierGeneratorFactory - Setting dialect [org.hibernate.dialect.MySQLDialect]
01:28:08.944 [main] DEBUG o.h.i.f.DefaultIdentifierGeneratorFactory - Setting dialect [org.hibernate.dialect.MySQLDialect]
01:28:08.944 [main] DEBUG o.h.i.f.DefaultIdentifierGeneratorFactory - Setting dialect [org.hibernate.dialect.MySQLDialect]
01:28:08.948 [main] ERROR o.h.proxy.pojo.BasicLazyInitializer - Javassist Enhancement failed: jw.lab4.checkers.Database.Game
java.lang.reflect.InaccessibleObjectException: Unable to make protected final java.lang.Class java.lang.ClassLoader.defineClass(java.lang.String,byte[],int,int,java.security.ProtectionDomain) throws java.lang.ClassFormatError accessible: module java.base does not "opens java.lang" to unnamed module @69a3d1d
	at java.base/java.lang.reflect.AccessibleObject.checkCanSetAccessible(AccessibleObject.java:354) ~[na:na]
	at java.base/java.lang.reflect.AccessibleObject.checkCanSetAccessible(AccessibleObject.java:297) ~[na:na]
	at java.base/java.lang.reflect.Method.checkCanSetAccessible(Method.java:199) ~[na:na]
	at java.base/java.lang.reflect.Method.setAccessible(Method.java:193) ~[na:na]
	at javassist.util.proxy.SecurityActions.setAccessible(SecurityActions.java:102) ~[javassist-3.12.0.GA.jar:na]
	at javassist.util.proxy.FactoryHelper.toClass2(FactoryHelper.java:180) ~[javassist-3.12.0.GA.jar:na]
	at javassist.util.proxy.FactoryHelper.toClass(FactoryHelper.java:163) ~[javassist-3.12.0.GA.jar:na]
	at javassist.util.proxy.ProxyFactory.createClass3(ProxyFactory.java:501) ~[javassist-3.12.0.GA.jar:na]
	at javassist.util.proxy.ProxyFactory.createClass2(ProxyFactory.java:486) ~[javassist-3.12.0.GA.jar:na]
	at javassist.util.proxy.ProxyFactory.createClass1(ProxyFactory.java:422) ~[javassist-3.12.0.GA.jar:na]
	at javassist.util.proxy.ProxyFactory.createClass(ProxyFactory.java:394) ~[javassist-3.12.0.GA.jar:na]
	at org.hibernate.proxy.pojo.javassist.JavassistLazyInitializer.getProxyFactory(JavassistLazyInitializer.java:162) ~[hibernate-core-3.6.9.Final.jar:3.6.9.Final]
	at org.hibernate.proxy.pojo.javassist.JavassistProxyFactory.postInstantiate(JavassistProxyFactory.java:65) ~[hibernate-core-3.6.9.Final.jar:3.6.9.Final]
	at org.hibernate.tuple.entity.PojoEntityTuplizer.buildProxyFactory(PojoEntityTuplizer.java:185) ~[hibernate-core-3.6.9.Final.jar:3.6.9.Final]
	at org.hibernate.tuple.entity.AbstractEntityTuplizer.<init>(AbstractEntityTuplizer.java:167) ~[hibernate-core-3.6.9.Final.jar:3.6.9.Final]
	at org.hibernate.tuple.entity.PojoEntityTuplizer.<init>(PojoEntityTuplizer.java:77) ~[hibernate-core-3.6.9.Final.jar:3.6.9.Final]
	at java.base/jdk.internal.reflect.NativeConstructorAccessorImpl.newInstance0(Native Method) ~[na:na]
	at java.base/jdk.internal.reflect.NativeConstructorAccessorImpl.newInstance(NativeConstructorAccessorImpl.java:77) ~[na:na]
	at java.base/jdk.internal.reflect.DelegatingConstructorAccessorImpl.newInstance(DelegatingConstructorAccessorImpl.java:45) ~[na:na]
	at java.base/java.lang.reflect.Constructor.newInstanceWithCaller(Constructor.java:499) ~[na:na]
	at java.base/java.lang.reflect.Constructor.newInstance(Constructor.java:480) ~[na:na]
	at org.hibernate.tuple.entity.EntityTuplizerFactory.constructTuplizer(EntityTuplizerFactory.java:105) ~[hibernate-core-3.6.9.Final.jar:3.6.9.Final]
	at org.hibernate.tuple.entity.EntityTuplizerFactory.constructDefaultTuplizer(EntityTuplizerFactory.java:133) ~[hibernate-core-3.6.9.Final.jar:3.6.9.Final]
	at org.hibernate.tuple.entity.EntityEntityModeToTuplizerMapping.<init>(EntityEntityModeToTuplizerMapping.java:80) ~[hibernate-core-3.6.9.Final.jar:3.6.9.Final]
	at org.hibernate.tuple.entity.EntityMetamodel.<init>(EntityMetamodel.java:322) ~[hibernate-core-3.6.9.Final.jar:3.6.9.Final]
	at org.hibernate.persister.entity.AbstractEntityPersister.<init>(AbstractEntityPersister.java:485) ~[hibernate-core-3.6.9.Final.jar:3.6.9.Final]
	at org.hibernate.persister.entity.SingleTableEntityPersister.<init>(SingleTableEntityPersister.java:133) ~[hibernate-core-3.6.9.Final.jar:3.6.9.Final]
	at org.hibernate.persister.PersisterFactory.createClassPersister(PersisterFactory.java:84) ~[hibernate-core-3.6.9.Final.jar:3.6.9.Final]
	at org.hibernate.impl.SessionFactoryImpl.<init>(SessionFactoryImpl.java:286) ~[hibernate-core-3.6.9.Final.jar:3.6.9.Final]
	at org.hibernate.cfg.Configuration.buildSessionFactory(Configuration.java:1872) ~[hibernate-core-3.6.9.Final.jar:3.6.9.Final]
	at org.springframework.orm.hibernate3.LocalSessionFactoryBean.newSessionFactory(LocalSessionFactoryBean.java:793) ~[spring-orm-4.0.3.RELEASE.jar:4.0.3.RELEASE]
	at org.springframework.orm.hibernate3.LocalSessionFactoryBean.buildSessionFactory(LocalSessionFactoryBean.java:715) ~[spring-orm-4.0.3.RELEASE.jar:4.0.3.RELEASE]
	at org.springframework.orm.hibernate3.AbstractSessionFactoryBean.afterPropertiesSet(AbstractSessionFactoryBean.java:189) ~[spring-orm-4.0.3.RELEASE.jar:4.0.3.RELEASE]
	at org.springframework.beans.factory.support.AbstractAutowireCapableBeanFactory.invokeInitMethods(AbstractAutowireCapableBeanFactory.java:1612) ~[spring-beans-4.0.3.RELEASE.jar:4.0.3.RELEASE]
	at org.springframework.beans.factory.support.AbstractAutowireCapableBeanFactory.initializeBean(AbstractAutowireCapableBeanFactory.java:1549) ~[spring-beans-4.0.3.RELEASE.jar:4.0.3.RELEASE]
	at org.springframework.beans.factory.support.AbstractAutowireCapableBeanFactory.doCreateBean(AbstractAutowireCapableBeanFactory.java:539) ~[spring-beans-4.0.3.RELEASE.jar:4.0.3.RELEASE]
	at org.springframework.beans.factory.support.AbstractAutowireCapableBeanFactory.createBean(AbstractAutowireCapableBeanFactory.java:475) ~[spring-beans-4.0.3.RELEASE.jar:4.0.3.RELEASE]
	at org.springframework.beans.factory.support.AbstractBeanFactory$1.getObject(AbstractBeanFactory.java:304) ~[spring-beans-4.0.3.RELEASE.jar:4.0.3.RELEASE]
	at org.springframework.beans.factory.support.DefaultSingletonBeanRegistry.getSingleton(DefaultSingletonBeanRegistry.java:228) ~[spring-beans-4.0.3.RELEASE.jar:4.0.3.RELEASE]
	at org.springframework.beans.factory.support.AbstractBeanFactory.doGetBean(AbstractBeanFactory.java:300) ~[spring-beans-4.0.3.RELEASE.jar:4.0.3.RELEASE]
	at org.springframework.beans.factory.support.AbstractBeanFactory.getBean(AbstractBeanFactory.java:195) ~[spring-beans-4.0.3.RELEASE.jar:4.0.3.RELEASE]
	at org.springframework.beans.factory.support.DefaultListableBeanFactory.preInstantiateSingletons(DefaultListableBeanFactory.java:684) ~[spring-beans-4.0.3.RELEASE.jar:4.0.3.RELEASE]
	at org.springframework.context.support.AbstractApplicationContext.finishBeanFactoryInitialization(AbstractApplicationContext.java:760) ~[spring-context-4.0.3.RELEASE.jar:4.0.3.RELEASE]
	at org.springframework.context.support.AbstractApplicationContext.refresh(AbstractApplicationContext.java:482) ~[spring-context-4.0.3.RELEASE.jar:4.0.3.RELEASE]
	at org.springframework.context.support.ClassPathXmlApplicationContext.<init>(ClassPathXmlApplicationContext.java:139) ~[spring-context-4.0.3.RELEASE.jar:4.0.3.RELEASE]
	at org.springframework.context.support.ClassPathXmlApplicationContext.<init>(ClassPathXmlApplicationContext.java:83) ~[spring-context-4.0.3.RELEASE.jar:4.0.3.RELEASE]
	at jw.lab4.checkers.UserSave.<init>(UserSave.java:13) ~[classes/:na]
	at jw.lab4.checkers.Game.start(Game.java:72) ~[classes/:na]
	at jw.lab4.checkers.Game.<init>(Game.java:36) ~[classes/:na]
	at jw.lab4.checkers.AppTest.winGame(AppTest.java:85) ~[test-classes/:na]
	at java.base/jdk.internal.reflect.NativeMethodAccessorImpl.invoke0(Native Method) ~[na:na]
	at java.base/jdk.internal.reflect.NativeMethodAccessorImpl.invoke(NativeMethodAccessorImpl.java:77) ~[na:na]
	at java.base/jdk.internal.reflect.DelegatingMethodAccessorImpl.invoke(DelegatingMethodAccessorImpl.java:43) ~[na:na]
	at java.base/java.lang.reflect.Method.invoke(Method.java:568) ~[na:na]
	at org.junit.runners.model.FrameworkMethod$1.runReflectiveCall(FrameworkMethod.java:47) ~[junit-4.11.jar:na]
	at org.junit.internal.runners.model.ReflectiveCallable.run(ReflectiveCallable.java:12) ~[junit-4.11.jar:na]
	at org.junit.runners.model.FrameworkMethod.invokeExplosively(FrameworkMethod.java:44) ~[junit-4.11.jar:na]
	at org.junit.internal.runners.statements.InvokeMethod.evaluate(InvokeMethod.java:17) ~[junit-4.11.jar:na]
	at org.junit.runners.ParentRunner.runLeaf(ParentRunner.java:271) ~[junit-4.11.jar:na]
	at org.junit.runners.BlockJUnit4ClassRunner.runChild(BlockJUnit4ClassRunner.java:70) ~[junit-4.11.jar:na]
	at org.junit.runners.BlockJUnit4ClassRunner.runChild(BlockJUnit4ClassRunner.java:50) ~[junit-4.11.jar:na]
	at org.junit.runners.ParentRunner$3.run(ParentRunner.java:238) ~[junit-4.11.jar:na]
	at org.junit.runners.ParentRunner$1.schedule(ParentRunner.java:63) ~[junit-4.11.jar:na]
	at org.junit.runners.ParentRunner.runChildren(ParentRunner.java:236) ~[junit-4.11.jar:na]
	at org.junit.runners.ParentRunner.access$000(ParentRunner.java:53) ~[junit-4.11.jar:na]
	at org.junit.runners.ParentRunner$2.evaluate(ParentRunner.java:229) ~[junit-4.11.jar:na]
	at org.junit.runners.ParentRunner.run(ParentRunner.java:309) ~[junit-4.11.jar:na]
	at org.apache.maven.surefire.junit4.JUnit4Provider.execute(JUnit4Provider.java:365) ~[surefire-junit4-2.22.1.jar:2.22.1]
	at org.apache.maven.surefire.junit4.JUnit4Provider.executeWithRerun(JUnit4Provider.java:273) ~[surefire-junit4-2.22.1.jar:2.22.1]
	at org.apache.maven.surefire.junit4.JUnit4Provider.executeTestSet(JUnit4Provider.java:238) ~[surefire-junit4-2.22.1.jar:2.22.1]
	at org.apache.maven.surefire.junit4.JUnit4Provider.invoke(JUnit4Provider.java:159) ~[surefire-junit4-2.22.1.jar:2.22.1]
	at org.apache.maven.surefire.booter.ForkedBooter.invokeProviderInSameClassLoader(ForkedBooter.java:384) ~[surefire-booter-2.22.1.jar:2.22.1]
	at org.apache.maven.surefire.booter.ForkedBooter.runSuitesInProcess(ForkedBooter.java:345) ~[surefire-booter-2.22.1.jar:2.22.1]
	at org.apache.maven.surefire.booter.ForkedBooter.execute(ForkedBooter.java:126) ~[surefire-booter-2.22.1.jar:2.22.1]
	at org.apache.maven.surefire.booter.ForkedBooter.main(ForkedBooter.java:418) ~[surefire-booter-2.22.1.jar:2.22.1]
01:28:08.950 [main] WARN  o.h.tuple.entity.PojoEntityTuplizer - could not create proxy factory for:jw.lab4.checkers.Database.Game
org.hibernate.HibernateException: Javassist Enhancement failed: jw.lab4.checkers.Database.Game
	at org.hibernate.proxy.pojo.javassist.JavassistLazyInitializer.getProxyFactory(JavassistLazyInitializer.java:169) ~[hibernate-core-3.6.9.Final.jar:3.6.9.Final]
	at org.hibernate.proxy.pojo.javassist.JavassistProxyFactory.postInstantiate(JavassistProxyFactory.java:65) ~[hibernate-core-3.6.9.Final.jar:3.6.9.Final]
	at org.hibernate.tuple.entity.PojoEntityTuplizer.buildProxyFactory(PojoEntityTuplizer.java:185) ~[hibernate-core-3.6.9.Final.jar:3.6.9.Final]
	at org.hibernate.tuple.entity.AbstractEntityTuplizer.<init>(AbstractEntityTuplizer.java:167) ~[hibernate-core-3.6.9.Final.jar:3.6.9.Final]
	at org.hibernate.tuple.entity.PojoEntityTuplizer.<init>(PojoEntityTuplizer.java:77) ~[hibernate-core-3.6.9.Final.jar:3.6.9.Final]
	at java.base/jdk.internal.reflect.NativeConstructorAccessorImpl.newInstance0(Native Method) ~[na:na]
	at java.base/jdk.internal.reflect.NativeConstructorAccessorImpl.newInstance(NativeConstructorAccessorImpl.java:77) ~[na:na]
	at java.base/jdk.internal.reflect.DelegatingConstructorAccessorImpl.newInstance(DelegatingConstructorAccessorImpl.java:45) ~[na:na]
	at java.base/java.lang.reflect.Constructor.newInstanceWithCaller(Constructor.java:499) ~[na:na]
	at java.base/java.lang.reflect.Constructor.newInstance(Constructor.java:480) ~[na:na]
	at org.hibernate.tuple.entity.EntityTuplizerFactory.constructTuplizer(EntityTuplizerFactory.java:105) ~[hibernate-core-3.6.9.Final.jar:3.6.9.Final]
	at org.hibernate.tuple.entity.EntityTuplizerFactory.constructDefaultTuplizer(EntityTuplizerFactory.java:133) ~[hibernate-core-3.6.9.Final.jar:3.6.9.Final]
	at org.hibernate.tuple.entity.EntityEntityModeToTuplizerMapping.<init>(EntityEntityModeToTuplizerMapping.java:80) ~[hibernate-core-3.6.9.Final.jar:3.6.9.Final]
	at org.hibernate.tuple.entity.EntityMetamodel.<init>(EntityMetamodel.java:322) ~[hibernate-core-3.6.9.Final.jar:3.6.9.Final]
	at org.hibernate.persister.entity.AbstractEntityPersister.<init>(AbstractEntityPersister.java:485) ~[hibernate-core-3.6.9.Final.jar:3.6.9.Final]
	at org.hibernate.persister.entity.SingleTableEntityPersister.<init>(SingleTableEntityPersister.java:133) ~[hibernate-core-3.6.9.Final.jar:3.6.9.Final]
	at org.hibernate.persister.PersisterFactory.createClassPersister(PersisterFactory.java:84) ~[hibernate-core-3.6.9.Final.jar:3.6.9.Final]
	at org.hibernate.impl.SessionFactoryImpl.<init>(SessionFactoryImpl.java:286) ~[hibernate-core-3.6.9.Final.jar:3.6.9.Final]
	at org.hibernate.cfg.Configuration.buildSessionFactory(Configuration.java:1872) ~[hibernate-core-3.6.9.Final.jar:3.6.9.Final]
	at org.springframework.orm.hibernate3.LocalSessionFactoryBean.newSessionFactory(LocalSessionFactoryBean.java:793) ~[spring-orm-4.0.3.RELEASE.jar:4.0.3.RELEASE]
	at org.springframework.orm.hibernate3.LocalSessionFactoryBean.buildSessionFactory(LocalSessionFactoryBean.java:715) ~[spring-orm-4.0.3.RELEASE.jar:4.0.3.RELEASE]
	at org.springframework.orm.hibernate3.AbstractSessionFactoryBean.afterPropertiesSet(AbstractSessionFactoryBean.java:189) ~[spring-orm-4.0.3.RELEASE.jar:4.0.3.RELEASE]
	at org.springframework.beans.factory.support.AbstractAutowireCapableBeanFactory.invokeInitMethods(AbstractAutowireCapableBeanFactory.java:1612) ~[spring-beans-4.0.3.RELEASE.jar:4.0.3.RELEASE]
	at org.springframework.beans.factory.support.AbstractAutowireCapableBeanFactory.initializeBean(AbstractAutowireCapableBeanFactory.java:1549) ~[spring-beans-4.0.3.RELEASE.jar:4.0.3.RELEASE]
	at org.springframework.beans.factory.support.AbstractAutowireCapableBeanFactory.doCreateBean(AbstractAutowireCapableBeanFactory.java:539) ~[spring-beans-4.0.3.RELEASE.jar:4.0.3.RELEASE]
	at org.springframework.beans.factory.support.AbstractAutowireCapableBeanFactory.createBean(AbstractAutowireCapableBeanFactory.java:475) ~[spring-beans-4.0.3.RELEASE.jar:4.0.3.RELEASE]
	at org.springframework.beans.factory.support.AbstractBeanFactory$1.getObject(AbstractBeanFactory.java:304) ~[spring-beans-4.0.3.RELEASE.jar:4.0.3.RELEASE]
	at org.springframework.beans.factory.support.DefaultSingletonBeanRegistry.getSingleton(DefaultSingletonBeanRegistry.java:228) ~[spring-beans-4.0.3.RELEASE.jar:4.0.3.RELEASE]
	at org.springframework.beans.factory.support.AbstractBeanFactory.doGetBean(AbstractBeanFactory.java:300) ~[spring-beans-4.0.3.RELEASE.jar:4.0.3.RELEASE]
	at org.springframework.beans.factory.support.AbstractBeanFactory.getBean(AbstractBeanFactory.java:195) ~[spring-beans-4.0.3.RELEASE.jar:4.0.3.RELEASE]
	at org.springframework.beans.factory.support.DefaultListableBeanFactory.preInstantiateSingletons(DefaultListableBeanFactory.java:684) ~[spring-beans-4.0.3.RELEASE.jar:4.0.3.RELEASE]
	at org.springframework.context.support.AbstractApplicationContext.finishBeanFactoryInitialization(AbstractApplicationContext.java:760) ~[spring-context-4.0.3.RELEASE.jar:4.0.3.RELEASE]
	at org.springframework.context.support.AbstractApplicationContext.refresh(AbstractApplicationContext.java:482) ~[spring-context-4.0.3.RELEASE.jar:4.0.3.RELEASE]
	at org.springframework.context.support.ClassPathXmlApplicationContext.<init>(ClassPathXmlApplicationContext.java:139) ~[spring-context-4.0.3.RELEASE.jar:4.0.3.RELEASE]
	at org.springframework.context.support.ClassPathXmlApplicationContext.<init>(ClassPathXmlApplicationContext.java:83) ~[spring-context-4.0.3.RELEASE.jar:4.0.3.RELEASE]
	at jw.lab4.checkers.UserSave.<init>(UserSave.java:13) ~[classes/:na]
	at jw.lab4.checkers.Game.start(Game.java:72) ~[classes/:na]
	at jw.lab4.checkers.Game.<init>(Game.java:36) ~[classes/:na]
	at jw.lab4.checkers.AppTest.winGame(AppTest.java:85) ~[test-classes/:na]
	at java.base/jdk.internal.reflect.NativeMethodAccessorImpl.invoke0(Native Method) ~[na:na]
	at java.base/jdk.internal.reflect.NativeMethodAccessorImpl.invoke(NativeMethodAccessorImpl.java:77) ~[na:na]
	at java.base/jdk.internal.reflect.DelegatingMethodAccessorImpl.invoke(DelegatingMethodAccessorImpl.java:43) ~[na:na]
	at java.base/java.lang.reflect.Method.invoke(Method.java:568) ~[na:na]
	at org.junit.runners.model.FrameworkMethod$1.runReflectiveCall(FrameworkMethod.java:47) ~[junit-4.11.jar:na]
	at org.junit.internal.runners.model.ReflectiveCallable.run(ReflectiveCallable.java:12) ~[junit-4.11.jar:na]
	at org.junit.runners.model.FrameworkMethod.invokeExplosively(FrameworkMethod.java:44) ~[junit-4.11.jar:na]
	at org.junit.internal.runners.statements.InvokeMethod.evaluate(InvokeMethod.java:17) ~[junit-4.11.jar:na]
	at org.junit.runners.ParentRunner.runLeaf(ParentRunner.java:271) ~[junit-4.11.jar:na]
	at org.junit.runners.BlockJUnit4ClassRunner.runChild(BlockJUnit4ClassRunner.java:70) ~[junit-4.11.jar:na]
	at org.junit.runners.BlockJUnit4ClassRunner.runChild(BlockJUnit4ClassRunner.java:50) ~[junit-4.11.jar:na]
	at org.junit.runners.ParentRunner$3.run(ParentRunner.java:238) ~[junit-4.11.jar:na]
	at org.junit.runners.ParentRunner$1.schedule(ParentRunner.java:63) ~[junit-4.11.jar:na]
	at org.junit.runners.ParentRunner.runChildren(ParentRunner.java:236) ~[junit-4.11.jar:na]
	at org.junit.runners.ParentRunner.access$000(ParentRunner.java:53) ~[junit-4.11.jar:na]
	at org.junit.runners.ParentRunner$2.evaluate(ParentRunner.java:229) ~[junit-4.11.jar:na]
	at org.junit.runners.ParentRunner.run(ParentRunner.java:309) ~[junit-4.11.jar:na]
	at org.apache.maven.surefire.junit4.JUnit4Provider.execute(JUnit4Provider.java:365) ~[surefire-junit4-2.22.1.jar:2.22.1]
	at org.apache.maven.surefire.junit4.JUnit4Provider.executeWithRerun(JUnit4Provider.java:273) ~[surefire-junit4-2.22.1.jar:2.22.1]
	at org.apache.maven.surefire.junit4.JUnit4Provider.executeTestSet(JUnit4Provider.java:238) ~[surefire-junit4-2.22.1.jar:2.22.1]
	at org.apache.maven.surefire.junit4.JUnit4Provider.invoke(JUnit4Provider.java:159) ~[surefire-junit4-2.22.1.jar:2.22.1]
	at org.apache.maven.surefire.booter.ForkedBooter.invokeProviderInSameClassLoader(ForkedBooter.java:384) ~[surefire-booter-2.22.1.jar:2.22.1]
	at org.apache.maven.surefire.booter.ForkedBooter.runSuitesInProcess(ForkedBooter.java:345) ~[surefire-booter-2.22.1.jar:2.22.1]
	at org.apache.maven.surefire.booter.ForkedBooter.execute(ForkedBooter.java:126) ~[surefire-booter-2.22.1.jar:2.22.1]
	at org.apache.maven.surefire.booter.ForkedBooter.main(ForkedBooter.java:418) ~[surefire-booter-2.22.1.jar:2.22.1]
Caused by: java.lang.reflect.InaccessibleObjectException: Unable to make protected final java.lang.Class java.lang.ClassLoader.defineClass(java.lang.String,byte[],int,int,java.security.ProtectionDomain) throws java.lang.ClassFormatError accessible: module java.base does not "opens java.lang" to unnamed module @69a3d1d
	at java.base/java.lang.reflect.AccessibleObject.checkCanSetAccessible(AccessibleObject.java:354) ~[na:na]
	at java.base/java.lang.reflect.AccessibleObject.checkCanSetAccessible(AccessibleObject.java:297) ~[na:na]
	at java.base/java.lang.reflect.Method.checkCanSetAccessible(Method.java:199) ~[na:na]
	at java.base/java.lang.reflect.Method.setAccessible(Method.java:193) ~[na:na]
	at javassist.util.proxy.SecurityActions.setAccessible(SecurityActions.java:102) ~[javassist-3.12.0.GA.jar:na]
	at javassist.util.proxy.FactoryHelper.toClass2(FactoryHelper.java:180) ~[javassist-3.12.0.GA.jar:na]
	at javassist.util.proxy.FactoryHelper.toClass(FactoryHelper.java:163) ~[javassist-3.12.0.GA.jar:na]
	at javassist.util.proxy.ProxyFactory.createClass3(ProxyFactory.java:501) ~[javassist-3.12.0.GA.jar:na]
	at javassist.util.proxy.ProxyFactory.createClass2(ProxyFactory.java:486) ~[javassist-3.12.0.GA.jar:na]
	at javassist.util.proxy.ProxyFactory.createClass1(ProxyFactory.java:422) ~[javassist-3.12.0.GA.jar:na]
	at javassist.util.proxy.ProxyFactory.createClass(ProxyFactory.java:394) ~[javassist-3.12.0.GA.jar:na]
	at org.hibernate.proxy.pojo.javassist.JavassistLazyInitializer.getProxyFactory(JavassistLazyInitializer.java:162) ~[hibernate-core-3.6.9.Final.jar:3.6.9.Final]
	... 63 common frames omitted
01:28:08.951 [main] DEBUG o.h.p.entity.AbstractEntityPersister - Static SQL for entity: jw.lab4.checkers.Database.Game
01:28:08.952 [main] DEBUG o.h.p.entity.AbstractEntityPersister -  Version select: select id from Games where id =?
01:28:08.952 [main] DEBUG o.h.p.entity.AbstractEntityPersister -  Snapshot select: select game_.id, game_.players_number as players2_18_ from Games game_ where game_.id=?
01:28:08.952 [main] DEBUG o.h.p.entity.AbstractEntityPersister -  Insert 0: insert into Games (players_number, id) values (?, ?)
01:28:08.952 [main] DEBUG o.h.p.entity.AbstractEntityPersister -  Update 0: update Games set players_number=? where id=?
01:28:08.952 [main] DEBUG o.h.p.entity.AbstractEntityPersister -  Delete 0: delete from Games where id=?
01:28:08.952 [main] DEBUG o.h.p.entity.AbstractEntityPersister -  Identity insert: insert into Games (players_number) values (?)
01:28:08.952 [main] INFO  org.hibernate.tuple.PojoInstantiator - no default (no-argument) constructor for class: jw.lab4.checkers.Database.Player (class must be instantiated by Interceptor)
01:28:08.954 [main] ERROR o.h.proxy.pojo.BasicLazyInitializer - Javassist Enhancement failed: jw.lab4.checkers.Database.Player
java.lang.reflect.InaccessibleObjectException: Unable to make protected final java.lang.Class java.lang.ClassLoader.defineClass(java.lang.String,byte[],int,int,java.security.ProtectionDomain) throws java.lang.ClassFormatError accessible: module java.base does not "opens java.lang" to unnamed module @69a3d1d
	at java.base/java.lang.reflect.AccessibleObject.checkCanSetAccessible(AccessibleObject.java:354) ~[na:na]
	at java.base/java.lang.reflect.AccessibleObject.checkCanSetAccessible(AccessibleObject.java:297) ~[na:na]
	at java.base/java.lang.reflect.Method.checkCanSetAccessible(Method.java:199) ~[na:na]
	at java.base/java.lang.reflect.Method.setAccessible(Method.java:193) ~[na:na]
	at javassist.util.proxy.SecurityActions.setAccessible(SecurityActions.java:102) ~[javassist-3.12.0.GA.jar:na]
	at javassist.util.proxy.FactoryHelper.toClass2(FactoryHelper.java:180) ~[javassist-3.12.0.GA.jar:na]
	at javassist.util.proxy.FactoryHelper.toClass(FactoryHelper.java:163) ~[javassist-3.12.0.GA.jar:na]
	at javassist.util.proxy.ProxyFactory.createClass3(ProxyFactory.java:501) ~[javassist-3.12.0.GA.jar:na]
	at javassist.util.proxy.ProxyFactory.createClass2(ProxyFactory.java:486) ~[javassist-3.12.0.GA.jar:na]
	at javassist.util.proxy.ProxyFactory.createClass1(ProxyFactory.java:422) ~[javassist-3.12.0.GA.jar:na]
	at javassist.util.proxy.ProxyFactory.createClass(ProxyFactory.java:394) ~[javassist-3.12.0.GA.jar:na]
	at org.hibernate.proxy.pojo.javassist.JavassistLazyInitializer.getProxyFactory(JavassistLazyInitializer.java:162) ~[hibernate-core-3.6.9.Final.jar:3.6.9.Final]
	at org.hibernate.proxy.pojo.javassist.JavassistProxyFactory.postInstantiate(JavassistProxyFactory.java:65) ~[hibernate-core-3.6.9.Final.jar:3.6.9.Final]
	at org.hibernate.tuple.entity.PojoEntityTuplizer.buildProxyFactory(PojoEntityTuplizer.java:185) ~[hibernate-core-3.6.9.Final.jar:3.6.9.Final]
	at org.hibernate.tuple.entity.AbstractEntityTuplizer.<init>(AbstractEntityTuplizer.java:167) ~[hibernate-core-3.6.9.Final.jar:3.6.9.Final]
	at org.hibernate.tuple.entity.PojoEntityTuplizer.<init>(PojoEntityTuplizer.java:77) ~[hibernate-core-3.6.9.Final.jar:3.6.9.Final]
	at java.base/jdk.internal.reflect.NativeConstructorAccessorImpl.newInstance0(Native Method) ~[na:na]
	at java.base/jdk.internal.reflect.NativeConstructorAccessorImpl.newInstance(NativeConstructorAccessorImpl.java:77) ~[na:na]
	at java.base/jdk.internal.reflect.DelegatingConstructorAccessorImpl.newInstance(DelegatingConstructorAccessorImpl.java:45) ~[na:na]
	at java.base/java.lang.reflect.Constructor.newInstanceWithCaller(Constructor.java:499) ~[na:na]
	at java.base/java.lang.reflect.Constructor.newInstance(Constructor.java:480) ~[na:na]
	at org.hibernate.tuple.entity.EntityTuplizerFactory.constructTuplizer(EntityTuplizerFactory.java:105) ~[hibernate-core-3.6.9.Final.jar:3.6.9.Final]
	at org.hibernate.tuple.entity.EntityTuplizerFactory.constructDefaultTuplizer(EntityTuplizerFactory.java:133) ~[hibernate-core-3.6.9.Final.jar:3.6.9.Final]
	at org.hibernate.tuple.entity.EntityEntityModeToTuplizerMapping.<init>(EntityEntityModeToTuplizerMapping.java:80) ~[hibernate-core-3.6.9.Final.jar:3.6.9.Final]
	at org.hibernate.tuple.entity.EntityMetamodel.<init>(EntityMetamodel.java:322) ~[hibernate-core-3.6.9.Final.jar:3.6.9.Final]
	at org.hibernate.persister.entity.AbstractEntityPersister.<init>(AbstractEntityPersister.java:485) ~[hibernate-core-3.6.9.Final.jar:3.6.9.Final]
	at org.hibernate.persister.entity.SingleTableEntityPersister.<init>(SingleTableEntityPersister.java:133) ~[hibernate-core-3.6.9.Final.jar:3.6.9.Final]
	at org.hibernate.persister.PersisterFactory.createClassPersister(PersisterFactory.java:84) ~[hibernate-core-3.6.9.Final.jar:3.6.9.Final]
	at org.hibernate.impl.SessionFactoryImpl.<init>(SessionFactoryImpl.java:286) ~[hibernate-core-3.6.9.Final.jar:3.6.9.Final]
	at org.hibernate.cfg.Configuration.buildSessionFactory(Configuration.java:1872) ~[hibernate-core-3.6.9.Final.jar:3.6.9.Final]
	at org.springframework.orm.hibernate3.LocalSessionFactoryBean.newSessionFactory(LocalSessionFactoryBean.java:793) ~[spring-orm-4.0.3.RELEASE.jar:4.0.3.RELEASE]
	at org.springframework.orm.hibernate3.LocalSessionFactoryBean.buildSessionFactory(LocalSessionFactoryBean.java:715) ~[spring-orm-4.0.3.RELEASE.jar:4.0.3.RELEASE]
	at org.springframework.orm.hibernate3.AbstractSessionFactoryBean.afterPropertiesSet(AbstractSessionFactoryBean.java:189) ~[spring-orm-4.0.3.RELEASE.jar:4.0.3.RELEASE]
	at org.springframework.beans.factory.support.AbstractAutowireCapableBeanFactory.invokeInitMethods(AbstractAutowireCapableBeanFactory.java:1612) ~[spring-beans-4.0.3.RELEASE.jar:4.0.3.RELEASE]
	at org.springframework.beans.factory.support.AbstractAutowireCapableBeanFactory.initializeBean(AbstractAutowireCapableBeanFactory.java:1549) ~[spring-beans-4.0.3.RELEASE.jar:4.0.3.RELEASE]
	at org.springframework.beans.factory.support.AbstractAutowireCapableBeanFactory.doCreateBean(AbstractAutowireCapableBeanFactory.java:539) ~[spring-beans-4.0.3.RELEASE.jar:4.0.3.RELEASE]
	at org.springframework.beans.factory.support.AbstractAutowireCapableBeanFactory.createBean(AbstractAutowireCapableBeanFactory.java:475) ~[spring-beans-4.0.3.RELEASE.jar:4.0.3.RELEASE]
	at org.springframework.beans.factory.support.AbstractBeanFactory$1.getObject(AbstractBeanFactory.java:304) ~[spring-beans-4.0.3.RELEASE.jar:4.0.3.RELEASE]
	at org.springframework.beans.factory.support.DefaultSingletonBeanRegistry.getSingleton(DefaultSingletonBeanRegistry.java:228) ~[spring-beans-4.0.3.RELEASE.jar:4.0.3.RELEASE]
	at org.springframework.beans.factory.support.AbstractBeanFactory.doGetBean(AbstractBeanFactory.java:300) ~[spring-beans-4.0.3.RELEASE.jar:4.0.3.RELEASE]
	at org.springframework.beans.factory.support.AbstractBeanFactory.getBean(AbstractBeanFactory.java:195) ~[spring-beans-4.0.3.RELEASE.jar:4.0.3.RELEASE]
	at org.springframework.beans.factory.support.DefaultListableBeanFactory.preInstantiateSingletons(DefaultListableBeanFactory.java:684) ~[spring-beans-4.0.3.RELEASE.jar:4.0.3.RELEASE]
	at org.springframework.context.support.AbstractApplicationContext.finishBeanFactoryInitialization(AbstractApplicationContext.java:760) ~[spring-context-4.0.3.RELEASE.jar:4.0.3.RELEASE]
	at org.springframework.context.support.AbstractApplicationContext.refresh(AbstractApplicationContext.java:482) ~[spring-context-4.0.3.RELEASE.jar:4.0.3.RELEASE]
	at org.springframework.context.support.ClassPathXmlApplicationContext.<init>(ClassPathXmlApplicationContext.java:139) ~[spring-context-4.0.3.RELEASE.jar:4.0.3.RELEASE]
	at org.springframework.context.support.ClassPathXmlApplicationContext.<init>(ClassPathXmlApplicationContext.java:83) ~[spring-context-4.0.3.RELEASE.jar:4.0.3.RELEASE]
	at jw.lab4.checkers.UserSave.<init>(UserSave.java:13) ~[classes/:na]
	at jw.lab4.checkers.Game.start(Game.java:72) ~[classes/:na]
	at jw.lab4.checkers.Game.<init>(Game.java:36) ~[classes/:na]
	at jw.lab4.checkers.AppTest.winGame(AppTest.java:85) ~[test-classes/:na]
	at java.base/jdk.internal.reflect.NativeMethodAccessorImpl.invoke0(Native Method) ~[na:na]
	at java.base/jdk.internal.reflect.NativeMethodAccessorImpl.invoke(NativeMethodAccessorImpl.java:77) ~[na:na]
	at java.base/jdk.internal.reflect.DelegatingMethodAccessorImpl.invoke(DelegatingMethodAccessorImpl.java:43) ~[na:na]
	at java.base/java.lang.reflect.Method.invoke(Method.java:568) ~[na:na]
	at org.junit.runners.model.FrameworkMethod$1.runReflectiveCall(FrameworkMethod.java:47) ~[junit-4.11.jar:na]
	at org.junit.internal.runners.model.ReflectiveCallable.run(ReflectiveCallable.java:12) ~[junit-4.11.jar:na]
	at org.junit.runners.model.FrameworkMethod.invokeExplosively(FrameworkMethod.java:44) ~[junit-4.11.jar:na]
	at org.junit.internal.runners.statements.InvokeMethod.evaluate(InvokeMethod.java:17) ~[junit-4.11.jar:na]
	at org.junit.runners.ParentRunner.runLeaf(ParentRunner.java:271) ~[junit-4.11.jar:na]
	at org.junit.runners.BlockJUnit4ClassRunner.runChild(BlockJUnit4ClassRunner.java:70) ~[junit-4.11.jar:na]
	at org.junit.runners.BlockJUnit4ClassRunner.runChild(BlockJUnit4ClassRunner.java:50) ~[junit-4.11.jar:na]
	at org.junit.runners.ParentRunner$3.run(ParentRunner.java:238) ~[junit-4.11.jar:na]
	at org.junit.runners.ParentRunner$1.schedule(ParentRunner.java:63) ~[junit-4.11.jar:na]
	at org.junit.runners.ParentRunner.runChildren(ParentRunner.java:236) ~[junit-4.11.jar:na]
	at org.junit.runners.ParentRunner.access$000(ParentRunner.java:53) ~[junit-4.11.jar:na]
	at org.junit.runners.ParentRunner$2.evaluate(ParentRunner.java:229) ~[junit-4.11.jar:na]
	at org.junit.runners.ParentRunner.run(ParentRunner.java:309) ~[junit-4.11.jar:na]
	at org.apache.maven.surefire.junit4.JUnit4Provider.execute(JUnit4Provider.java:365) ~[surefire-junit4-2.22.1.jar:2.22.1]
	at org.apache.maven.surefire.junit4.JUnit4Provider.executeWithRerun(JUnit4Provider.java:273) ~[surefire-junit4-2.22.1.jar:2.22.1]
	at org.apache.maven.surefire.junit4.JUnit4Provider.executeTestSet(JUnit4Provider.java:238) ~[surefire-junit4-2.22.1.jar:2.22.1]
	at org.apache.maven.surefire.junit4.JUnit4Provider.invoke(JUnit4Provider.java:159) ~[surefire-junit4-2.22.1.jar:2.22.1]
	at org.apache.maven.surefire.booter.ForkedBooter.invokeProviderInSameClassLoader(ForkedBooter.java:384) ~[surefire-booter-2.22.1.jar:2.22.1]
	at org.apache.maven.surefire.booter.ForkedBooter.runSuitesInProcess(ForkedBooter.java:345) ~[surefire-booter-2.22.1.jar:2.22.1]
	at org.apache.maven.surefire.booter.ForkedBooter.execute(ForkedBooter.java:126) ~[surefire-booter-2.22.1.jar:2.22.1]
	at org.apache.maven.surefire.booter.ForkedBooter.main(ForkedBooter.java:418) ~[surefire-booter-2.22.1.jar:2.22.1]
01:28:08.955 [main] WARN  o.h.tuple.entity.PojoEntityTuplizer - could not create proxy factory for:jw.lab4.checkers.Database.Player
org.hibernate.HibernateException: Javassist Enhancement failed: jw.lab4.checkers.Database.Player
	at org.hibernate.proxy.pojo.javassist.JavassistLazyInitializer.getProxyFactory(JavassistLazyInitializer.java:169) ~[hibernate-core-3.6.9.Final.jar:3.6.9.Final]
	at org.hibernate.proxy.pojo.javassist.JavassistProxyFactory.postInstantiate(JavassistProxyFactory.java:65) ~[hibernate-core-3.6.9.Final.jar:3.6.9.Final]
	at org.hibernate.tuple.entity.PojoEntityTuplizer.buildProxyFactory(PojoEntityTuplizer.java:185) ~[hibernate-core-3.6.9.Final.jar:3.6.9.Final]
	at org.hibernate.tuple.entity.AbstractEntityTuplizer.<init>(AbstractEntityTuplizer.java:167) ~[hibernate-core-3.6.9.Final.jar:3.6.9.Final]
	at org.hibernate.tuple.entity.PojoEntityTuplizer.<init>(PojoEntityTuplizer.java:77) ~[hibernate-core-3.6.9.Final.jar:3.6.9.Final]
	at java.base/jdk.internal.reflect.NativeConstructorAccessorImpl.newInstance0(Native Method) ~[na:na]
	at java.base/jdk.internal.reflect.NativeConstructorAccessorImpl.newInstance(NativeConstructorAccessorImpl.java:77) ~[na:na]
	at java.base/jdk.internal.reflect.DelegatingConstructorAccessorImpl.newInstance(DelegatingConstructorAccessorImpl.java:45) ~[na:na]
	at java.base/java.lang.reflect.Constructor.newInstanceWithCaller(Constructor.java:499) ~[na:na]
	at java.base/java.lang.reflect.Constructor.newInstance(Constructor.java:480) ~[na:na]
	at org.hibernate.tuple.entity.EntityTuplizerFactory.constructTuplizer(EntityTuplizerFactory.java:105) ~[hibernate-core-3.6.9.Final.jar:3.6.9.Final]
	at org.hibernate.tuple.entity.EntityTuplizerFactory.constructDefaultTuplizer(EntityTuplizerFactory.java:133) ~[hibernate-core-3.6.9.Final.jar:3.6.9.Final]
	at org.hibernate.tuple.entity.EntityEntityModeToTuplizerMapping.<init>(EntityEntityModeToTuplizerMapping.java:80) ~[hibernate-core-3.6.9.Final.jar:3.6.9.Final]
	at org.hibernate.tuple.entity.EntityMetamodel.<init>(EntityMetamodel.java:322) ~[hibernate-core-3.6.9.Final.jar:3.6.9.Final]
	at org.hibernate.persister.entity.AbstractEntityPersister.<init>(AbstractEntityPersister.java:485) ~[hibernate-core-3.6.9.Final.jar:3.6.9.Final]
	at org.hibernate.persister.entity.SingleTableEntityPersister.<init>(SingleTableEntityPersister.java:133) ~[hibernate-core-3.6.9.Final.jar:3.6.9.Final]
	at org.hibernate.persister.PersisterFactory.createClassPersister(PersisterFactory.java:84) ~[hibernate-core-3.6.9.Final.jar:3.6.9.Final]
	at org.hibernate.impl.SessionFactoryImpl.<init>(SessionFactoryImpl.java:286) ~[hibernate-core-3.6.9.Final.jar:3.6.9.Final]
	at org.hibernate.cfg.Configuration.buildSessionFactory(Configuration.java:1872) ~[hibernate-core-3.6.9.Final.jar:3.6.9.Final]
	at org.springframework.orm.hibernate3.LocalSessionFactoryBean.newSessionFactory(LocalSessionFactoryBean.java:793) ~[spring-orm-4.0.3.RELEASE.jar:4.0.3.RELEASE]
	at org.springframework.orm.hibernate3.LocalSessionFactoryBean.buildSessionFactory(LocalSessionFactoryBean.java:715) ~[spring-orm-4.0.3.RELEASE.jar:4.0.3.RELEASE]
	at org.springframework.orm.hibernate3.AbstractSessionFactoryBean.afterPropertiesSet(AbstractSessionFactoryBean.java:189) ~[spring-orm-4.0.3.RELEASE.jar:4.0.3.RELEASE]
	at org.springframework.beans.factory.support.AbstractAutowireCapableBeanFactory.invokeInitMethods(AbstractAutowireCapableBeanFactory.java:1612) ~[spring-beans-4.0.3.RELEASE.jar:4.0.3.RELEASE]
	at org.springframework.beans.factory.support.AbstractAutowireCapableBeanFactory.initializeBean(AbstractAutowireCapableBeanFactory.java:1549) ~[spring-beans-4.0.3.RELEASE.jar:4.0.3.RELEASE]
	at org.springframework.beans.factory.support.AbstractAutowireCapableBeanFactory.doCreateBean(AbstractAutowireCapableBeanFactory.java:539) ~[spring-beans-4.0.3.RELEASE.jar:4.0.3.RELEASE]
	at org.springframework.beans.factory.support.AbstractAutowireCapableBeanFactory.createBean(AbstractAutowireCapableBeanFactory.java:475) ~[spring-beans-4.0.3.RELEASE.jar:4.0.3.RELEASE]
	at org.springframework.beans.factory.support.AbstractBeanFactory$1.getObject(AbstractBeanFactory.java:304) ~[spring-beans-4.0.3.RELEASE.jar:4.0.3.RELEASE]
	at org.springframework.beans.factory.support.DefaultSingletonBeanRegistry.getSingleton(DefaultSingletonBeanRegistry.java:228) ~[spring-beans-4.0.3.RELEASE.jar:4.0.3.RELEASE]
	at org.springframework.beans.factory.support.AbstractBeanFactory.doGetBean(AbstractBeanFactory.java:300) ~[spring-beans-4.0.3.RELEASE.jar:4.0.3.RELEASE]
	at org.springframework.beans.factory.support.AbstractBeanFactory.getBean(AbstractBeanFactory.java:195) ~[spring-beans-4.0.3.RELEASE.jar:4.0.3.RELEASE]
	at org.springframework.beans.factory.support.DefaultListableBeanFactory.preInstantiateSingletons(DefaultListableBeanFactory.java:684) ~[spring-beans-4.0.3.RELEASE.jar:4.0.3.RELEASE]
	at org.springframework.context.support.AbstractApplicationContext.finishBeanFactoryInitialization(AbstractApplicationContext.java:760) ~[spring-context-4.0.3.RELEASE.jar:4.0.3.RELEASE]
	at org.springframework.context.support.AbstractApplicationContext.refresh(AbstractApplicationContext.java:482) ~[spring-context-4.0.3.RELEASE.jar:4.0.3.RELEASE]
	at org.springframework.context.support.ClassPathXmlApplicationContext.<init>(ClassPathXmlApplicationContext.java:139) ~[spring-context-4.0.3.RELEASE.jar:4.0.3.RELEASE]
	at org.springframework.context.support.ClassPathXmlApplicationContext.<init>(ClassPathXmlApplicationContext.java:83) ~[spring-context-4.0.3.RELEASE.jar:4.0.3.RELEASE]
	at jw.lab4.checkers.UserSave.<init>(UserSave.java:13) ~[classes/:na]
	at jw.lab4.checkers.Game.start(Game.java:72) ~[classes/:na]
	at jw.lab4.checkers.Game.<init>(Game.java:36) ~[classes/:na]
	at jw.lab4.checkers.AppTest.winGame(AppTest.java:85) ~[test-classes/:na]
	at java.base/jdk.internal.reflect.NativeMethodAccessorImpl.invoke0(Native Method) ~[na:na]
	at java.base/jdk.internal.reflect.NativeMethodAccessorImpl.invoke(NativeMethodAccessorImpl.java:77) ~[na:na]
	at java.base/jdk.internal.reflect.DelegatingMethodAccessorImpl.invoke(DelegatingMethodAccessorImpl.java:43) ~[na:na]
	at java.base/java.lang.reflect.Method.invoke(Method.java:568) ~[na:na]
	at org.junit.runners.model.FrameworkMethod$1.runReflectiveCall(FrameworkMethod.java:47) ~[junit-4.11.jar:na]
	at org.junit.internal.runners.model.ReflectiveCallable.run(ReflectiveCallable.java:12) ~[junit-4.11.jar:na]
	at org.junit.runners.model.FrameworkMethod.invokeExplosively(FrameworkMethod.java:44) ~[junit-4.11.jar:na]
	at org.junit.internal.runners.statements.InvokeMethod.evaluate(InvokeMethod.java:17) ~[junit-4.11.jar:na]
	at org.junit.runners.ParentRunner.runLeaf(ParentRunner.java:271) ~[junit-4.11.jar:na]
	at org.junit.runners.BlockJUnit4ClassRunner.runChild(BlockJUnit4ClassRunner.java:70) ~[junit-4.11.jar:na]
	at org.junit.runners.BlockJUnit4ClassRunner.runChild(BlockJUnit4ClassRunner.java:50) ~[junit-4.11.jar:na]
	at org.junit.runners.ParentRunner$3.run(ParentRunner.java:238) ~[junit-4.11.jar:na]
	at org.junit.runners.ParentRunner$1.schedule(ParentRunner.java:63) ~[junit-4.11.jar:na]
	at org.junit.runners.ParentRunner.runChildren(ParentRunner.java:236) ~[junit-4.11.jar:na]
	at org.junit.runners.ParentRunner.access$000(ParentRunner.java:53) ~[junit-4.11.jar:na]
	at org.junit.runners.ParentRunner$2.evaluate(ParentRunner.java:229) ~[junit-4.11.jar:na]
	at org.junit.runners.ParentRunner.run(ParentRunner.java:309) ~[junit-4.11.jar:na]
	at org.apache.maven.surefire.junit4.JUnit4Provider.execute(JUnit4Provider.java:365) ~[surefire-junit4-2.22.1.jar:2.22.1]
	at org.apache.maven.surefire.junit4.JUnit4Provider.executeWithRerun(JUnit4Provider.java:273) ~[surefire-junit4-2.22.1.jar:2.22.1]
	at org.apache.maven.surefire.junit4.JUnit4Provider.executeTestSet(JUnit4Provider.java:238) ~[surefire-junit4-2.22.1.jar:2.22.1]
	at org.apache.maven.surefire.junit4.JUnit4Provider.invoke(JUnit4Provider.java:159) ~[surefire-junit4-2.22.1.jar:2.22.1]
	at org.apache.maven.surefire.booter.ForkedBooter.invokeProviderInSameClassLoader(ForkedBooter.java:384) ~[surefire-booter-2.22.1.jar:2.22.1]
	at org.apache.maven.surefire.booter.ForkedBooter.runSuitesInProcess(ForkedBooter.java:345) ~[surefire-booter-2.22.1.jar:2.22.1]
	at org.apache.maven.surefire.booter.ForkedBooter.execute(ForkedBooter.java:126) ~[surefire-booter-2.22.1.jar:2.22.1]
	at org.apache.maven.surefire.booter.ForkedBooter.main(ForkedBooter.java:418) ~[surefire-booter-2.22.1.jar:2.22.1]
Caused by: java.lang.reflect.InaccessibleObjectException: Unable to make protected final java.lang.Class java.lang.ClassLoader.defineClass(java.lang.String,byte[],int,int,java.security.ProtectionDomain) throws java.lang.ClassFormatError accessible: module java.base does not "opens java.lang" to unnamed module @69a3d1d
	at java.base/java.lang.reflect.AccessibleObject.checkCanSetAccessible(AccessibleObject.java:354) ~[na:na]
	at java.base/java.lang.reflect.AccessibleObject.checkCanSetAccessible(AccessibleObject.java:297) ~[na:na]
	at java.base/java.lang.reflect.Method.checkCanSetAccessible(Method.java:199) ~[na:na]
	at java.base/java.lang.reflect.Method.setAccessible(Method.java:193) ~[na:na]
	at javassist.util.proxy.SecurityActions.setAccessible(SecurityActions.java:102) ~[javassist-3.12.0.GA.jar:na]
	at javassist.util.proxy.FactoryHelper.toClass2(FactoryHelper.java:180) ~[javassist-3.12.0.GA.jar:na]
	at javassist.util.proxy.FactoryHelper.toClass(FactoryHelper.java:163) ~[javassist-3.12.0.GA.jar:na]
	at javassist.util.proxy.ProxyFactory.createClass3(ProxyFactory.java:501) ~[javassist-3.12.0.GA.jar:na]
	at javassist.util.proxy.ProxyFactory.createClass2(ProxyFactory.java:486) ~[javassist-3.12.0.GA.jar:na]
	at javassist.util.proxy.ProxyFactory.createClass1(ProxyFactory.java:422) ~[javassist-3.12.0.GA.jar:na]
	at javassist.util.proxy.ProxyFactory.createClass(ProxyFactory.java:394) ~[javassist-3.12.0.GA.jar:na]
	at org.hibernate.proxy.pojo.javassist.JavassistLazyInitializer.getProxyFactory(JavassistLazyInitializer.java:162) ~[hibernate-core-3.6.9.Final.jar:3.6.9.Final]
	... 63 common frames omitted
01:28:08.957 [main] DEBUG o.h.p.entity.AbstractEntityPersister - Static SQL for entity: jw.lab4.checkers.Database.Player
01:28:08.957 [main] DEBUG o.h.p.entity.AbstractEntityPersister -  Version select: select id from Players where id =?
01:28:08.957 [main] DEBUG o.h.p.entity.AbstractEntityPersister -  Snapshot select: select player_.id, player_.player_number as player2_19_, player_.nickname as nickname19_ from Players player_ where player_.id=?
01:28:08.957 [main] DEBUG o.h.p.entity.AbstractEntityPersister -  Insert 0: insert into Players (player_number, nickname, id) values (?, ?, ?)
01:28:08.957 [main] DEBUG o.h.p.entity.AbstractEntityPersister -  Update 0: update Players set player_number=?, nickname=? where id=?
01:28:08.957 [main] DEBUG o.h.p.entity.AbstractEntityPersister -  Delete 0: delete from Players where id=?
01:28:08.957 [main] DEBUG o.h.p.entity.AbstractEntityPersister -  Identity insert: insert into Players (player_number, nickname) values (?, ?)
01:28:08.957 [main] INFO  org.hibernate.tuple.PojoInstantiator - no default (no-argument) constructor for class: jw.lab4.checkers.Database.Move (class must be instantiated by Interceptor)
01:28:08.959 [main] ERROR o.h.proxy.pojo.BasicLazyInitializer - Javassist Enhancement failed: jw.lab4.checkers.Database.Move
java.lang.reflect.InaccessibleObjectException: Unable to make protected final java.lang.Class java.lang.ClassLoader.defineClass(java.lang.String,byte[],int,int,java.security.ProtectionDomain) throws java.lang.ClassFormatError accessible: module java.base does not "opens java.lang" to unnamed module @69a3d1d
	at java.base/java.lang.reflect.AccessibleObject.checkCanSetAccessible(AccessibleObject.java:354) ~[na:na]
	at java.base/java.lang.reflect.AccessibleObject.checkCanSetAccessible(AccessibleObject.java:297) ~[na:na]
	at java.base/java.lang.reflect.Method.checkCanSetAccessible(Method.java:199) ~[na:na]
	at java.base/java.lang.reflect.Method.setAccessible(Method.java:193) ~[na:na]
	at javassist.util.proxy.SecurityActions.setAccessible(SecurityActions.java:102) ~[javassist-3.12.0.GA.jar:na]
	at javassist.util.proxy.FactoryHelper.toClass2(FactoryHelper.java:180) ~[javassist-3.12.0.GA.jar:na]
	at javassist.util.proxy.FactoryHelper.toClass(FactoryHelper.java:163) ~[javassist-3.12.0.GA.jar:na]
	at javassist.util.proxy.ProxyFactory.createClass3(ProxyFactory.java:501) ~[javassist-3.12.0.GA.jar:na]
	at javassist.util.proxy.ProxyFactory.createClass2(ProxyFactory.java:486) ~[javassist-3.12.0.GA.jar:na]
	at javassist.util.proxy.ProxyFactory.createClass1(ProxyFactory.java:422) ~[javassist-3.12.0.GA.jar:na]
	at javassist.util.proxy.ProxyFactory.createClass(ProxyFactory.java:394) ~[javassist-3.12.0.GA.jar:na]
	at org.hibernate.proxy.pojo.javassist.JavassistLazyInitializer.getProxyFactory(JavassistLazyInitializer.java:162) ~[hibernate-core-3.6.9.Final.jar:3.6.9.Final]
	at org.hibernate.proxy.pojo.javassist.JavassistProxyFactory.postInstantiate(JavassistProxyFactory.java:65) ~[hibernate-core-3.6.9.Final.jar:3.6.9.Final]
	at org.hibernate.tuple.entity.PojoEntityTuplizer.buildProxyFactory(PojoEntityTuplizer.java:185) ~[hibernate-core-3.6.9.Final.jar:3.6.9.Final]
	at org.hibernate.tuple.entity.AbstractEntityTuplizer.<init>(AbstractEntityTuplizer.java:167) ~[hibernate-core-3.6.9.Final.jar:3.6.9.Final]
	at org.hibernate.tuple.entity.PojoEntityTuplizer.<init>(PojoEntityTuplizer.java:77) ~[hibernate-core-3.6.9.Final.jar:3.6.9.Final]
	at java.base/jdk.internal.reflect.NativeConstructorAccessorImpl.newInstance0(Native Method) ~[na:na]
	at java.base/jdk.internal.reflect.NativeConstructorAccessorImpl.newInstance(NativeConstructorAccessorImpl.java:77) ~[na:na]
	at java.base/jdk.internal.reflect.DelegatingConstructorAccessorImpl.newInstance(DelegatingConstructorAccessorImpl.java:45) ~[na:na]
	at java.base/java.lang.reflect.Constructor.newInstanceWithCaller(Constructor.java:499) ~[na:na]
	at java.base/java.lang.reflect.Constructor.newInstance(Constructor.java:480) ~[na:na]
	at org.hibernate.tuple.entity.EntityTuplizerFactory.constructTuplizer(EntityTuplizerFactory.java:105) ~[hibernate-core-3.6.9.Final.jar:3.6.9.Final]
	at org.hibernate.tuple.entity.EntityTuplizerFactory.constructDefaultTuplizer(EntityTuplizerFactory.java:133) ~[hibernate-core-3.6.9.Final.jar:3.6.9.Final]
	at org.hibernate.tuple.entity.EntityEntityModeToTuplizerMapping.<init>(EntityEntityModeToTuplizerMapping.java:80) ~[hibernate-core-3.6.9.Final.jar:3.6.9.Final]
	at org.hibernate.tuple.entity.EntityMetamodel.<init>(EntityMetamodel.java:322) ~[hibernate-core-3.6.9.Final.jar:3.6.9.Final]
	at org.hibernate.persister.entity.AbstractEntityPersister.<init>(AbstractEntityPersister.java:485) ~[hibernate-core-3.6.9.Final.jar:3.6.9.Final]
	at org.hibernate.persister.entity.SingleTableEntityPersister.<init>(SingleTableEntityPersister.java:133) ~[hibernate-core-3.6.9.Final.jar:3.6.9.Final]
	at org.hibernate.persister.PersisterFactory.createClassPersister(PersisterFactory.java:84) ~[hibernate-core-3.6.9.Final.jar:3.6.9.Final]
	at org.hibernate.impl.SessionFactoryImpl.<init>(SessionFactoryImpl.java:286) ~[hibernate-core-3.6.9.Final.jar:3.6.9.Final]
	at org.hibernate.cfg.Configuration.buildSessionFactory(Configuration.java:1872) ~[hibernate-core-3.6.9.Final.jar:3.6.9.Final]
	at org.springframework.orm.hibernate3.LocalSessionFactoryBean.newSessionFactory(LocalSessionFactoryBean.java:793) ~[spring-orm-4.0.3.RELEASE.jar:4.0.3.RELEASE]
	at org.springframework.orm.hibernate3.LocalSessionFactoryBean.buildSessionFactory(LocalSessionFactoryBean.java:715) ~[spring-orm-4.0.3.RELEASE.jar:4.0.3.RELEASE]
	at org.springframework.orm.hibernate3.AbstractSessionFactoryBean.afterPropertiesSet(AbstractSessionFactoryBean.java:189) ~[spring-orm-4.0.3.RELEASE.jar:4.0.3.RELEASE]
	at org.springframework.beans.factory.support.AbstractAutowireCapableBeanFactory.invokeInitMethods(AbstractAutowireCapableBeanFactory.java:1612) ~[spring-beans-4.0.3.RELEASE.jar:4.0.3.RELEASE]
	at org.springframework.beans.factory.support.AbstractAutowireCapableBeanFactory.initializeBean(AbstractAutowireCapableBeanFactory.java:1549) ~[spring-beans-4.0.3.RELEASE.jar:4.0.3.RELEASE]
	at org.springframework.beans.factory.support.AbstractAutowireCapableBeanFactory.doCreateBean(AbstractAutowireCapableBeanFactory.java:539) ~[spring-beans-4.0.3.RELEASE.jar:4.0.3.RELEASE]
	at org.springframework.beans.factory.support.AbstractAutowireCapableBeanFactory.createBean(AbstractAutowireCapableBeanFactory.java:475) ~[spring-beans-4.0.3.RELEASE.jar:4.0.3.RELEASE]
	at org.springframework.beans.factory.support.AbstractBeanFactory$1.getObject(AbstractBeanFactory.java:304) ~[spring-beans-4.0.3.RELEASE.jar:4.0.3.RELEASE]
	at org.springframework.beans.factory.support.DefaultSingletonBeanRegistry.getSingleton(DefaultSingletonBeanRegistry.java:228) ~[spring-beans-4.0.3.RELEASE.jar:4.0.3.RELEASE]
	at org.springframework.beans.factory.support.AbstractBeanFactory.doGetBean(AbstractBeanFactory.java:300) ~[spring-beans-4.0.3.RELEASE.jar:4.0.3.RELEASE]
	at org.springframework.beans.factory.support.AbstractBeanFactory.getBean(AbstractBeanFactory.java:195) ~[spring-beans-4.0.3.RELEASE.jar:4.0.3.RELEASE]
	at org.springframework.beans.factory.support.DefaultListableBeanFactory.preInstantiateSingletons(DefaultListableBeanFactory.java:684) ~[spring-beans-4.0.3.RELEASE.jar:4.0.3.RELEASE]
	at org.springframework.context.support.AbstractApplicationContext.finishBeanFactoryInitialization(AbstractApplicationContext.java:760) ~[spring-context-4.0.3.RELEASE.jar:4.0.3.RELEASE]
	at org.springframework.context.support.AbstractApplicationContext.refresh(AbstractApplicationContext.java:482) ~[spring-context-4.0.3.RELEASE.jar:4.0.3.RELEASE]
	at org.springframework.context.support.ClassPathXmlApplicationContext.<init>(ClassPathXmlApplicationContext.java:139) ~[spring-context-4.0.3.RELEASE.jar:4.0.3.RELEASE]
	at org.springframework.context.support.ClassPathXmlApplicationContext.<init>(ClassPathXmlApplicationContext.java:83) ~[spring-context-4.0.3.RELEASE.jar:4.0.3.RELEASE]
	at jw.lab4.checkers.UserSave.<init>(UserSave.java:13) ~[classes/:na]
	at jw.lab4.checkers.Game.start(Game.java:72) ~[classes/:na]
	at jw.lab4.checkers.Game.<init>(Game.java:36) ~[classes/:na]
	at jw.lab4.checkers.AppTest.winGame(AppTest.java:85) ~[test-classes/:na]
	at java.base/jdk.internal.reflect.NativeMethodAccessorImpl.invoke0(Native Method) ~[na:na]
	at java.base/jdk.internal.reflect.NativeMethodAccessorImpl.invoke(NativeMethodAccessorImpl.java:77) ~[na:na]
	at java.base/jdk.internal.reflect.DelegatingMethodAccessorImpl.invoke(DelegatingMethodAccessorImpl.java:43) ~[na:na]
	at java.base/java.lang.reflect.Method.invoke(Method.java:568) ~[na:na]
	at org.junit.runners.model.FrameworkMethod$1.runReflectiveCall(FrameworkMethod.java:47) ~[junit-4.11.jar:na]
	at org.junit.internal.runners.model.ReflectiveCallable.run(ReflectiveCallable.java:12) ~[junit-4.11.jar:na]
	at org.junit.runners.model.FrameworkMethod.invokeExplosively(FrameworkMethod.java:44) ~[junit-4.11.jar:na]
	at org.junit.internal.runners.statements.InvokeMethod.evaluate(InvokeMethod.java:17) ~[junit-4.11.jar:na]
	at org.junit.runners.ParentRunner.runLeaf(ParentRunner.java:271) ~[junit-4.11.jar:na]
	at org.junit.runners.BlockJUnit4ClassRunner.runChild(BlockJUnit4ClassRunner.java:70) ~[junit-4.11.jar:na]
	at org.junit.runners.BlockJUnit4ClassRunner.runChild(BlockJUnit4ClassRunner.java:50) ~[junit-4.11.jar:na]
	at org.junit.runners.ParentRunner$3.run(ParentRunner.java:238) ~[junit-4.11.jar:na]
	at org.junit.runners.ParentRunner$1.schedule(ParentRunner.java:63) ~[junit-4.11.jar:na]
	at org.junit.runners.ParentRunner.runChildren(ParentRunner.java:236) ~[junit-4.11.jar:na]
	at org.junit.runners.ParentRunner.access$000(ParentRunner.java:53) ~[junit-4.11.jar:na]
	at org.junit.runners.ParentRunner$2.evaluate(ParentRunner.java:229) ~[junit-4.11.jar:na]
	at org.junit.runners.ParentRunner.run(ParentRunner.java:309) ~[junit-4.11.jar:na]
	at org.apache.maven.surefire.junit4.JUnit4Provider.execute(JUnit4Provider.java:365) ~[surefire-junit4-2.22.1.jar:2.22.1]
	at org.apache.maven.surefire.junit4.JUnit4Provider.executeWithRerun(JUnit4Provider.java:273) ~[surefire-junit4-2.22.1.jar:2.22.1]
	at org.apache.maven.surefire.junit4.JUnit4Provider.executeTestSet(JUnit4Provider.java:238) ~[surefire-junit4-2.22.1.jar:2.22.1]
	at org.apache.maven.surefire.junit4.JUnit4Provider.invoke(JUnit4Provider.java:159) ~[surefire-junit4-2.22.1.jar:2.22.1]
	at org.apache.maven.surefire.booter.ForkedBooter.invokeProviderInSameClassLoader(ForkedBooter.java:384) ~[surefire-booter-2.22.1.jar:2.22.1]
	at org.apache.maven.surefire.booter.ForkedBooter.runSuitesInProcess(ForkedBooter.java:345) ~[surefire-booter-2.22.1.jar:2.22.1]
	at org.apache.maven.surefire.booter.ForkedBooter.execute(ForkedBooter.java:126) ~[surefire-booter-2.22.1.jar:2.22.1]
	at org.apache.maven.surefire.booter.ForkedBooter.main(ForkedBooter.java:418) ~[surefire-booter-2.22.1.jar:2.22.1]
01:28:08.961 [main] WARN  o.h.tuple.entity.PojoEntityTuplizer - could not create proxy factory for:jw.lab4.checkers.Database.Move
org.hibernate.HibernateException: Javassist Enhancement failed: jw.lab4.checkers.Database.Move
	at org.hibernate.proxy.pojo.javassist.JavassistLazyInitializer.getProxyFactory(JavassistLazyInitializer.java:169) ~[hibernate-core-3.6.9.Final.jar:3.6.9.Final]
	at org.hibernate.proxy.pojo.javassist.JavassistProxyFactory.postInstantiate(JavassistProxyFactory.java:65) ~[hibernate-core-3.6.9.Final.jar:3.6.9.Final]
	at org.hibernate.tuple.entity.PojoEntityTuplizer.buildProxyFactory(PojoEntityTuplizer.java:185) ~[hibernate-core-3.6.9.Final.jar:3.6.9.Final]
	at org.hibernate.tuple.entity.AbstractEntityTuplizer.<init>(AbstractEntityTuplizer.java:167) ~[hibernate-core-3.6.9.Final.jar:3.6.9.Final]
	at org.hibernate.tuple.entity.PojoEntityTuplizer.<init>(PojoEntityTuplizer.java:77) ~[hibernate-core-3.6.9.Final.jar:3.6.9.Final]
	at java.base/jdk.internal.reflect.NativeConstructorAccessorImpl.newInstance0(Native Method) ~[na:na]
	at java.base/jdk.internal.reflect.NativeConstructorAccessorImpl.newInstance(NativeConstructorAccessorImpl.java:77) ~[na:na]
	at java.base/jdk.internal.reflect.DelegatingConstructorAccessorImpl.newInstance(DelegatingConstructorAccessorImpl.java:45) ~[na:na]
	at java.base/java.lang.reflect.Constructor.newInstanceWithCaller(Constructor.java:499) ~[na:na]
	at java.base/java.lang.reflect.Constructor.newInstance(Constructor.java:480) ~[na:na]
	at org.hibernate.tuple.entity.EntityTuplizerFactory.constructTuplizer(EntityTuplizerFactory.java:105) ~[hibernate-core-3.6.9.Final.jar:3.6.9.Final]
	at org.hibernate.tuple.entity.EntityTuplizerFactory.constructDefaultTuplizer(EntityTuplizerFactory.java:133) ~[hibernate-core-3.6.9.Final.jar:3.6.9.Final]
	at org.hibernate.tuple.entity.EntityEntityModeToTuplizerMapping.<init>(EntityEntityModeToTuplizerMapping.java:80) ~[hibernate-core-3.6.9.Final.jar:3.6.9.Final]
	at org.hibernate.tuple.entity.EntityMetamodel.<init>(EntityMetamodel.java:322) ~[hibernate-core-3.6.9.Final.jar:3.6.9.Final]
	at org.hibernate.persister.entity.AbstractEntityPersister.<init>(AbstractEntityPersister.java:485) ~[hibernate-core-3.6.9.Final.jar:3.6.9.Final]
	at org.hibernate.persister.entity.SingleTableEntityPersister.<init>(SingleTableEntityPersister.java:133) ~[hibernate-core-3.6.9.Final.jar:3.6.9.Final]
	at org.hibernate.persister.PersisterFactory.createClassPersister(PersisterFactory.java:84) ~[hibernate-core-3.6.9.Final.jar:3.6.9.Final]
	at org.hibernate.impl.SessionFactoryImpl.<init>(SessionFactoryImpl.java:286) ~[hibernate-core-3.6.9.Final.jar:3.6.9.Final]
	at org.hibernate.cfg.Configuration.buildSessionFactory(Configuration.java:1872) ~[hibernate-core-3.6.9.Final.jar:3.6.9.Final]
	at org.springframework.orm.hibernate3.LocalSessionFactoryBean.newSessionFactory(LocalSessionFactoryBean.java:793) ~[spring-orm-4.0.3.RELEASE.jar:4.0.3.RELEASE]
	at org.springframework.orm.hibernate3.LocalSessionFactoryBean.buildSessionFactory(LocalSessionFactoryBean.java:715) ~[spring-orm-4.0.3.RELEASE.jar:4.0.3.RELEASE]
	at org.springframework.orm.hibernate3.AbstractSessionFactoryBean.afterPropertiesSet(AbstractSessionFactoryBean.java:189) ~[spring-orm-4.0.3.RELEASE.jar:4.0.3.RELEASE]
	at org.springframework.beans.factory.support.AbstractAutowireCapableBeanFactory.invokeInitMethods(AbstractAutowireCapableBeanFactory.java:1612) ~[spring-beans-4.0.3.RELEASE.jar:4.0.3.RELEASE]
	at org.springframework.beans.factory.support.AbstractAutowireCapableBeanFactory.initializeBean(AbstractAutowireCapableBeanFactory.java:1549) ~[spring-beans-4.0.3.RELEASE.jar:4.0.3.RELEASE]
	at org.springframework.beans.factory.support.AbstractAutowireCapableBeanFactory.doCreateBean(AbstractAutowireCapableBeanFactory.java:539) ~[spring-beans-4.0.3.RELEASE.jar:4.0.3.RELEASE]
	at org.springframework.beans.factory.support.AbstractAutowireCapableBeanFactory.createBean(AbstractAutowireCapableBeanFactory.java:475) ~[spring-beans-4.0.3.RELEASE.jar:4.0.3.RELEASE]
	at org.springframework.beans.factory.support.AbstractBeanFactory$1.getObject(AbstractBeanFactory.java:304) ~[spring-beans-4.0.3.RELEASE.jar:4.0.3.RELEASE]
	at org.springframework.beans.factory.support.DefaultSingletonBeanRegistry.getSingleton(DefaultSingletonBeanRegistry.java:228) ~[spring-beans-4.0.3.RELEASE.jar:4.0.3.RELEASE]
	at org.springframework.beans.factory.support.AbstractBeanFactory.doGetBean(AbstractBeanFactory.java:300) ~[spring-beans-4.0.3.RELEASE.jar:4.0.3.RELEASE]
	at org.springframework.beans.factory.support.AbstractBeanFactory.getBean(AbstractBeanFactory.java:195) ~[spring-beans-4.0.3.RELEASE.jar:4.0.3.RELEASE]
	at org.springframework.beans.factory.support.DefaultListableBeanFactory.preInstantiateSingletons(DefaultListableBeanFactory.java:684) ~[spring-beans-4.0.3.RELEASE.jar:4.0.3.RELEASE]
	at org.springframework.context.support.AbstractApplicationContext.finishBeanFactoryInitialization(AbstractApplicationContext.java:760) ~[spring-context-4.0.3.RELEASE.jar:4.0.3.RELEASE]
	at org.springframework.context.support.AbstractApplicationContext.refresh(AbstractApplicationContext.java:482) ~[spring-context-4.0.3.RELEASE.jar:4.0.3.RELEASE]
	at org.springframework.context.support.ClassPathXmlApplicationContext.<init>(ClassPathXmlApplicationContext.java:139) ~[spring-context-4.0.3.RELEASE.jar:4.0.3.RELEASE]
	at org.springframework.context.support.ClassPathXmlApplicationContext.<init>(ClassPathXmlApplicationContext.java:83) ~[spring-context-4.0.3.RELEASE.jar:4.0.3.RELEASE]
	at jw.lab4.checkers.UserSave.<init>(UserSave.java:13) ~[classes/:na]
	at jw.lab4.checkers.Game.start(Game.java:72) ~[classes/:na]
	at jw.lab4.checkers.Game.<init>(Game.java:36) ~[classes/:na]
	at jw.lab4.checkers.AppTest.winGame(AppTest.java:85) ~[test-classes/:na]
	at java.base/jdk.internal.reflect.NativeMethodAccessorImpl.invoke0(Native Method) ~[na:na]
	at java.base/jdk.internal.reflect.NativeMethodAccessorImpl.invoke(NativeMethodAccessorImpl.java:77) ~[na:na]
	at java.base/jdk.internal.reflect.DelegatingMethodAccessorImpl.invoke(DelegatingMethodAccessorImpl.java:43) ~[na:na]
	at java.base/java.lang.reflect.Method.invoke(Method.java:568) ~[na:na]
	at org.junit.runners.model.FrameworkMethod$1.runReflectiveCall(FrameworkMethod.java:47) ~[junit-4.11.jar:na]
	at org.junit.internal.runners.model.ReflectiveCallable.run(ReflectiveCallable.java:12) ~[junit-4.11.jar:na]
	at org.junit.runners.model.FrameworkMethod.invokeExplosively(FrameworkMethod.java:44) ~[junit-4.11.jar:na]
	at org.junit.internal.runners.statements.InvokeMethod.evaluate(InvokeMethod.java:17) ~[junit-4.11.jar:na]
	at org.junit.runners.ParentRunner.runLeaf(ParentRunner.java:271) ~[junit-4.11.jar:na]
	at org.junit.runners.BlockJUnit4ClassRunner.runChild(BlockJUnit4ClassRunner.java:70) ~[junit-4.11.jar:na]
	at org.junit.runners.BlockJUnit4ClassRunner.runChild(BlockJUnit4ClassRunner.java:50) ~[junit-4.11.jar:na]
	at org.junit.runners.ParentRunner$3.run(ParentRunner.java:238) ~[junit-4.11.jar:na]
	at org.junit.runners.ParentRunner$1.schedule(ParentRunner.java:63) ~[junit-4.11.jar:na]
	at org.junit.runners.ParentRunner.runChildren(ParentRunner.java:236) ~[junit-4.11.jar:na]
	at org.junit.runners.ParentRunner.access$000(ParentRunner.java:53) ~[junit-4.11.jar:na]
	at org.junit.runners.ParentRunner$2.evaluate(ParentRunner.java:229) ~[junit-4.11.jar:na]
	at org.junit.runners.ParentRunner.run(ParentRunner.java:309) ~[junit-4.11.jar:na]
	at org.apache.maven.surefire.junit4.JUnit4Provider.execute(JUnit4Provider.java:365) ~[surefire-junit4-2.22.1.jar:2.22.1]
	at org.apache.maven.surefire.junit4.JUnit4Provider.executeWithRerun(JUnit4Provider.java:273) ~[surefire-junit4-2.22.1.jar:2.22.1]
	at org.apache.maven.surefire.junit4.JUnit4Provider.executeTestSet(JUnit4Provider.java:238) ~[surefire-junit4-2.22.1.jar:2.22.1]
	at org.apache.maven.surefire.junit4.JUnit4Provider.invoke(JUnit4Provider.java:159) ~[surefire-junit4-2.22.1.jar:2.22.1]
	at org.apache.maven.surefire.booter.ForkedBooter.invokeProviderInSameClassLoader(ForkedBooter.java:384) ~[surefire-booter-2.22.1.jar:2.22.1]
	at org.apache.maven.surefire.booter.ForkedBooter.runSuitesInProcess(ForkedBooter.java:345) ~[surefire-booter-2.22.1.jar:2.22.1]
	at org.apache.maven.surefire.booter.ForkedBooter.execute(ForkedBooter.java:126) ~[surefire-booter-2.22.1.jar:2.22.1]
	at org.apache.maven.surefire.booter.ForkedBooter.main(ForkedBooter.java:418) ~[surefire-booter-2.22.1.jar:2.22.1]
Caused by: java.lang.reflect.InaccessibleObjectException: Unable to make protected final java.lang.Class java.lang.ClassLoader.defineClass(java.lang.String,byte[],int,int,java.security.ProtectionDomain) throws java.lang.ClassFormatError accessible: module java.base does not "opens java.lang" to unnamed module @69a3d1d
	at java.base/java.lang.reflect.AccessibleObject.checkCanSetAccessible(AccessibleObject.java:354) ~[na:na]
	at java.base/java.lang.reflect.AccessibleObject.checkCanSetAccessible(AccessibleObject.java:297) ~[na:na]
	at java.base/java.lang.reflect.Method.checkCanSetAccessible(Method.java:199) ~[na:na]
	at java.base/java.lang.reflect.Method.setAccessible(Method.java:193) ~[na:na]
	at javassist.util.proxy.SecurityActions.setAccessible(SecurityActions.java:102) ~[javassist-3.12.0.GA.jar:na]
	at javassist.util.proxy.FactoryHelper.toClass2(FactoryHelper.java:180) ~[javassist-3.12.0.GA.jar:na]
	at javassist.util.proxy.FactoryHelper.toClass(FactoryHelper.java:163) ~[javassist-3.12.0.GA.jar:na]
	at javassist.util.proxy.ProxyFactory.createClass3(ProxyFactory.java:501) ~[javassist-3.12.0.GA.jar:na]
	at javassist.util.proxy.ProxyFactory.createClass2(ProxyFactory.java:486) ~[javassist-3.12.0.GA.jar:na]
	at javassist.util.proxy.ProxyFactory.createClass1(ProxyFactory.java:422) ~[javassist-3.12.0.GA.jar:na]
	at javassist.util.proxy.ProxyFactory.createClass(ProxyFactory.java:394) ~[javassist-3.12.0.GA.jar:na]
	at org.hibernate.proxy.pojo.javassist.JavassistLazyInitializer.getProxyFactory(JavassistLazyInitializer.java:162) ~[hibernate-core-3.6.9.Final.jar:3.6.9.Final]
	... 63 common frames omitted
01:28:08.962 [main] DEBUG o.h.p.entity.AbstractEntityPersister - Static SQL for entity: jw.lab4.checkers.Database.Move
01:28:08.962 [main] DEBUG o.h.p.entity.AbstractEntityPersister -  Version select: select id from Moves where id =?
01:28:08.962 [main] DEBUG o.h.p.entity.AbstractEntityPersister -  Snapshot select: select move_.id, move_.field_one as field2_20_, move_.field_two as field3_20_ from Moves move_ where move_.id=?
01:28:08.962 [main] DEBUG o.h.p.entity.AbstractEntityPersister -  Insert 0: insert into Moves (field_one, field_two, id) values (?, ?, ?)
01:28:08.962 [main] DEBUG o.h.p.entity.AbstractEntityPersister -  Update 0: update Moves set field_one=?, field_two=? where id=?
01:28:08.962 [main] DEBUG o.h.p.entity.AbstractEntityPersister -  Delete 0: delete from Moves where id=?
01:28:08.962 [main] DEBUG o.h.p.entity.AbstractEntityPersister -  Identity insert: insert into Moves (field_one, field_two) values (?, ?)
01:28:08.962 [main] DEBUG o.h.p.c.AbstractCollectionPersister - Static SQL for collection: jw.lab4.checkers.Database.Game.players
01:28:08.962 [main] DEBUG o.h.p.c.AbstractCollectionPersister -  Row insert: update Players set game_id=?, player_number=? where id=?
01:28:08.962 [main] DEBUG o.h.p.c.AbstractCollectionPersister -  Row delete: update Players set game_id=null, player_number=null where game_id=? and id=?
01:28:08.962 [main] DEBUG o.h.p.c.AbstractCollectionPersister -  One-shot delete: update Players set game_id=null, player_number=null where game_id=?
01:28:08.962 [main] DEBUG o.h.p.c.AbstractCollectionPersister - Static SQL for collection: jw.lab4.checkers.Database.Game.moves
01:28:08.962 [main] DEBUG o.h.p.c.AbstractCollectionPersister -  Row insert: update Moves set game_id=?, move_id=? where id=?
01:28:08.962 [main] DEBUG o.h.p.c.AbstractCollectionPersister -  Row delete: update Moves set game_id=null, move_id=null where game_id=? and id=?
01:28:08.962 [main] DEBUG o.h.p.c.AbstractCollectionPersister -  One-shot delete: update Moves set game_id=null, move_id=null where game_id=?
01:28:08.962 [main] DEBUG o.h.loader.entity.EntityLoader - Static select for entity jw.lab4.checkers.Database.Game [NONE]: select game0_.id as id18_0_, game0_.players_number as players2_18_0_ from Games game0_ where game0_.id=?
01:28:08.963 [main] DEBUG o.h.loader.entity.EntityLoader - Static select for entity jw.lab4.checkers.Database.Game [READ]: select game0_.id as id18_0_, game0_.players_number as players2_18_0_ from Games game0_ where game0_.id=?
01:28:08.963 [main] DEBUG o.h.loader.entity.EntityLoader - Static select for entity jw.lab4.checkers.Database.Game [UPGRADE]: select game0_.id as id18_0_, game0_.players_number as players2_18_0_ from Games game0_ where game0_.id=? for update
01:28:08.963 [main] DEBUG o.h.loader.entity.EntityLoader - Static select for entity jw.lab4.checkers.Database.Game [UPGRADE_NOWAIT]: select game0_.id as id18_0_, game0_.players_number as players2_18_0_ from Games game0_ where game0_.id=? for update
01:28:08.963 [main] DEBUG o.h.loader.entity.EntityLoader - Static select for entity jw.lab4.checkers.Database.Game [FORCE]: select game0_.id as id18_0_, game0_.players_number as players2_18_0_ from Games game0_ where game0_.id=? for update
01:28:08.963 [main] DEBUG o.h.loader.entity.EntityLoader - Static select for entity jw.lab4.checkers.Database.Game [PESSIMISTIC_READ]: select game0_.id as id18_0_, game0_.players_number as players2_18_0_ from Games game0_ where game0_.id=? lock in share mode
01:28:08.963 [main] DEBUG o.h.loader.entity.EntityLoader - Static select for entity jw.lab4.checkers.Database.Game [PESSIMISTIC_WRITE]: select game0_.id as id18_0_, game0_.players_number as players2_18_0_ from Games game0_ where game0_.id=? for update
01:28:08.963 [main] DEBUG o.h.loader.entity.EntityLoader - Static select for entity jw.lab4.checkers.Database.Game [PESSIMISTIC_FORCE_INCREMENT]: select game0_.id as id18_0_, game0_.players_number as players2_18_0_ from Games game0_ where game0_.id=? for update
01:28:08.964 [main] DEBUG o.h.loader.entity.EntityLoader - Static select for entity jw.lab4.checkers.Database.Game [OPTIMISTIC]: select game0_.id as id18_0_, game0_.players_number as players2_18_0_ from Games game0_ where game0_.id=?
01:28:08.964 [main] DEBUG o.h.loader.entity.EntityLoader - Static select for entity jw.lab4.checkers.Database.Game [OPTIMISTIC_FORCE_INCREMENT]: select game0_.id as id18_0_, game0_.players_number as players2_18_0_ from Games game0_ where game0_.id=?
01:28:08.964 [main] DEBUG o.h.loader.entity.EntityLoader - Static select for action ACTION_MERGE on entity jw.lab4.checkers.Database.Game: select game0_.id as id18_1_, game0_.players_number as players2_18_1_, players1_.game_id as game4_18_3_, players1_.id as id3_, players1_.player_number as player2_3_, players1_.id as id19_0_, players1_.player_number as player2_19_0_, players1_.nickname as nickname19_0_ from Games game0_ left outer join Players players1_ on game0_.id=players1_.game_id where game0_.id=?
01:28:08.965 [main] DEBUG o.h.loader.entity.EntityLoader - Static select for action ACTION_REFRESH on entity jw.lab4.checkers.Database.Game: select game0_.id as id18_1_, game0_.players_number as players2_18_1_, players1_.game_id as game4_18_3_, players1_.id as id3_, players1_.player_number as player2_3_, players1_.id as id19_0_, players1_.player_number as player2_19_0_, players1_.nickname as nickname19_0_ from Games game0_ left outer join Players players1_ on game0_.id=players1_.game_id where game0_.id=?
01:28:08.965 [main] DEBUG o.h.loader.entity.EntityLoader - Static select for entity jw.lab4.checkers.Database.Player [NONE]: select player0_.id as id19_0_, player0_.player_number as player2_19_0_, player0_.nickname as nickname19_0_ from Players player0_ where player0_.id=?
01:28:08.965 [main] DEBUG o.h.loader.entity.EntityLoader - Static select for entity jw.lab4.checkers.Database.Player [READ]: select player0_.id as id19_0_, player0_.player_number as player2_19_0_, player0_.nickname as nickname19_0_ from Players player0_ where player0_.id=?
01:28:08.966 [main] DEBUG o.h.loader.entity.EntityLoader - Static select for entity jw.lab4.checkers.Database.Player [UPGRADE]: select player0_.id as id19_0_, player0_.player_number as player2_19_0_, player0_.nickname as nickname19_0_ from Players player0_ where player0_.id=? for update
01:28:08.966 [main] DEBUG o.h.loader.entity.EntityLoader - Static select for entity jw.lab4.checkers.Database.Player [UPGRADE_NOWAIT]: select player0_.id as id19_0_, player0_.player_number as player2_19_0_, player0_.nickname as nickname19_0_ from Players player0_ where player0_.id=? for update
01:28:08.966 [main] DEBUG o.h.loader.entity.EntityLoader - Static select for entity jw.lab4.checkers.Database.Player [FORCE]: select player0_.id as id19_0_, player0_.player_number as player2_19_0_, player0_.nickname as nickname19_0_ from Players player0_ where player0_.id=? for update
01:28:08.966 [main] DEBUG o.h.loader.entity.EntityLoader - Static select for entity jw.lab4.checkers.Database.Player [PESSIMISTIC_READ]: select player0_.id as id19_0_, player0_.player_number as player2_19_0_, player0_.nickname as nickname19_0_ from Players player0_ where player0_.id=? lock in share mode
01:28:08.966 [main] DEBUG o.h.loader.entity.EntityLoader - Static select for entity jw.lab4.checkers.Database.Player [PESSIMISTIC_WRITE]: select player0_.id as id19_0_, player0_.player_number as player2_19_0_, player0_.nickname as nickname19_0_ from Players player0_ where player0_.id=? for update
01:28:08.967 [main] DEBUG o.h.loader.entity.EntityLoader - Static select for entity jw.lab4.checkers.Database.Player [PESSIMISTIC_FORCE_INCREMENT]: select player0_.id as id19_0_, player0_.player_number as player2_19_0_, player0_.nickname as nickname19_0_ from Players player0_ where player0_.id=? for update
01:28:08.967 [main] DEBUG o.h.loader.entity.EntityLoader - Static select for entity jw.lab4.checkers.Database.Player [OPTIMISTIC]: select player0_.id as id19_0_, player0_.player_number as player2_19_0_, player0_.nickname as nickname19_0_ from Players player0_ where player0_.id=?
01:28:08.967 [main] DEBUG o.h.loader.entity.EntityLoader - Static select for entity jw.lab4.checkers.Database.Player [OPTIMISTIC_FORCE_INCREMENT]: select player0_.id as id19_0_, player0_.player_number as player2_19_0_, player0_.nickname as nickname19_0_ from Players player0_ where player0_.id=?
01:28:08.968 [main] DEBUG o.h.loader.entity.EntityLoader - Static select for action ACTION_MERGE on entity jw.lab4.checkers.Database.Player: select player0_.id as id19_0_, player0_.player_number as player2_19_0_, player0_.nickname as nickname19_0_ from Players player0_ where player0_.id=?
01:28:08.969 [main] DEBUG o.h.loader.entity.EntityLoader - Static select for action ACTION_REFRESH on entity jw.lab4.checkers.Database.Player: select player0_.id as id19_0_, player0_.player_number as player2_19_0_, player0_.nickname as nickname19_0_ from Players player0_ where player0_.id=?
01:28:08.969 [main] DEBUG o.h.loader.entity.EntityLoader - Static select for entity jw.lab4.checkers.Database.Move [NONE]: select move0_.id as id20_0_, move0_.field_one as field2_20_0_, move0_.field_two as field3_20_0_ from Moves move0_ where move0_.id=?
01:28:08.969 [main] DEBUG o.h.loader.entity.EntityLoader - Static select for entity jw.lab4.checkers.Database.Move [READ]: select move0_.id as id20_0_, move0_.field_one as field2_20_0_, move0_.field_two as field3_20_0_ from Moves move0_ where move0_.id=?
01:28:08.969 [main] DEBUG o.h.loader.entity.EntityLoader - Static select for entity jw.lab4.checkers.Database.Move [UPGRADE]: select move0_.id as id20_0_, move0_.field_one as field2_20_0_, move0_.field_two as field3_20_0_ from Moves move0_ where move0_.id=? for update
01:28:08.970 [main] DEBUG o.h.loader.entity.EntityLoader - Static select for entity jw.lab4.checkers.Database.Move [UPGRADE_NOWAIT]: select move0_.id as id20_0_, move0_.field_one as field2_20_0_, move0_.field_two as field3_20_0_ from Moves move0_ where move0_.id=? for update
01:28:08.970 [main] DEBUG o.h.loader.entity.EntityLoader - Static select for entity jw.lab4.checkers.Database.Move [FORCE]: select move0_.id as id20_0_, move0_.field_one as field2_20_0_, move0_.field_two as field3_20_0_ from Moves move0_ where move0_.id=? for update
01:28:08.970 [main] DEBUG o.h.loader.entity.EntityLoader - Static select for entity jw.lab4.checkers.Database.Move [PESSIMISTIC_READ]: select move0_.id as id20_0_, move0_.field_one as field2_20_0_, move0_.field_two as field3_20_0_ from Moves move0_ where move0_.id=? lock in share mode
01:28:08.970 [main] DEBUG o.h.loader.entity.EntityLoader - Static select for entity jw.lab4.checkers.Database.Move [PESSIMISTIC_WRITE]: select move0_.id as id20_0_, move0_.field_one as field2_20_0_, move0_.field_two as field3_20_0_ from Moves move0_ where move0_.id=? for update
01:28:08.971 [main] DEBUG o.h.loader.entity.EntityLoader - Static select for entity jw.lab4.checkers.Database.Move [PESSIMISTIC_FORCE_INCREMENT]: select move0_.id as id20_0_, move0_.field_one as field2_20_0_, move0_.field_two as field3_20_0_ from Moves move0_ where move0_.id=? for update
01:28:08.971 [main] DEBUG o.h.loader.entity.EntityLoader - Static select for entity jw.lab4.checkers.Database.Move [OPTIMISTIC]: select move0_.id as id20_0_, move0_.field_one as field2_20_0_, move0_.field_two as field3_20_0_ from Moves move0_ where move0_.id=?
01:28:08.971 [main] DEBUG o.h.loader.entity.EntityLoader - Static select for entity jw.lab4.checkers.Database.Move [OPTIMISTIC_FORCE_INCREMENT]: select move0_.id as id20_0_, move0_.field_one as field2_20_0_, move0_.field_two as field3_20_0_ from Moves move0_ where move0_.id=?
01:28:08.971 [main] DEBUG o.h.loader.entity.EntityLoader - Static select for action ACTION_MERGE on entity jw.lab4.checkers.Database.Move: select move0_.id as id20_0_, move0_.field_one as field2_20_0_, move0_.field_two as field3_20_0_ from Moves move0_ where move0_.id=?
01:28:08.971 [main] DEBUG o.h.loader.entity.EntityLoader - Static select for action ACTION_REFRESH on entity jw.lab4.checkers.Database.Move: select move0_.id as id20_0_, move0_.field_one as field2_20_0_, move0_.field_two as field3_20_0_ from Moves move0_ where move0_.id=?
01:28:08.971 [main] DEBUG o.h.l.collection.OneToManyLoader - Static select for one-to-many jw.lab4.checkers.Database.Game.players: select players0_.game_id as game4_18_1_, players0_.id as id1_, players0_.player_number as player2_1_, players0_.id as id19_0_, players0_.player_number as player2_19_0_, players0_.nickname as nickname19_0_ from Players players0_ where players0_.game_id=?
01:28:08.972 [main] DEBUG o.h.l.collection.OneToManyLoader - Static select for one-to-many jw.lab4.checkers.Database.Game.moves: select moves0_.game_id as game4_18_1_, moves0_.id as id1_, moves0_.move_id as move5_1_, moves0_.id as id20_0_, moves0_.field_one as field2_20_0_, moves0_.field_two as field3_20_0_ from Moves moves0_ where moves0_.game_id=?
01:28:08.972 [main] DEBUG o.h.impl.SessionFactoryObjectFactory - registered: f5210006-cb62-4e07-95b4-577ccb0bd298 (unnamed)
01:28:08.972 [main] INFO  o.h.impl.SessionFactoryObjectFactory - Not binding factory to JNDI, no JNDI name configured
01:28:08.972 [main] DEBUG o.hibernate.impl.SessionFactoryImpl - instantiated session factory
01:28:08.972 [main] DEBUG o.hibernate.impl.SessionFactoryImpl - Checking 0 named HQL queries
01:28:08.972 [main] DEBUG o.hibernate.impl.SessionFactoryImpl - Checking 0 named SQL queries
I'm client
I'm client
I'm client
I'm client
Player not set.
]]></system-out>
    <system-err><![CDATA[Jan 30, 2022 1:28:08 AM org.springframework.context.support.ClassPathXmlApplicationContext prepareRefresh
INFO: Refreshing org.springframework.context.support.ClassPathXmlApplicationContext@181d8899: startup date [Sun Jan 30 01:28:08 CET 2022]; root of context hierarchy
Jan 30, 2022 1:28:08 AM org.springframework.beans.factory.xml.XmlBeanDefinitionReader loadBeanDefinitions
INFO: Loading XML bean definitions from class path resource [applicationContext.xml]
Jan 30, 2022 1:28:08 AM org.springframework.orm.hibernate3.LocalSessionFactoryBean buildSessionFactory
INFO: Building new Hibernate SessionFactory
]]></system-err>
  </testcase>
  <testcase name="differentGames" classname="jw.lab4.checkers.AppTest" time="0.489">
    <failure type="java.lang.AssertionError">java.lang.AssertionError
	at jw.lab4.checkers.AppTest.startGame(AppTest.java:180)
	at jw.lab4.checkers.AppTest.startGames(AppTest.java:161)
	at jw.lab4.checkers.AppTest.differentGames(AppTest.java:74)
</failure>
    <system-out><![CDATA[Number of players: 2
I'm server
01:28:09.444 [main] DEBUG org.hibernate.type.BasicTypeRegistry - Adding type registration boolean -> org.hibernate.type.BooleanType@50d13246
01:28:09.444 [main] DEBUG org.hibernate.type.BasicTypeRegistry - Adding type registration boolean -> org.hibernate.type.BooleanType@50d13246
01:28:09.444 [main] DEBUG org.hibernate.type.BasicTypeRegistry - Adding type registration java.lang.Boolean -> org.hibernate.type.BooleanType@50d13246
01:28:09.444 [main] DEBUG org.hibernate.type.BasicTypeRegistry - Adding type registration numeric_boolean -> org.hibernate.type.NumericBooleanType@6f63b475
01:28:09.444 [main] DEBUG org.hibernate.type.BasicTypeRegistry - Adding type registration true_false -> org.hibernate.type.TrueFalseType@1a20270e
01:28:09.444 [main] DEBUG org.hibernate.type.BasicTypeRegistry - Adding type registration yes_no -> org.hibernate.type.YesNoType@34158c08
01:28:09.444 [main] DEBUG org.hibernate.type.BasicTypeRegistry - Adding type registration byte -> org.hibernate.type.ByteType@3fc9504b
01:28:09.444 [main] DEBUG org.hibernate.type.BasicTypeRegistry - Adding type registration byte -> org.hibernate.type.ByteType@3fc9504b
01:28:09.444 [main] DEBUG org.hibernate.type.BasicTypeRegistry - Adding type registration java.lang.Byte -> org.hibernate.type.ByteType@3fc9504b
01:28:09.444 [main] DEBUG org.hibernate.type.BasicTypeRegistry - Adding type registration character -> org.hibernate.type.CharacterType@72437d8d
01:28:09.444 [main] DEBUG org.hibernate.type.BasicTypeRegistry - Adding type registration char -> org.hibernate.type.CharacterType@72437d8d
01:28:09.444 [main] DEBUG org.hibernate.type.BasicTypeRegistry - Adding type registration java.lang.Character -> org.hibernate.type.CharacterType@72437d8d
01:28:09.444 [main] DEBUG org.hibernate.type.BasicTypeRegistry - Adding type registration short -> org.hibernate.type.ShortType@3a4621bd
01:28:09.444 [main] DEBUG org.hibernate.type.BasicTypeRegistry - Adding type registration short -> org.hibernate.type.ShortType@3a4621bd
01:28:09.444 [main] DEBUG org.hibernate.type.BasicTypeRegistry - Adding type registration java.lang.Short -> org.hibernate.type.ShortType@3a4621bd
01:28:09.444 [main] DEBUG org.hibernate.type.BasicTypeRegistry - Adding type registration integer -> org.hibernate.type.IntegerType@40db2a24
01:28:09.444 [main] DEBUG org.hibernate.type.BasicTypeRegistry - Adding type registration int -> org.hibernate.type.IntegerType@40db2a24
01:28:09.444 [main] DEBUG org.hibernate.type.BasicTypeRegistry - Adding type registration java.lang.Integer -> org.hibernate.type.IntegerType@40db2a24
01:28:09.444 [main] DEBUG org.hibernate.type.BasicTypeRegistry - Adding type registration long -> org.hibernate.type.LongType@30af5b6b
01:28:09.444 [main] DEBUG org.hibernate.type.BasicTypeRegistry - Adding type registration long -> org.hibernate.type.LongType@30af5b6b
01:28:09.444 [main] DEBUG org.hibernate.type.BasicTypeRegistry - Adding type registration java.lang.Long -> org.hibernate.type.LongType@30af5b6b
01:28:09.444 [main] DEBUG org.hibernate.type.BasicTypeRegistry - Adding type registration float -> org.hibernate.type.FloatType@2e1ef60
01:28:09.444 [main] DEBUG org.hibernate.type.BasicTypeRegistry - Adding type registration float -> org.hibernate.type.FloatType@2e1ef60
01:28:09.444 [main] DEBUG org.hibernate.type.BasicTypeRegistry - Adding type registration java.lang.Float -> org.hibernate.type.FloatType@2e1ef60
01:28:09.444 [main] DEBUG org.hibernate.type.BasicTypeRegistry - Adding type registration double -> org.hibernate.type.DoubleType@1b7c473a
01:28:09.444 [main] DEBUG org.hibernate.type.BasicTypeRegistry - Adding type registration double -> org.hibernate.type.DoubleType@1b7c473a
01:28:09.444 [main] DEBUG org.hibernate.type.BasicTypeRegistry - Adding type registration java.lang.Double -> org.hibernate.type.DoubleType@1b7c473a
01:28:09.444 [main] DEBUG org.hibernate.type.BasicTypeRegistry - Adding type registration big_decimal -> org.hibernate.type.BigDecimalType@71812481
01:28:09.444 [main] DEBUG org.hibernate.type.BasicTypeRegistry - Adding type registration java.math.BigDecimal -> org.hibernate.type.BigDecimalType@71812481
01:28:09.445 [main] DEBUG org.hibernate.type.BasicTypeRegistry - Adding type registration big_integer -> org.hibernate.type.BigIntegerType@561868a0
01:28:09.445 [main] DEBUG org.hibernate.type.BasicTypeRegistry - Adding type registration java.math.BigInteger -> org.hibernate.type.BigIntegerType@561868a0
01:28:09.445 [main] DEBUG org.hibernate.type.BasicTypeRegistry - Adding type registration string -> org.hibernate.type.StringType@42bc14c1
01:28:09.445 [main] DEBUG org.hibernate.type.BasicTypeRegistry - Adding type registration java.lang.String -> org.hibernate.type.StringType@42bc14c1
01:28:09.445 [main] DEBUG org.hibernate.type.BasicTypeRegistry - Adding type registration url -> org.hibernate.type.UrlType@25aca718
01:28:09.445 [main] DEBUG org.hibernate.type.BasicTypeRegistry - Adding type registration java.net.URL -> org.hibernate.type.UrlType@25aca718
01:28:09.445 [main] DEBUG org.hibernate.type.BasicTypeRegistry - Adding type registration date -> org.hibernate.type.DateType@289710d9
01:28:09.445 [main] DEBUG org.hibernate.type.BasicTypeRegistry - Adding type registration java.sql.Date -> org.hibernate.type.DateType@289710d9
01:28:09.445 [main] DEBUG org.hibernate.type.BasicTypeRegistry - Adding type registration time -> org.hibernate.type.TimeType@3e7dd664
01:28:09.445 [main] DEBUG org.hibernate.type.BasicTypeRegistry - Adding type registration java.sql.Time -> org.hibernate.type.TimeType@3e7dd664
01:28:09.445 [main] DEBUG org.hibernate.type.BasicTypeRegistry - Adding type registration timestamp -> org.hibernate.type.TimestampType@525575
01:28:09.445 [main] DEBUG org.hibernate.type.BasicTypeRegistry - Adding type registration java.sql.Timestamp -> org.hibernate.type.TimestampType@525575
01:28:09.445 [main] DEBUG org.hibernate.type.BasicTypeRegistry - Adding type registration java.util.Date -> org.hibernate.type.TimestampType@525575
01:28:09.445 [main] DEBUG org.hibernate.type.BasicTypeRegistry - Adding type registration dbtimestamp -> org.hibernate.type.DbTimestampType@6ad3381f
01:28:09.445 [main] DEBUG org.hibernate.type.BasicTypeRegistry - Adding type registration calendar -> org.hibernate.type.CalendarType@18a136ac
01:28:09.445 [main] DEBUG org.hibernate.type.BasicTypeRegistry - Adding type registration java.util.Calendar -> org.hibernate.type.CalendarType@18a136ac
01:28:09.445 [main] DEBUG org.hibernate.type.BasicTypeRegistry - Adding type registration java.util.GregorianCalendar -> org.hibernate.type.CalendarType@18a136ac
01:28:09.445 [main] DEBUG org.hibernate.type.BasicTypeRegistry - Adding type registration calendar_date -> org.hibernate.type.CalendarDateType@421bba99
01:28:09.445 [main] DEBUG org.hibernate.type.BasicTypeRegistry - Adding type registration locale -> org.hibernate.type.LocaleType@4fad9bb2
01:28:09.445 [main] DEBUG org.hibernate.type.BasicTypeRegistry - Adding type registration java.util.Locale -> org.hibernate.type.LocaleType@4fad9bb2
01:28:09.445 [main] DEBUG org.hibernate.type.BasicTypeRegistry - Adding type registration currency -> org.hibernate.type.CurrencyType@38831718
01:28:09.445 [main] DEBUG org.hibernate.type.BasicTypeRegistry - Adding type registration java.util.Currency -> org.hibernate.type.CurrencyType@38831718
01:28:09.445 [main] DEBUG org.hibernate.type.BasicTypeRegistry - Adding type registration timezone -> org.hibernate.type.TimeZoneType@512535ff
01:28:09.445 [main] DEBUG org.hibernate.type.BasicTypeRegistry - Adding type registration java.util.TimeZone -> org.hibernate.type.TimeZoneType@512535ff
01:28:09.445 [main] DEBUG org.hibernate.type.BasicTypeRegistry - Adding type registration class -> org.hibernate.type.ClassType@7241a47d
01:28:09.445 [main] DEBUG org.hibernate.type.BasicTypeRegistry - Adding type registration java.lang.Class -> org.hibernate.type.ClassType@7241a47d
01:28:09.445 [main] DEBUG org.hibernate.type.BasicTypeRegistry - Adding type registration uuid-binary -> org.hibernate.type.UUIDBinaryType@a22cb6a
01:28:09.445 [main] DEBUG org.hibernate.type.BasicTypeRegistry - Adding type registration java.util.UUID -> org.hibernate.type.UUIDBinaryType@a22cb6a
01:28:09.445 [main] DEBUG org.hibernate.type.BasicTypeRegistry - Adding type registration uuid-char -> org.hibernate.type.UUIDCharType@324a0017
01:28:09.445 [main] DEBUG org.hibernate.type.BasicTypeRegistry - Adding type registration pg-uuid -> org.hibernate.type.PostgresUUIDType@22bac7bc
01:28:09.445 [main] DEBUG org.hibernate.type.BasicTypeRegistry - Adding type registration binary -> org.hibernate.type.BinaryType@43f82e78
01:28:09.445 [main] DEBUG org.hibernate.type.BasicTypeRegistry - Adding type registration byte[] -> org.hibernate.type.BinaryType@43f82e78
01:28:09.445 [main] DEBUG org.hibernate.type.BasicTypeRegistry - Adding type registration [B -> org.hibernate.type.BinaryType@43f82e78
01:28:09.445 [main] DEBUG org.hibernate.type.BasicTypeRegistry - Adding type registration wrapper-binary -> org.hibernate.type.WrapperBinaryType@530712d
01:28:09.445 [main] DEBUG org.hibernate.type.BasicTypeRegistry - Adding type registration Byte[] -> org.hibernate.type.WrapperBinaryType@530712d
01:28:09.445 [main] DEBUG org.hibernate.type.BasicTypeRegistry - Adding type registration [Ljava.lang.Byte; -> org.hibernate.type.WrapperBinaryType@530712d
01:28:09.445 [main] DEBUG org.hibernate.type.BasicTypeRegistry - Adding type registration image -> org.hibernate.type.ImageType@45fd9a4d
01:28:09.445 [main] DEBUG org.hibernate.type.BasicTypeRegistry - Adding type registration characters -> org.hibernate.type.CharArrayType@16c63f5
01:28:09.445 [main] DEBUG org.hibernate.type.BasicTypeRegistry - Adding type registration char[] -> org.hibernate.type.CharArrayType@16c63f5
01:28:09.445 [main] DEBUG org.hibernate.type.BasicTypeRegistry - Adding type registration [C -> org.hibernate.type.CharArrayType@16c63f5
01:28:09.445 [main] DEBUG org.hibernate.type.BasicTypeRegistry - Adding type registration wrapper-characters -> org.hibernate.type.CharacterArrayType@74eb909f
01:28:09.445 [main] DEBUG org.hibernate.type.BasicTypeRegistry - Adding type registration [Ljava.lang.Character; -> org.hibernate.type.CharacterArrayType@74eb909f
01:28:09.445 [main] DEBUG org.hibernate.type.BasicTypeRegistry - Adding type registration Character[] -> org.hibernate.type.CharacterArrayType@74eb909f
01:28:09.446 [main] DEBUG org.hibernate.type.BasicTypeRegistry - Adding type registration text -> org.hibernate.type.TextType@13d9b21f
01:28:09.446 [main] DEBUG org.hibernate.type.BasicTypeRegistry - Adding type registration blob -> org.hibernate.type.BlobType@6179e425
01:28:09.446 [main] DEBUG org.hibernate.type.BasicTypeRegistry - Adding type registration java.sql.Blob -> org.hibernate.type.BlobType@6179e425
01:28:09.446 [main] DEBUG org.hibernate.type.BasicTypeRegistry - Adding type registration materialized_blob -> org.hibernate.type.MaterializedBlobType@49c6c24f
01:28:09.446 [main] DEBUG org.hibernate.type.BasicTypeRegistry - Adding type registration wrapper_materialized_blob -> org.hibernate.type.WrappedMaterializedBlobType@6399551e
01:28:09.446 [main] DEBUG org.hibernate.type.BasicTypeRegistry - Adding type registration clob -> org.hibernate.type.ClobType@604c5de8
01:28:09.446 [main] DEBUG org.hibernate.type.BasicTypeRegistry - Adding type registration java.sql.Clob -> org.hibernate.type.ClobType@604c5de8
01:28:09.446 [main] DEBUG org.hibernate.type.BasicTypeRegistry - Adding type registration materialized_clob -> org.hibernate.type.MaterializedClobType@550a1967
01:28:09.446 [main] DEBUG org.hibernate.type.BasicTypeRegistry - Adding type registration wrapper_characters_clob -> org.hibernate.type.CharacterArrayClobType@5d8bafa9
01:28:09.446 [main] DEBUG org.hibernate.type.BasicTypeRegistry - Adding type registration characters_clob -> org.hibernate.type.PrimitiveCharacterArrayClobType@ff684e1
01:28:09.446 [main] DEBUG org.hibernate.type.BasicTypeRegistry - Adding type registration serializable -> org.hibernate.type.SerializableType@1e8ce150
01:28:09.446 [main] DEBUG org.hibernate.type.BasicTypeRegistry - Adding type registration object -> org.hibernate.type.ObjectType@75cd8043
01:28:09.446 [main] DEBUG org.hibernate.type.BasicTypeRegistry - Adding type registration java.lang.Object -> org.hibernate.type.ObjectType@75cd8043
01:28:09.446 [main] DEBUG org.hibernate.type.BasicTypeRegistry - Adding type registration imm_date -> org.hibernate.type.AdaptedImmutableType@4fb392c4
01:28:09.446 [main] DEBUG org.hibernate.type.BasicTypeRegistry - Adding type registration imm_time -> org.hibernate.type.AdaptedImmutableType@194d329e
01:28:09.446 [main] DEBUG org.hibernate.type.BasicTypeRegistry - Adding type registration imm_timestamp -> org.hibernate.type.AdaptedImmutableType@54d1608f
01:28:09.446 [main] DEBUG org.hibernate.type.BasicTypeRegistry - Adding type registration imm_dbtimestamp -> org.hibernate.type.AdaptedImmutableType@7e7fe6d
01:28:09.446 [main] DEBUG org.hibernate.type.BasicTypeRegistry - Adding type registration imm_calendar -> org.hibernate.type.AdaptedImmutableType@541179e7
01:28:09.446 [main] DEBUG org.hibernate.type.BasicTypeRegistry - Adding type registration imm_calendar_date -> org.hibernate.type.AdaptedImmutableType@24386839
01:28:09.446 [main] DEBUG org.hibernate.type.BasicTypeRegistry - Adding type registration imm_binary -> org.hibernate.type.AdaptedImmutableType@7b32b129
01:28:09.446 [main] DEBUG org.hibernate.type.BasicTypeRegistry - Adding type registration imm_serializable -> org.hibernate.type.AdaptedImmutableType@439e3cb4
01:28:09.447 [main] DEBUG o.h.i.f.DefaultIdentifierGeneratorFactory - Registering IdentifierGenerator strategy [uuid2] -> [class org.hibernate.id.UUIDGenerator]
01:28:09.447 [main] DEBUG o.h.i.f.DefaultIdentifierGeneratorFactory - Registering IdentifierGenerator strategy [guid] -> [class org.hibernate.id.GUIDGenerator]
01:28:09.447 [main] DEBUG o.h.i.f.DefaultIdentifierGeneratorFactory - Registering IdentifierGenerator strategy [uuid] -> [class org.hibernate.id.UUIDHexGenerator]
01:28:09.447 [main] DEBUG o.h.i.f.DefaultIdentifierGeneratorFactory - Registering IdentifierGenerator strategy [uuid.hex] -> [class org.hibernate.id.UUIDHexGenerator]
01:28:09.447 [main] DEBUG o.h.i.f.DefaultIdentifierGeneratorFactory - Registering IdentifierGenerator strategy [hilo] -> [class org.hibernate.id.TableHiLoGenerator]
01:28:09.447 [main] DEBUG o.h.i.f.DefaultIdentifierGeneratorFactory - Registering IdentifierGenerator strategy [assigned] -> [class org.hibernate.id.Assigned]
01:28:09.447 [main] DEBUG o.h.i.f.DefaultIdentifierGeneratorFactory - Registering IdentifierGenerator strategy [identity] -> [class org.hibernate.id.IdentityGenerator]
01:28:09.447 [main] DEBUG o.h.i.f.DefaultIdentifierGeneratorFactory - Registering IdentifierGenerator strategy [select] -> [class org.hibernate.id.SelectGenerator]
01:28:09.447 [main] DEBUG o.h.i.f.DefaultIdentifierGeneratorFactory - Registering IdentifierGenerator strategy [sequence] -> [class org.hibernate.id.SequenceGenerator]
01:28:09.447 [main] DEBUG o.h.i.f.DefaultIdentifierGeneratorFactory - Registering IdentifierGenerator strategy [seqhilo] -> [class org.hibernate.id.SequenceHiLoGenerator]
01:28:09.447 [main] DEBUG o.h.i.f.DefaultIdentifierGeneratorFactory - Registering IdentifierGenerator strategy [increment] -> [class org.hibernate.id.IncrementGenerator]
01:28:09.447 [main] DEBUG o.h.i.f.DefaultIdentifierGeneratorFactory - Registering IdentifierGenerator strategy [foreign] -> [class org.hibernate.id.ForeignGenerator]
01:28:09.447 [main] DEBUG o.h.i.f.DefaultIdentifierGeneratorFactory - Registering IdentifierGenerator strategy [sequence-identity] -> [class org.hibernate.id.SequenceIdentityGenerator]
01:28:09.447 [main] DEBUG o.h.i.f.DefaultIdentifierGeneratorFactory - Registering IdentifierGenerator strategy [enhanced-sequence] -> [class org.hibernate.id.enhanced.SequenceStyleGenerator]
01:28:09.447 [main] DEBUG o.h.i.f.DefaultIdentifierGeneratorFactory - Registering IdentifierGenerator strategy [enhanced-table] -> [class org.hibernate.id.enhanced.TableGenerator]
01:28:09.451 [main] DEBUG org.hibernate.util.DTDEntityResolver - trying to resolve system-id [http://www.hibernate.org/dtd/hibernate-mapping-3.0.dtd]
01:28:09.451 [main] DEBUG org.hibernate.util.DTDEntityResolver - recognized hibernate namespace; attempting to resolve on classpath under org/hibernate/
01:28:09.451 [main] DEBUG org.hibernate.util.DTDEntityResolver - located [http://www.hibernate.org/dtd/hibernate-mapping-3.0.dtd] in classpath
01:28:09.463 [main] DEBUG org.hibernate.cfg.Configuration - Processing hbm.xml files
01:28:09.464 [main] INFO  org.hibernate.cfg.HbmBinder - Mapping class: jw.lab4.checkers.Database.Game -> Games
01:28:09.464 [main] DEBUG org.hibernate.cfg.HbmBinder - Mapped property: id -> id
01:28:09.464 [main] DEBUG org.hibernate.cfg.HbmBinder - Mapped property: playersNumber -> players_number
01:28:09.464 [main] DEBUG org.hibernate.cfg.HbmBinder - Mapped property: players
01:28:09.464 [main] DEBUG org.hibernate.cfg.HbmBinder - Mapped property: moves
01:28:09.464 [main] INFO  org.hibernate.cfg.HbmBinder - Mapping class: jw.lab4.checkers.Database.Player -> Players
01:28:09.464 [main] DEBUG org.hibernate.cfg.HbmBinder - Mapped property: id -> id
01:28:09.464 [main] DEBUG org.hibernate.cfg.HbmBinder - Mapped property: playerNumber -> player_number
01:28:09.465 [main] DEBUG org.hibernate.cfg.HbmBinder - Mapped property: nickname -> nickname
01:28:09.465 [main] INFO  org.hibernate.cfg.HbmBinder - Mapping class: jw.lab4.checkers.Database.Move -> Moves
01:28:09.465 [main] DEBUG org.hibernate.cfg.HbmBinder - Mapped property: id -> id
01:28:09.465 [main] DEBUG org.hibernate.cfg.HbmBinder - Mapped property: fieldOne -> field_one
01:28:09.465 [main] DEBUG org.hibernate.cfg.HbmBinder - Mapped property: fieldTwo -> field_two
01:28:09.465 [main] DEBUG org.hibernate.cfg.Configuration - Process annotated classes
01:28:09.465 [main] DEBUG org.hibernate.cfg.Configuration - processing fk mappings (*ToOne and JoinedSubclass)
01:28:09.465 [main] DEBUG org.hibernate.cfg.Configuration - processing extends queue
01:28:09.465 [main] DEBUG org.hibernate.cfg.Configuration - processing extends queue
01:28:09.465 [main] DEBUG org.hibernate.cfg.Configuration - processing collection mappings
01:28:09.465 [main] DEBUG o.hibernate.cfg.CollectionSecondPass - Second pass for collection: jw.lab4.checkers.Database.Game.players
01:28:09.465 [main] INFO  org.hibernate.cfg.HbmBinder - Mapping collection: jw.lab4.checkers.Database.Game.players -> Players
01:28:09.465 [main] DEBUG o.hibernate.cfg.CollectionSecondPass - Mapped collection key: game_id, index: player_number, one-to-many: jw.lab4.checkers.Database.Player
01:28:09.465 [main] DEBUG o.hibernate.cfg.CollectionSecondPass - Second pass for collection: jw.lab4.checkers.Database.Game.moves
01:28:09.465 [main] INFO  org.hibernate.cfg.HbmBinder - Mapping collection: jw.lab4.checkers.Database.Game.moves -> Moves
01:28:09.465 [main] DEBUG o.hibernate.cfg.CollectionSecondPass - Mapped collection key: game_id, index: move_id, one-to-many: jw.lab4.checkers.Database.Move
01:28:09.465 [main] DEBUG org.hibernate.cfg.Configuration - processing native query and ResultSetMapping mappings
01:28:09.465 [main] DEBUG org.hibernate.cfg.Configuration - processing association property references
01:28:09.465 [main] DEBUG org.hibernate.cfg.Configuration - processing foreign key constraints
01:28:09.465 [main] DEBUG org.hibernate.cfg.Configuration - resolving reference to class: jw.lab4.checkers.Database.Game
01:28:09.465 [main] DEBUG org.hibernate.cfg.Configuration - resolving reference to class: jw.lab4.checkers.Database.Game
01:28:09.466 [main] INFO  org.hibernate.cfg.Configuration - Hibernate Validator not found: ignoring
01:28:09.466 [main] DEBUG org.hibernate.cfg.Configuration - Preparing to build session factory with filters : {}
01:28:09.467 [main] DEBUG org.hibernate.cfg.Configuration - Processing hbm.xml files
01:28:09.467 [main] DEBUG org.hibernate.cfg.Configuration - Process annotated classes
01:28:09.467 [main] DEBUG org.hibernate.cfg.Configuration - processing fk mappings (*ToOne and JoinedSubclass)
01:28:09.467 [main] DEBUG org.hibernate.cfg.Configuration - processing extends queue
01:28:09.467 [main] DEBUG org.hibernate.cfg.Configuration - processing extends queue
01:28:09.467 [main] DEBUG org.hibernate.cfg.Configuration - processing collection mappings
01:28:09.467 [main] DEBUG org.hibernate.cfg.Configuration - processing native query and ResultSetMapping mappings
01:28:09.467 [main] DEBUG org.hibernate.cfg.Configuration - processing association property references
01:28:09.467 [main] DEBUG org.hibernate.cfg.Configuration - processing foreign key constraints
01:28:09.467 [main] DEBUG org.hibernate.cfg.Configuration - resolving reference to class: jw.lab4.checkers.Database.Game
01:28:09.467 [main] DEBUG org.hibernate.cfg.Configuration - resolving reference to class: jw.lab4.checkers.Database.Game
01:28:09.467 [main] DEBUG org.hibernate.cfg.Configuration - Legacy Validator not present in classpath, ignoring event listener registration
01:28:09.468 [main] DEBUG o.h.c.s.HibernateSearchEventListenerRegister - Search not present in classpath, ignoring event listener registration.
01:28:09.468 [main] INFO  o.h.c.s.HibernateSearchEventListenerRegister - Unable to find org.hibernate.search.event.FullTextIndexEventListener on the classpath. Hibernate Search is not enabled.
01:28:09.468 [main] INFO  o.h.c.ConnectionProviderFactory - Initializing connection provider: org.springframework.orm.hibernate3.LocalDataSourceConnectionProvider
01:28:09.482 [main] INFO  org.hibernate.dialect.Dialect - Using dialect: org.hibernate.dialect.MySQLDialect
01:28:09.483 [main] INFO  o.h.engine.jdbc.JdbcSupportLoader - Disabling contextual LOB creation as JDBC driver reported JDBC version [3] less than 4
01:28:09.483 [main] INFO  org.hibernate.cfg.SettingsFactory - Database ->
       name : MySQL
    version : 5.5.5-10.6.5-MariaDB
      major : 5
      minor : 5
01:28:09.483 [main] INFO  org.hibernate.cfg.SettingsFactory - Driver ->
       name : MySQL-AB JDBC Driver
    version : mysql-connector-java-5.1.9 ( Revision: ${svn.Revision} )
      major : 5
      minor : 1
01:28:09.483 [main] INFO  o.h.t.TransactionFactoryFactory - Transaction strategy: org.springframework.orm.hibernate3.SpringTransactionFactory
01:28:09.483 [main] INFO  o.h.t.TransactionManagerLookupFactory - No TransactionManagerLookup configured (in JTA environment, use of read-write or transactional second-level cache is not recommended)
01:28:09.483 [main] INFO  org.hibernate.cfg.SettingsFactory - Automatic flush during beforeCompletion(): disabled
01:28:09.483 [main] INFO  org.hibernate.cfg.SettingsFactory - Automatic session close at end of transaction: disabled
01:28:09.483 [main] INFO  org.hibernate.cfg.SettingsFactory - JDBC batch size: 15
01:28:09.483 [main] INFO  org.hibernate.cfg.SettingsFactory - JDBC batch updates for versioned data: disabled
01:28:09.483 [main] INFO  org.hibernate.cfg.SettingsFactory - Scrollable result sets: enabled
01:28:09.483 [main] DEBUG org.hibernate.cfg.SettingsFactory - Wrap result sets: disabled
01:28:09.483 [main] INFO  org.hibernate.cfg.SettingsFactory - JDBC3 getGeneratedKeys(): enabled
01:28:09.483 [main] INFO  org.hibernate.cfg.SettingsFactory - Connection release mode: auto
01:28:09.483 [main] INFO  org.hibernate.cfg.SettingsFactory - Maximum outer join fetch depth: 2
01:28:09.483 [main] INFO  org.hibernate.cfg.SettingsFactory - Default batch fetch size: 1
01:28:09.483 [main] INFO  org.hibernate.cfg.SettingsFactory - Generate SQL with comments: disabled
01:28:09.483 [main] INFO  org.hibernate.cfg.SettingsFactory - Order SQL updates by primary key: disabled
01:28:09.483 [main] INFO  org.hibernate.cfg.SettingsFactory - Order SQL inserts for batching: disabled
01:28:09.483 [main] INFO  org.hibernate.cfg.SettingsFactory - Query translator: org.hibernate.hql.ast.ASTQueryTranslatorFactory
01:28:09.483 [main] INFO  o.h.h.ast.ASTQueryTranslatorFactory - Using ASTQueryTranslatorFactory
01:28:09.483 [main] INFO  org.hibernate.cfg.SettingsFactory - Query language substitutions: {}
01:28:09.483 [main] INFO  org.hibernate.cfg.SettingsFactory - JPA-QL strict compliance: disabled
01:28:09.483 [main] INFO  org.hibernate.cfg.SettingsFactory - Second-level cache: enabled
01:28:09.483 [main] INFO  org.hibernate.cfg.SettingsFactory - Query cache: disabled
01:28:09.483 [main] INFO  org.hibernate.cfg.SettingsFactory - Cache region factory : org.hibernate.cache.impl.NoCachingRegionFactory
01:28:09.483 [main] INFO  org.hibernate.cfg.SettingsFactory - Optimize cache for minimal puts: disabled
01:28:09.483 [main] INFO  org.hibernate.cfg.SettingsFactory - Structured second-level cache entries: disabled
01:28:09.483 [main] INFO  org.hibernate.cfg.SettingsFactory - Statistics: disabled
01:28:09.483 [main] INFO  org.hibernate.cfg.SettingsFactory - Deleted entity synthetic identifier rollback: disabled
01:28:09.483 [main] INFO  org.hibernate.cfg.SettingsFactory - Default entity-mode: pojo
01:28:09.483 [main] INFO  org.hibernate.cfg.SettingsFactory - Named query checking : enabled
01:28:09.483 [main] INFO  org.hibernate.cfg.SettingsFactory - Check Nullability in Core (should be disabled when Bean Validation is on): enabled
01:28:09.486 [main] INFO  o.hibernate.impl.SessionFactoryImpl - building session factory
01:28:09.487 [main] DEBUG o.hibernate.impl.SessionFactoryImpl - Statistics initialized [enabled=false]}
01:28:09.487 [main] DEBUG org.hibernate.type.BasicTypeRegistry - Adding type registration boolean -> org.hibernate.type.BooleanType@50d13246
01:28:09.487 [main] DEBUG org.hibernate.type.BasicTypeRegistry - Adding type registration boolean -> org.hibernate.type.BooleanType@50d13246
01:28:09.487 [main] DEBUG org.hibernate.type.BasicTypeRegistry - Adding type registration java.lang.Boolean -> org.hibernate.type.BooleanType@50d13246
01:28:09.487 [main] DEBUG org.hibernate.type.BasicTypeRegistry - Adding type registration numeric_boolean -> org.hibernate.type.NumericBooleanType@6f63b475
01:28:09.487 [main] DEBUG org.hibernate.type.BasicTypeRegistry - Adding type registration true_false -> org.hibernate.type.TrueFalseType@1a20270e
01:28:09.487 [main] DEBUG org.hibernate.type.BasicTypeRegistry - Adding type registration yes_no -> org.hibernate.type.YesNoType@34158c08
01:28:09.487 [main] DEBUG org.hibernate.type.BasicTypeRegistry - Adding type registration byte -> org.hibernate.type.ByteType@3fc9504b
01:28:09.487 [main] DEBUG org.hibernate.type.BasicTypeRegistry - Adding type registration byte -> org.hibernate.type.ByteType@3fc9504b
01:28:09.487 [main] DEBUG org.hibernate.type.BasicTypeRegistry - Adding type registration java.lang.Byte -> org.hibernate.type.ByteType@3fc9504b
01:28:09.487 [main] DEBUG org.hibernate.type.BasicTypeRegistry - Adding type registration character -> org.hibernate.type.CharacterType@72437d8d
01:28:09.487 [main] DEBUG org.hibernate.type.BasicTypeRegistry - Adding type registration char -> org.hibernate.type.CharacterType@72437d8d
01:28:09.487 [main] DEBUG org.hibernate.type.BasicTypeRegistry - Adding type registration java.lang.Character -> org.hibernate.type.CharacterType@72437d8d
01:28:09.487 [main] DEBUG org.hibernate.type.BasicTypeRegistry - Adding type registration short -> org.hibernate.type.ShortType@3a4621bd
01:28:09.487 [main] DEBUG org.hibernate.type.BasicTypeRegistry - Adding type registration short -> org.hibernate.type.ShortType@3a4621bd
01:28:09.487 [main] DEBUG org.hibernate.type.BasicTypeRegistry - Adding type registration java.lang.Short -> org.hibernate.type.ShortType@3a4621bd
01:28:09.487 [main] DEBUG org.hibernate.type.BasicTypeRegistry - Adding type registration integer -> org.hibernate.type.IntegerType@40db2a24
01:28:09.487 [main] DEBUG org.hibernate.type.BasicTypeRegistry - Adding type registration int -> org.hibernate.type.IntegerType@40db2a24
01:28:09.487 [main] DEBUG org.hibernate.type.BasicTypeRegistry - Adding type registration java.lang.Integer -> org.hibernate.type.IntegerType@40db2a24
01:28:09.487 [main] DEBUG org.hibernate.type.BasicTypeRegistry - Adding type registration long -> org.hibernate.type.LongType@30af5b6b
01:28:09.487 [main] DEBUG org.hibernate.type.BasicTypeRegistry - Adding type registration long -> org.hibernate.type.LongType@30af5b6b
01:28:09.487 [main] DEBUG org.hibernate.type.BasicTypeRegistry - Adding type registration java.lang.Long -> org.hibernate.type.LongType@30af5b6b
01:28:09.487 [main] DEBUG org.hibernate.type.BasicTypeRegistry - Adding type registration float -> org.hibernate.type.FloatType@2e1ef60
01:28:09.487 [main] DEBUG org.hibernate.type.BasicTypeRegistry - Adding type registration float -> org.hibernate.type.FloatType@2e1ef60
01:28:09.487 [main] DEBUG org.hibernate.type.BasicTypeRegistry - Adding type registration java.lang.Float -> org.hibernate.type.FloatType@2e1ef60
01:28:09.487 [main] DEBUG org.hibernate.type.BasicTypeRegistry - Adding type registration double -> org.hibernate.type.DoubleType@1b7c473a
01:28:09.487 [main] DEBUG org.hibernate.type.BasicTypeRegistry - Adding type registration double -> org.hibernate.type.DoubleType@1b7c473a
01:28:09.487 [main] DEBUG org.hibernate.type.BasicTypeRegistry - Adding type registration java.lang.Double -> org.hibernate.type.DoubleType@1b7c473a
01:28:09.487 [main] DEBUG org.hibernate.type.BasicTypeRegistry - Adding type registration big_decimal -> org.hibernate.type.BigDecimalType@71812481
01:28:09.487 [main] DEBUG org.hibernate.type.BasicTypeRegistry - Adding type registration java.math.BigDecimal -> org.hibernate.type.BigDecimalType@71812481
01:28:09.487 [main] DEBUG org.hibernate.type.BasicTypeRegistry - Adding type registration big_integer -> org.hibernate.type.BigIntegerType@561868a0
01:28:09.487 [main] DEBUG org.hibernate.type.BasicTypeRegistry - Adding type registration java.math.BigInteger -> org.hibernate.type.BigIntegerType@561868a0
01:28:09.487 [main] DEBUG org.hibernate.type.BasicTypeRegistry - Adding type registration string -> org.hibernate.type.StringType@42bc14c1
01:28:09.487 [main] DEBUG org.hibernate.type.BasicTypeRegistry - Adding type registration java.lang.String -> org.hibernate.type.StringType@42bc14c1
01:28:09.487 [main] DEBUG org.hibernate.type.BasicTypeRegistry - Adding type registration url -> org.hibernate.type.UrlType@25aca718
01:28:09.487 [main] DEBUG org.hibernate.type.BasicTypeRegistry - Adding type registration java.net.URL -> org.hibernate.type.UrlType@25aca718
01:28:09.487 [main] DEBUG org.hibernate.type.BasicTypeRegistry - Adding type registration date -> org.hibernate.type.DateType@289710d9
01:28:09.487 [main] DEBUG org.hibernate.type.BasicTypeRegistry - Adding type registration java.sql.Date -> org.hibernate.type.DateType@289710d9
01:28:09.487 [main] DEBUG org.hibernate.type.BasicTypeRegistry - Adding type registration time -> org.hibernate.type.TimeType@3e7dd664
01:28:09.487 [main] DEBUG org.hibernate.type.BasicTypeRegistry - Adding type registration java.sql.Time -> org.hibernate.type.TimeType@3e7dd664
01:28:09.487 [main] DEBUG org.hibernate.type.BasicTypeRegistry - Adding type registration timestamp -> org.hibernate.type.TimestampType@525575
01:28:09.487 [main] DEBUG org.hibernate.type.BasicTypeRegistry - Adding type registration java.sql.Timestamp -> org.hibernate.type.TimestampType@525575
01:28:09.487 [main] DEBUG org.hibernate.type.BasicTypeRegistry - Adding type registration java.util.Date -> org.hibernate.type.TimestampType@525575
01:28:09.487 [main] DEBUG org.hibernate.type.BasicTypeRegistry - Adding type registration dbtimestamp -> org.hibernate.type.DbTimestampType@6ad3381f
01:28:09.487 [main] DEBUG org.hibernate.type.BasicTypeRegistry - Adding type registration calendar -> org.hibernate.type.CalendarType@18a136ac
01:28:09.487 [main] DEBUG org.hibernate.type.BasicTypeRegistry - Adding type registration java.util.Calendar -> org.hibernate.type.CalendarType@18a136ac
01:28:09.487 [main] DEBUG org.hibernate.type.BasicTypeRegistry - Adding type registration java.util.GregorianCalendar -> org.hibernate.type.CalendarType@18a136ac
01:28:09.487 [main] DEBUG org.hibernate.type.BasicTypeRegistry - Adding type registration calendar_date -> org.hibernate.type.CalendarDateType@421bba99
01:28:09.487 [main] DEBUG org.hibernate.type.BasicTypeRegistry - Adding type registration locale -> org.hibernate.type.LocaleType@4fad9bb2
01:28:09.487 [main] DEBUG org.hibernate.type.BasicTypeRegistry - Adding type registration java.util.Locale -> org.hibernate.type.LocaleType@4fad9bb2
01:28:09.487 [main] DEBUG org.hibernate.type.BasicTypeRegistry - Adding type registration currency -> org.hibernate.type.CurrencyType@38831718
01:28:09.487 [main] DEBUG org.hibernate.type.BasicTypeRegistry - Adding type registration java.util.Currency -> org.hibernate.type.CurrencyType@38831718
01:28:09.487 [main] DEBUG org.hibernate.type.BasicTypeRegistry - Adding type registration timezone -> org.hibernate.type.TimeZoneType@512535ff
01:28:09.487 [main] DEBUG org.hibernate.type.BasicTypeRegistry - Adding type registration java.util.TimeZone -> org.hibernate.type.TimeZoneType@512535ff
01:28:09.487 [main] DEBUG org.hibernate.type.BasicTypeRegistry - Adding type registration class -> org.hibernate.type.ClassType@7241a47d
01:28:09.487 [main] DEBUG org.hibernate.type.BasicTypeRegistry - Adding type registration java.lang.Class -> org.hibernate.type.ClassType@7241a47d
01:28:09.488 [main] DEBUG org.hibernate.type.BasicTypeRegistry - Adding type registration uuid-binary -> org.hibernate.type.UUIDBinaryType@a22cb6a
01:28:09.488 [main] DEBUG org.hibernate.type.BasicTypeRegistry - Adding type registration java.util.UUID -> org.hibernate.type.UUIDBinaryType@a22cb6a
01:28:09.488 [main] DEBUG org.hibernate.type.BasicTypeRegistry - Adding type registration uuid-char -> org.hibernate.type.UUIDCharType@324a0017
01:28:09.488 [main] DEBUG org.hibernate.type.BasicTypeRegistry - Adding type registration pg-uuid -> org.hibernate.type.PostgresUUIDType@22bac7bc
01:28:09.488 [main] DEBUG org.hibernate.type.BasicTypeRegistry - Adding type registration binary -> org.hibernate.type.BinaryType@43f82e78
01:28:09.488 [main] DEBUG org.hibernate.type.BasicTypeRegistry - Adding type registration byte[] -> org.hibernate.type.BinaryType@43f82e78
01:28:09.488 [main] DEBUG org.hibernate.type.BasicTypeRegistry - Adding type registration [B -> org.hibernate.type.BinaryType@43f82e78
01:28:09.488 [main] DEBUG org.hibernate.type.BasicTypeRegistry - Adding type registration wrapper-binary -> org.hibernate.type.WrapperBinaryType@530712d
01:28:09.488 [main] DEBUG org.hibernate.type.BasicTypeRegistry - Adding type registration Byte[] -> org.hibernate.type.WrapperBinaryType@530712d
01:28:09.488 [main] DEBUG org.hibernate.type.BasicTypeRegistry - Adding type registration [Ljava.lang.Byte; -> org.hibernate.type.WrapperBinaryType@530712d
01:28:09.488 [main] DEBUG org.hibernate.type.BasicTypeRegistry - Adding type registration image -> org.hibernate.type.ImageType@45fd9a4d
01:28:09.488 [main] DEBUG org.hibernate.type.BasicTypeRegistry - Adding type registration characters -> org.hibernate.type.CharArrayType@16c63f5
01:28:09.488 [main] DEBUG org.hibernate.type.BasicTypeRegistry - Adding type registration char[] -> org.hibernate.type.CharArrayType@16c63f5
01:28:09.488 [main] DEBUG org.hibernate.type.BasicTypeRegistry - Adding type registration [C -> org.hibernate.type.CharArrayType@16c63f5
01:28:09.488 [main] DEBUG org.hibernate.type.BasicTypeRegistry - Adding type registration wrapper-characters -> org.hibernate.type.CharacterArrayType@74eb909f
01:28:09.488 [main] DEBUG org.hibernate.type.BasicTypeRegistry - Adding type registration [Ljava.lang.Character; -> org.hibernate.type.CharacterArrayType@74eb909f
01:28:09.488 [main] DEBUG org.hibernate.type.BasicTypeRegistry - Adding type registration Character[] -> org.hibernate.type.CharacterArrayType@74eb909f
01:28:09.488 [main] DEBUG org.hibernate.type.BasicTypeRegistry - Adding type registration text -> org.hibernate.type.TextType@13d9b21f
01:28:09.488 [main] DEBUG org.hibernate.type.BasicTypeRegistry - Adding type registration blob -> org.hibernate.type.BlobType@6179e425
01:28:09.488 [main] DEBUG org.hibernate.type.BasicTypeRegistry - Adding type registration java.sql.Blob -> org.hibernate.type.BlobType@6179e425
01:28:09.488 [main] DEBUG org.hibernate.type.BasicTypeRegistry - Adding type registration materialized_blob -> org.hibernate.type.MaterializedBlobType@49c6c24f
01:28:09.488 [main] DEBUG org.hibernate.type.BasicTypeRegistry - Adding type registration wrapper_materialized_blob -> org.hibernate.type.WrappedMaterializedBlobType@6399551e
01:28:09.488 [main] DEBUG org.hibernate.type.BasicTypeRegistry - Adding type registration clob -> org.hibernate.type.ClobType@604c5de8
01:28:09.488 [main] DEBUG org.hibernate.type.BasicTypeRegistry - Adding type registration java.sql.Clob -> org.hibernate.type.ClobType@604c5de8
01:28:09.488 [main] DEBUG org.hibernate.type.BasicTypeRegistry - Adding type registration materialized_clob -> org.hibernate.type.MaterializedClobType@550a1967
01:28:09.488 [main] DEBUG org.hibernate.type.BasicTypeRegistry - Adding type registration wrapper_characters_clob -> org.hibernate.type.CharacterArrayClobType@5d8bafa9
01:28:09.488 [main] DEBUG org.hibernate.type.BasicTypeRegistry - Adding type registration characters_clob -> org.hibernate.type.PrimitiveCharacterArrayClobType@ff684e1
01:28:09.488 [main] DEBUG org.hibernate.type.BasicTypeRegistry - Adding type registration serializable -> org.hibernate.type.SerializableType@1e8ce150
01:28:09.488 [main] DEBUG org.hibernate.type.BasicTypeRegistry - Adding type registration object -> org.hibernate.type.ObjectType@75cd8043
01:28:09.488 [main] DEBUG org.hibernate.type.BasicTypeRegistry - Adding type registration java.lang.Object -> org.hibernate.type.ObjectType@75cd8043
01:28:09.488 [main] DEBUG org.hibernate.type.BasicTypeRegistry - Adding type registration imm_date -> org.hibernate.type.AdaptedImmutableType@1455154c
01:28:09.488 [main] DEBUG org.hibernate.type.BasicTypeRegistry - Adding type registration imm_time -> org.hibernate.type.AdaptedImmutableType@7343922c
01:28:09.488 [main] DEBUG org.hibernate.type.BasicTypeRegistry - Adding type registration imm_timestamp -> org.hibernate.type.AdaptedImmutableType@526b2f3e
01:28:09.488 [main] DEBUG org.hibernate.type.BasicTypeRegistry - Adding type registration imm_dbtimestamp -> org.hibernate.type.AdaptedImmutableType@6f2e1024
01:28:09.488 [main] DEBUG org.hibernate.type.BasicTypeRegistry - Adding type registration imm_calendar -> org.hibernate.type.AdaptedImmutableType@536d97f8
01:28:09.488 [main] DEBUG org.hibernate.type.BasicTypeRegistry - Adding type registration imm_calendar_date -> org.hibernate.type.AdaptedImmutableType@3c50ad4b
01:28:09.488 [main] DEBUG org.hibernate.type.BasicTypeRegistry - Adding type registration imm_binary -> org.hibernate.type.AdaptedImmutableType@37496720
01:28:09.488 [main] DEBUG org.hibernate.type.BasicTypeRegistry - Adding type registration imm_serializable -> org.hibernate.type.AdaptedImmutableType@28f9fedd
01:28:09.488 [main] DEBUG org.hibernate.type.BasicTypeRegistry - Adding type registration clob -> org.hibernate.type.ClobType@5910de75
01:28:09.488 [main] INFO  org.hibernate.type.BasicTypeRegistry - Type registration [clob] overrides previous : org.hibernate.type.ClobType@604c5de8
01:28:09.488 [main] DEBUG org.hibernate.type.BasicTypeRegistry - Adding type registration java.sql.Clob -> org.hibernate.type.ClobType@5910de75
01:28:09.488 [main] INFO  org.hibernate.type.BasicTypeRegistry - Type registration [java.sql.Clob] overrides previous : org.hibernate.type.ClobType@604c5de8
01:28:09.488 [main] DEBUG org.hibernate.type.BasicTypeRegistry - Adding type registration blob -> org.hibernate.type.BlobType@5ef8df1e
01:28:09.488 [main] INFO  org.hibernate.type.BasicTypeRegistry - Type registration [blob] overrides previous : org.hibernate.type.BlobType@6179e425
01:28:09.488 [main] DEBUG org.hibernate.type.BasicTypeRegistry - Adding type registration java.sql.Blob -> org.hibernate.type.BlobType@5ef8df1e
01:28:09.488 [main] INFO  org.hibernate.type.BasicTypeRegistry - Type registration [java.sql.Blob] overrides previous : org.hibernate.type.BlobType@6179e425
01:28:09.488 [main] DEBUG org.hibernate.type.BasicTypeRegistry - Adding type registration characters_clob -> org.hibernate.type.PrimitiveCharacterArrayClobType@7e0aadd0
01:28:09.488 [main] INFO  org.hibernate.type.BasicTypeRegistry - Type registration [characters_clob] overrides previous : org.hibernate.type.PrimitiveCharacterArrayClobType@ff684e1
01:28:09.488 [main] DEBUG org.hibernate.type.BasicTypeRegistry - Adding type registration wrapper_materialized_blob -> org.hibernate.type.WrappedMaterializedBlobType@127e70c5
01:28:09.488 [main] INFO  org.hibernate.type.BasicTypeRegistry - Type registration [wrapper_materialized_blob] overrides previous : org.hibernate.type.WrappedMaterializedBlobType@6399551e
01:28:09.488 [main] DEBUG org.hibernate.type.BasicTypeRegistry - Adding type registration wrapper_characters_clob -> org.hibernate.type.CharacterArrayClobType@1f130eaf
01:28:09.488 [main] INFO  org.hibernate.type.BasicTypeRegistry - Type registration [wrapper_characters_clob] overrides previous : org.hibernate.type.CharacterArrayClobType@5d8bafa9
01:28:09.488 [main] DEBUG org.hibernate.type.BasicTypeRegistry - Adding type registration materialized_blob -> org.hibernate.type.MaterializedBlobType@27cf3151
01:28:09.488 [main] INFO  org.hibernate.type.BasicTypeRegistry - Type registration [materialized_blob] overrides previous : org.hibernate.type.MaterializedBlobType@49c6c24f
01:28:09.488 [main] DEBUG org.hibernate.type.BasicTypeRegistry - Adding type registration materialized_clob -> org.hibernate.type.MaterializedClobType@4108fa66
01:28:09.488 [main] INFO  org.hibernate.type.BasicTypeRegistry - Type registration [materialized_clob] overrides previous : org.hibernate.type.MaterializedClobType@550a1967
01:28:09.488 [main] DEBUG o.hibernate.impl.SessionFactoryImpl - Session factory constructed with filter configurations : {}
01:28:09.488 [main] DEBUG o.hibernate.impl.SessionFactoryImpl - instantiating session factory with properties: {java.specification.version=17, sun.jnu.encoding=UTF-8, sun.arch.data.model=64, java.vendor.url=https://openjdk.java.net/, hibernate.transaction.factory_class=org.springframework.orm.hibernate3.SpringTransactionFactory, sun.boot.library.path=/usr/lib/jvm/java-17-openjdk/lib, sun.java.command=/home/jak/studia/Technologia/Lab4/target/surefire/surefirebooter8542412173332080337.jar /home/jak/studia/Technologia/Lab4/target/surefire 2022-01-30T01-28-04_906-jvmRun1 surefire561957949992343055tmp surefire_014556903606462195719tmp, hibernate.connection.provider_class=org.springframework.orm.hibernate3.LocalDataSourceConnectionProvider, jdk.debug=release, java.specification.vendor=Oracle Corporation, java.version.date=2021-10-19, java.home=/usr/lib/jvm/java-17-openjdk, file.separator=/, basedir=/home/jak/studia/Technologia/Lab4, java.vm.compressedOopsMode=32-bit, line.separator=
, java.specification.name=Java Platform API Specification, java.vm.specification.vendor=Oracle Corporation, sun.management.compiler=HotSpot 64-Bit Tiered Compilers, java.runtime.version=17.0.1+12, user.name=jak, file.encoding=UTF-8, hibernate.current_session_context_class=org.springframework.orm.hibernate3.SpringSessionContext, localRepository=/home/jak/.m2/repository, java.io.tmpdir=/tmp, java.version=17.0.1, java.vm.specification.name=Java Virtual Machine Specification, native.encoding=UTF-8, java.library.path=/usr/java/packages/lib:/usr/lib64:/lib64:/lib:/usr/lib, java.vendor=N/A, sun.io.unicode.encoding=UnicodeLittle, hibernate.dialect=org.hibernate.dialect.MySQLDialect, java.class.path=/home/jak/studia/Technologia/Lab4/target/test-classes:/home/jak/studia/Technologia/Lab4/target/classes:/home/jak/.m2/repository/junit/junit/4.11/junit-4.11.jar:/home/jak/.m2/repository/org/hamcrest/hamcrest-core/1.3/hamcrest-core-1.3.jar:/home/jak/.m2/repository/org/springframework/spring-context/4.0.3.RELEASE/spring-context-4.0.3.RELEASE.jar:/home/jak/.m2/repository/org/springframework/spring-aop/4.0.3.RELEASE/spring-aop-4.0.3.RELEASE.jar:/home/jak/.m2/repository/aopalliance/aopalliance/1.0/aopalliance-1.0.jar:/home/jak/.m2/repository/org/springframework/spring-beans/4.0.3.RELEASE/spring-beans-4.0.3.RELEASE.jar:/home/jak/.m2/repository/org/springframework/spring-core/4.0.3.RELEASE/spring-core-4.0.3.RELEASE.jar:/home/jak/.m2/repository/commons-logging/commons-logging/1.1.3/commons-logging-1.1.3.jar:/home/jak/.m2/repository/org/springframework/spring-expression/4.0.3.RELEASE/spring-expression-4.0.3.RELEASE.jar:/home/jak/.m2/repository/org/springframework/spring-tx/4.0.3.RELEASE/spring-tx-4.0.3.RELEASE.jar:/home/jak/.m2/repository/org/springframework/spring-orm/4.0.3.RELEASE/spring-orm-4.0.3.RELEASE.jar:/home/jak/.m2/repository/org/springframework/spring-jdbc/4.0.3.RELEASE/spring-jdbc-4.0.3.RELEASE.jar:/home/jak/.m2/repository/org/slf4j/slf4j-api/1.7.5/slf4j-api-1.7.5.jar:/home/jak/.m2/repository/ch/qos/logback/logback-classic/1.0.13/logback-classic-1.0.13.jar:/home/jak/.m2/repository/ch/qos/logback/logback-core/1.0.13/logback-core-1.0.13.jar:/home/jak/.m2/repository/org/hibernate/hibernate-entitymanager/3.6.9.Final/hibernate-entitymanager-3.6.9.Final.jar:/home/jak/.m2/repository/cglib/cglib/2.2/cglib-2.2.jar:/home/jak/.m2/repository/asm/asm/3.1/asm-3.1.jar:/home/jak/.m2/repository/javassist/javassist/3.12.0.GA/javassist-3.12.0.GA.jar:/home/jak/.m2/repository/org/hibernate/javax/persistence/hibernate-jpa-2.0-api/1.0.1.Final/hibernate-jpa-2.0-api-1.0.1.Final.jar:/home/jak/.m2/repository/org/hibernate/hibernate-core/3.6.9.Final/hibernate-core-3.6.9.Final.jar:/home/jak/.m2/repository/antlr/antlr/2.7.6/antlr-2.7.6.jar:/home/jak/.m2/repository/commons-collections/commons-collections/3.1/commons-collections-3.1.jar:/home/jak/.m2/repository/dom4j/dom4j/1.6.1/dom4j-1.6.1.jar:/home/jak/.m2/repository/org/hibernate/hibernate-commons-annotations/3.2.0.Final/hibernate-commons-annotations-3.2.0.Final.jar:/home/jak/.m2/repository/javax/transaction/jta/1.1/jta-1.1.jar:/home/jak/.m2/repository/mysql/mysql-connector-java/5.1.9/mysql-connector-java-5.1.9.jar:/home/jak/.m2/repository/commons-dbcp/commons-dbcp/1.4/commons-dbcp-1.4.jar:/home/jak/.m2/repository/commons-pool/commons-pool/1.5.4/commons-pool-1.5.4.jar:, java.vm.vendor=Oracle Corporation, user.timezone=Europe/Warsaw, java.vm.specification.version=17, os.name=Linux, sun.java.launcher=SUN_STANDARD, user.country=US, surefire.test.class.path=/home/jak/studia/Technologia/Lab4/target/test-classes:/home/jak/studia/Technologia/Lab4/target/classes:/home/jak/.m2/repository/junit/junit/4.11/junit-4.11.jar:/home/jak/.m2/repository/org/hamcrest/hamcrest-core/1.3/hamcrest-core-1.3.jar:/home/jak/.m2/repository/org/springframework/spring-context/4.0.3.RELEASE/spring-context-4.0.3.RELEASE.jar:/home/jak/.m2/repository/org/springframework/spring-aop/4.0.3.RELEASE/spring-aop-4.0.3.RELEASE.jar:/home/jak/.m2/repository/aopalliance/aopalliance/1.0/aopalliance-1.0.jar:/home/jak/.m2/repository/org/springframework/spring-beans/4.0.3.RELEASE/spring-beans-4.0.3.RELEASE.jar:/home/jak/.m2/repository/org/springframework/spring-core/4.0.3.RELEASE/spring-core-4.0.3.RELEASE.jar:/home/jak/.m2/repository/commons-logging/commons-logging/1.1.3/commons-logging-1.1.3.jar:/home/jak/.m2/repository/org/springframework/spring-expression/4.0.3.RELEASE/spring-expression-4.0.3.RELEASE.jar:/home/jak/.m2/repository/org/springframework/spring-tx/4.0.3.RELEASE/spring-tx-4.0.3.RELEASE.jar:/home/jak/.m2/repository/org/springframework/spring-orm/4.0.3.RELEASE/spring-orm-4.0.3.RELEASE.jar:/home/jak/.m2/repository/org/springframework/spring-jdbc/4.0.3.RELEASE/spring-jdbc-4.0.3.RELEASE.jar:/home/jak/.m2/repository/org/slf4j/slf4j-api/1.7.5/slf4j-api-1.7.5.jar:/home/jak/.m2/repository/ch/qos/logback/logback-classic/1.0.13/logback-classic-1.0.13.jar:/home/jak/.m2/repository/ch/qos/logback/logback-core/1.0.13/logback-core-1.0.13.jar:/home/jak/.m2/repository/org/hibernate/hibernate-entitymanager/3.6.9.Final/hibernate-entitymanager-3.6.9.Final.jar:/home/jak/.m2/repository/cglib/cglib/2.2/cglib-2.2.jar:/home/jak/.m2/repository/asm/asm/3.1/asm-3.1.jar:/home/jak/.m2/repository/javassist/javassist/3.12.0.GA/javassist-3.12.0.GA.jar:/home/jak/.m2/repository/org/hibernate/javax/persistence/hibernate-jpa-2.0-api/1.0.1.Final/hibernate-jpa-2.0-api-1.0.1.Final.jar:/home/jak/.m2/repository/org/hibernate/hibernate-core/3.6.9.Final/hibernate-core-3.6.9.Final.jar:/home/jak/.m2/repository/antlr/antlr/2.7.6/antlr-2.7.6.jar:/home/jak/.m2/repository/commons-collections/commons-collections/3.1/commons-collections-3.1.jar:/home/jak/.m2/repository/dom4j/dom4j/1.6.1/dom4j-1.6.1.jar:/home/jak/.m2/repository/org/hibernate/hibernate-commons-annotations/3.2.0.Final/hibernate-commons-annotations-3.2.0.Final.jar:/home/jak/.m2/repository/javax/transaction/jta/1.1/jta-1.1.jar:/home/jak/.m2/repository/mysql/mysql-connector-java/5.1.9/mysql-connector-java-5.1.9.jar:/home/jak/.m2/repository/commons-dbcp/commons-dbcp/1.4/commons-dbcp-1.4.jar:/home/jak/.m2/repository/commons-pool/commons-pool/1.5.4/commons-pool-1.5.4.jar:, sun.cpu.endian=little, user.home=/home/jak, user.language=en, surefire.real.class.path=/home/jak/studia/Technologia/Lab4/target/surefire/surefirebooter8542412173332080337.jar, path.separator=:, os.version=5.16.2-arch1-1, java.runtime.name=OpenJDK Runtime Environment, java.vm.name=OpenJDK 64-Bit Server VM, java.vendor.url.bug=https://bugreport.java.com/bugreport/, user.dir=/home/jak/studia/Technologia/Lab4, os.arch=amd64, java.vm.info=mixed mode, java.vm.version=17.0.1+12, hibernate.bytecode.use_reflection_optimizer=false, java.class.version=61.0}
01:28:09.489 [main] DEBUG o.h.i.f.DefaultIdentifierGeneratorFactory - Setting dialect [org.hibernate.dialect.MySQLDialect]
01:28:09.489 [main] DEBUG o.h.i.f.DefaultIdentifierGeneratorFactory - Setting dialect [org.hibernate.dialect.MySQLDialect]
01:28:09.489 [main] DEBUG o.h.i.f.DefaultIdentifierGeneratorFactory - Setting dialect [org.hibernate.dialect.MySQLDialect]
01:28:09.493 [main] ERROR o.h.proxy.pojo.BasicLazyInitializer - Javassist Enhancement failed: jw.lab4.checkers.Database.Game
java.lang.reflect.InaccessibleObjectException: Unable to make protected final java.lang.Class java.lang.ClassLoader.defineClass(java.lang.String,byte[],int,int,java.security.ProtectionDomain) throws java.lang.ClassFormatError accessible: module java.base does not "opens java.lang" to unnamed module @69a3d1d
	at java.base/java.lang.reflect.AccessibleObject.checkCanSetAccessible(AccessibleObject.java:354) ~[na:na]
	at java.base/java.lang.reflect.AccessibleObject.checkCanSetAccessible(AccessibleObject.java:297) ~[na:na]
	at java.base/java.lang.reflect.Method.checkCanSetAccessible(Method.java:199) ~[na:na]
	at java.base/java.lang.reflect.Method.setAccessible(Method.java:193) ~[na:na]
	at javassist.util.proxy.SecurityActions.setAccessible(SecurityActions.java:102) ~[javassist-3.12.0.GA.jar:na]
	at javassist.util.proxy.FactoryHelper.toClass2(FactoryHelper.java:180) ~[javassist-3.12.0.GA.jar:na]
	at javassist.util.proxy.FactoryHelper.toClass(FactoryHelper.java:163) ~[javassist-3.12.0.GA.jar:na]
	at javassist.util.proxy.ProxyFactory.createClass3(ProxyFactory.java:501) ~[javassist-3.12.0.GA.jar:na]
	at javassist.util.proxy.ProxyFactory.createClass2(ProxyFactory.java:486) ~[javassist-3.12.0.GA.jar:na]
	at javassist.util.proxy.ProxyFactory.createClass1(ProxyFactory.java:422) ~[javassist-3.12.0.GA.jar:na]
	at javassist.util.proxy.ProxyFactory.createClass(ProxyFactory.java:394) ~[javassist-3.12.0.GA.jar:na]
	at org.hibernate.proxy.pojo.javassist.JavassistLazyInitializer.getProxyFactory(JavassistLazyInitializer.java:162) ~[hibernate-core-3.6.9.Final.jar:3.6.9.Final]
	at org.hibernate.proxy.pojo.javassist.JavassistProxyFactory.postInstantiate(JavassistProxyFactory.java:65) ~[hibernate-core-3.6.9.Final.jar:3.6.9.Final]
	at org.hibernate.tuple.entity.PojoEntityTuplizer.buildProxyFactory(PojoEntityTuplizer.java:185) ~[hibernate-core-3.6.9.Final.jar:3.6.9.Final]
	at org.hibernate.tuple.entity.AbstractEntityTuplizer.<init>(AbstractEntityTuplizer.java:167) ~[hibernate-core-3.6.9.Final.jar:3.6.9.Final]
	at org.hibernate.tuple.entity.PojoEntityTuplizer.<init>(PojoEntityTuplizer.java:77) ~[hibernate-core-3.6.9.Final.jar:3.6.9.Final]
	at java.base/jdk.internal.reflect.NativeConstructorAccessorImpl.newInstance0(Native Method) ~[na:na]
	at java.base/jdk.internal.reflect.NativeConstructorAccessorImpl.newInstance(NativeConstructorAccessorImpl.java:77) ~[na:na]
	at java.base/jdk.internal.reflect.DelegatingConstructorAccessorImpl.newInstance(DelegatingConstructorAccessorImpl.java:45) ~[na:na]
	at java.base/java.lang.reflect.Constructor.newInstanceWithCaller(Constructor.java:499) ~[na:na]
	at java.base/java.lang.reflect.Constructor.newInstance(Constructor.java:480) ~[na:na]
	at org.hibernate.tuple.entity.EntityTuplizerFactory.constructTuplizer(EntityTuplizerFactory.java:105) ~[hibernate-core-3.6.9.Final.jar:3.6.9.Final]
	at org.hibernate.tuple.entity.EntityTuplizerFactory.constructDefaultTuplizer(EntityTuplizerFactory.java:133) ~[hibernate-core-3.6.9.Final.jar:3.6.9.Final]
	at org.hibernate.tuple.entity.EntityEntityModeToTuplizerMapping.<init>(EntityEntityModeToTuplizerMapping.java:80) ~[hibernate-core-3.6.9.Final.jar:3.6.9.Final]
	at org.hibernate.tuple.entity.EntityMetamodel.<init>(EntityMetamodel.java:322) ~[hibernate-core-3.6.9.Final.jar:3.6.9.Final]
	at org.hibernate.persister.entity.AbstractEntityPersister.<init>(AbstractEntityPersister.java:485) ~[hibernate-core-3.6.9.Final.jar:3.6.9.Final]
	at org.hibernate.persister.entity.SingleTableEntityPersister.<init>(SingleTableEntityPersister.java:133) ~[hibernate-core-3.6.9.Final.jar:3.6.9.Final]
	at org.hibernate.persister.PersisterFactory.createClassPersister(PersisterFactory.java:84) ~[hibernate-core-3.6.9.Final.jar:3.6.9.Final]
	at org.hibernate.impl.SessionFactoryImpl.<init>(SessionFactoryImpl.java:286) ~[hibernate-core-3.6.9.Final.jar:3.6.9.Final]
	at org.hibernate.cfg.Configuration.buildSessionFactory(Configuration.java:1872) ~[hibernate-core-3.6.9.Final.jar:3.6.9.Final]
	at org.springframework.orm.hibernate3.LocalSessionFactoryBean.newSessionFactory(LocalSessionFactoryBean.java:793) ~[spring-orm-4.0.3.RELEASE.jar:4.0.3.RELEASE]
	at org.springframework.orm.hibernate3.LocalSessionFactoryBean.buildSessionFactory(LocalSessionFactoryBean.java:715) ~[spring-orm-4.0.3.RELEASE.jar:4.0.3.RELEASE]
	at org.springframework.orm.hibernate3.AbstractSessionFactoryBean.afterPropertiesSet(AbstractSessionFactoryBean.java:189) ~[spring-orm-4.0.3.RELEASE.jar:4.0.3.RELEASE]
	at org.springframework.beans.factory.support.AbstractAutowireCapableBeanFactory.invokeInitMethods(AbstractAutowireCapableBeanFactory.java:1612) ~[spring-beans-4.0.3.RELEASE.jar:4.0.3.RELEASE]
	at org.springframework.beans.factory.support.AbstractAutowireCapableBeanFactory.initializeBean(AbstractAutowireCapableBeanFactory.java:1549) ~[spring-beans-4.0.3.RELEASE.jar:4.0.3.RELEASE]
	at org.springframework.beans.factory.support.AbstractAutowireCapableBeanFactory.doCreateBean(AbstractAutowireCapableBeanFactory.java:539) ~[spring-beans-4.0.3.RELEASE.jar:4.0.3.RELEASE]
	at org.springframework.beans.factory.support.AbstractAutowireCapableBeanFactory.createBean(AbstractAutowireCapableBeanFactory.java:475) ~[spring-beans-4.0.3.RELEASE.jar:4.0.3.RELEASE]
	at org.springframework.beans.factory.support.AbstractBeanFactory$1.getObject(AbstractBeanFactory.java:304) ~[spring-beans-4.0.3.RELEASE.jar:4.0.3.RELEASE]
	at org.springframework.beans.factory.support.DefaultSingletonBeanRegistry.getSingleton(DefaultSingletonBeanRegistry.java:228) ~[spring-beans-4.0.3.RELEASE.jar:4.0.3.RELEASE]
	at org.springframework.beans.factory.support.AbstractBeanFactory.doGetBean(AbstractBeanFactory.java:300) ~[spring-beans-4.0.3.RELEASE.jar:4.0.3.RELEASE]
	at org.springframework.beans.factory.support.AbstractBeanFactory.getBean(AbstractBeanFactory.java:195) ~[spring-beans-4.0.3.RELEASE.jar:4.0.3.RELEASE]
	at org.springframework.beans.factory.support.DefaultListableBeanFactory.preInstantiateSingletons(DefaultListableBeanFactory.java:684) ~[spring-beans-4.0.3.RELEASE.jar:4.0.3.RELEASE]
	at org.springframework.context.support.AbstractApplicationContext.finishBeanFactoryInitialization(AbstractApplicationContext.java:760) ~[spring-context-4.0.3.RELEASE.jar:4.0.3.RELEASE]
	at org.springframework.context.support.AbstractApplicationContext.refresh(AbstractApplicationContext.java:482) ~[spring-context-4.0.3.RELEASE.jar:4.0.3.RELEASE]
	at org.springframework.context.support.ClassPathXmlApplicationContext.<init>(ClassPathXmlApplicationContext.java:139) ~[spring-context-4.0.3.RELEASE.jar:4.0.3.RELEASE]
	at org.springframework.context.support.ClassPathXmlApplicationContext.<init>(ClassPathXmlApplicationContext.java:83) ~[spring-context-4.0.3.RELEASE.jar:4.0.3.RELEASE]
	at jw.lab4.checkers.UserSave.<init>(UserSave.java:13) ~[classes/:na]
	at jw.lab4.checkers.Game.start(Game.java:72) ~[classes/:na]
	at jw.lab4.checkers.Game.<init>(Game.java:36) ~[classes/:na]
	at jw.lab4.checkers.AppTest.differentGames(AppTest.java:62) ~[test-classes/:na]
	at java.base/jdk.internal.reflect.NativeMethodAccessorImpl.invoke0(Native Method) ~[na:na]
	at java.base/jdk.internal.reflect.NativeMethodAccessorImpl.invoke(NativeMethodAccessorImpl.java:77) ~[na:na]
	at java.base/jdk.internal.reflect.DelegatingMethodAccessorImpl.invoke(DelegatingMethodAccessorImpl.java:43) ~[na:na]
	at java.base/java.lang.reflect.Method.invoke(Method.java:568) ~[na:na]
	at org.junit.runners.model.FrameworkMethod$1.runReflectiveCall(FrameworkMethod.java:47) ~[junit-4.11.jar:na]
	at org.junit.internal.runners.model.ReflectiveCallable.run(ReflectiveCallable.java:12) ~[junit-4.11.jar:na]
	at org.junit.runners.model.FrameworkMethod.invokeExplosively(FrameworkMethod.java:44) ~[junit-4.11.jar:na]
	at org.junit.internal.runners.statements.InvokeMethod.evaluate(InvokeMethod.java:17) ~[junit-4.11.jar:na]
	at org.junit.runners.ParentRunner.runLeaf(ParentRunner.java:271) ~[junit-4.11.jar:na]
	at org.junit.runners.BlockJUnit4ClassRunner.runChild(BlockJUnit4ClassRunner.java:70) ~[junit-4.11.jar:na]
	at org.junit.runners.BlockJUnit4ClassRunner.runChild(BlockJUnit4ClassRunner.java:50) ~[junit-4.11.jar:na]
	at org.junit.runners.ParentRunner$3.run(ParentRunner.java:238) ~[junit-4.11.jar:na]
	at org.junit.runners.ParentRunner$1.schedule(ParentRunner.java:63) ~[junit-4.11.jar:na]
	at org.junit.runners.ParentRunner.runChildren(ParentRunner.java:236) ~[junit-4.11.jar:na]
	at org.junit.runners.ParentRunner.access$000(ParentRunner.java:53) ~[junit-4.11.jar:na]
	at org.junit.runners.ParentRunner$2.evaluate(ParentRunner.java:229) ~[junit-4.11.jar:na]
	at org.junit.runners.ParentRunner.run(ParentRunner.java:309) ~[junit-4.11.jar:na]
	at org.apache.maven.surefire.junit4.JUnit4Provider.execute(JUnit4Provider.java:365) ~[surefire-junit4-2.22.1.jar:2.22.1]
	at org.apache.maven.surefire.junit4.JUnit4Provider.executeWithRerun(JUnit4Provider.java:273) ~[surefire-junit4-2.22.1.jar:2.22.1]
	at org.apache.maven.surefire.junit4.JUnit4Provider.executeTestSet(JUnit4Provider.java:238) ~[surefire-junit4-2.22.1.jar:2.22.1]
	at org.apache.maven.surefire.junit4.JUnit4Provider.invoke(JUnit4Provider.java:159) ~[surefire-junit4-2.22.1.jar:2.22.1]
	at org.apache.maven.surefire.booter.ForkedBooter.invokeProviderInSameClassLoader(ForkedBooter.java:384) ~[surefire-booter-2.22.1.jar:2.22.1]
	at org.apache.maven.surefire.booter.ForkedBooter.runSuitesInProcess(ForkedBooter.java:345) ~[surefire-booter-2.22.1.jar:2.22.1]
	at org.apache.maven.surefire.booter.ForkedBooter.execute(ForkedBooter.java:126) ~[surefire-booter-2.22.1.jar:2.22.1]
	at org.apache.maven.surefire.booter.ForkedBooter.main(ForkedBooter.java:418) ~[surefire-booter-2.22.1.jar:2.22.1]
01:28:09.495 [main] WARN  o.h.tuple.entity.PojoEntityTuplizer - could not create proxy factory for:jw.lab4.checkers.Database.Game
org.hibernate.HibernateException: Javassist Enhancement failed: jw.lab4.checkers.Database.Game
	at org.hibernate.proxy.pojo.javassist.JavassistLazyInitializer.getProxyFactory(JavassistLazyInitializer.java:169) ~[hibernate-core-3.6.9.Final.jar:3.6.9.Final]
	at org.hibernate.proxy.pojo.javassist.JavassistProxyFactory.postInstantiate(JavassistProxyFactory.java:65) ~[hibernate-core-3.6.9.Final.jar:3.6.9.Final]
	at org.hibernate.tuple.entity.PojoEntityTuplizer.buildProxyFactory(PojoEntityTuplizer.java:185) ~[hibernate-core-3.6.9.Final.jar:3.6.9.Final]
	at org.hibernate.tuple.entity.AbstractEntityTuplizer.<init>(AbstractEntityTuplizer.java:167) ~[hibernate-core-3.6.9.Final.jar:3.6.9.Final]
	at org.hibernate.tuple.entity.PojoEntityTuplizer.<init>(PojoEntityTuplizer.java:77) ~[hibernate-core-3.6.9.Final.jar:3.6.9.Final]
	at java.base/jdk.internal.reflect.NativeConstructorAccessorImpl.newInstance0(Native Method) ~[na:na]
	at java.base/jdk.internal.reflect.NativeConstructorAccessorImpl.newInstance(NativeConstructorAccessorImpl.java:77) ~[na:na]
	at java.base/jdk.internal.reflect.DelegatingConstructorAccessorImpl.newInstance(DelegatingConstructorAccessorImpl.java:45) ~[na:na]
	at java.base/java.lang.reflect.Constructor.newInstanceWithCaller(Constructor.java:499) ~[na:na]
	at java.base/java.lang.reflect.Constructor.newInstance(Constructor.java:480) ~[na:na]
	at org.hibernate.tuple.entity.EntityTuplizerFactory.constructTuplizer(EntityTuplizerFactory.java:105) ~[hibernate-core-3.6.9.Final.jar:3.6.9.Final]
	at org.hibernate.tuple.entity.EntityTuplizerFactory.constructDefaultTuplizer(EntityTuplizerFactory.java:133) ~[hibernate-core-3.6.9.Final.jar:3.6.9.Final]
	at org.hibernate.tuple.entity.EntityEntityModeToTuplizerMapping.<init>(EntityEntityModeToTuplizerMapping.java:80) ~[hibernate-core-3.6.9.Final.jar:3.6.9.Final]
	at org.hibernate.tuple.entity.EntityMetamodel.<init>(EntityMetamodel.java:322) ~[hibernate-core-3.6.9.Final.jar:3.6.9.Final]
	at org.hibernate.persister.entity.AbstractEntityPersister.<init>(AbstractEntityPersister.java:485) ~[hibernate-core-3.6.9.Final.jar:3.6.9.Final]
	at org.hibernate.persister.entity.SingleTableEntityPersister.<init>(SingleTableEntityPersister.java:133) ~[hibernate-core-3.6.9.Final.jar:3.6.9.Final]
	at org.hibernate.persister.PersisterFactory.createClassPersister(PersisterFactory.java:84) ~[hibernate-core-3.6.9.Final.jar:3.6.9.Final]
	at org.hibernate.impl.SessionFactoryImpl.<init>(SessionFactoryImpl.java:286) ~[hibernate-core-3.6.9.Final.jar:3.6.9.Final]
	at org.hibernate.cfg.Configuration.buildSessionFactory(Configuration.java:1872) ~[hibernate-core-3.6.9.Final.jar:3.6.9.Final]
	at org.springframework.orm.hibernate3.LocalSessionFactoryBean.newSessionFactory(LocalSessionFactoryBean.java:793) ~[spring-orm-4.0.3.RELEASE.jar:4.0.3.RELEASE]
	at org.springframework.orm.hibernate3.LocalSessionFactoryBean.buildSessionFactory(LocalSessionFactoryBean.java:715) ~[spring-orm-4.0.3.RELEASE.jar:4.0.3.RELEASE]
	at org.springframework.orm.hibernate3.AbstractSessionFactoryBean.afterPropertiesSet(AbstractSessionFactoryBean.java:189) ~[spring-orm-4.0.3.RELEASE.jar:4.0.3.RELEASE]
	at org.springframework.beans.factory.support.AbstractAutowireCapableBeanFactory.invokeInitMethods(AbstractAutowireCapableBeanFactory.java:1612) ~[spring-beans-4.0.3.RELEASE.jar:4.0.3.RELEASE]
	at org.springframework.beans.factory.support.AbstractAutowireCapableBeanFactory.initializeBean(AbstractAutowireCapableBeanFactory.java:1549) ~[spring-beans-4.0.3.RELEASE.jar:4.0.3.RELEASE]
	at org.springframework.beans.factory.support.AbstractAutowireCapableBeanFactory.doCreateBean(AbstractAutowireCapableBeanFactory.java:539) ~[spring-beans-4.0.3.RELEASE.jar:4.0.3.RELEASE]
	at org.springframework.beans.factory.support.AbstractAutowireCapableBeanFactory.createBean(AbstractAutowireCapableBeanFactory.java:475) ~[spring-beans-4.0.3.RELEASE.jar:4.0.3.RELEASE]
	at org.springframework.beans.factory.support.AbstractBeanFactory$1.getObject(AbstractBeanFactory.java:304) ~[spring-beans-4.0.3.RELEASE.jar:4.0.3.RELEASE]
	at org.springframework.beans.factory.support.DefaultSingletonBeanRegistry.getSingleton(DefaultSingletonBeanRegistry.java:228) ~[spring-beans-4.0.3.RELEASE.jar:4.0.3.RELEASE]
	at org.springframework.beans.factory.support.AbstractBeanFactory.doGetBean(AbstractBeanFactory.java:300) ~[spring-beans-4.0.3.RELEASE.jar:4.0.3.RELEASE]
	at org.springframework.beans.factory.support.AbstractBeanFactory.getBean(AbstractBeanFactory.java:195) ~[spring-beans-4.0.3.RELEASE.jar:4.0.3.RELEASE]
	at org.springframework.beans.factory.support.DefaultListableBeanFactory.preInstantiateSingletons(DefaultListableBeanFactory.java:684) ~[spring-beans-4.0.3.RELEASE.jar:4.0.3.RELEASE]
	at org.springframework.context.support.AbstractApplicationContext.finishBeanFactoryInitialization(AbstractApplicationContext.java:760) ~[spring-context-4.0.3.RELEASE.jar:4.0.3.RELEASE]
	at org.springframework.context.support.AbstractApplicationContext.refresh(AbstractApplicationContext.java:482) ~[spring-context-4.0.3.RELEASE.jar:4.0.3.RELEASE]
	at org.springframework.context.support.ClassPathXmlApplicationContext.<init>(ClassPathXmlApplicationContext.java:139) ~[spring-context-4.0.3.RELEASE.jar:4.0.3.RELEASE]
	at org.springframework.context.support.ClassPathXmlApplicationContext.<init>(ClassPathXmlApplicationContext.java:83) ~[spring-context-4.0.3.RELEASE.jar:4.0.3.RELEASE]
	at jw.lab4.checkers.UserSave.<init>(UserSave.java:13) ~[classes/:na]
	at jw.lab4.checkers.Game.start(Game.java:72) ~[classes/:na]
	at jw.lab4.checkers.Game.<init>(Game.java:36) ~[classes/:na]
	at jw.lab4.checkers.AppTest.differentGames(AppTest.java:62) ~[test-classes/:na]
	at java.base/jdk.internal.reflect.NativeMethodAccessorImpl.invoke0(Native Method) ~[na:na]
	at java.base/jdk.internal.reflect.NativeMethodAccessorImpl.invoke(NativeMethodAccessorImpl.java:77) ~[na:na]
	at java.base/jdk.internal.reflect.DelegatingMethodAccessorImpl.invoke(DelegatingMethodAccessorImpl.java:43) ~[na:na]
	at java.base/java.lang.reflect.Method.invoke(Method.java:568) ~[na:na]
	at org.junit.runners.model.FrameworkMethod$1.runReflectiveCall(FrameworkMethod.java:47) ~[junit-4.11.jar:na]
	at org.junit.internal.runners.model.ReflectiveCallable.run(ReflectiveCallable.java:12) ~[junit-4.11.jar:na]
	at org.junit.runners.model.FrameworkMethod.invokeExplosively(FrameworkMethod.java:44) ~[junit-4.11.jar:na]
	at org.junit.internal.runners.statements.InvokeMethod.evaluate(InvokeMethod.java:17) ~[junit-4.11.jar:na]
	at org.junit.runners.ParentRunner.runLeaf(ParentRunner.java:271) ~[junit-4.11.jar:na]
	at org.junit.runners.BlockJUnit4ClassRunner.runChild(BlockJUnit4ClassRunner.java:70) ~[junit-4.11.jar:na]
	at org.junit.runners.BlockJUnit4ClassRunner.runChild(BlockJUnit4ClassRunner.java:50) ~[junit-4.11.jar:na]
	at org.junit.runners.ParentRunner$3.run(ParentRunner.java:238) ~[junit-4.11.jar:na]
	at org.junit.runners.ParentRunner$1.schedule(ParentRunner.java:63) ~[junit-4.11.jar:na]
	at org.junit.runners.ParentRunner.runChildren(ParentRunner.java:236) ~[junit-4.11.jar:na]
	at org.junit.runners.ParentRunner.access$000(ParentRunner.java:53) ~[junit-4.11.jar:na]
	at org.junit.runners.ParentRunner$2.evaluate(ParentRunner.java:229) ~[junit-4.11.jar:na]
	at org.junit.runners.ParentRunner.run(ParentRunner.java:309) ~[junit-4.11.jar:na]
	at org.apache.maven.surefire.junit4.JUnit4Provider.execute(JUnit4Provider.java:365) ~[surefire-junit4-2.22.1.jar:2.22.1]
	at org.apache.maven.surefire.junit4.JUnit4Provider.executeWithRerun(JUnit4Provider.java:273) ~[surefire-junit4-2.22.1.jar:2.22.1]
	at org.apache.maven.surefire.junit4.JUnit4Provider.executeTestSet(JUnit4Provider.java:238) ~[surefire-junit4-2.22.1.jar:2.22.1]
	at org.apache.maven.surefire.junit4.JUnit4Provider.invoke(JUnit4Provider.java:159) ~[surefire-junit4-2.22.1.jar:2.22.1]
	at org.apache.maven.surefire.booter.ForkedBooter.invokeProviderInSameClassLoader(ForkedBooter.java:384) ~[surefire-booter-2.22.1.jar:2.22.1]
	at org.apache.maven.surefire.booter.ForkedBooter.runSuitesInProcess(ForkedBooter.java:345) ~[surefire-booter-2.22.1.jar:2.22.1]
	at org.apache.maven.surefire.booter.ForkedBooter.execute(ForkedBooter.java:126) ~[surefire-booter-2.22.1.jar:2.22.1]
	at org.apache.maven.surefire.booter.ForkedBooter.main(ForkedBooter.java:418) ~[surefire-booter-2.22.1.jar:2.22.1]
Caused by: java.lang.reflect.InaccessibleObjectException: Unable to make protected final java.lang.Class java.lang.ClassLoader.defineClass(java.lang.String,byte[],int,int,java.security.ProtectionDomain) throws java.lang.ClassFormatError accessible: module java.base does not "opens java.lang" to unnamed module @69a3d1d
	at java.base/java.lang.reflect.AccessibleObject.checkCanSetAccessible(AccessibleObject.java:354) ~[na:na]
	at java.base/java.lang.reflect.AccessibleObject.checkCanSetAccessible(AccessibleObject.java:297) ~[na:na]
	at java.base/java.lang.reflect.Method.checkCanSetAccessible(Method.java:199) ~[na:na]
	at java.base/java.lang.reflect.Method.setAccessible(Method.java:193) ~[na:na]
	at javassist.util.proxy.SecurityActions.setAccessible(SecurityActions.java:102) ~[javassist-3.12.0.GA.jar:na]
	at javassist.util.proxy.FactoryHelper.toClass2(FactoryHelper.java:180) ~[javassist-3.12.0.GA.jar:na]
	at javassist.util.proxy.FactoryHelper.toClass(FactoryHelper.java:163) ~[javassist-3.12.0.GA.jar:na]
	at javassist.util.proxy.ProxyFactory.createClass3(ProxyFactory.java:501) ~[javassist-3.12.0.GA.jar:na]
	at javassist.util.proxy.ProxyFactory.createClass2(ProxyFactory.java:486) ~[javassist-3.12.0.GA.jar:na]
	at javassist.util.proxy.ProxyFactory.createClass1(ProxyFactory.java:422) ~[javassist-3.12.0.GA.jar:na]
	at javassist.util.proxy.ProxyFactory.createClass(ProxyFactory.java:394) ~[javassist-3.12.0.GA.jar:na]
	at org.hibernate.proxy.pojo.javassist.JavassistLazyInitializer.getProxyFactory(JavassistLazyInitializer.java:162) ~[hibernate-core-3.6.9.Final.jar:3.6.9.Final]
	... 63 common frames omitted
01:28:09.496 [main] DEBUG o.h.p.entity.AbstractEntityPersister - Static SQL for entity: jw.lab4.checkers.Database.Game
01:28:09.497 [main] DEBUG o.h.p.entity.AbstractEntityPersister -  Version select: select id from Games where id =?
01:28:09.497 [main] DEBUG o.h.p.entity.AbstractEntityPersister -  Snapshot select: select game_.id, game_.players_number as players2_24_ from Games game_ where game_.id=?
01:28:09.497 [main] DEBUG o.h.p.entity.AbstractEntityPersister -  Insert 0: insert into Games (players_number, id) values (?, ?)
01:28:09.497 [main] DEBUG o.h.p.entity.AbstractEntityPersister -  Update 0: update Games set players_number=? where id=?
01:28:09.497 [main] DEBUG o.h.p.entity.AbstractEntityPersister -  Delete 0: delete from Games where id=?
01:28:09.497 [main] DEBUG o.h.p.entity.AbstractEntityPersister -  Identity insert: insert into Games (players_number) values (?)
01:28:09.497 [main] INFO  org.hibernate.tuple.PojoInstantiator - no default (no-argument) constructor for class: jw.lab4.checkers.Database.Player (class must be instantiated by Interceptor)
01:28:09.500 [main] ERROR o.h.proxy.pojo.BasicLazyInitializer - Javassist Enhancement failed: jw.lab4.checkers.Database.Player
java.lang.reflect.InaccessibleObjectException: Unable to make protected final java.lang.Class java.lang.ClassLoader.defineClass(java.lang.String,byte[],int,int,java.security.ProtectionDomain) throws java.lang.ClassFormatError accessible: module java.base does not "opens java.lang" to unnamed module @69a3d1d
	at java.base/java.lang.reflect.AccessibleObject.checkCanSetAccessible(AccessibleObject.java:354) ~[na:na]
	at java.base/java.lang.reflect.AccessibleObject.checkCanSetAccessible(AccessibleObject.java:297) ~[na:na]
	at java.base/java.lang.reflect.Method.checkCanSetAccessible(Method.java:199) ~[na:na]
	at java.base/java.lang.reflect.Method.setAccessible(Method.java:193) ~[na:na]
	at javassist.util.proxy.SecurityActions.setAccessible(SecurityActions.java:102) ~[javassist-3.12.0.GA.jar:na]
	at javassist.util.proxy.FactoryHelper.toClass2(FactoryHelper.java:180) ~[javassist-3.12.0.GA.jar:na]
	at javassist.util.proxy.FactoryHelper.toClass(FactoryHelper.java:163) ~[javassist-3.12.0.GA.jar:na]
	at javassist.util.proxy.ProxyFactory.createClass3(ProxyFactory.java:501) ~[javassist-3.12.0.GA.jar:na]
	at javassist.util.proxy.ProxyFactory.createClass2(ProxyFactory.java:486) ~[javassist-3.12.0.GA.jar:na]
	at javassist.util.proxy.ProxyFactory.createClass1(ProxyFactory.java:422) ~[javassist-3.12.0.GA.jar:na]
	at javassist.util.proxy.ProxyFactory.createClass(ProxyFactory.java:394) ~[javassist-3.12.0.GA.jar:na]
	at org.hibernate.proxy.pojo.javassist.JavassistLazyInitializer.getProxyFactory(JavassistLazyInitializer.java:162) ~[hibernate-core-3.6.9.Final.jar:3.6.9.Final]
	at org.hibernate.proxy.pojo.javassist.JavassistProxyFactory.postInstantiate(JavassistProxyFactory.java:65) ~[hibernate-core-3.6.9.Final.jar:3.6.9.Final]
	at org.hibernate.tuple.entity.PojoEntityTuplizer.buildProxyFactory(PojoEntityTuplizer.java:185) ~[hibernate-core-3.6.9.Final.jar:3.6.9.Final]
	at org.hibernate.tuple.entity.AbstractEntityTuplizer.<init>(AbstractEntityTuplizer.java:167) ~[hibernate-core-3.6.9.Final.jar:3.6.9.Final]
	at org.hibernate.tuple.entity.PojoEntityTuplizer.<init>(PojoEntityTuplizer.java:77) ~[hibernate-core-3.6.9.Final.jar:3.6.9.Final]
	at java.base/jdk.internal.reflect.NativeConstructorAccessorImpl.newInstance0(Native Method) ~[na:na]
	at java.base/jdk.internal.reflect.NativeConstructorAccessorImpl.newInstance(NativeConstructorAccessorImpl.java:77) ~[na:na]
	at java.base/jdk.internal.reflect.DelegatingConstructorAccessorImpl.newInstance(DelegatingConstructorAccessorImpl.java:45) ~[na:na]
	at java.base/java.lang.reflect.Constructor.newInstanceWithCaller(Constructor.java:499) ~[na:na]
	at java.base/java.lang.reflect.Constructor.newInstance(Constructor.java:480) ~[na:na]
	at org.hibernate.tuple.entity.EntityTuplizerFactory.constructTuplizer(EntityTuplizerFactory.java:105) ~[hibernate-core-3.6.9.Final.jar:3.6.9.Final]
	at org.hibernate.tuple.entity.EntityTuplizerFactory.constructDefaultTuplizer(EntityTuplizerFactory.java:133) ~[hibernate-core-3.6.9.Final.jar:3.6.9.Final]
	at org.hibernate.tuple.entity.EntityEntityModeToTuplizerMapping.<init>(EntityEntityModeToTuplizerMapping.java:80) ~[hibernate-core-3.6.9.Final.jar:3.6.9.Final]
	at org.hibernate.tuple.entity.EntityMetamodel.<init>(EntityMetamodel.java:322) ~[hibernate-core-3.6.9.Final.jar:3.6.9.Final]
	at org.hibernate.persister.entity.AbstractEntityPersister.<init>(AbstractEntityPersister.java:485) ~[hibernate-core-3.6.9.Final.jar:3.6.9.Final]
	at org.hibernate.persister.entity.SingleTableEntityPersister.<init>(SingleTableEntityPersister.java:133) ~[hibernate-core-3.6.9.Final.jar:3.6.9.Final]
	at org.hibernate.persister.PersisterFactory.createClassPersister(PersisterFactory.java:84) ~[hibernate-core-3.6.9.Final.jar:3.6.9.Final]
	at org.hibernate.impl.SessionFactoryImpl.<init>(SessionFactoryImpl.java:286) ~[hibernate-core-3.6.9.Final.jar:3.6.9.Final]
	at org.hibernate.cfg.Configuration.buildSessionFactory(Configuration.java:1872) ~[hibernate-core-3.6.9.Final.jar:3.6.9.Final]
	at org.springframework.orm.hibernate3.LocalSessionFactoryBean.newSessionFactory(LocalSessionFactoryBean.java:793) ~[spring-orm-4.0.3.RELEASE.jar:4.0.3.RELEASE]
	at org.springframework.orm.hibernate3.LocalSessionFactoryBean.buildSessionFactory(LocalSessionFactoryBean.java:715) ~[spring-orm-4.0.3.RELEASE.jar:4.0.3.RELEASE]
	at org.springframework.orm.hibernate3.AbstractSessionFactoryBean.afterPropertiesSet(AbstractSessionFactoryBean.java:189) ~[spring-orm-4.0.3.RELEASE.jar:4.0.3.RELEASE]
	at org.springframework.beans.factory.support.AbstractAutowireCapableBeanFactory.invokeInitMethods(AbstractAutowireCapableBeanFactory.java:1612) ~[spring-beans-4.0.3.RELEASE.jar:4.0.3.RELEASE]
	at org.springframework.beans.factory.support.AbstractAutowireCapableBeanFactory.initializeBean(AbstractAutowireCapableBeanFactory.java:1549) ~[spring-beans-4.0.3.RELEASE.jar:4.0.3.RELEASE]
	at org.springframework.beans.factory.support.AbstractAutowireCapableBeanFactory.doCreateBean(AbstractAutowireCapableBeanFactory.java:539) ~[spring-beans-4.0.3.RELEASE.jar:4.0.3.RELEASE]
	at org.springframework.beans.factory.support.AbstractAutowireCapableBeanFactory.createBean(AbstractAutowireCapableBeanFactory.java:475) ~[spring-beans-4.0.3.RELEASE.jar:4.0.3.RELEASE]
	at org.springframework.beans.factory.support.AbstractBeanFactory$1.getObject(AbstractBeanFactory.java:304) ~[spring-beans-4.0.3.RELEASE.jar:4.0.3.RELEASE]
	at org.springframework.beans.factory.support.DefaultSingletonBeanRegistry.getSingleton(DefaultSingletonBeanRegistry.java:228) ~[spring-beans-4.0.3.RELEASE.jar:4.0.3.RELEASE]
	at org.springframework.beans.factory.support.AbstractBeanFactory.doGetBean(AbstractBeanFactory.java:300) ~[spring-beans-4.0.3.RELEASE.jar:4.0.3.RELEASE]
	at org.springframework.beans.factory.support.AbstractBeanFactory.getBean(AbstractBeanFactory.java:195) ~[spring-beans-4.0.3.RELEASE.jar:4.0.3.RELEASE]
	at org.springframework.beans.factory.support.DefaultListableBeanFactory.preInstantiateSingletons(DefaultListableBeanFactory.java:684) ~[spring-beans-4.0.3.RELEASE.jar:4.0.3.RELEASE]
	at org.springframework.context.support.AbstractApplicationContext.finishBeanFactoryInitialization(AbstractApplicationContext.java:760) ~[spring-context-4.0.3.RELEASE.jar:4.0.3.RELEASE]
	at org.springframework.context.support.AbstractApplicationContext.refresh(AbstractApplicationContext.java:482) ~[spring-context-4.0.3.RELEASE.jar:4.0.3.RELEASE]
	at org.springframework.context.support.ClassPathXmlApplicationContext.<init>(ClassPathXmlApplicationContext.java:139) ~[spring-context-4.0.3.RELEASE.jar:4.0.3.RELEASE]
	at org.springframework.context.support.ClassPathXmlApplicationContext.<init>(ClassPathXmlApplicationContext.java:83) ~[spring-context-4.0.3.RELEASE.jar:4.0.3.RELEASE]
	at jw.lab4.checkers.UserSave.<init>(UserSave.java:13) ~[classes/:na]
	at jw.lab4.checkers.Game.start(Game.java:72) ~[classes/:na]
	at jw.lab4.checkers.Game.<init>(Game.java:36) ~[classes/:na]
	at jw.lab4.checkers.AppTest.differentGames(AppTest.java:62) ~[test-classes/:na]
	at java.base/jdk.internal.reflect.NativeMethodAccessorImpl.invoke0(Native Method) ~[na:na]
	at java.base/jdk.internal.reflect.NativeMethodAccessorImpl.invoke(NativeMethodAccessorImpl.java:77) ~[na:na]
	at java.base/jdk.internal.reflect.DelegatingMethodAccessorImpl.invoke(DelegatingMethodAccessorImpl.java:43) ~[na:na]
	at java.base/java.lang.reflect.Method.invoke(Method.java:568) ~[na:na]
	at org.junit.runners.model.FrameworkMethod$1.runReflectiveCall(FrameworkMethod.java:47) ~[junit-4.11.jar:na]
	at org.junit.internal.runners.model.ReflectiveCallable.run(ReflectiveCallable.java:12) ~[junit-4.11.jar:na]
	at org.junit.runners.model.FrameworkMethod.invokeExplosively(FrameworkMethod.java:44) ~[junit-4.11.jar:na]
	at org.junit.internal.runners.statements.InvokeMethod.evaluate(InvokeMethod.java:17) ~[junit-4.11.jar:na]
	at org.junit.runners.ParentRunner.runLeaf(ParentRunner.java:271) ~[junit-4.11.jar:na]
	at org.junit.runners.BlockJUnit4ClassRunner.runChild(BlockJUnit4ClassRunner.java:70) ~[junit-4.11.jar:na]
	at org.junit.runners.BlockJUnit4ClassRunner.runChild(BlockJUnit4ClassRunner.java:50) ~[junit-4.11.jar:na]
	at org.junit.runners.ParentRunner$3.run(ParentRunner.java:238) ~[junit-4.11.jar:na]
	at org.junit.runners.ParentRunner$1.schedule(ParentRunner.java:63) ~[junit-4.11.jar:na]
	at org.junit.runners.ParentRunner.runChildren(ParentRunner.java:236) ~[junit-4.11.jar:na]
	at org.junit.runners.ParentRunner.access$000(ParentRunner.java:53) ~[junit-4.11.jar:na]
	at org.junit.runners.ParentRunner$2.evaluate(ParentRunner.java:229) ~[junit-4.11.jar:na]
	at org.junit.runners.ParentRunner.run(ParentRunner.java:309) ~[junit-4.11.jar:na]
	at org.apache.maven.surefire.junit4.JUnit4Provider.execute(JUnit4Provider.java:365) ~[surefire-junit4-2.22.1.jar:2.22.1]
	at org.apache.maven.surefire.junit4.JUnit4Provider.executeWithRerun(JUnit4Provider.java:273) ~[surefire-junit4-2.22.1.jar:2.22.1]
	at org.apache.maven.surefire.junit4.JUnit4Provider.executeTestSet(JUnit4Provider.java:238) ~[surefire-junit4-2.22.1.jar:2.22.1]
	at org.apache.maven.surefire.junit4.JUnit4Provider.invoke(JUnit4Provider.java:159) ~[surefire-junit4-2.22.1.jar:2.22.1]
	at org.apache.maven.surefire.booter.ForkedBooter.invokeProviderInSameClassLoader(ForkedBooter.java:384) ~[surefire-booter-2.22.1.jar:2.22.1]
	at org.apache.maven.surefire.booter.ForkedBooter.runSuitesInProcess(ForkedBooter.java:345) ~[surefire-booter-2.22.1.jar:2.22.1]
	at org.apache.maven.surefire.booter.ForkedBooter.execute(ForkedBooter.java:126) ~[surefire-booter-2.22.1.jar:2.22.1]
	at org.apache.maven.surefire.booter.ForkedBooter.main(ForkedBooter.java:418) ~[surefire-booter-2.22.1.jar:2.22.1]
01:28:09.502 [main] WARN  o.h.tuple.entity.PojoEntityTuplizer - could not create proxy factory for:jw.lab4.checkers.Database.Player
org.hibernate.HibernateException: Javassist Enhancement failed: jw.lab4.checkers.Database.Player
	at org.hibernate.proxy.pojo.javassist.JavassistLazyInitializer.getProxyFactory(JavassistLazyInitializer.java:169) ~[hibernate-core-3.6.9.Final.jar:3.6.9.Final]
	at org.hibernate.proxy.pojo.javassist.JavassistProxyFactory.postInstantiate(JavassistProxyFactory.java:65) ~[hibernate-core-3.6.9.Final.jar:3.6.9.Final]
	at org.hibernate.tuple.entity.PojoEntityTuplizer.buildProxyFactory(PojoEntityTuplizer.java:185) ~[hibernate-core-3.6.9.Final.jar:3.6.9.Final]
	at org.hibernate.tuple.entity.AbstractEntityTuplizer.<init>(AbstractEntityTuplizer.java:167) ~[hibernate-core-3.6.9.Final.jar:3.6.9.Final]
	at org.hibernate.tuple.entity.PojoEntityTuplizer.<init>(PojoEntityTuplizer.java:77) ~[hibernate-core-3.6.9.Final.jar:3.6.9.Final]
	at java.base/jdk.internal.reflect.NativeConstructorAccessorImpl.newInstance0(Native Method) ~[na:na]
	at java.base/jdk.internal.reflect.NativeConstructorAccessorImpl.newInstance(NativeConstructorAccessorImpl.java:77) ~[na:na]
	at java.base/jdk.internal.reflect.DelegatingConstructorAccessorImpl.newInstance(DelegatingConstructorAccessorImpl.java:45) ~[na:na]
	at java.base/java.lang.reflect.Constructor.newInstanceWithCaller(Constructor.java:499) ~[na:na]
	at java.base/java.lang.reflect.Constructor.newInstance(Constructor.java:480) ~[na:na]
	at org.hibernate.tuple.entity.EntityTuplizerFactory.constructTuplizer(EntityTuplizerFactory.java:105) ~[hibernate-core-3.6.9.Final.jar:3.6.9.Final]
	at org.hibernate.tuple.entity.EntityTuplizerFactory.constructDefaultTuplizer(EntityTuplizerFactory.java:133) ~[hibernate-core-3.6.9.Final.jar:3.6.9.Final]
	at org.hibernate.tuple.entity.EntityEntityModeToTuplizerMapping.<init>(EntityEntityModeToTuplizerMapping.java:80) ~[hibernate-core-3.6.9.Final.jar:3.6.9.Final]
	at org.hibernate.tuple.entity.EntityMetamodel.<init>(EntityMetamodel.java:322) ~[hibernate-core-3.6.9.Final.jar:3.6.9.Final]
	at org.hibernate.persister.entity.AbstractEntityPersister.<init>(AbstractEntityPersister.java:485) ~[hibernate-core-3.6.9.Final.jar:3.6.9.Final]
	at org.hibernate.persister.entity.SingleTableEntityPersister.<init>(SingleTableEntityPersister.java:133) ~[hibernate-core-3.6.9.Final.jar:3.6.9.Final]
	at org.hibernate.persister.PersisterFactory.createClassPersister(PersisterFactory.java:84) ~[hibernate-core-3.6.9.Final.jar:3.6.9.Final]
	at org.hibernate.impl.SessionFactoryImpl.<init>(SessionFactoryImpl.java:286) ~[hibernate-core-3.6.9.Final.jar:3.6.9.Final]
	at org.hibernate.cfg.Configuration.buildSessionFactory(Configuration.java:1872) ~[hibernate-core-3.6.9.Final.jar:3.6.9.Final]
	at org.springframework.orm.hibernate3.LocalSessionFactoryBean.newSessionFactory(LocalSessionFactoryBean.java:793) ~[spring-orm-4.0.3.RELEASE.jar:4.0.3.RELEASE]
	at org.springframework.orm.hibernate3.LocalSessionFactoryBean.buildSessionFactory(LocalSessionFactoryBean.java:715) ~[spring-orm-4.0.3.RELEASE.jar:4.0.3.RELEASE]
	at org.springframework.orm.hibernate3.AbstractSessionFactoryBean.afterPropertiesSet(AbstractSessionFactoryBean.java:189) ~[spring-orm-4.0.3.RELEASE.jar:4.0.3.RELEASE]
	at org.springframework.beans.factory.support.AbstractAutowireCapableBeanFactory.invokeInitMethods(AbstractAutowireCapableBeanFactory.java:1612) ~[spring-beans-4.0.3.RELEASE.jar:4.0.3.RELEASE]
	at org.springframework.beans.factory.support.AbstractAutowireCapableBeanFactory.initializeBean(AbstractAutowireCapableBeanFactory.java:1549) ~[spring-beans-4.0.3.RELEASE.jar:4.0.3.RELEASE]
	at org.springframework.beans.factory.support.AbstractAutowireCapableBeanFactory.doCreateBean(AbstractAutowireCapableBeanFactory.java:539) ~[spring-beans-4.0.3.RELEASE.jar:4.0.3.RELEASE]
	at org.springframework.beans.factory.support.AbstractAutowireCapableBeanFactory.createBean(AbstractAutowireCapableBeanFactory.java:475) ~[spring-beans-4.0.3.RELEASE.jar:4.0.3.RELEASE]
	at org.springframework.beans.factory.support.AbstractBeanFactory$1.getObject(AbstractBeanFactory.java:304) ~[spring-beans-4.0.3.RELEASE.jar:4.0.3.RELEASE]
	at org.springframework.beans.factory.support.DefaultSingletonBeanRegistry.getSingleton(DefaultSingletonBeanRegistry.java:228) ~[spring-beans-4.0.3.RELEASE.jar:4.0.3.RELEASE]
	at org.springframework.beans.factory.support.AbstractBeanFactory.doGetBean(AbstractBeanFactory.java:300) ~[spring-beans-4.0.3.RELEASE.jar:4.0.3.RELEASE]
	at org.springframework.beans.factory.support.AbstractBeanFactory.getBean(AbstractBeanFactory.java:195) ~[spring-beans-4.0.3.RELEASE.jar:4.0.3.RELEASE]
	at org.springframework.beans.factory.support.DefaultListableBeanFactory.preInstantiateSingletons(DefaultListableBeanFactory.java:684) ~[spring-beans-4.0.3.RELEASE.jar:4.0.3.RELEASE]
	at org.springframework.context.support.AbstractApplicationContext.finishBeanFactoryInitialization(AbstractApplicationContext.java:760) ~[spring-context-4.0.3.RELEASE.jar:4.0.3.RELEASE]
	at org.springframework.context.support.AbstractApplicationContext.refresh(AbstractApplicationContext.java:482) ~[spring-context-4.0.3.RELEASE.jar:4.0.3.RELEASE]
	at org.springframework.context.support.ClassPathXmlApplicationContext.<init>(ClassPathXmlApplicationContext.java:139) ~[spring-context-4.0.3.RELEASE.jar:4.0.3.RELEASE]
	at org.springframework.context.support.ClassPathXmlApplicationContext.<init>(ClassPathXmlApplicationContext.java:83) ~[spring-context-4.0.3.RELEASE.jar:4.0.3.RELEASE]
	at jw.lab4.checkers.UserSave.<init>(UserSave.java:13) ~[classes/:na]
	at jw.lab4.checkers.Game.start(Game.java:72) ~[classes/:na]
	at jw.lab4.checkers.Game.<init>(Game.java:36) ~[classes/:na]
	at jw.lab4.checkers.AppTest.differentGames(AppTest.java:62) ~[test-classes/:na]
	at java.base/jdk.internal.reflect.NativeMethodAccessorImpl.invoke0(Native Method) ~[na:na]
	at java.base/jdk.internal.reflect.NativeMethodAccessorImpl.invoke(NativeMethodAccessorImpl.java:77) ~[na:na]
	at java.base/jdk.internal.reflect.DelegatingMethodAccessorImpl.invoke(DelegatingMethodAccessorImpl.java:43) ~[na:na]
	at java.base/java.lang.reflect.Method.invoke(Method.java:568) ~[na:na]
	at org.junit.runners.model.FrameworkMethod$1.runReflectiveCall(FrameworkMethod.java:47) ~[junit-4.11.jar:na]
	at org.junit.internal.runners.model.ReflectiveCallable.run(ReflectiveCallable.java:12) ~[junit-4.11.jar:na]
	at org.junit.runners.model.FrameworkMethod.invokeExplosively(FrameworkMethod.java:44) ~[junit-4.11.jar:na]
	at org.junit.internal.runners.statements.InvokeMethod.evaluate(InvokeMethod.java:17) ~[junit-4.11.jar:na]
	at org.junit.runners.ParentRunner.runLeaf(ParentRunner.java:271) ~[junit-4.11.jar:na]
	at org.junit.runners.BlockJUnit4ClassRunner.runChild(BlockJUnit4ClassRunner.java:70) ~[junit-4.11.jar:na]
	at org.junit.runners.BlockJUnit4ClassRunner.runChild(BlockJUnit4ClassRunner.java:50) ~[junit-4.11.jar:na]
	at org.junit.runners.ParentRunner$3.run(ParentRunner.java:238) ~[junit-4.11.jar:na]
	at org.junit.runners.ParentRunner$1.schedule(ParentRunner.java:63) ~[junit-4.11.jar:na]
	at org.junit.runners.ParentRunner.runChildren(ParentRunner.java:236) ~[junit-4.11.jar:na]
	at org.junit.runners.ParentRunner.access$000(ParentRunner.java:53) ~[junit-4.11.jar:na]
	at org.junit.runners.ParentRunner$2.evaluate(ParentRunner.java:229) ~[junit-4.11.jar:na]
	at org.junit.runners.ParentRunner.run(ParentRunner.java:309) ~[junit-4.11.jar:na]
	at org.apache.maven.surefire.junit4.JUnit4Provider.execute(JUnit4Provider.java:365) ~[surefire-junit4-2.22.1.jar:2.22.1]
	at org.apache.maven.surefire.junit4.JUnit4Provider.executeWithRerun(JUnit4Provider.java:273) ~[surefire-junit4-2.22.1.jar:2.22.1]
	at org.apache.maven.surefire.junit4.JUnit4Provider.executeTestSet(JUnit4Provider.java:238) ~[surefire-junit4-2.22.1.jar:2.22.1]
	at org.apache.maven.surefire.junit4.JUnit4Provider.invoke(JUnit4Provider.java:159) ~[surefire-junit4-2.22.1.jar:2.22.1]
	at org.apache.maven.surefire.booter.ForkedBooter.invokeProviderInSameClassLoader(ForkedBooter.java:384) ~[surefire-booter-2.22.1.jar:2.22.1]
	at org.apache.maven.surefire.booter.ForkedBooter.runSuitesInProcess(ForkedBooter.java:345) ~[surefire-booter-2.22.1.jar:2.22.1]
	at org.apache.maven.surefire.booter.ForkedBooter.execute(ForkedBooter.java:126) ~[surefire-booter-2.22.1.jar:2.22.1]
	at org.apache.maven.surefire.booter.ForkedBooter.main(ForkedBooter.java:418) ~[surefire-booter-2.22.1.jar:2.22.1]
Caused by: java.lang.reflect.InaccessibleObjectException: Unable to make protected final java.lang.Class java.lang.ClassLoader.defineClass(java.lang.String,byte[],int,int,java.security.ProtectionDomain) throws java.lang.ClassFormatError accessible: module java.base does not "opens java.lang" to unnamed module @69a3d1d
	at java.base/java.lang.reflect.AccessibleObject.checkCanSetAccessible(AccessibleObject.java:354) ~[na:na]
	at java.base/java.lang.reflect.AccessibleObject.checkCanSetAccessible(AccessibleObject.java:297) ~[na:na]
	at java.base/java.lang.reflect.Method.checkCanSetAccessible(Method.java:199) ~[na:na]
	at java.base/java.lang.reflect.Method.setAccessible(Method.java:193) ~[na:na]
	at javassist.util.proxy.SecurityActions.setAccessible(SecurityActions.java:102) ~[javassist-3.12.0.GA.jar:na]
	at javassist.util.proxy.FactoryHelper.toClass2(FactoryHelper.java:180) ~[javassist-3.12.0.GA.jar:na]
	at javassist.util.proxy.FactoryHelper.toClass(FactoryHelper.java:163) ~[javassist-3.12.0.GA.jar:na]
	at javassist.util.proxy.ProxyFactory.createClass3(ProxyFactory.java:501) ~[javassist-3.12.0.GA.jar:na]
	at javassist.util.proxy.ProxyFactory.createClass2(ProxyFactory.java:486) ~[javassist-3.12.0.GA.jar:na]
	at javassist.util.proxy.ProxyFactory.createClass1(ProxyFactory.java:422) ~[javassist-3.12.0.GA.jar:na]
	at javassist.util.proxy.ProxyFactory.createClass(ProxyFactory.java:394) ~[javassist-3.12.0.GA.jar:na]
	at org.hibernate.proxy.pojo.javassist.JavassistLazyInitializer.getProxyFactory(JavassistLazyInitializer.java:162) ~[hibernate-core-3.6.9.Final.jar:3.6.9.Final]
	... 63 common frames omitted
01:28:09.503 [main] DEBUG o.h.p.entity.AbstractEntityPersister - Static SQL for entity: jw.lab4.checkers.Database.Player
01:28:09.503 [main] DEBUG o.h.p.entity.AbstractEntityPersister -  Version select: select id from Players where id =?
01:28:09.503 [main] DEBUG o.h.p.entity.AbstractEntityPersister -  Snapshot select: select player_.id, player_.player_number as player2_25_, player_.nickname as nickname25_ from Players player_ where player_.id=?
01:28:09.503 [main] DEBUG o.h.p.entity.AbstractEntityPersister -  Insert 0: insert into Players (player_number, nickname, id) values (?, ?, ?)
01:28:09.503 [main] DEBUG o.h.p.entity.AbstractEntityPersister -  Update 0: update Players set player_number=?, nickname=? where id=?
01:28:09.503 [main] DEBUG o.h.p.entity.AbstractEntityPersister -  Delete 0: delete from Players where id=?
01:28:09.503 [main] DEBUG o.h.p.entity.AbstractEntityPersister -  Identity insert: insert into Players (player_number, nickname) values (?, ?)
01:28:09.504 [main] INFO  org.hibernate.tuple.PojoInstantiator - no default (no-argument) constructor for class: jw.lab4.checkers.Database.Move (class must be instantiated by Interceptor)
01:28:09.507 [main] ERROR o.h.proxy.pojo.BasicLazyInitializer - Javassist Enhancement failed: jw.lab4.checkers.Database.Move
java.lang.reflect.InaccessibleObjectException: Unable to make protected final java.lang.Class java.lang.ClassLoader.defineClass(java.lang.String,byte[],int,int,java.security.ProtectionDomain) throws java.lang.ClassFormatError accessible: module java.base does not "opens java.lang" to unnamed module @69a3d1d
	at java.base/java.lang.reflect.AccessibleObject.checkCanSetAccessible(AccessibleObject.java:354) ~[na:na]
	at java.base/java.lang.reflect.AccessibleObject.checkCanSetAccessible(AccessibleObject.java:297) ~[na:na]
	at java.base/java.lang.reflect.Method.checkCanSetAccessible(Method.java:199) ~[na:na]
	at java.base/java.lang.reflect.Method.setAccessible(Method.java:193) ~[na:na]
	at javassist.util.proxy.SecurityActions.setAccessible(SecurityActions.java:102) ~[javassist-3.12.0.GA.jar:na]
	at javassist.util.proxy.FactoryHelper.toClass2(FactoryHelper.java:180) ~[javassist-3.12.0.GA.jar:na]
	at javassist.util.proxy.FactoryHelper.toClass(FactoryHelper.java:163) ~[javassist-3.12.0.GA.jar:na]
	at javassist.util.proxy.ProxyFactory.createClass3(ProxyFactory.java:501) ~[javassist-3.12.0.GA.jar:na]
	at javassist.util.proxy.ProxyFactory.createClass2(ProxyFactory.java:486) ~[javassist-3.12.0.GA.jar:na]
	at javassist.util.proxy.ProxyFactory.createClass1(ProxyFactory.java:422) ~[javassist-3.12.0.GA.jar:na]
	at javassist.util.proxy.ProxyFactory.createClass(ProxyFactory.java:394) ~[javassist-3.12.0.GA.jar:na]
	at org.hibernate.proxy.pojo.javassist.JavassistLazyInitializer.getProxyFactory(JavassistLazyInitializer.java:162) ~[hibernate-core-3.6.9.Final.jar:3.6.9.Final]
	at org.hibernate.proxy.pojo.javassist.JavassistProxyFactory.postInstantiate(JavassistProxyFactory.java:65) ~[hibernate-core-3.6.9.Final.jar:3.6.9.Final]
	at org.hibernate.tuple.entity.PojoEntityTuplizer.buildProxyFactory(PojoEntityTuplizer.java:185) ~[hibernate-core-3.6.9.Final.jar:3.6.9.Final]
	at org.hibernate.tuple.entity.AbstractEntityTuplizer.<init>(AbstractEntityTuplizer.java:167) ~[hibernate-core-3.6.9.Final.jar:3.6.9.Final]
	at org.hibernate.tuple.entity.PojoEntityTuplizer.<init>(PojoEntityTuplizer.java:77) ~[hibernate-core-3.6.9.Final.jar:3.6.9.Final]
	at java.base/jdk.internal.reflect.NativeConstructorAccessorImpl.newInstance0(Native Method) ~[na:na]
	at java.base/jdk.internal.reflect.NativeConstructorAccessorImpl.newInstance(NativeConstructorAccessorImpl.java:77) ~[na:na]
	at java.base/jdk.internal.reflect.DelegatingConstructorAccessorImpl.newInstance(DelegatingConstructorAccessorImpl.java:45) ~[na:na]
	at java.base/java.lang.reflect.Constructor.newInstanceWithCaller(Constructor.java:499) ~[na:na]
	at java.base/java.lang.reflect.Constructor.newInstance(Constructor.java:480) ~[na:na]
	at org.hibernate.tuple.entity.EntityTuplizerFactory.constructTuplizer(EntityTuplizerFactory.java:105) ~[hibernate-core-3.6.9.Final.jar:3.6.9.Final]
	at org.hibernate.tuple.entity.EntityTuplizerFactory.constructDefaultTuplizer(EntityTuplizerFactory.java:133) ~[hibernate-core-3.6.9.Final.jar:3.6.9.Final]
	at org.hibernate.tuple.entity.EntityEntityModeToTuplizerMapping.<init>(EntityEntityModeToTuplizerMapping.java:80) ~[hibernate-core-3.6.9.Final.jar:3.6.9.Final]
	at org.hibernate.tuple.entity.EntityMetamodel.<init>(EntityMetamodel.java:322) ~[hibernate-core-3.6.9.Final.jar:3.6.9.Final]
	at org.hibernate.persister.entity.AbstractEntityPersister.<init>(AbstractEntityPersister.java:485) ~[hibernate-core-3.6.9.Final.jar:3.6.9.Final]
	at org.hibernate.persister.entity.SingleTableEntityPersister.<init>(SingleTableEntityPersister.java:133) ~[hibernate-core-3.6.9.Final.jar:3.6.9.Final]
	at org.hibernate.persister.PersisterFactory.createClassPersister(PersisterFactory.java:84) ~[hibernate-core-3.6.9.Final.jar:3.6.9.Final]
	at org.hibernate.impl.SessionFactoryImpl.<init>(SessionFactoryImpl.java:286) ~[hibernate-core-3.6.9.Final.jar:3.6.9.Final]
	at org.hibernate.cfg.Configuration.buildSessionFactory(Configuration.java:1872) ~[hibernate-core-3.6.9.Final.jar:3.6.9.Final]
	at org.springframework.orm.hibernate3.LocalSessionFactoryBean.newSessionFactory(LocalSessionFactoryBean.java:793) ~[spring-orm-4.0.3.RELEASE.jar:4.0.3.RELEASE]
	at org.springframework.orm.hibernate3.LocalSessionFactoryBean.buildSessionFactory(LocalSessionFactoryBean.java:715) ~[spring-orm-4.0.3.RELEASE.jar:4.0.3.RELEASE]
	at org.springframework.orm.hibernate3.AbstractSessionFactoryBean.afterPropertiesSet(AbstractSessionFactoryBean.java:189) ~[spring-orm-4.0.3.RELEASE.jar:4.0.3.RELEASE]
	at org.springframework.beans.factory.support.AbstractAutowireCapableBeanFactory.invokeInitMethods(AbstractAutowireCapableBeanFactory.java:1612) ~[spring-beans-4.0.3.RELEASE.jar:4.0.3.RELEASE]
	at org.springframework.beans.factory.support.AbstractAutowireCapableBeanFactory.initializeBean(AbstractAutowireCapableBeanFactory.java:1549) ~[spring-beans-4.0.3.RELEASE.jar:4.0.3.RELEASE]
	at org.springframework.beans.factory.support.AbstractAutowireCapableBeanFactory.doCreateBean(AbstractAutowireCapableBeanFactory.java:539) ~[spring-beans-4.0.3.RELEASE.jar:4.0.3.RELEASE]
	at org.springframework.beans.factory.support.AbstractAutowireCapableBeanFactory.createBean(AbstractAutowireCapableBeanFactory.java:475) ~[spring-beans-4.0.3.RELEASE.jar:4.0.3.RELEASE]
	at org.springframework.beans.factory.support.AbstractBeanFactory$1.getObject(AbstractBeanFactory.java:304) ~[spring-beans-4.0.3.RELEASE.jar:4.0.3.RELEASE]
	at org.springframework.beans.factory.support.DefaultSingletonBeanRegistry.getSingleton(DefaultSingletonBeanRegistry.java:228) ~[spring-beans-4.0.3.RELEASE.jar:4.0.3.RELEASE]
	at org.springframework.beans.factory.support.AbstractBeanFactory.doGetBean(AbstractBeanFactory.java:300) ~[spring-beans-4.0.3.RELEASE.jar:4.0.3.RELEASE]
	at org.springframework.beans.factory.support.AbstractBeanFactory.getBean(AbstractBeanFactory.java:195) ~[spring-beans-4.0.3.RELEASE.jar:4.0.3.RELEASE]
	at org.springframework.beans.factory.support.DefaultListableBeanFactory.preInstantiateSingletons(DefaultListableBeanFactory.java:684) ~[spring-beans-4.0.3.RELEASE.jar:4.0.3.RELEASE]
	at org.springframework.context.support.AbstractApplicationContext.finishBeanFactoryInitialization(AbstractApplicationContext.java:760) ~[spring-context-4.0.3.RELEASE.jar:4.0.3.RELEASE]
	at org.springframework.context.support.AbstractApplicationContext.refresh(AbstractApplicationContext.java:482) ~[spring-context-4.0.3.RELEASE.jar:4.0.3.RELEASE]
	at org.springframework.context.support.ClassPathXmlApplicationContext.<init>(ClassPathXmlApplicationContext.java:139) ~[spring-context-4.0.3.RELEASE.jar:4.0.3.RELEASE]
	at org.springframework.context.support.ClassPathXmlApplicationContext.<init>(ClassPathXmlApplicationContext.java:83) ~[spring-context-4.0.3.RELEASE.jar:4.0.3.RELEASE]
	at jw.lab4.checkers.UserSave.<init>(UserSave.java:13) ~[classes/:na]
	at jw.lab4.checkers.Game.start(Game.java:72) ~[classes/:na]
	at jw.lab4.checkers.Game.<init>(Game.java:36) ~[classes/:na]
	at jw.lab4.checkers.AppTest.differentGames(AppTest.java:62) ~[test-classes/:na]
	at java.base/jdk.internal.reflect.NativeMethodAccessorImpl.invoke0(Native Method) ~[na:na]
	at java.base/jdk.internal.reflect.NativeMethodAccessorImpl.invoke(NativeMethodAccessorImpl.java:77) ~[na:na]
	at java.base/jdk.internal.reflect.DelegatingMethodAccessorImpl.invoke(DelegatingMethodAccessorImpl.java:43) ~[na:na]
	at java.base/java.lang.reflect.Method.invoke(Method.java:568) ~[na:na]
	at org.junit.runners.model.FrameworkMethod$1.runReflectiveCall(FrameworkMethod.java:47) ~[junit-4.11.jar:na]
	at org.junit.internal.runners.model.ReflectiveCallable.run(ReflectiveCallable.java:12) ~[junit-4.11.jar:na]
	at org.junit.runners.model.FrameworkMethod.invokeExplosively(FrameworkMethod.java:44) ~[junit-4.11.jar:na]
	at org.junit.internal.runners.statements.InvokeMethod.evaluate(InvokeMethod.java:17) ~[junit-4.11.jar:na]
	at org.junit.runners.ParentRunner.runLeaf(ParentRunner.java:271) ~[junit-4.11.jar:na]
	at org.junit.runners.BlockJUnit4ClassRunner.runChild(BlockJUnit4ClassRunner.java:70) ~[junit-4.11.jar:na]
	at org.junit.runners.BlockJUnit4ClassRunner.runChild(BlockJUnit4ClassRunner.java:50) ~[junit-4.11.jar:na]
	at org.junit.runners.ParentRunner$3.run(ParentRunner.java:238) ~[junit-4.11.jar:na]
	at org.junit.runners.ParentRunner$1.schedule(ParentRunner.java:63) ~[junit-4.11.jar:na]
	at org.junit.runners.ParentRunner.runChildren(ParentRunner.java:236) ~[junit-4.11.jar:na]
	at org.junit.runners.ParentRunner.access$000(ParentRunner.java:53) ~[junit-4.11.jar:na]
	at org.junit.runners.ParentRunner$2.evaluate(ParentRunner.java:229) ~[junit-4.11.jar:na]
	at org.junit.runners.ParentRunner.run(ParentRunner.java:309) ~[junit-4.11.jar:na]
	at org.apache.maven.surefire.junit4.JUnit4Provider.execute(JUnit4Provider.java:365) ~[surefire-junit4-2.22.1.jar:2.22.1]
	at org.apache.maven.surefire.junit4.JUnit4Provider.executeWithRerun(JUnit4Provider.java:273) ~[surefire-junit4-2.22.1.jar:2.22.1]
	at org.apache.maven.surefire.junit4.JUnit4Provider.executeTestSet(JUnit4Provider.java:238) ~[surefire-junit4-2.22.1.jar:2.22.1]
	at org.apache.maven.surefire.junit4.JUnit4Provider.invoke(JUnit4Provider.java:159) ~[surefire-junit4-2.22.1.jar:2.22.1]
	at org.apache.maven.surefire.booter.ForkedBooter.invokeProviderInSameClassLoader(ForkedBooter.java:384) ~[surefire-booter-2.22.1.jar:2.22.1]
	at org.apache.maven.surefire.booter.ForkedBooter.runSuitesInProcess(ForkedBooter.java:345) ~[surefire-booter-2.22.1.jar:2.22.1]
	at org.apache.maven.surefire.booter.ForkedBooter.execute(ForkedBooter.java:126) ~[surefire-booter-2.22.1.jar:2.22.1]
	at org.apache.maven.surefire.booter.ForkedBooter.main(ForkedBooter.java:418) ~[surefire-booter-2.22.1.jar:2.22.1]
01:28:09.509 [main] WARN  o.h.tuple.entity.PojoEntityTuplizer - could not create proxy factory for:jw.lab4.checkers.Database.Move
org.hibernate.HibernateException: Javassist Enhancement failed: jw.lab4.checkers.Database.Move
	at org.hibernate.proxy.pojo.javassist.JavassistLazyInitializer.getProxyFactory(JavassistLazyInitializer.java:169) ~[hibernate-core-3.6.9.Final.jar:3.6.9.Final]
	at org.hibernate.proxy.pojo.javassist.JavassistProxyFactory.postInstantiate(JavassistProxyFactory.java:65) ~[hibernate-core-3.6.9.Final.jar:3.6.9.Final]
	at org.hibernate.tuple.entity.PojoEntityTuplizer.buildProxyFactory(PojoEntityTuplizer.java:185) ~[hibernate-core-3.6.9.Final.jar:3.6.9.Final]
	at org.hibernate.tuple.entity.AbstractEntityTuplizer.<init>(AbstractEntityTuplizer.java:167) ~[hibernate-core-3.6.9.Final.jar:3.6.9.Final]
	at org.hibernate.tuple.entity.PojoEntityTuplizer.<init>(PojoEntityTuplizer.java:77) ~[hibernate-core-3.6.9.Final.jar:3.6.9.Final]
	at java.base/jdk.internal.reflect.NativeConstructorAccessorImpl.newInstance0(Native Method) ~[na:na]
	at java.base/jdk.internal.reflect.NativeConstructorAccessorImpl.newInstance(NativeConstructorAccessorImpl.java:77) ~[na:na]
	at java.base/jdk.internal.reflect.DelegatingConstructorAccessorImpl.newInstance(DelegatingConstructorAccessorImpl.java:45) ~[na:na]
	at java.base/java.lang.reflect.Constructor.newInstanceWithCaller(Constructor.java:499) ~[na:na]
	at java.base/java.lang.reflect.Constructor.newInstance(Constructor.java:480) ~[na:na]
	at org.hibernate.tuple.entity.EntityTuplizerFactory.constructTuplizer(EntityTuplizerFactory.java:105) ~[hibernate-core-3.6.9.Final.jar:3.6.9.Final]
	at org.hibernate.tuple.entity.EntityTuplizerFactory.constructDefaultTuplizer(EntityTuplizerFactory.java:133) ~[hibernate-core-3.6.9.Final.jar:3.6.9.Final]
	at org.hibernate.tuple.entity.EntityEntityModeToTuplizerMapping.<init>(EntityEntityModeToTuplizerMapping.java:80) ~[hibernate-core-3.6.9.Final.jar:3.6.9.Final]
	at org.hibernate.tuple.entity.EntityMetamodel.<init>(EntityMetamodel.java:322) ~[hibernate-core-3.6.9.Final.jar:3.6.9.Final]
	at org.hibernate.persister.entity.AbstractEntityPersister.<init>(AbstractEntityPersister.java:485) ~[hibernate-core-3.6.9.Final.jar:3.6.9.Final]
	at org.hibernate.persister.entity.SingleTableEntityPersister.<init>(SingleTableEntityPersister.java:133) ~[hibernate-core-3.6.9.Final.jar:3.6.9.Final]
	at org.hibernate.persister.PersisterFactory.createClassPersister(PersisterFactory.java:84) ~[hibernate-core-3.6.9.Final.jar:3.6.9.Final]
	at org.hibernate.impl.SessionFactoryImpl.<init>(SessionFactoryImpl.java:286) ~[hibernate-core-3.6.9.Final.jar:3.6.9.Final]
	at org.hibernate.cfg.Configuration.buildSessionFactory(Configuration.java:1872) ~[hibernate-core-3.6.9.Final.jar:3.6.9.Final]
	at org.springframework.orm.hibernate3.LocalSessionFactoryBean.newSessionFactory(LocalSessionFactoryBean.java:793) ~[spring-orm-4.0.3.RELEASE.jar:4.0.3.RELEASE]
	at org.springframework.orm.hibernate3.LocalSessionFactoryBean.buildSessionFactory(LocalSessionFactoryBean.java:715) ~[spring-orm-4.0.3.RELEASE.jar:4.0.3.RELEASE]
	at org.springframework.orm.hibernate3.AbstractSessionFactoryBean.afterPropertiesSet(AbstractSessionFactoryBean.java:189) ~[spring-orm-4.0.3.RELEASE.jar:4.0.3.RELEASE]
	at org.springframework.beans.factory.support.AbstractAutowireCapableBeanFactory.invokeInitMethods(AbstractAutowireCapableBeanFactory.java:1612) ~[spring-beans-4.0.3.RELEASE.jar:4.0.3.RELEASE]
	at org.springframework.beans.factory.support.AbstractAutowireCapableBeanFactory.initializeBean(AbstractAutowireCapableBeanFactory.java:1549) ~[spring-beans-4.0.3.RELEASE.jar:4.0.3.RELEASE]
	at org.springframework.beans.factory.support.AbstractAutowireCapableBeanFactory.doCreateBean(AbstractAutowireCapableBeanFactory.java:539) ~[spring-beans-4.0.3.RELEASE.jar:4.0.3.RELEASE]
	at org.springframework.beans.factory.support.AbstractAutowireCapableBeanFactory.createBean(AbstractAutowireCapableBeanFactory.java:475) ~[spring-beans-4.0.3.RELEASE.jar:4.0.3.RELEASE]
	at org.springframework.beans.factory.support.AbstractBeanFactory$1.getObject(AbstractBeanFactory.java:304) ~[spring-beans-4.0.3.RELEASE.jar:4.0.3.RELEASE]
	at org.springframework.beans.factory.support.DefaultSingletonBeanRegistry.getSingleton(DefaultSingletonBeanRegistry.java:228) ~[spring-beans-4.0.3.RELEASE.jar:4.0.3.RELEASE]
	at org.springframework.beans.factory.support.AbstractBeanFactory.doGetBean(AbstractBeanFactory.java:300) ~[spring-beans-4.0.3.RELEASE.jar:4.0.3.RELEASE]
	at org.springframework.beans.factory.support.AbstractBeanFactory.getBean(AbstractBeanFactory.java:195) ~[spring-beans-4.0.3.RELEASE.jar:4.0.3.RELEASE]
	at org.springframework.beans.factory.support.DefaultListableBeanFactory.preInstantiateSingletons(DefaultListableBeanFactory.java:684) ~[spring-beans-4.0.3.RELEASE.jar:4.0.3.RELEASE]
	at org.springframework.context.support.AbstractApplicationContext.finishBeanFactoryInitialization(AbstractApplicationContext.java:760) ~[spring-context-4.0.3.RELEASE.jar:4.0.3.RELEASE]
	at org.springframework.context.support.AbstractApplicationContext.refresh(AbstractApplicationContext.java:482) ~[spring-context-4.0.3.RELEASE.jar:4.0.3.RELEASE]
	at org.springframework.context.support.ClassPathXmlApplicationContext.<init>(ClassPathXmlApplicationContext.java:139) ~[spring-context-4.0.3.RELEASE.jar:4.0.3.RELEASE]
	at org.springframework.context.support.ClassPathXmlApplicationContext.<init>(ClassPathXmlApplicationContext.java:83) ~[spring-context-4.0.3.RELEASE.jar:4.0.3.RELEASE]
	at jw.lab4.checkers.UserSave.<init>(UserSave.java:13) ~[classes/:na]
	at jw.lab4.checkers.Game.start(Game.java:72) ~[classes/:na]
	at jw.lab4.checkers.Game.<init>(Game.java:36) ~[classes/:na]
	at jw.lab4.checkers.AppTest.differentGames(AppTest.java:62) ~[test-classes/:na]
	at java.base/jdk.internal.reflect.NativeMethodAccessorImpl.invoke0(Native Method) ~[na:na]
	at java.base/jdk.internal.reflect.NativeMethodAccessorImpl.invoke(NativeMethodAccessorImpl.java:77) ~[na:na]
	at java.base/jdk.internal.reflect.DelegatingMethodAccessorImpl.invoke(DelegatingMethodAccessorImpl.java:43) ~[na:na]
	at java.base/java.lang.reflect.Method.invoke(Method.java:568) ~[na:na]
	at org.junit.runners.model.FrameworkMethod$1.runReflectiveCall(FrameworkMethod.java:47) ~[junit-4.11.jar:na]
	at org.junit.internal.runners.model.ReflectiveCallable.run(ReflectiveCallable.java:12) ~[junit-4.11.jar:na]
	at org.junit.runners.model.FrameworkMethod.invokeExplosively(FrameworkMethod.java:44) ~[junit-4.11.jar:na]
	at org.junit.internal.runners.statements.InvokeMethod.evaluate(InvokeMethod.java:17) ~[junit-4.11.jar:na]
	at org.junit.runners.ParentRunner.runLeaf(ParentRunner.java:271) ~[junit-4.11.jar:na]
	at org.junit.runners.BlockJUnit4ClassRunner.runChild(BlockJUnit4ClassRunner.java:70) ~[junit-4.11.jar:na]
	at org.junit.runners.BlockJUnit4ClassRunner.runChild(BlockJUnit4ClassRunner.java:50) ~[junit-4.11.jar:na]
	at org.junit.runners.ParentRunner$3.run(ParentRunner.java:238) ~[junit-4.11.jar:na]
	at org.junit.runners.ParentRunner$1.schedule(ParentRunner.java:63) ~[junit-4.11.jar:na]
	at org.junit.runners.ParentRunner.runChildren(ParentRunner.java:236) ~[junit-4.11.jar:na]
	at org.junit.runners.ParentRunner.access$000(ParentRunner.java:53) ~[junit-4.11.jar:na]
	at org.junit.runners.ParentRunner$2.evaluate(ParentRunner.java:229) ~[junit-4.11.jar:na]
	at org.junit.runners.ParentRunner.run(ParentRunner.java:309) ~[junit-4.11.jar:na]
	at org.apache.maven.surefire.junit4.JUnit4Provider.execute(JUnit4Provider.java:365) ~[surefire-junit4-2.22.1.jar:2.22.1]
	at org.apache.maven.surefire.junit4.JUnit4Provider.executeWithRerun(JUnit4Provider.java:273) ~[surefire-junit4-2.22.1.jar:2.22.1]
	at org.apache.maven.surefire.junit4.JUnit4Provider.executeTestSet(JUnit4Provider.java:238) ~[surefire-junit4-2.22.1.jar:2.22.1]
	at org.apache.maven.surefire.junit4.JUnit4Provider.invoke(JUnit4Provider.java:159) ~[surefire-junit4-2.22.1.jar:2.22.1]
	at org.apache.maven.surefire.booter.ForkedBooter.invokeProviderInSameClassLoader(ForkedBooter.java:384) ~[surefire-booter-2.22.1.jar:2.22.1]
	at org.apache.maven.surefire.booter.ForkedBooter.runSuitesInProcess(ForkedBooter.java:345) ~[surefire-booter-2.22.1.jar:2.22.1]
	at org.apache.maven.surefire.booter.ForkedBooter.execute(ForkedBooter.java:126) ~[surefire-booter-2.22.1.jar:2.22.1]
	at org.apache.maven.surefire.booter.ForkedBooter.main(ForkedBooter.java:418) ~[surefire-booter-2.22.1.jar:2.22.1]
Caused by: java.lang.reflect.InaccessibleObjectException: Unable to make protected final java.lang.Class java.lang.ClassLoader.defineClass(java.lang.String,byte[],int,int,java.security.ProtectionDomain) throws java.lang.ClassFormatError accessible: module java.base does not "opens java.lang" to unnamed module @69a3d1d
	at java.base/java.lang.reflect.AccessibleObject.checkCanSetAccessible(AccessibleObject.java:354) ~[na:na]
	at java.base/java.lang.reflect.AccessibleObject.checkCanSetAccessible(AccessibleObject.java:297) ~[na:na]
	at java.base/java.lang.reflect.Method.checkCanSetAccessible(Method.java:199) ~[na:na]
	at java.base/java.lang.reflect.Method.setAccessible(Method.java:193) ~[na:na]
	at javassist.util.proxy.SecurityActions.setAccessible(SecurityActions.java:102) ~[javassist-3.12.0.GA.jar:na]
	at javassist.util.proxy.FactoryHelper.toClass2(FactoryHelper.java:180) ~[javassist-3.12.0.GA.jar:na]
	at javassist.util.proxy.FactoryHelper.toClass(FactoryHelper.java:163) ~[javassist-3.12.0.GA.jar:na]
	at javassist.util.proxy.ProxyFactory.createClass3(ProxyFactory.java:501) ~[javassist-3.12.0.GA.jar:na]
	at javassist.util.proxy.ProxyFactory.createClass2(ProxyFactory.java:486) ~[javassist-3.12.0.GA.jar:na]
	at javassist.util.proxy.ProxyFactory.createClass1(ProxyFactory.java:422) ~[javassist-3.12.0.GA.jar:na]
	at javassist.util.proxy.ProxyFactory.createClass(ProxyFactory.java:394) ~[javassist-3.12.0.GA.jar:na]
	at org.hibernate.proxy.pojo.javassist.JavassistLazyInitializer.getProxyFactory(JavassistLazyInitializer.java:162) ~[hibernate-core-3.6.9.Final.jar:3.6.9.Final]
	... 63 common frames omitted
01:28:09.510 [main] DEBUG o.h.p.entity.AbstractEntityPersister - Static SQL for entity: jw.lab4.checkers.Database.Move
01:28:09.511 [main] DEBUG o.h.p.entity.AbstractEntityPersister -  Version select: select id from Moves where id =?
01:28:09.511 [main] DEBUG o.h.p.entity.AbstractEntityPersister -  Snapshot select: select move_.id, move_.field_one as field2_26_, move_.field_two as field3_26_ from Moves move_ where move_.id=?
01:28:09.511 [main] DEBUG o.h.p.entity.AbstractEntityPersister -  Insert 0: insert into Moves (field_one, field_two, id) values (?, ?, ?)
01:28:09.511 [main] DEBUG o.h.p.entity.AbstractEntityPersister -  Update 0: update Moves set field_one=?, field_two=? where id=?
01:28:09.511 [main] DEBUG o.h.p.entity.AbstractEntityPersister -  Delete 0: delete from Moves where id=?
01:28:09.511 [main] DEBUG o.h.p.entity.AbstractEntityPersister -  Identity insert: insert into Moves (field_one, field_two) values (?, ?)
01:28:09.511 [main] DEBUG o.h.p.c.AbstractCollectionPersister - Static SQL for collection: jw.lab4.checkers.Database.Game.players
01:28:09.511 [main] DEBUG o.h.p.c.AbstractCollectionPersister -  Row insert: update Players set game_id=?, player_number=? where id=?
01:28:09.511 [main] DEBUG o.h.p.c.AbstractCollectionPersister -  Row delete: update Players set game_id=null, player_number=null where game_id=? and id=?
01:28:09.511 [main] DEBUG o.h.p.c.AbstractCollectionPersister -  One-shot delete: update Players set game_id=null, player_number=null where game_id=?
01:28:09.511 [main] DEBUG o.h.p.c.AbstractCollectionPersister - Static SQL for collection: jw.lab4.checkers.Database.Game.moves
01:28:09.511 [main] DEBUG o.h.p.c.AbstractCollectionPersister -  Row insert: update Moves set game_id=?, move_id=? where id=?
01:28:09.511 [main] DEBUG o.h.p.c.AbstractCollectionPersister -  Row delete: update Moves set game_id=null, move_id=null where game_id=? and id=?
01:28:09.511 [main] DEBUG o.h.p.c.AbstractCollectionPersister -  One-shot delete: update Moves set game_id=null, move_id=null where game_id=?
01:28:09.512 [main] DEBUG o.h.loader.entity.EntityLoader - Static select for entity jw.lab4.checkers.Database.Game [NONE]: select game0_.id as id24_0_, game0_.players_number as players2_24_0_ from Games game0_ where game0_.id=?
01:28:09.512 [main] DEBUG o.h.loader.entity.EntityLoader - Static select for entity jw.lab4.checkers.Database.Game [READ]: select game0_.id as id24_0_, game0_.players_number as players2_24_0_ from Games game0_ where game0_.id=?
01:28:09.512 [main] DEBUG o.h.loader.entity.EntityLoader - Static select for entity jw.lab4.checkers.Database.Game [UPGRADE]: select game0_.id as id24_0_, game0_.players_number as players2_24_0_ from Games game0_ where game0_.id=? for update
01:28:09.512 [main] DEBUG o.h.loader.entity.EntityLoader - Static select for entity jw.lab4.checkers.Database.Game [UPGRADE_NOWAIT]: select game0_.id as id24_0_, game0_.players_number as players2_24_0_ from Games game0_ where game0_.id=? for update
01:28:09.513 [main] DEBUG o.h.loader.entity.EntityLoader - Static select for entity jw.lab4.checkers.Database.Game [FORCE]: select game0_.id as id24_0_, game0_.players_number as players2_24_0_ from Games game0_ where game0_.id=? for update
01:28:09.513 [main] DEBUG o.h.loader.entity.EntityLoader - Static select for entity jw.lab4.checkers.Database.Game [PESSIMISTIC_READ]: select game0_.id as id24_0_, game0_.players_number as players2_24_0_ from Games game0_ where game0_.id=? lock in share mode
01:28:09.513 [main] DEBUG o.h.loader.entity.EntityLoader - Static select for entity jw.lab4.checkers.Database.Game [PESSIMISTIC_WRITE]: select game0_.id as id24_0_, game0_.players_number as players2_24_0_ from Games game0_ where game0_.id=? for update
01:28:09.513 [main] DEBUG o.h.loader.entity.EntityLoader - Static select for entity jw.lab4.checkers.Database.Game [PESSIMISTIC_FORCE_INCREMENT]: select game0_.id as id24_0_, game0_.players_number as players2_24_0_ from Games game0_ where game0_.id=? for update
01:28:09.513 [main] DEBUG o.h.loader.entity.EntityLoader - Static select for entity jw.lab4.checkers.Database.Game [OPTIMISTIC]: select game0_.id as id24_0_, game0_.players_number as players2_24_0_ from Games game0_ where game0_.id=?
01:28:09.514 [main] DEBUG o.h.loader.entity.EntityLoader - Static select for entity jw.lab4.checkers.Database.Game [OPTIMISTIC_FORCE_INCREMENT]: select game0_.id as id24_0_, game0_.players_number as players2_24_0_ from Games game0_ where game0_.id=?
01:28:09.514 [main] DEBUG o.h.loader.entity.EntityLoader - Static select for action ACTION_MERGE on entity jw.lab4.checkers.Database.Game: select game0_.id as id24_1_, game0_.players_number as players2_24_1_, players1_.game_id as game4_24_3_, players1_.id as id3_, players1_.player_number as player2_3_, players1_.id as id25_0_, players1_.player_number as player2_25_0_, players1_.nickname as nickname25_0_ from Games game0_ left outer join Players players1_ on game0_.id=players1_.game_id where game0_.id=?
01:28:09.515 [main] DEBUG o.h.loader.entity.EntityLoader - Static select for action ACTION_REFRESH on entity jw.lab4.checkers.Database.Game: select game0_.id as id24_1_, game0_.players_number as players2_24_1_, players1_.game_id as game4_24_3_, players1_.id as id3_, players1_.player_number as player2_3_, players1_.id as id25_0_, players1_.player_number as player2_25_0_, players1_.nickname as nickname25_0_ from Games game0_ left outer join Players players1_ on game0_.id=players1_.game_id where game0_.id=?
01:28:09.515 [main] DEBUG o.h.loader.entity.EntityLoader - Static select for entity jw.lab4.checkers.Database.Player [NONE]: select player0_.id as id25_0_, player0_.player_number as player2_25_0_, player0_.nickname as nickname25_0_ from Players player0_ where player0_.id=?
01:28:09.515 [main] DEBUG o.h.loader.entity.EntityLoader - Static select for entity jw.lab4.checkers.Database.Player [READ]: select player0_.id as id25_0_, player0_.player_number as player2_25_0_, player0_.nickname as nickname25_0_ from Players player0_ where player0_.id=?
01:28:09.515 [main] DEBUG o.h.loader.entity.EntityLoader - Static select for entity jw.lab4.checkers.Database.Player [UPGRADE]: select player0_.id as id25_0_, player0_.player_number as player2_25_0_, player0_.nickname as nickname25_0_ from Players player0_ where player0_.id=? for update
01:28:09.515 [main] DEBUG o.h.loader.entity.EntityLoader - Static select for entity jw.lab4.checkers.Database.Player [UPGRADE_NOWAIT]: select player0_.id as id25_0_, player0_.player_number as player2_25_0_, player0_.nickname as nickname25_0_ from Players player0_ where player0_.id=? for update
01:28:09.516 [main] DEBUG o.h.loader.entity.EntityLoader - Static select for entity jw.lab4.checkers.Database.Player [FORCE]: select player0_.id as id25_0_, player0_.player_number as player2_25_0_, player0_.nickname as nickname25_0_ from Players player0_ where player0_.id=? for update
01:28:09.516 [main] DEBUG o.h.loader.entity.EntityLoader - Static select for entity jw.lab4.checkers.Database.Player [PESSIMISTIC_READ]: select player0_.id as id25_0_, player0_.player_number as player2_25_0_, player0_.nickname as nickname25_0_ from Players player0_ where player0_.id=? lock in share mode
01:28:09.516 [main] DEBUG o.h.loader.entity.EntityLoader - Static select for entity jw.lab4.checkers.Database.Player [PESSIMISTIC_WRITE]: select player0_.id as id25_0_, player0_.player_number as player2_25_0_, player0_.nickname as nickname25_0_ from Players player0_ where player0_.id=? for update
01:28:09.516 [main] DEBUG o.h.loader.entity.EntityLoader - Static select for entity jw.lab4.checkers.Database.Player [PESSIMISTIC_FORCE_INCREMENT]: select player0_.id as id25_0_, player0_.player_number as player2_25_0_, player0_.nickname as nickname25_0_ from Players player0_ where player0_.id=? for update
01:28:09.516 [main] DEBUG o.h.loader.entity.EntityLoader - Static select for entity jw.lab4.checkers.Database.Player [OPTIMISTIC]: select player0_.id as id25_0_, player0_.player_number as player2_25_0_, player0_.nickname as nickname25_0_ from Players player0_ where player0_.id=?
01:28:09.516 [main] DEBUG o.h.loader.entity.EntityLoader - Static select for entity jw.lab4.checkers.Database.Player [OPTIMISTIC_FORCE_INCREMENT]: select player0_.id as id25_0_, player0_.player_number as player2_25_0_, player0_.nickname as nickname25_0_ from Players player0_ where player0_.id=?
01:28:09.517 [main] DEBUG o.h.loader.entity.EntityLoader - Static select for action ACTION_MERGE on entity jw.lab4.checkers.Database.Player: select player0_.id as id25_0_, player0_.player_number as player2_25_0_, player0_.nickname as nickname25_0_ from Players player0_ where player0_.id=?
01:28:09.517 [main] DEBUG o.h.loader.entity.EntityLoader - Static select for action ACTION_REFRESH on entity jw.lab4.checkers.Database.Player: select player0_.id as id25_0_, player0_.player_number as player2_25_0_, player0_.nickname as nickname25_0_ from Players player0_ where player0_.id=?
01:28:09.517 [main] DEBUG o.h.loader.entity.EntityLoader - Static select for entity jw.lab4.checkers.Database.Move [NONE]: select move0_.id as id26_0_, move0_.field_one as field2_26_0_, move0_.field_two as field3_26_0_ from Moves move0_ where move0_.id=?
01:28:09.517 [main] DEBUG o.h.loader.entity.EntityLoader - Static select for entity jw.lab4.checkers.Database.Move [READ]: select move0_.id as id26_0_, move0_.field_one as field2_26_0_, move0_.field_two as field3_26_0_ from Moves move0_ where move0_.id=?
01:28:09.517 [main] DEBUG o.h.loader.entity.EntityLoader - Static select for entity jw.lab4.checkers.Database.Move [UPGRADE]: select move0_.id as id26_0_, move0_.field_one as field2_26_0_, move0_.field_two as field3_26_0_ from Moves move0_ where move0_.id=? for update
01:28:09.517 [main] DEBUG o.h.loader.entity.EntityLoader - Static select for entity jw.lab4.checkers.Database.Move [UPGRADE_NOWAIT]: select move0_.id as id26_0_, move0_.field_one as field2_26_0_, move0_.field_two as field3_26_0_ from Moves move0_ where move0_.id=? for update
01:28:09.518 [main] DEBUG o.h.loader.entity.EntityLoader - Static select for entity jw.lab4.checkers.Database.Move [FORCE]: select move0_.id as id26_0_, move0_.field_one as field2_26_0_, move0_.field_two as field3_26_0_ from Moves move0_ where move0_.id=? for update
01:28:09.518 [main] DEBUG o.h.loader.entity.EntityLoader - Static select for entity jw.lab4.checkers.Database.Move [PESSIMISTIC_READ]: select move0_.id as id26_0_, move0_.field_one as field2_26_0_, move0_.field_two as field3_26_0_ from Moves move0_ where move0_.id=? lock in share mode
01:28:09.518 [main] DEBUG o.h.loader.entity.EntityLoader - Static select for entity jw.lab4.checkers.Database.Move [PESSIMISTIC_WRITE]: select move0_.id as id26_0_, move0_.field_one as field2_26_0_, move0_.field_two as field3_26_0_ from Moves move0_ where move0_.id=? for update
01:28:09.518 [main] DEBUG o.h.loader.entity.EntityLoader - Static select for entity jw.lab4.checkers.Database.Move [PESSIMISTIC_FORCE_INCREMENT]: select move0_.id as id26_0_, move0_.field_one as field2_26_0_, move0_.field_two as field3_26_0_ from Moves move0_ where move0_.id=? for update
01:28:09.518 [main] DEBUG o.h.loader.entity.EntityLoader - Static select for entity jw.lab4.checkers.Database.Move [OPTIMISTIC]: select move0_.id as id26_0_, move0_.field_one as field2_26_0_, move0_.field_two as field3_26_0_ from Moves move0_ where move0_.id=?
01:28:09.519 [main] DEBUG o.h.loader.entity.EntityLoader - Static select for entity jw.lab4.checkers.Database.Move [OPTIMISTIC_FORCE_INCREMENT]: select move0_.id as id26_0_, move0_.field_one as field2_26_0_, move0_.field_two as field3_26_0_ from Moves move0_ where move0_.id=?
01:28:09.519 [main] DEBUG o.h.loader.entity.EntityLoader - Static select for action ACTION_MERGE on entity jw.lab4.checkers.Database.Move: select move0_.id as id26_0_, move0_.field_one as field2_26_0_, move0_.field_two as field3_26_0_ from Moves move0_ where move0_.id=?
01:28:09.519 [main] DEBUG o.h.loader.entity.EntityLoader - Static select for action ACTION_REFRESH on entity jw.lab4.checkers.Database.Move: select move0_.id as id26_0_, move0_.field_one as field2_26_0_, move0_.field_two as field3_26_0_ from Moves move0_ where move0_.id=?
01:28:09.519 [main] DEBUG o.h.l.collection.OneToManyLoader - Static select for one-to-many jw.lab4.checkers.Database.Game.players: select players0_.game_id as game4_24_1_, players0_.id as id1_, players0_.player_number as player2_1_, players0_.id as id25_0_, players0_.player_number as player2_25_0_, players0_.nickname as nickname25_0_ from Players players0_ where players0_.game_id=?
01:28:09.520 [main] DEBUG o.h.l.collection.OneToManyLoader - Static select for one-to-many jw.lab4.checkers.Database.Game.moves: select moves0_.game_id as game4_24_1_, moves0_.id as id1_, moves0_.move_id as move5_1_, moves0_.id as id26_0_, moves0_.field_one as field2_26_0_, moves0_.field_two as field3_26_0_ from Moves moves0_ where moves0_.game_id=?
01:28:09.520 [main] DEBUG o.h.impl.SessionFactoryObjectFactory - registered: fe8d7238-b1c1-4139-a43b-592b41fe40f4 (unnamed)
01:28:09.520 [main] INFO  o.h.impl.SessionFactoryObjectFactory - Not binding factory to JNDI, no JNDI name configured
01:28:09.520 [main] DEBUG o.hibernate.impl.SessionFactoryImpl - instantiated session factory
01:28:09.520 [main] DEBUG o.hibernate.impl.SessionFactoryImpl - Checking 0 named HQL queries
01:28:09.520 [main] DEBUG o.hibernate.impl.SessionFactoryImpl - Checking 0 named SQL queries
I'm client
I'm client
Player not set.
]]></system-out>
    <system-err><![CDATA[Jan 30, 2022 1:28:09 AM org.springframework.context.support.ClassPathXmlApplicationContext prepareRefresh
INFO: Refreshing org.springframework.context.support.ClassPathXmlApplicationContext@3337d04c: startup date [Sun Jan 30 01:28:09 CET 2022]; root of context hierarchy
Jan 30, 2022 1:28:09 AM org.springframework.beans.factory.xml.XmlBeanDefinitionReader loadBeanDefinitions
INFO: Loading XML bean definitions from class path resource [applicationContext.xml]
Jan 30, 2022 1:28:09 AM org.springframework.orm.hibernate3.LocalSessionFactoryBean buildSessionFactory
INFO: Building new Hibernate SessionFactory
]]></system-err>
  </testcase>
</testsuite>